There are 5 choices for the alternative javac (providing /usr/bin/javac).

  Selection    Path                                                Priority   Status
------------------------------------------------------------
* 0            /usr/lib/jvm/java-8-openjdk-amd64/bin/javac          1081      auto mode
  1            /home/ubuntu/ATLAS/external/jdk/j2sdk1.4/bin/javac   1         manual mode
  2            /home/ubuntu/ATLAS/external/jdk/jdk1.5/bin/javac     1         manual mode
  3            /home/ubuntu/ATLAS/external/jdk/jdk1.6/bin/javac     1         manual mode
  4            /usr/lib/jvm/java-7-openjdk-amd64/bin/javac          1071      manual mode
  5            /usr/lib/jvm/java-8-openjdk-amd64/bin/javac          1081      manual mode

Press <enter> to keep the current choice[*], or type selection number: There are 5 choices for the alternative java (providing /usr/bin/java).

  Selection    Path                                               Priority   Status
------------------------------------------------------------
* 0            /usr/lib/jvm/java-8-openjdk-amd64/jre/bin/java      1081      auto mode
  1            /home/ubuntu/ATLAS/external/jdk/j2sdk1.4/bin/java   1         manual mode
  2            /home/ubuntu/ATLAS/external/jdk/jdk1.5/bin/java     1         manual mode
  3            /home/ubuntu/ATLAS/external/jdk/jdk1.6/bin/java     1         manual mode
  4            /usr/lib/jvm/java-7-openjdk-amd64/jre/bin/java      1071      manual mode
  5            /usr/lib/jvm/java-8-openjdk-amd64/jre/bin/java      1081      manual mode

Press <enter> to keep the current choice[*], or type selection number: There are 5 choices for the alternative javac (providing /usr/bin/javac).

  Selection    Path                                                Priority   Status
------------------------------------------------------------
* 0            /usr/lib/jvm/java-8-openjdk-amd64/bin/javac          1081      auto mode
  1            /home/ubuntu/ATLAS/external/jdk/j2sdk1.4/bin/javac   1         manual mode
  2            /home/ubuntu/ATLAS/external/jdk/jdk1.5/bin/javac     1         manual mode
  3            /home/ubuntu/ATLAS/external/jdk/jdk1.6/bin/javac     1         manual mode
  4            /usr/lib/jvm/java-7-openjdk-amd64/bin/javac          1071      manual mode
  5            /usr/lib/jvm/java-8-openjdk-amd64/bin/javac          1081      manual mode

Press <enter> to keep the current choice[*], or type selection number: There are 5 choices for the alternative javac (providing /usr/bin/javac).

  Selection    Path                                                Priority   Status
------------------------------------------------------------
* 0            /usr/lib/jvm/java-8-openjdk-amd64/bin/javac          1081      auto mode
  1            /home/ubuntu/ATLAS/external/jdk/j2sdk1.4/bin/javac   1         manual mode
  2            /home/ubuntu/ATLAS/external/jdk/jdk1.5/bin/javac     1         manual mode
  3            /home/ubuntu/ATLAS/external/jdk/jdk1.6/bin/javac     1         manual mode
  4            /usr/lib/jvm/java-7-openjdk-amd64/bin/javac          1071      manual mode
  5            /usr/lib/jvm/java-8-openjdk-amd64/bin/javac          1081      manual mode

Press <enter> to keep the current choice[*], or type selection number: There are 5 choices for the alternative java (providing /usr/bin/java).

  Selection    Path                                               Priority   Status
------------------------------------------------------------
* 0            /usr/lib/jvm/java-8-openjdk-amd64/jre/bin/java      1081      auto mode
  1            /home/ubuntu/ATLAS/external/jdk/j2sdk1.4/bin/java   1         manual mode
  2            /home/ubuntu/ATLAS/external/jdk/jdk1.5/bin/java     1         manual mode
  3            /home/ubuntu/ATLAS/external/jdk/jdk1.6/bin/java     1         manual mode
  4            /usr/lib/jvm/java-7-openjdk-amd64/jre/bin/java      1071      manual mode
  5            /usr/lib/jvm/java-8-openjdk-amd64/jre/bin/java      1081      manual mode

Press <enter> to keep the current choice[*], or type selection number: There are 5 choices for the alternative java (providing /usr/bin/java).

  Selection    Path                                               Priority   Status
------------------------------------------------------------
* 0            /usr/lib/jvm/java-8-openjdk-amd64/jre/bin/java      1081      auto mode
  1            /home/ubuntu/ATLAS/external/jdk/j2sdk1.4/bin/java   1         manual mode
  2            /home/ubuntu/ATLAS/external/jdk/jdk1.5/bin/java     1         manual mode
  3            /home/ubuntu/ATLAS/external/jdk/jdk1.6/bin/java     1         manual mode
  4            /usr/lib/jvm/java-7-openjdk-amd64/jre/bin/java      1071      manual mode
  5            /usr/lib/jvm/java-8-openjdk-amd64/jre/bin/java      1081      manual mode

Press <enter> to keep the current choice[*], or type selection number: Compile google-auto 322588e0f2f8db805b29677386d91e64e9a45387:
[INFO] Scanning for projects...
[INFO]                                                                         
[INFO] ------------------------------------------------------------------------
[INFO] Building AutoValue 1.0-SNAPSHOT
[INFO] ------------------------------------------------------------------------
Downloading: https://repo.maven.apache.org/maven2/com/google/auto/auto-common/0.3/auto-common-0.3.jar
3/39 KB   5/39 KB   8/39 KB   11/39 KB   13/39 KB   16/39 KB   19/39 KB   21/39 KB   24/39 KB   27/39 KB   29/39 KB   32/39 KB   35/39 KB   37/39 KB   39/39 KB              Downloaded: https://repo.maven.apache.org/maven2/com/google/auto/auto-common/0.3/auto-common-0.3.jar (39 KB at 90.0 KB/sec)
[INFO] 
[INFO] --- maven-clean-plugin:2.5:clean (default-clean) @ auto-value ---
[INFO] 
[INFO] --- maven-enforcer-plugin:1.0:enforce (enforce-maven) @ auto-value ---
[INFO] 
[INFO] --- maven-resources-plugin:2.6:resources (default-resources) @ auto-value ---
[INFO] Using 'UTF-8' encoding to copy filtered resources.
[INFO] Copying 24 resources
[INFO] 
[INFO] --- maven-compiler-plugin:3.1:compile (default-compile) @ auto-value ---
[INFO] Changes detected - recompiling the module!
[INFO] Compiling 21 source files to /home/ubuntu/ATLAS/apps/google-auto/download/322588e0f2f8db805b29677386d91e64e9a45387/value/target/classes
[INFO] -------------------------------------------------------------
[WARNING] COMPILATION WARNING : 
[INFO] -------------------------------------------------------------
[WARNING] bootstrap class path not set in conjunction with -source 1.6
[WARNING] No processor claimed any of these annotations: CheckReturnValue
[INFO] 2 warnings 
[INFO] -------------------------------------------------------------
[INFO] -------------------------------------------------------------
[ERROR] COMPILATION ERROR : 
[INFO] -------------------------------------------------------------
[ERROR] /home/ubuntu/ATLAS/apps/google-auto/download/322588e0f2f8db805b29677386d91e64e9a45387/value/src/main/java/com/google/auto/value/processor/BuilderSpec.java:[33,24] cannot find symbol
  symbol:   class CheckReturnValue
  location: package javax.annotation
[ERROR] /home/ubuntu/ATLAS/apps/google-auto/download/322588e0f2f8db805b29677386d91e64e9a45387/value/src/main/java/com/google/auto/value/processor/BuilderSpec.java:[127,6] cannot find symbol
  symbol:   class CheckReturnValue
  location: class com.google.auto.value.processor.BuilderSpec.Builder
[INFO] 2 errors 
[INFO] -------------------------------------------------------------
[INFO] ------------------------------------------------------------------------
[INFO] BUILD FAILURE
[INFO] ------------------------------------------------------------------------
[INFO] Total time: 2.728 s
[INFO] Finished at: 2019-12-04T09:39:51+00:00
[INFO] Final Memory: 21M/255M
[INFO] ------------------------------------------------------------------------
[ERROR] Failed to execute goal org.apache.maven.plugins:maven-compiler-plugin:3.1:compile (default-compile) on project auto-value: Compilation failure: Compilation failure:
[ERROR] /home/ubuntu/ATLAS/apps/google-auto/download/322588e0f2f8db805b29677386d91e64e9a45387/value/src/main/java/com/google/auto/value/processor/BuilderSpec.java:[33,24] cannot find symbol
[ERROR] symbol:   class CheckReturnValue
[ERROR] location: package javax.annotation
[ERROR] /home/ubuntu/ATLAS/apps/google-auto/download/322588e0f2f8db805b29677386d91e64e9a45387/value/src/main/java/com/google/auto/value/processor/BuilderSpec.java:[127,6] cannot find symbol
[ERROR] symbol:   class CheckReturnValue
[ERROR] location: class com.google.auto.value.processor.BuilderSpec.Builder
[ERROR] -> [Help 1]
[ERROR] 
[ERROR] To see the full stack trace of the errors, re-run Maven with the -e switch.
[ERROR] Re-run Maven using the -X switch to enable full debug logging.
[ERROR] 
[ERROR] For more information about the errors and possible solutions, please read the following articles:
[ERROR] [Help 1] http://cwiki.apache.org/confluence/display/MAVEN/MojoFailureException
[INFO] Scanning for projects...
[WARNING] 
[WARNING] Some problems were encountered while building the effective model for com.google.auto.value:auto-value:jar:1.0-SNAPSHOT
[WARNING] 'dependencies.dependency.(groupId:artifactId:type:classifier)' must be unique: com.google.auto:auto-common:jar -> version 1.0-SNAPSHOT vs 0.3 @ line 43, column 17
[WARNING] 
[WARNING] It is highly recommended to fix these problems because they threaten the stability of your build.
[WARNING] 
[WARNING] For this reason, future Maven versions might no longer support building such malformed projects.
[WARNING] 
[INFO]                                                                         
[INFO] ------------------------------------------------------------------------
[INFO] Building AutoValue 1.0-SNAPSHOT
[INFO] ------------------------------------------------------------------------
[INFO] 
[INFO] --- maven-clean-plugin:2.5:clean (default-clean) @ auto-value ---
[INFO] Deleting /home/ubuntu/ATLAS/apps/google-auto/download/322588e0f2f8db805b29677386d91e64e9a45387/value/target
[INFO] 
[INFO] --- maven-enforcer-plugin:1.0:enforce (enforce-maven) @ auto-value ---
[INFO] 
[INFO] --- maven-resources-plugin:2.6:resources (default-resources) @ auto-value ---
[INFO] Using 'UTF-8' encoding to copy filtered resources.
[INFO] Copying 24 resources
[INFO] 
[INFO] --- maven-compiler-plugin:3.1:compile (default-compile) @ auto-value ---
[INFO] Changes detected - recompiling the module!
[INFO] Compiling 21 source files to /home/ubuntu/ATLAS/apps/google-auto/download/322588e0f2f8db805b29677386d91e64e9a45387/value/target/classes
[INFO] -------------------------------------------------------------
[WARNING] COMPILATION WARNING : 
[INFO] -------------------------------------------------------------
[WARNING] bootstrap class path not set in conjunction with -source 1.6
[WARNING] No processor claimed any of these annotations: CheckReturnValue
[INFO] 2 warnings 
[INFO] -------------------------------------------------------------
[INFO] -------------------------------------------------------------
[ERROR] COMPILATION ERROR : 
[INFO] -------------------------------------------------------------
[ERROR] /home/ubuntu/ATLAS/apps/google-auto/download/322588e0f2f8db805b29677386d91e64e9a45387/value/src/main/java/com/google/auto/value/processor/BuilderSpec.java:[33,24] cannot find symbol
  symbol:   class CheckReturnValue
  location: package javax.annotation
[ERROR] /home/ubuntu/ATLAS/apps/google-auto/download/322588e0f2f8db805b29677386d91e64e9a45387/value/src/main/java/com/google/auto/value/processor/BuilderSpec.java:[127,6] cannot find symbol
  symbol:   class CheckReturnValue
  location: class com.google.auto.value.processor.BuilderSpec.Builder
[INFO] 2 errors 
[INFO] -------------------------------------------------------------
[INFO] ------------------------------------------------------------------------
[INFO] BUILD FAILURE
[INFO] ------------------------------------------------------------------------
[INFO] Total time: 1.978 s
[INFO] Finished at: 2019-12-04T09:39:55+00:00
[INFO] Final Memory: 18M/260M
[INFO] ------------------------------------------------------------------------
[ERROR] Failed to execute goal org.apache.maven.plugins:maven-compiler-plugin:3.1:compile (default-compile) on project auto-value: Compilation failure: Compilation failure:
[ERROR] /home/ubuntu/ATLAS/apps/google-auto/download/322588e0f2f8db805b29677386d91e64e9a45387/value/src/main/java/com/google/auto/value/processor/BuilderSpec.java:[33,24] cannot find symbol
[ERROR] symbol:   class CheckReturnValue
[ERROR] location: package javax.annotation
[ERROR] /home/ubuntu/ATLAS/apps/google-auto/download/322588e0f2f8db805b29677386d91e64e9a45387/value/src/main/java/com/google/auto/value/processor/BuilderSpec.java:[127,6] cannot find symbol
[ERROR] symbol:   class CheckReturnValue
[ERROR] location: class com.google.auto.value.processor.BuilderSpec.Builder
[ERROR] -> [Help 1]
[ERROR] 
[ERROR] To see the full stack trace of the errors, re-run Maven with the -e switch.
[ERROR] Re-run Maven using the -X switch to enable full debug logging.
[ERROR] 
[ERROR] For more information about the errors and possible solutions, please read the following articles:
[ERROR] [Help 1] http://cwiki.apache.org/confluence/display/MAVEN/MojoFailureException
mvn -f value/pom.xml clean compile -DskipTests=true -Dcheckstyle.skip=true || (sed -i -- 's/<dependencies>/<dependencies><dependency><groupId>com.google.auto<\/groupId><artifactId>auto-common<\/artifactId><version>1.0-SNAPSHOT<\/version><\/dependency>/g' value/pom.xml ; sed -i -- 's/.6-SNAPSHOT/.6/g' value/pom.xml ; mvn -f value/pom.xml clean compile -DskipTests=true -Dcheckstyle.skip=true)
0.241s delay before adding the failure to the log file
There are 5 choices for the alternative javac (providing /usr/bin/javac).

  Selection    Path                                                Priority   Status
------------------------------------------------------------
* 0            /usr/lib/jvm/java-8-openjdk-amd64/bin/javac          1081      auto mode
  1            /home/ubuntu/ATLAS/external/jdk/j2sdk1.4/bin/javac   1         manual mode
  2            /home/ubuntu/ATLAS/external/jdk/jdk1.5/bin/javac     1         manual mode
  3            /home/ubuntu/ATLAS/external/jdk/jdk1.6/bin/javac     1         manual mode
  4            /usr/lib/jvm/java-7-openjdk-amd64/bin/javac          1071      manual mode
  5            /usr/lib/jvm/java-8-openjdk-amd64/bin/javac          1081      manual mode

Press <enter> to keep the current choice[*], or type selection number: There are 5 choices for the alternative java (providing /usr/bin/java).

  Selection    Path                                               Priority   Status
------------------------------------------------------------
* 0            /usr/lib/jvm/java-8-openjdk-amd64/jre/bin/java      1081      auto mode
  1            /home/ubuntu/ATLAS/external/jdk/j2sdk1.4/bin/java   1         manual mode
  2            /home/ubuntu/ATLAS/external/jdk/jdk1.5/bin/java     1         manual mode
  3            /home/ubuntu/ATLAS/external/jdk/jdk1.6/bin/java     1         manual mode
  4            /usr/lib/jvm/java-7-openjdk-amd64/jre/bin/java      1071      manual mode
  5            /usr/lib/jvm/java-8-openjdk-amd64/jre/bin/java      1081      manual mode

Press <enter> to keep the current choice[*], or type selection number: Compile google-auto 322588e0f2f8db805b29677386d91e64e9a45387:
[INFO] Scanning for projects...
[INFO]                                                                         
[INFO] ------------------------------------------------------------------------
[INFO] Building AutoValue 1.0-SNAPSHOT
[INFO] ------------------------------------------------------------------------
[INFO] 
[INFO] --- maven-clean-plugin:2.5:clean (default-clean) @ auto-value ---
[INFO] 
[INFO] --- maven-enforcer-plugin:1.0:enforce (enforce-maven) @ auto-value ---
[INFO] 
[INFO] --- maven-resources-plugin:2.6:resources (default-resources) @ auto-value ---
[INFO] Using 'UTF-8' encoding to copy filtered resources.
[INFO] Copying 24 resources
[INFO] 
[INFO] --- maven-compiler-plugin:3.1:compile (default-compile) @ auto-value ---
[INFO] Changes detected - recompiling the module!
[INFO] Compiling 21 source files to /home/ubuntu/ATLAS/apps/google-auto/download/322588e0f2f8db805b29677386d91e64e9a45387/value/target/classes
[INFO] -------------------------------------------------------------
[WARNING] COMPILATION WARNING : 
[INFO] -------------------------------------------------------------
[WARNING] bootstrap class path not set in conjunction with -source 1.6
[WARNING] No processor claimed any of these annotations: CheckReturnValue
[INFO] 2 warnings 
[INFO] -------------------------------------------------------------
[INFO] -------------------------------------------------------------
[ERROR] COMPILATION ERROR : 
[INFO] -------------------------------------------------------------
[ERROR] /home/ubuntu/ATLAS/apps/google-auto/download/322588e0f2f8db805b29677386d91e64e9a45387/value/src/main/java/com/google/auto/value/processor/BuilderSpec.java:[33,24] cannot find symbol
  symbol:   class CheckReturnValue
  location: package javax.annotation
[ERROR] /home/ubuntu/ATLAS/apps/google-auto/download/322588e0f2f8db805b29677386d91e64e9a45387/value/src/main/java/com/google/auto/value/processor/BuilderSpec.java:[127,6] cannot find symbol
  symbol:   class CheckReturnValue
  location: class com.google.auto.value.processor.BuilderSpec.Builder
[INFO] 2 errors 
[INFO] -------------------------------------------------------------
[INFO] ------------------------------------------------------------------------
[INFO] BUILD FAILURE
[INFO] ------------------------------------------------------------------------
[INFO] Total time: 2.015 s
[INFO] Finished at: 2019-12-04T09:39:59+00:00
[INFO] Final Memory: 17M/256M
[INFO] ------------------------------------------------------------------------
[ERROR] Failed to execute goal org.apache.maven.plugins:maven-compiler-plugin:3.1:compile (default-compile) on project auto-value: Compilation failure: Compilation failure:
[ERROR] /home/ubuntu/ATLAS/apps/google-auto/download/322588e0f2f8db805b29677386d91e64e9a45387/value/src/main/java/com/google/auto/value/processor/BuilderSpec.java:[33,24] cannot find symbol
[ERROR] symbol:   class CheckReturnValue
[ERROR] location: package javax.annotation
[ERROR] /home/ubuntu/ATLAS/apps/google-auto/download/322588e0f2f8db805b29677386d91e64e9a45387/value/src/main/java/com/google/auto/value/processor/BuilderSpec.java:[127,6] cannot find symbol
[ERROR] symbol:   class CheckReturnValue
[ERROR] location: class com.google.auto.value.processor.BuilderSpec.Builder
[ERROR] -> [Help 1]
[ERROR] 
[ERROR] To see the full stack trace of the errors, re-run Maven with the -e switch.
[ERROR] Re-run Maven using the -X switch to enable full debug logging.
[ERROR] 
[ERROR] For more information about the errors and possible solutions, please read the following articles:
[ERROR] [Help 1] http://cwiki.apache.org/confluence/display/MAVEN/MojoFailureException
[INFO] Scanning for projects...
[WARNING] 
[WARNING] Some problems were encountered while building the effective model for com.google.auto.value:auto-value:jar:1.0-SNAPSHOT
[WARNING] 'dependencies.dependency.(groupId:artifactId:type:classifier)' must be unique: com.google.auto:auto-common:jar -> version 1.0-SNAPSHOT vs 0.3 @ line 43, column 17
[WARNING] 
[WARNING] It is highly recommended to fix these problems because they threaten the stability of your build.
[WARNING] 
[WARNING] For this reason, future Maven versions might no longer support building such malformed projects.
[WARNING] 
[INFO]                                                                         
[INFO] ------------------------------------------------------------------------
[INFO] Building AutoValue 1.0-SNAPSHOT
[INFO] ------------------------------------------------------------------------
[INFO] 
[INFO] --- maven-clean-plugin:2.5:clean (default-clean) @ auto-value ---
[INFO] Deleting /home/ubuntu/ATLAS/apps/google-auto/download/322588e0f2f8db805b29677386d91e64e9a45387/value/target
[INFO] 
[INFO] --- maven-enforcer-plugin:1.0:enforce (enforce-maven) @ auto-value ---
[INFO] 
[INFO] --- maven-resources-plugin:2.6:resources (default-resources) @ auto-value ---
[INFO] Using 'UTF-8' encoding to copy filtered resources.
[INFO] Copying 24 resources
[INFO] 
[INFO] --- maven-compiler-plugin:3.1:compile (default-compile) @ auto-value ---
[INFO] Changes detected - recompiling the module!
[INFO] Compiling 21 source files to /home/ubuntu/ATLAS/apps/google-auto/download/322588e0f2f8db805b29677386d91e64e9a45387/value/target/classes
[INFO] -------------------------------------------------------------
[WARNING] COMPILATION WARNING : 
[INFO] -------------------------------------------------------------
[WARNING] bootstrap class path not set in conjunction with -source 1.6
[WARNING] No processor claimed any of these annotations: CheckReturnValue
[INFO] 2 warnings 
[INFO] -------------------------------------------------------------
[INFO] -------------------------------------------------------------
[ERROR] COMPILATION ERROR : 
[INFO] -------------------------------------------------------------
[ERROR] /home/ubuntu/ATLAS/apps/google-auto/download/322588e0f2f8db805b29677386d91e64e9a45387/value/src/main/java/com/google/auto/value/processor/BuilderSpec.java:[33,24] cannot find symbol
  symbol:   class CheckReturnValue
  location: package javax.annotation
[ERROR] /home/ubuntu/ATLAS/apps/google-auto/download/322588e0f2f8db805b29677386d91e64e9a45387/value/src/main/java/com/google/auto/value/processor/BuilderSpec.java:[127,6] cannot find symbol
  symbol:   class CheckReturnValue
  location: class com.google.auto.value.processor.BuilderSpec.Builder
[INFO] 2 errors 
[INFO] -------------------------------------------------------------
[INFO] ------------------------------------------------------------------------
[INFO] BUILD FAILURE
[INFO] ------------------------------------------------------------------------
[INFO] Total time: 2.105 s
[INFO] Finished at: 2019-12-04T09:40:03+00:00
[INFO] Final Memory: 17M/257M
[INFO] ------------------------------------------------------------------------
[ERROR] Failed to execute goal org.apache.maven.plugins:maven-compiler-plugin:3.1:compile (default-compile) on project auto-value: Compilation failure: Compilation failure:
[ERROR] /home/ubuntu/ATLAS/apps/google-auto/download/322588e0f2f8db805b29677386d91e64e9a45387/value/src/main/java/com/google/auto/value/processor/BuilderSpec.java:[33,24] cannot find symbol
[ERROR] symbol:   class CheckReturnValue
[ERROR] location: package javax.annotation
[ERROR] /home/ubuntu/ATLAS/apps/google-auto/download/322588e0f2f8db805b29677386d91e64e9a45387/value/src/main/java/com/google/auto/value/processor/BuilderSpec.java:[127,6] cannot find symbol
[ERROR] symbol:   class CheckReturnValue
[ERROR] location: class com.google.auto.value.processor.BuilderSpec.Builder
[ERROR] -> [Help 1]
[ERROR] 
[ERROR] To see the full stack trace of the errors, re-run Maven with the -e switch.
[ERROR] Re-run Maven using the -X switch to enable full debug logging.
[ERROR] 
[ERROR] For more information about the errors and possible solutions, please read the following articles:
[ERROR] [Help 1] http://cwiki.apache.org/confluence/display/MAVEN/MojoFailureException
mvn -f value/pom.xml clean compile -DskipTests=true -Dcheckstyle.skip=true || (sed -i -- 's/<dependencies>/<dependencies><dependency><groupId>com.google.auto<\/groupId><artifactId>auto-common<\/artifactId><version>1.0-SNAPSHOT<\/version><\/dependency>/g' value/pom.xml ; sed -i -- 's/.6-SNAPSHOT/.6/g' value/pom.xml ; mvn -f value/pom.xml clean compile -DskipTests=true -Dcheckstyle.skip=true)
0.95s delay before adding the failure to the log file
There are 5 choices for the alternative javac (providing /usr/bin/javac).

  Selection    Path                                                Priority   Status
------------------------------------------------------------
  0            /usr/lib/jvm/java-8-openjdk-amd64/bin/javac          1081      auto mode
  1            /home/ubuntu/ATLAS/external/jdk/j2sdk1.4/bin/javac   1         manual mode
  2            /home/ubuntu/ATLAS/external/jdk/jdk1.5/bin/javac     1         manual mode
  3            /home/ubuntu/ATLAS/external/jdk/jdk1.6/bin/javac     1         manual mode
  4            /usr/lib/jvm/java-7-openjdk-amd64/bin/javac          1071      manual mode
* 5            /usr/lib/jvm/java-8-openjdk-amd64/bin/javac          1081      manual mode

Press <enter> to keep the current choice[*], or type selection number: update-alternatives: using /usr/lib/jvm/java-7-openjdk-amd64/bin/javac to provide /usr/bin/javac (javac) in manual mode
There are 5 choices for the alternative java (providing /usr/bin/java).

  Selection    Path                                               Priority   Status
------------------------------------------------------------
  0            /usr/lib/jvm/java-8-openjdk-amd64/jre/bin/java      1081      auto mode
  1            /home/ubuntu/ATLAS/external/jdk/j2sdk1.4/bin/java   1         manual mode
  2            /home/ubuntu/ATLAS/external/jdk/jdk1.5/bin/java     1         manual mode
  3            /home/ubuntu/ATLAS/external/jdk/jdk1.6/bin/java     1         manual mode
  4            /usr/lib/jvm/java-7-openjdk-amd64/jre/bin/java      1071      manual mode
* 5            /usr/lib/jvm/java-8-openjdk-amd64/jre/bin/java      1081      manual mode

Press <enter> to keep the current choice[*], or type selection number: update-alternatives: using /usr/lib/jvm/java-7-openjdk-amd64/jre/bin/java to provide /usr/bin/java (java) in manual mode
Compile google-auto 322588e0f2f8db805b29677386d91e64e9a45387:
[INFO] Scanning for projects...
[INFO]                                                                         
[INFO] ------------------------------------------------------------------------
[INFO] Building AutoValue 1.0-SNAPSHOT
[INFO] ------------------------------------------------------------------------
[INFO] 
[INFO] --- maven-clean-plugin:2.5:clean (default-clean) @ auto-value ---
[INFO] 
[INFO] --- maven-enforcer-plugin:1.0:enforce (enforce-maven) @ auto-value ---
[INFO] 
[INFO] --- maven-resources-plugin:2.6:resources (default-resources) @ auto-value ---
[INFO] Using 'UTF-8' encoding to copy filtered resources.
[INFO] Copying 24 resources
[INFO] 
[INFO] --- maven-compiler-plugin:3.1:compile (default-compile) @ auto-value ---
[INFO] Changes detected - recompiling the module!
[INFO] Compiling 21 source files to /home/ubuntu/ATLAS/apps/google-auto/download/322588e0f2f8db805b29677386d91e64e9a45387/value/target/classes
[INFO] -------------------------------------------------------------
[WARNING] COMPILATION WARNING : 
[INFO] -------------------------------------------------------------
[WARNING] bootstrap class path not set in conjunction with -source 1.6
[WARNING] No processor claimed any of these annotations: CheckReturnValue
[INFO] 2 warnings 
[INFO] -------------------------------------------------------------
[INFO] -------------------------------------------------------------
[ERROR] COMPILATION ERROR : 
[INFO] -------------------------------------------------------------
[ERROR] /home/ubuntu/ATLAS/apps/google-auto/download/322588e0f2f8db805b29677386d91e64e9a45387/value/src/main/java/com/google/auto/value/processor/BuilderSpec.java:[33,24] cannot find symbol
  symbol:   class CheckReturnValue
  location: package javax.annotation
[ERROR] /home/ubuntu/ATLAS/apps/google-auto/download/322588e0f2f8db805b29677386d91e64e9a45387/value/src/main/java/com/google/auto/value/processor/BuilderSpec.java:[127,6] cannot find symbol
  symbol:   class CheckReturnValue
  location: class com.google.auto.value.processor.BuilderSpec.Builder
[ERROR] FATAL ERROR: java.lang.ClassCastException: com.sun.tools.javac.code.Symbol$MethodSymbol cannot be cast to javax.lang.model.element.TypeElement
  	at com.google.auto.service.processor.AutoServiceProcessor.processAnnotations(AutoServiceProcessor.java:131)
  	at com.google.auto.service.processor.AutoServiceProcessor.processImpl(AutoServiceProcessor.java:115)
  	at com.google.auto.service.processor.AutoServiceProcessor.process(AutoServiceProcessor.java:101)
  	at com.sun.tools.javac.processing.JavacProcessingEnvironment.callProcessor(JavacProcessingEnvironment.java:793)
  	at com.sun.tools.javac.processing.JavacProcessingEnvironment.discoverAndRunProcs(JavacProcessingEnvironment.java:722)
  	at com.sun.tools.javac.processing.JavacProcessingEnvironment.access$1700(JavacProcessingEnvironment.java:97)
  	at com.sun.tools.javac.processing.JavacProcessingEnvironment$Round.run(JavacProcessingEnvironment.java:1029)
  	at com.sun.tools.javac.processing.JavacProcessingEnvironment.doProcessing(JavacProcessingEnvironment.java:1163)
  	at com.sun.tools.javac.main.JavaCompiler.processAnnotations(JavaCompiler.java:1108)
  	at com.sun.tools.javac.main.JavaCompiler.compile(JavaCompiler.java:824)
  	at com.sun.tools.javac.main.Main.compile(Main.java:439)
  	at com.sun.tools.javac.api.JavacTaskImpl.call(JavacTaskImpl.java:132)
  	at org.codehaus.plexus.compiler.javac.JavaxToolsCompiler.compileInProcess(JavaxToolsCompiler.java:126)
  	at org.codehaus.plexus.compiler.javac.JavacCompiler.performCompile(JavacCompiler.java:169)
  	at org.apache.maven.plugin.compiler.AbstractCompilerMojo.execute(AbstractCompilerMojo.java:785)
  	at org.apache.maven.plugin.compiler.CompilerMojo.execute(CompilerMojo.java:129)
  	at org.apache.maven.plugin.DefaultBuildPluginManager.executeMojo(DefaultBuildPluginManager.java:134)
  	at org.apache.maven.lifecycle.internal.MojoExecutor.execute(MojoExecutor.java:207)
  	at org.apache.maven.lifecycle.internal.MojoExecutor.execute(MojoExecutor.java:153)
  	at org.apache.maven.lifecycle.internal.MojoExecutor.execute(MojoExecutor.java:145)
  	at org.apache.maven.lifecycle.internal.LifecycleModuleBuilder.buildProject(LifecycleModuleBuilder.java:116)
  	at org.apache.maven.lifecycle.internal.LifecycleModuleBuilder.buildProject(LifecycleModuleBuilder.java:80)
  	at org.apache.maven.lifecycle.internal.builder.singlethreaded.SingleThreadedBuilder.build(SingleThreadedBuilder.java:51)
  	at org.apache.maven.lifecycle.internal.LifecycleStarter.execute(LifecycleStarter.java:128)
  	at org.apache.maven.DefaultMaven.doExecute(DefaultMaven.java:307)
  	at org.apache.maven.DefaultMaven.doExecute(DefaultMaven.java:193)
  	at org.apache.maven.DefaultMaven.execute(DefaultMaven.java:106)
  	at org.apache.maven.cli.MavenCli.execute(MavenCli.java:863)
  	at org.apache.maven.cli.MavenCli.doMain(MavenCli.java:288)
  	at org.apache.maven.cli.MavenCli.main(MavenCli.java:199)
  	at sun.reflect.NativeMethodAccessorImpl.invoke0(Native Method)
  	at sun.reflect.NativeMethodAccessorImpl.invoke(NativeMethodAccessorImpl.java:57)
  	at sun.reflect.DelegatingMethodAccessorImpl.invoke(DelegatingMethodAccessorImpl.java:43)
  	at java.lang.reflect.Method.invoke(Method.java:606)
  	at org.codehaus.plexus.classworlds.launcher.Launcher.launchEnhanced(Launcher.java:289)
  	at org.codehaus.plexus.classworlds.launcher.Launcher.launch(Launcher.java:229)
  	at org.codehaus.plexus.classworlds.launcher.Launcher.mainWithExitCode(Launcher.java:415)
  	at org.codehaus.plexus.classworlds.launcher.Launcher.main(Launcher.java:356)
[ERROR] /home/ubuntu/ATLAS/apps/google-auto/download/322588e0f2f8db805b29677386d91e64e9a45387/value/src/main/java/com/google/auto/value/processor/BuilderSpec.java:[33,24] cannot find symbol
  symbol:   class CheckReturnValue
  location: package javax.annotation
[ERROR] /home/ubuntu/ATLAS/apps/google-auto/download/322588e0f2f8db805b29677386d91e64e9a45387/value/src/main/java/com/google/auto/value/processor/BuilderSpec.java:[127,6] cannot find symbol
  symbol:   class CheckReturnValue
  location: class com.google.auto.value.processor.BuilderSpec.Builder
[INFO] 5 errors 
[INFO] -------------------------------------------------------------
[INFO] ------------------------------------------------------------------------
[INFO] BUILD FAILURE
[INFO] ------------------------------------------------------------------------
[INFO] Total time: 2.748 s
[INFO] Finished at: 2019-12-04T09:40:08+00:00
[INFO] Final Memory: 14M/209M
[INFO] ------------------------------------------------------------------------
[ERROR] Failed to execute goal org.apache.maven.plugins:maven-compiler-plugin:3.1:compile (default-compile) on project auto-value: Compilation failure: Compilation failure:
[ERROR] /home/ubuntu/ATLAS/apps/google-auto/download/322588e0f2f8db805b29677386d91e64e9a45387/value/src/main/java/com/google/auto/value/processor/BuilderSpec.java:[33,24] cannot find symbol
[ERROR] symbol:   class CheckReturnValue
[ERROR] location: package javax.annotation
[ERROR] /home/ubuntu/ATLAS/apps/google-auto/download/322588e0f2f8db805b29677386d91e64e9a45387/value/src/main/java/com/google/auto/value/processor/BuilderSpec.java:[127,6] cannot find symbol
[ERROR] symbol:   class CheckReturnValue
[ERROR] location: class com.google.auto.value.processor.BuilderSpec.Builder
[ERROR] FATAL ERROR: java.lang.ClassCastException: com.sun.tools.javac.code.Symbol$MethodSymbol cannot be cast to javax.lang.model.element.TypeElement
[ERROR] at com.google.auto.service.processor.AutoServiceProcessor.processAnnotations(AutoServiceProcessor.java:131)
[ERROR] at com.google.auto.service.processor.AutoServiceProcessor.processImpl(AutoServiceProcessor.java:115)
[ERROR] at com.google.auto.service.processor.AutoServiceProcessor.process(AutoServiceProcessor.java:101)
[ERROR] at com.sun.tools.javac.processing.JavacProcessingEnvironment.callProcessor(JavacProcessingEnvironment.java:793)
[ERROR] at com.sun.tools.javac.processing.JavacProcessingEnvironment.discoverAndRunProcs(JavacProcessingEnvironment.java:722)
[ERROR] at com.sun.tools.javac.processing.JavacProcessingEnvironment.access$1700(JavacProcessingEnvironment.java:97)
[ERROR] at com.sun.tools.javac.processing.JavacProcessingEnvironment$Round.run(JavacProcessingEnvironment.java:1029)
[ERROR] at com.sun.tools.javac.processing.JavacProcessingEnvironment.doProcessing(JavacProcessingEnvironment.java:1163)
[ERROR] at com.sun.tools.javac.main.JavaCompiler.processAnnotations(JavaCompiler.java:1108)
[ERROR] at com.sun.tools.javac.main.JavaCompiler.compile(JavaCompiler.java:824)
[ERROR] at com.sun.tools.javac.main.Main.compile(Main.java:439)
[ERROR] at com.sun.tools.javac.api.JavacTaskImpl.call(JavacTaskImpl.java:132)
[ERROR] at org.codehaus.plexus.compiler.javac.JavaxToolsCompiler.compileInProcess(JavaxToolsCompiler.java:126)
[ERROR] at org.codehaus.plexus.compiler.javac.JavacCompiler.performCompile(JavacCompiler.java:169)
[ERROR] at org.apache.maven.plugin.compiler.AbstractCompilerMojo.execute(AbstractCompilerMojo.java:785)
[ERROR] at org.apache.maven.plugin.compiler.CompilerMojo.execute(CompilerMojo.java:129)
[ERROR] at org.apache.maven.plugin.DefaultBuildPluginManager.executeMojo(DefaultBuildPluginManager.java:134)
[ERROR] at org.apache.maven.lifecycle.internal.MojoExecutor.execute(MojoExecutor.java:207)
[ERROR] at org.apache.maven.lifecycle.internal.MojoExecutor.execute(MojoExecutor.java:153)
[ERROR] at org.apache.maven.lifecycle.internal.MojoExecutor.execute(MojoExecutor.java:145)
[ERROR] at org.apache.maven.lifecycle.internal.LifecycleModuleBuilder.buildProject(LifecycleModuleBuilder.java:116)
[ERROR] at org.apache.maven.lifecycle.internal.LifecycleModuleBuilder.buildProject(LifecycleModuleBuilder.java:80)
[ERROR] at org.apache.maven.lifecycle.internal.builder.singlethreaded.SingleThreadedBuilder.build(SingleThreadedBuilder.java:51)
[ERROR] at org.apache.maven.lifecycle.internal.LifecycleStarter.execute(LifecycleStarter.java:128)
[ERROR] at org.apache.maven.DefaultMaven.doExecute(DefaultMaven.java:307)
[ERROR] at org.apache.maven.DefaultMaven.doExecute(DefaultMaven.java:193)
[ERROR] at org.apache.maven.DefaultMaven.execute(DefaultMaven.java:106)
[ERROR] at org.apache.maven.cli.MavenCli.execute(MavenCli.java:863)
[ERROR] at org.apache.maven.cli.MavenCli.doMain(MavenCli.java:288)
[ERROR] at org.apache.maven.cli.MavenCli.main(MavenCli.java:199)
[ERROR] at sun.reflect.NativeMethodAccessorImpl.invoke0(Native Method)
[ERROR] at sun.reflect.NativeMethodAccessorImpl.invoke(NativeMethodAccessorImpl.java:57)
[ERROR] at sun.reflect.DelegatingMethodAccessorImpl.invoke(DelegatingMethodAccessorImpl.java:43)
[ERROR] at java.lang.reflect.Method.invoke(Method.java:606)
[ERROR] at org.codehaus.plexus.classworlds.launcher.Launcher.launchEnhanced(Launcher.java:289)
[ERROR] at org.codehaus.plexus.classworlds.launcher.Launcher.launch(Launcher.java:229)
[ERROR] at org.codehaus.plexus.classworlds.launcher.Launcher.mainWithExitCode(Launcher.java:415)
[ERROR] at org.codehaus.plexus.classworlds.launcher.Launcher.main(Launcher.java:356)
[ERROR] /home/ubuntu/ATLAS/apps/google-auto/download/322588e0f2f8db805b29677386d91e64e9a45387/value/src/main/java/com/google/auto/value/processor/BuilderSpec.java:[33,24] cannot find symbol
[ERROR] symbol:   class CheckReturnValue
[ERROR] location: package javax.annotation
[ERROR] /home/ubuntu/ATLAS/apps/google-auto/download/322588e0f2f8db805b29677386d91e64e9a45387/value/src/main/java/com/google/auto/value/processor/BuilderSpec.java:[127,6] cannot find symbol
[ERROR] symbol:   class CheckReturnValue
[ERROR] location: class com.google.auto.value.processor.BuilderSpec.Builder
[ERROR] -> [Help 1]
[ERROR] 
[ERROR] To see the full stack trace of the errors, re-run Maven with the -e switch.
[ERROR] Re-run Maven using the -X switch to enable full debug logging.
[ERROR] 
[ERROR] For more information about the errors and possible solutions, please read the following articles:
[ERROR] [Help 1] http://cwiki.apache.org/confluence/display/MAVEN/MojoFailureException
[INFO] Scanning for projects...
[WARNING] 
[WARNING] Some problems were encountered while building the effective model for com.google.auto.value:auto-value:jar:1.0-SNAPSHOT
[WARNING] 'dependencies.dependency.(groupId:artifactId:type:classifier)' must be unique: com.google.auto:auto-common:jar -> version 1.0-SNAPSHOT vs 0.3 @ line 43, column 17
[WARNING] 
[WARNING] It is highly recommended to fix these problems because they threaten the stability of your build.
[WARNING] 
[WARNING] For this reason, future Maven versions might no longer support building such malformed projects.
[WARNING] 
[INFO]                                                                         
[INFO] ------------------------------------------------------------------------
[INFO] Building AutoValue 1.0-SNAPSHOT
[INFO] ------------------------------------------------------------------------
[INFO] 
[INFO] --- maven-clean-plugin:2.5:clean (default-clean) @ auto-value ---
[INFO] Deleting /home/ubuntu/ATLAS/apps/google-auto/download/322588e0f2f8db805b29677386d91e64e9a45387/value/target
[INFO] 
[INFO] --- maven-enforcer-plugin:1.0:enforce (enforce-maven) @ auto-value ---
[INFO] 
[INFO] --- maven-resources-plugin:2.6:resources (default-resources) @ auto-value ---
[INFO] Using 'UTF-8' encoding to copy filtered resources.
[INFO] Copying 24 resources
[INFO] 
[INFO] --- maven-compiler-plugin:3.1:compile (default-compile) @ auto-value ---
[INFO] Changes detected - recompiling the module!
[INFO] Compiling 21 source files to /home/ubuntu/ATLAS/apps/google-auto/download/322588e0f2f8db805b29677386d91e64e9a45387/value/target/classes
[INFO] -------------------------------------------------------------
[WARNING] COMPILATION WARNING : 
[INFO] -------------------------------------------------------------
[WARNING] bootstrap class path not set in conjunction with -source 1.6
[WARNING] No processor claimed any of these annotations: CheckReturnValue
[INFO] 2 warnings 
[INFO] -------------------------------------------------------------
[INFO] -------------------------------------------------------------
[ERROR] COMPILATION ERROR : 
[INFO] -------------------------------------------------------------
[ERROR] /home/ubuntu/ATLAS/apps/google-auto/download/322588e0f2f8db805b29677386d91e64e9a45387/value/src/main/java/com/google/auto/value/processor/BuilderSpec.java:[33,24] cannot find symbol
  symbol:   class CheckReturnValue
  location: package javax.annotation
[ERROR] /home/ubuntu/ATLAS/apps/google-auto/download/322588e0f2f8db805b29677386d91e64e9a45387/value/src/main/java/com/google/auto/value/processor/BuilderSpec.java:[127,6] cannot find symbol
  symbol:   class CheckReturnValue
  location: class com.google.auto.value.processor.BuilderSpec.Builder
[ERROR] FATAL ERROR: java.lang.ClassCastException: com.sun.tools.javac.code.Symbol$MethodSymbol cannot be cast to javax.lang.model.element.TypeElement
  	at com.google.auto.service.processor.AutoServiceProcessor.processAnnotations(AutoServiceProcessor.java:131)
  	at com.google.auto.service.processor.AutoServiceProcessor.processImpl(AutoServiceProcessor.java:115)
  	at com.google.auto.service.processor.AutoServiceProcessor.process(AutoServiceProcessor.java:101)
  	at com.sun.tools.javac.processing.JavacProcessingEnvironment.callProcessor(JavacProcessingEnvironment.java:793)
  	at com.sun.tools.javac.processing.JavacProcessingEnvironment.discoverAndRunProcs(JavacProcessingEnvironment.java:722)
  	at com.sun.tools.javac.processing.JavacProcessingEnvironment.access$1700(JavacProcessingEnvironment.java:97)
  	at com.sun.tools.javac.processing.JavacProcessingEnvironment$Round.run(JavacProcessingEnvironment.java:1029)
  	at com.sun.tools.javac.processing.JavacProcessingEnvironment.doProcessing(JavacProcessingEnvironment.java:1163)
  	at com.sun.tools.javac.main.JavaCompiler.processAnnotations(JavaCompiler.java:1108)
  	at com.sun.tools.javac.main.JavaCompiler.compile(JavaCompiler.java:824)
  	at com.sun.tools.javac.main.Main.compile(Main.java:439)
  	at com.sun.tools.javac.api.JavacTaskImpl.call(JavacTaskImpl.java:132)
  	at org.codehaus.plexus.compiler.javac.JavaxToolsCompiler.compileInProcess(JavaxToolsCompiler.java:126)
  	at org.codehaus.plexus.compiler.javac.JavacCompiler.performCompile(JavacCompiler.java:169)
  	at org.apache.maven.plugin.compiler.AbstractCompilerMojo.execute(AbstractCompilerMojo.java:785)
  	at org.apache.maven.plugin.compiler.CompilerMojo.execute(CompilerMojo.java:129)
  	at org.apache.maven.plugin.DefaultBuildPluginManager.executeMojo(DefaultBuildPluginManager.java:134)
  	at org.apache.maven.lifecycle.internal.MojoExecutor.execute(MojoExecutor.java:207)
  	at org.apache.maven.lifecycle.internal.MojoExecutor.execute(MojoExecutor.java:153)
  	at org.apache.maven.lifecycle.internal.MojoExecutor.execute(MojoExecutor.java:145)
  	at org.apache.maven.lifecycle.internal.LifecycleModuleBuilder.buildProject(LifecycleModuleBuilder.java:116)
  	at org.apache.maven.lifecycle.internal.LifecycleModuleBuilder.buildProject(LifecycleModuleBuilder.java:80)
  	at org.apache.maven.lifecycle.internal.builder.singlethreaded.SingleThreadedBuilder.build(SingleThreadedBuilder.java:51)
  	at org.apache.maven.lifecycle.internal.LifecycleStarter.execute(LifecycleStarter.java:128)
  	at org.apache.maven.DefaultMaven.doExecute(DefaultMaven.java:307)
  	at org.apache.maven.DefaultMaven.doExecute(DefaultMaven.java:193)
  	at org.apache.maven.DefaultMaven.execute(DefaultMaven.java:106)
  	at org.apache.maven.cli.MavenCli.execute(MavenCli.java:863)
  	at org.apache.maven.cli.MavenCli.doMain(MavenCli.java:288)
  	at org.apache.maven.cli.MavenCli.main(MavenCli.java:199)
  	at sun.reflect.NativeMethodAccessorImpl.invoke0(Native Method)
  	at sun.reflect.NativeMethodAccessorImpl.invoke(NativeMethodAccessorImpl.java:57)
  	at sun.reflect.DelegatingMethodAccessorImpl.invoke(DelegatingMethodAccessorImpl.java:43)
  	at java.lang.reflect.Method.invoke(Method.java:606)
  	at org.codehaus.plexus.classworlds.launcher.Launcher.launchEnhanced(Launcher.java:289)
  	at org.codehaus.plexus.classworlds.launcher.Launcher.launch(Launcher.java:229)
  	at org.codehaus.plexus.classworlds.launcher.Launcher.mainWithExitCode(Launcher.java:415)
  	at org.codehaus.plexus.classworlds.launcher.Launcher.main(Launcher.java:356)
[ERROR] /home/ubuntu/ATLAS/apps/google-auto/download/322588e0f2f8db805b29677386d91e64e9a45387/value/src/main/java/com/google/auto/value/processor/BuilderSpec.java:[33,24] cannot find symbol
  symbol:   class CheckReturnValue
  location: package javax.annotation
[ERROR] /home/ubuntu/ATLAS/apps/google-auto/download/322588e0f2f8db805b29677386d91e64e9a45387/value/src/main/java/com/google/auto/value/processor/BuilderSpec.java:[127,6] cannot find symbol
  symbol:   class CheckReturnValue
  location: class com.google.auto.value.processor.BuilderSpec.Builder
[INFO] 5 errors 
[INFO] -------------------------------------------------------------
[INFO] ------------------------------------------------------------------------
[INFO] BUILD FAILURE
[INFO] ------------------------------------------------------------------------
[INFO] Total time: 2.857 s
[INFO] Finished at: 2019-12-04T09:40:13+00:00
[INFO] Final Memory: 18M/205M
[INFO] ------------------------------------------------------------------------
[ERROR] Failed to execute goal org.apache.maven.plugins:maven-compiler-plugin:3.1:compile (default-compile) on project auto-value: Compilation failure: Compilation failure:
[ERROR] /home/ubuntu/ATLAS/apps/google-auto/download/322588e0f2f8db805b29677386d91e64e9a45387/value/src/main/java/com/google/auto/value/processor/BuilderSpec.java:[33,24] cannot find symbol
[ERROR] symbol:   class CheckReturnValue
[ERROR] location: package javax.annotation
[ERROR] /home/ubuntu/ATLAS/apps/google-auto/download/322588e0f2f8db805b29677386d91e64e9a45387/value/src/main/java/com/google/auto/value/processor/BuilderSpec.java:[127,6] cannot find symbol
[ERROR] symbol:   class CheckReturnValue
[ERROR] location: class com.google.auto.value.processor.BuilderSpec.Builder
[ERROR] FATAL ERROR: java.lang.ClassCastException: com.sun.tools.javac.code.Symbol$MethodSymbol cannot be cast to javax.lang.model.element.TypeElement
[ERROR] at com.google.auto.service.processor.AutoServiceProcessor.processAnnotations(AutoServiceProcessor.java:131)
[ERROR] at com.google.auto.service.processor.AutoServiceProcessor.processImpl(AutoServiceProcessor.java:115)
[ERROR] at com.google.auto.service.processor.AutoServiceProcessor.process(AutoServiceProcessor.java:101)
[ERROR] at com.sun.tools.javac.processing.JavacProcessingEnvironment.callProcessor(JavacProcessingEnvironment.java:793)
[ERROR] at com.sun.tools.javac.processing.JavacProcessingEnvironment.discoverAndRunProcs(JavacProcessingEnvironment.java:722)
[ERROR] at com.sun.tools.javac.processing.JavacProcessingEnvironment.access$1700(JavacProcessingEnvironment.java:97)
[ERROR] at com.sun.tools.javac.processing.JavacProcessingEnvironment$Round.run(JavacProcessingEnvironment.java:1029)
[ERROR] at com.sun.tools.javac.processing.JavacProcessingEnvironment.doProcessing(JavacProcessingEnvironment.java:1163)
[ERROR] at com.sun.tools.javac.main.JavaCompiler.processAnnotations(JavaCompiler.java:1108)
[ERROR] at com.sun.tools.javac.main.JavaCompiler.compile(JavaCompiler.java:824)
[ERROR] at com.sun.tools.javac.main.Main.compile(Main.java:439)
[ERROR] at com.sun.tools.javac.api.JavacTaskImpl.call(JavacTaskImpl.java:132)
[ERROR] at org.codehaus.plexus.compiler.javac.JavaxToolsCompiler.compileInProcess(JavaxToolsCompiler.java:126)
[ERROR] at org.codehaus.plexus.compiler.javac.JavacCompiler.performCompile(JavacCompiler.java:169)
[ERROR] at org.apache.maven.plugin.compiler.AbstractCompilerMojo.execute(AbstractCompilerMojo.java:785)
[ERROR] at org.apache.maven.plugin.compiler.CompilerMojo.execute(CompilerMojo.java:129)
[ERROR] at org.apache.maven.plugin.DefaultBuildPluginManager.executeMojo(DefaultBuildPluginManager.java:134)
[ERROR] at org.apache.maven.lifecycle.internal.MojoExecutor.execute(MojoExecutor.java:207)
[ERROR] at org.apache.maven.lifecycle.internal.MojoExecutor.execute(MojoExecutor.java:153)
[ERROR] at org.apache.maven.lifecycle.internal.MojoExecutor.execute(MojoExecutor.java:145)
[ERROR] at org.apache.maven.lifecycle.internal.LifecycleModuleBuilder.buildProject(LifecycleModuleBuilder.java:116)
[ERROR] at org.apache.maven.lifecycle.internal.LifecycleModuleBuilder.buildProject(LifecycleModuleBuilder.java:80)
[ERROR] at org.apache.maven.lifecycle.internal.builder.singlethreaded.SingleThreadedBuilder.build(SingleThreadedBuilder.java:51)
[ERROR] at org.apache.maven.lifecycle.internal.LifecycleStarter.execute(LifecycleStarter.java:128)
[ERROR] at org.apache.maven.DefaultMaven.doExecute(DefaultMaven.java:307)
[ERROR] at org.apache.maven.DefaultMaven.doExecute(DefaultMaven.java:193)
[ERROR] at org.apache.maven.DefaultMaven.execute(DefaultMaven.java:106)
[ERROR] at org.apache.maven.cli.MavenCli.execute(MavenCli.java:863)
[ERROR] at org.apache.maven.cli.MavenCli.doMain(MavenCli.java:288)
[ERROR] at org.apache.maven.cli.MavenCli.main(MavenCli.java:199)
[ERROR] at sun.reflect.NativeMethodAccessorImpl.invoke0(Native Method)
[ERROR] at sun.reflect.NativeMethodAccessorImpl.invoke(NativeMethodAccessorImpl.java:57)
[ERROR] at sun.reflect.DelegatingMethodAccessorImpl.invoke(DelegatingMethodAccessorImpl.java:43)
[ERROR] at java.lang.reflect.Method.invoke(Method.java:606)
[ERROR] at org.codehaus.plexus.classworlds.launcher.Launcher.launchEnhanced(Launcher.java:289)
[ERROR] at org.codehaus.plexus.classworlds.launcher.Launcher.launch(Launcher.java:229)
[ERROR] at org.codehaus.plexus.classworlds.launcher.Launcher.mainWithExitCode(Launcher.java:415)
[ERROR] at org.codehaus.plexus.classworlds.launcher.Launcher.main(Launcher.java:356)
[ERROR] /home/ubuntu/ATLAS/apps/google-auto/download/322588e0f2f8db805b29677386d91e64e9a45387/value/src/main/java/com/google/auto/value/processor/BuilderSpec.java:[33,24] cannot find symbol
[ERROR] symbol:   class CheckReturnValue
[ERROR] location: package javax.annotation
[ERROR] /home/ubuntu/ATLAS/apps/google-auto/download/322588e0f2f8db805b29677386d91e64e9a45387/value/src/main/java/com/google/auto/value/processor/BuilderSpec.java:[127,6] cannot find symbol
[ERROR] symbol:   class CheckReturnValue
[ERROR] location: class com.google.auto.value.processor.BuilderSpec.Builder
[ERROR] -> [Help 1]
[ERROR] 
[ERROR] To see the full stack trace of the errors, re-run Maven with the -e switch.
[ERROR] Re-run Maven using the -X switch to enable full debug logging.
[ERROR] 
[ERROR] For more information about the errors and possible solutions, please read the following articles:
[ERROR] [Help 1] http://cwiki.apache.org/confluence/display/MAVEN/MojoFailureException
mvn -f value/pom.xml clean compile -DskipTests=true -Dcheckstyle.skip=true || (sed -i -- 's/<dependencies>/<dependencies><dependency><groupId>com.google.auto<\/groupId><artifactId>auto-common<\/artifactId><version>1.0-SNAPSHOT<\/version><\/dependency>/g' value/pom.xml ; sed -i -- 's/.6-SNAPSHOT/.6/g' value/pom.xml ; mvn -f value/pom.xml clean compile -DskipTests=true -Dcheckstyle.skip=true)
0.169s delay before adding the failure to the log file
There are 5 choices for the alternative javac (providing /usr/bin/javac).

  Selection    Path                                                Priority   Status
------------------------------------------------------------
  0            /usr/lib/jvm/java-8-openjdk-amd64/bin/javac          1081      auto mode
  1            /home/ubuntu/ATLAS/external/jdk/j2sdk1.4/bin/javac   1         manual mode
  2            /home/ubuntu/ATLAS/external/jdk/jdk1.5/bin/javac     1         manual mode
  3            /home/ubuntu/ATLAS/external/jdk/jdk1.6/bin/javac     1         manual mode
* 4            /usr/lib/jvm/java-7-openjdk-amd64/bin/javac          1071      manual mode
  5            /usr/lib/jvm/java-8-openjdk-amd64/bin/javac          1081      manual mode

Press <enter> to keep the current choice[*], or type selection number: update-alternatives: using /home/ubuntu/ATLAS/external/jdk/jdk1.6/bin/javac to provide /usr/bin/javac (javac) in manual mode
There are 5 choices for the alternative java (providing /usr/bin/java).

  Selection    Path                                               Priority   Status
------------------------------------------------------------
  0            /usr/lib/jvm/java-8-openjdk-amd64/jre/bin/java      1081      auto mode
  1            /home/ubuntu/ATLAS/external/jdk/j2sdk1.4/bin/java   1         manual mode
  2            /home/ubuntu/ATLAS/external/jdk/jdk1.5/bin/java     1         manual mode
  3            /home/ubuntu/ATLAS/external/jdk/jdk1.6/bin/java     1         manual mode
* 4            /usr/lib/jvm/java-7-openjdk-amd64/jre/bin/java      1071      manual mode
  5            /usr/lib/jvm/java-8-openjdk-amd64/jre/bin/java      1081      manual mode

Press <enter> to keep the current choice[*], or type selection number: update-alternatives: using /home/ubuntu/ATLAS/external/jdk/jdk1.6/bin/java to provide /usr/bin/java (java) in manual mode
Compile google-auto 322588e0f2f8db805b29677386d91e64e9a45387:
mvn -f value/pom.xml clean compile -DskipTests=true -Dcheckstyle.skip=true || (sed -i -- 's/<dependencies>/<dependencies><dependency><groupId>com.google.auto<\/groupId><artifactId>auto-common<\/artifactId><version>1.0-SNAPSHOT<\/version><\/dependency>/g' value/pom.xml ; sed -i -- 's/.6-SNAPSHOT/.6/g' value/pom.xml ; mvn -f value/pom.xml clean compile -DskipTests=true -Dcheckstyle.skip=true)
0.440s delay before adding the failure to the log file
There are 5 choices for the alternative javac (providing /usr/bin/javac).

  Selection    Path                                                Priority   Status
------------------------------------------------------------
  0            /usr/lib/jvm/java-8-openjdk-amd64/bin/javac          1081      auto mode
  1            /home/ubuntu/ATLAS/external/jdk/j2sdk1.4/bin/javac   1         manual mode
  2            /home/ubuntu/ATLAS/external/jdk/jdk1.5/bin/javac     1         manual mode
* 3            /home/ubuntu/ATLAS/external/jdk/jdk1.6/bin/javac     1         manual mode
  4            /usr/lib/jvm/java-7-openjdk-amd64/bin/javac          1071      manual mode
  5            /usr/lib/jvm/java-8-openjdk-amd64/bin/javac          1081      manual mode

Press <enter> to keep the current choice[*], or type selection number: update-alternatives: using /usr/lib/jvm/java-8-openjdk-amd64/bin/javac to provide /usr/bin/javac (javac) in auto mode
There are 5 choices for the alternative java (providing /usr/bin/java).

  Selection    Path                                               Priority   Status
------------------------------------------------------------
  0            /usr/lib/jvm/java-8-openjdk-amd64/jre/bin/java      1081      auto mode
  1            /home/ubuntu/ATLAS/external/jdk/j2sdk1.4/bin/java   1         manual mode
  2            /home/ubuntu/ATLAS/external/jdk/jdk1.5/bin/java     1         manual mode
* 3            /home/ubuntu/ATLAS/external/jdk/jdk1.6/bin/java     1         manual mode
  4            /usr/lib/jvm/java-7-openjdk-amd64/jre/bin/java      1071      manual mode
  5            /usr/lib/jvm/java-8-openjdk-amd64/jre/bin/java      1081      manual mode

Press <enter> to keep the current choice[*], or type selection number: update-alternatives: using /usr/lib/jvm/java-8-openjdk-amd64/jre/bin/java to provide /usr/bin/java (java) in auto mode
