There are 5 choices for the alternative javac (providing /usr/bin/javac).

  Selection    Path                                                Priority   Status
------------------------------------------------------------
* 0            /usr/lib/jvm/java-8-openjdk-amd64/bin/javac          1081      auto mode
  1            /home/ubuntu/ATLAS/external/jdk/j2sdk1.4/bin/javac   1         manual mode
  2            /home/ubuntu/ATLAS/external/jdk/jdk1.5/bin/javac     1         manual mode
  3            /home/ubuntu/ATLAS/external/jdk/jdk1.6/bin/javac     1         manual mode
  4            /usr/lib/jvm/java-7-openjdk-amd64/bin/javac          1071      manual mode
  5            /usr/lib/jvm/java-8-openjdk-amd64/bin/javac          1081      manual mode

Press <enter> to keep the current choice[*], or type selection number: There are 5 choices for the alternative java (providing /usr/bin/java).

  Selection    Path                                               Priority   Status
------------------------------------------------------------
* 0            /usr/lib/jvm/java-8-openjdk-amd64/jre/bin/java      1081      auto mode
  1            /home/ubuntu/ATLAS/external/jdk/j2sdk1.4/bin/java   1         manual mode
  2            /home/ubuntu/ATLAS/external/jdk/jdk1.5/bin/java     1         manual mode
  3            /home/ubuntu/ATLAS/external/jdk/jdk1.6/bin/java     1         manual mode
  4            /usr/lib/jvm/java-7-openjdk-amd64/jre/bin/java      1071      manual mode
  5            /usr/lib/jvm/java-8-openjdk-amd64/jre/bin/java      1081      manual mode

Press <enter> to keep the current choice[*], or type selection number: There are 5 choices for the alternative javac (providing /usr/bin/javac).

  Selection    Path                                                Priority   Status
------------------------------------------------------------
* 0            /usr/lib/jvm/java-8-openjdk-amd64/bin/javac          1081      auto mode
  1            /home/ubuntu/ATLAS/external/jdk/j2sdk1.4/bin/javac   1         manual mode
  2            /home/ubuntu/ATLAS/external/jdk/jdk1.5/bin/javac     1         manual mode
  3            /home/ubuntu/ATLAS/external/jdk/jdk1.6/bin/javac     1         manual mode
  4            /usr/lib/jvm/java-7-openjdk-amd64/bin/javac          1071      manual mode
  5            /usr/lib/jvm/java-8-openjdk-amd64/bin/javac          1081      manual mode

Press <enter> to keep the current choice[*], or type selection number: There are 5 choices for the alternative javac (providing /usr/bin/javac).

  Selection    Path                                                Priority   Status
------------------------------------------------------------
* 0            /usr/lib/jvm/java-8-openjdk-amd64/bin/javac          1081      auto mode
  1            /home/ubuntu/ATLAS/external/jdk/j2sdk1.4/bin/javac   1         manual mode
  2            /home/ubuntu/ATLAS/external/jdk/jdk1.5/bin/javac     1         manual mode
  3            /home/ubuntu/ATLAS/external/jdk/jdk1.6/bin/javac     1         manual mode
  4            /usr/lib/jvm/java-7-openjdk-amd64/bin/javac          1071      manual mode
  5            /usr/lib/jvm/java-8-openjdk-amd64/bin/javac          1081      manual mode

Press <enter> to keep the current choice[*], or type selection number: There are 5 choices for the alternative java (providing /usr/bin/java).

  Selection    Path                                               Priority   Status
------------------------------------------------------------
* 0            /usr/lib/jvm/java-8-openjdk-amd64/jre/bin/java      1081      auto mode
  1            /home/ubuntu/ATLAS/external/jdk/j2sdk1.4/bin/java   1         manual mode
  2            /home/ubuntu/ATLAS/external/jdk/jdk1.5/bin/java     1         manual mode
  3            /home/ubuntu/ATLAS/external/jdk/jdk1.6/bin/java     1         manual mode
  4            /usr/lib/jvm/java-7-openjdk-amd64/jre/bin/java      1071      manual mode
  5            /usr/lib/jvm/java-8-openjdk-amd64/jre/bin/java      1081      manual mode

Press <enter> to keep the current choice[*], or type selection number: There are 5 choices for the alternative java (providing /usr/bin/java).

  Selection    Path                                               Priority   Status
------------------------------------------------------------
* 0            /usr/lib/jvm/java-8-openjdk-amd64/jre/bin/java      1081      auto mode
  1            /home/ubuntu/ATLAS/external/jdk/j2sdk1.4/bin/java   1         manual mode
  2            /home/ubuntu/ATLAS/external/jdk/jdk1.5/bin/java     1         manual mode
  3            /home/ubuntu/ATLAS/external/jdk/jdk1.6/bin/java     1         manual mode
  4            /usr/lib/jvm/java-7-openjdk-amd64/jre/bin/java      1071      manual mode
  5            /usr/lib/jvm/java-8-openjdk-amd64/jre/bin/java      1081      manual mode

Press <enter> to keep the current choice[*], or type selection number: Compile apache-tiles 4fb4090dcb125facde60212c74f22d4a8134700c:
[INFO] Scanning for projects...
[WARNING] 
[WARNING] Some problems were encountered while building the effective model for org.apache.tiles:tiles-api:jar:2.1.0-SNAPSHOT
[WARNING] The expression ${pom.version} is deprecated. Please use ${project.version} instead.
[WARNING] The expression ${pom.version} is deprecated. Please use ${project.version} instead.
[WARNING] 
[WARNING] Some problems were encountered while building the effective model for org.apache.tiles:tiles-core:jar:2.1.0-SNAPSHOT
[WARNING] 'build.plugins.plugin.version' for org.apache.maven.plugins:maven-jar-plugin is missing. @ org.apache.tiles:tiles-core:[unknown-version], /home/ubuntu/ATLAS/apps/apache-tiles/download/4fb4090dcb125facde60212c74f22d4a8134700c/tiles-core/pom.xml, line 68, column 15
[WARNING] The expression ${pom.version} is deprecated. Please use ${project.version} instead.
[WARNING] The expression ${pom.version} is deprecated. Please use ${project.version} instead.
[WARNING] The expression ${pom.version} is deprecated. Please use ${project.version} instead.
[WARNING] 
[WARNING] Some problems were encountered while building the effective model for org.apache.tiles:tiles-jsp:jar:2.1.0-SNAPSHOT
[WARNING] 'build.plugins.plugin.version' for org.apache.maven.plugins:maven-jar-plugin is missing. @ org.apache.tiles:tiles-jsp:[unknown-version], /home/ubuntu/ATLAS/apps/apache-tiles/download/4fb4090dcb125facde60212c74f22d4a8134700c/tiles-jsp/pom.xml, line 68, column 15
[WARNING] The expression ${pom.version} is deprecated. Please use ${project.version} instead.
[WARNING] The expression ${pom.version} is deprecated. Please use ${project.version} instead.
[WARNING] The expression ${pom.version} is deprecated. Please use ${project.version} instead.
[WARNING] 
[WARNING] Some problems were encountered while building the effective model for org.apache.tiles:tiles-compat:jar:2.1.0-SNAPSHOT
[WARNING] 'build.plugins.plugin.version' for org.apache.maven.plugins:maven-jar-plugin is missing. @ org.apache.tiles:tiles-compat:[unknown-version], /home/ubuntu/ATLAS/apps/apache-tiles/download/4fb4090dcb125facde60212c74f22d4a8134700c/tiles-compat/pom.xml, line 68, column 15
[WARNING] The expression ${pom.version} is deprecated. Please use ${project.version} instead.
[WARNING] The expression ${pom.version} is deprecated. Please use ${project.version} instead.
[WARNING] The expression ${pom.version} is deprecated. Please use ${project.version} instead.
[WARNING] The expression ${pom.version} is deprecated. Please use ${project.version} instead.
[WARNING] 
[WARNING] Some problems were encountered while building the effective model for org.apache.tiles:tiles-test:war:2.1.0-SNAPSHOT
[WARNING] 'build.plugins.plugin.version' for org.codehaus.cargo:cargo-maven2-plugin is missing. @ org.apache.tiles:tiles-test:[unknown-version], /home/ubuntu/ATLAS/apps/apache-tiles/download/4fb4090dcb125facde60212c74f22d4a8134700c/tiles-test/pom.xml, line 105, column 20
[WARNING] The expression ${pom.artifactId} is deprecated. Please use ${project.artifactId} instead.
[WARNING] The expression ${pom.groupId} is deprecated. Please use ${project.groupId} instead.
[WARNING] The expression ${pom.version} is deprecated. Please use ${project.version} instead.
[WARNING] The expression ${pom.groupId} is deprecated. Please use ${project.groupId} instead.
[WARNING] The expression ${pom.groupId} is deprecated. Please use ${project.groupId} instead.
[WARNING] The expression ${pom.version} is deprecated. Please use ${project.version} instead.
[WARNING] The expression ${pom.groupId} is deprecated. Please use ${project.groupId} instead.
[WARNING] The expression ${pom.version} is deprecated. Please use ${project.version} instead.
[WARNING] The expression ${pom.version} is deprecated. Please use ${project.version} instead.
[WARNING] The expression ${artifactId} is deprecated. Please use ${project.artifactId} instead.
[WARNING] The expression ${artifactId} is deprecated. Please use ${project.artifactId} instead.
[WARNING] 
[WARNING] Some problems were encountered while building the effective model for org.apache.tiles:tiles-assembly:pom:2.1.0-SNAPSHOT
[WARNING] The expression ${pom.version} is deprecated. Please use ${project.version} instead.
[WARNING] The expression ${pom.version} is deprecated. Please use ${project.version} instead.
[WARNING] The expression ${pom.version} is deprecated. Please use ${project.version} instead.
[WARNING] The expression ${pom.version} is deprecated. Please use ${project.version} instead.
[WARNING] The expression ${pom.version} is deprecated. Please use ${project.version} instead.
[WARNING] The expression ${pom.version} is deprecated. Please use ${project.version} instead.
[WARNING] The expression ${pom.version} is deprecated. Please use ${project.version} instead.
[WARNING] The expression ${pom.version} is deprecated. Please use ${project.version} instead.
[WARNING] The expression ${pom.version} is deprecated. Please use ${project.version} instead.
[WARNING] The expression ${version} is deprecated. Please use ${project.version} instead.
[WARNING] 
[WARNING] Some problems were encountered while building the effective model for org.apache.tiles:tiles-parent:pom:2.1.0-SNAPSHOT
[WARNING] The expression ${pom.version} is deprecated. Please use ${project.version} instead.
[WARNING] The expression ${pom.version} is deprecated. Please use ${project.version} instead.
[WARNING] 
[WARNING] It is highly recommended to fix these problems because they threaten the stability of your build.
[WARNING] 
[WARNING] For this reason, future Maven versions might no longer support building such malformed projects.
[WARNING] 
[INFO] ------------------------------------------------------------------------
[INFO] Reactor Build Order:
[INFO] 
[INFO] Tiles 2
[INFO] Tiles - API
[INFO] Tiles - Core Library
[INFO]                                                                         
[INFO] ------------------------------------------------------------------------
[INFO] Building Tiles 2 2.1.0-SNAPSHOT
[INFO] ------------------------------------------------------------------------
[INFO] 
[INFO] --- maven-clean-plugin:2.5:clean (default-clean) @ tiles-parent ---
[INFO]                                                                         
[INFO] ------------------------------------------------------------------------
[INFO] Building Tiles - API 2.1.0-SNAPSHOT
[INFO] ------------------------------------------------------------------------
[INFO] 
[INFO] --- maven-clean-plugin:2.5:clean (default-clean) @ tiles-api ---
[INFO] 
[INFO] --- maven-resources-plugin:2.6:resources (default-resources) @ tiles-api ---
[WARNING] Using platform encoding (UTF-8 actually) to copy filtered resources, i.e. build is platform dependent!
[INFO] Copying 0 resource
[INFO] Copying 2 resources to META-INF
[INFO] 
[INFO] --- maven-compiler-plugin:3.2:compile (default-compile) @ tiles-api ---
[INFO] Changes detected - recompiling the module!
[WARNING] File encoding has not been set, using platform encoding UTF-8, i.e. build is platform dependent!
[INFO] Compiling 10 source files to /home/ubuntu/ATLAS/apps/apache-tiles/download/4fb4090dcb125facde60212c74f22d4a8134700c/tiles-api/target/classes
[INFO] /home/ubuntu/ATLAS/apps/apache-tiles/download/4fb4090dcb125facde60212c74f22d4a8134700c/tiles-api/src/main/java/org/apache/tiles/BasicAttributeContext.java: /home/ubuntu/ATLAS/apps/apache-tiles/download/4fb4090dcb125facde60212c74f22d4a8134700c/tiles-api/src/main/java/org/apache/tiles/BasicAttributeContext.java uses or overrides a deprecated API.
[INFO] /home/ubuntu/ATLAS/apps/apache-tiles/download/4fb4090dcb125facde60212c74f22d4a8134700c/tiles-api/src/main/java/org/apache/tiles/BasicAttributeContext.java: Recompile with -Xlint:deprecation for details.
[INFO]                                                                         
[INFO] ------------------------------------------------------------------------
[INFO] Building Tiles - Core Library 2.1.0-SNAPSHOT
[INFO] ------------------------------------------------------------------------
Downloading: http://dtddoc.sf.net/maven2/de/odysseus/juel/juel/2.1.0/juel-2.1.0.pom
Downloading: http://people.apache.org/repo/m2-snapshot-repository/de/odysseus/juel/juel/2.1.0/juel-2.1.0.pom
Downloading: http://people.apache.org/builds/tiles/2.1.0-SNAPSHOT/m2-staging-repository/de/odysseus/juel/juel/2.1.0/juel-2.1.0.pom
Downloading: https://repo.maven.apache.org/maven2/de/odysseus/juel/juel/2.1.0/juel-2.1.0.pom
3/6 KB   5/6 KB   6/6 KB            Downloaded: https://repo.maven.apache.org/maven2/de/odysseus/juel/juel/2.1.0/juel-2.1.0.pom (6 KB at 17.8 KB/sec)
Downloading: http://dtddoc.sf.net/maven2/de/odysseus/juel/juel/2.1.0/juel-2.1.0.jar
         Downloading: http://people.apache.org/repo/m2-snapshot-repository/de/odysseus/juel/juel/2.1.0/juel-2.1.0.jar
         Downloading: http://people.apache.org/builds/tiles/2.1.0-SNAPSHOT/m2-staging-repository/de/odysseus/juel/juel/2.1.0/juel-2.1.0.jar
         Downloading: https://repo.maven.apache.org/maven2/de/odysseus/juel/juel/2.1.0/juel-2.1.0.jar
3/118 KB   5/118 KB   8/118 KB   11/118 KB   13/118 KB   16/118 KB   19/118 KB   21/118 KB   24/118 KB   27/118 KB   29/118 KB   32/118 KB   36/118 KB   40/118 KB   44/118 KB   48/118 KB   52/118 KB   56/118 KB   60/118 KB   64/118 KB   68/118 KB   72/118 KB   76/118 KB   80/118 KB   84/118 KB   88/118 KB   92/118 KB   96/118 KB   100/118 KB   104/118 KB   108/118 KB   112/118 KB   116/118 KB   118/118 KB                Downloaded: https://repo.maven.apache.org/maven2/de/odysseus/juel/juel/2.1.0/juel-2.1.0.jar (118 KB at 1025.0 KB/sec)
[INFO] 
[INFO] --- maven-clean-plugin:2.5:clean (default-clean) @ tiles-core ---
[INFO] 
[INFO] --- maven-resources-plugin:2.6:resources (default-resources) @ tiles-core ---
[WARNING] Using platform encoding (UTF-8 actually) to copy filtered resources, i.e. build is platform dependent!
[INFO] Copying 2 resources
[INFO] Copying 2 resources to META-INF
[INFO] 
[INFO] --- maven-compiler-plugin:3.2:compile (default-compile) @ tiles-core ---
[INFO] Changes detected - recompiling the module!
[WARNING] File encoding has not been set, using platform encoding UTF-8, i.e. build is platform dependent!
[INFO] Compiling 89 source files to /home/ubuntu/ATLAS/apps/apache-tiles/download/4fb4090dcb125facde60212c74f22d4a8134700c/tiles-core/target/classes
[INFO] -------------------------------------------------------------
[ERROR] COMPILATION ERROR : 
[INFO] -------------------------------------------------------------
[ERROR] /home/ubuntu/ATLAS/apps/apache-tiles/download/4fb4090dcb125facde60212c74f22d4a8134700c/tiles-core/src/main/java/org/apache/tiles/evaluator/el/ELAttributeEvaluator.java:[34,34] cannot find symbol
  symbol:   class TilesApplicationContextAware
  location: package org.apache.tiles.awareness
[ERROR] /home/ubuntu/ATLAS/apps/apache-tiles/download/4fb4090dcb125facde60212c74f22d4a8134700c/tiles-core/src/main/java/org/apache/tiles/evaluator/el/ELAttributeEvaluator.java:[52,9] cannot find symbol
  symbol: class TilesApplicationContextAware
[INFO] 2 errors 
[INFO] -------------------------------------------------------------
[INFO] ------------------------------------------------------------------------
[INFO] Reactor Summary:
[INFO] 
[INFO] Tiles 2 ............................................ SUCCESS [  0.241 s]
[INFO] Tiles - API ........................................ SUCCESS [  1.214 s]
[INFO] Tiles - Core Library ............................... FAILURE [  3.714 s]
[INFO] ------------------------------------------------------------------------
[INFO] BUILD FAILURE
[INFO] ------------------------------------------------------------------------
[INFO] Total time: 5.480 s
[INFO] Finished at: 2019-12-04T09:33:21+00:00
[INFO] Final Memory: 23M/263M
[INFO] ------------------------------------------------------------------------
[ERROR] Failed to execute goal org.apache.maven.plugins:maven-compiler-plugin:3.2:compile (default-compile) on project tiles-core: Compilation failure: Compilation failure:
[ERROR] /home/ubuntu/ATLAS/apps/apache-tiles/download/4fb4090dcb125facde60212c74f22d4a8134700c/tiles-core/src/main/java/org/apache/tiles/evaluator/el/ELAttributeEvaluator.java:[34,34] cannot find symbol
[ERROR] symbol:   class TilesApplicationContextAware
[ERROR] location: package org.apache.tiles.awareness
[ERROR] /home/ubuntu/ATLAS/apps/apache-tiles/download/4fb4090dcb125facde60212c74f22d4a8134700c/tiles-core/src/main/java/org/apache/tiles/evaluator/el/ELAttributeEvaluator.java:[52,9] cannot find symbol
[ERROR] symbol: class TilesApplicationContextAware
[ERROR] -> [Help 1]
[ERROR] 
[ERROR] To see the full stack trace of the errors, re-run Maven with the -e switch.
[ERROR] Re-run Maven using the -X switch to enable full debug logging.
[ERROR] 
[ERROR] For more information about the errors and possible solutions, please read the following articles:
[ERROR] [Help 1] http://cwiki.apache.org/confluence/display/MAVEN/MojoFailureException
[ERROR] 
[ERROR] After correcting the problems, you can resume the build with the command
[ERROR]   mvn <goals> -rf :tiles-core
[INFO] Scanning for projects...
[WARNING] 
[WARNING] Some problems were encountered while building the effective model for org.apache.tiles:tiles-api:jar:2.1.0-SNAPSHOT
[WARNING] The expression ${pom.version} is deprecated. Please use ${project.version} instead.
[WARNING] The expression ${pom.version} is deprecated. Please use ${project.version} instead.
[WARNING] 
[WARNING] Some problems were encountered while building the effective model for org.apache.tiles:tiles-core:jar:2.1.0-SNAPSHOT
[WARNING] 'build.plugins.plugin.version' for org.apache.maven.plugins:maven-jar-plugin is missing. @ org.apache.tiles:tiles-core:[unknown-version], /home/ubuntu/ATLAS/apps/apache-tiles/download/4fb4090dcb125facde60212c74f22d4a8134700c/tiles-core/pom.xml, line 68, column 15
[WARNING] The expression ${pom.version} is deprecated. Please use ${project.version} instead.
[WARNING] The expression ${pom.version} is deprecated. Please use ${project.version} instead.
[WARNING] The expression ${pom.version} is deprecated. Please use ${project.version} instead.
[WARNING] 
[WARNING] Some problems were encountered while building the effective model for org.apache.tiles:tiles-jsp:jar:2.1.0-SNAPSHOT
[WARNING] 'build.plugins.plugin.version' for org.apache.maven.plugins:maven-jar-plugin is missing. @ org.apache.tiles:tiles-jsp:[unknown-version], /home/ubuntu/ATLAS/apps/apache-tiles/download/4fb4090dcb125facde60212c74f22d4a8134700c/tiles-jsp/pom.xml, line 68, column 15
[WARNING] The expression ${pom.version} is deprecated. Please use ${project.version} instead.
[WARNING] The expression ${pom.version} is deprecated. Please use ${project.version} instead.
[WARNING] The expression ${pom.version} is deprecated. Please use ${project.version} instead.
[WARNING] 
[WARNING] Some problems were encountered while building the effective model for org.apache.tiles:tiles-compat:jar:2.1.0-SNAPSHOT
[WARNING] 'build.plugins.plugin.version' for org.apache.maven.plugins:maven-jar-plugin is missing. @ org.apache.tiles:tiles-compat:[unknown-version], /home/ubuntu/ATLAS/apps/apache-tiles/download/4fb4090dcb125facde60212c74f22d4a8134700c/tiles-compat/pom.xml, line 68, column 15
[WARNING] The expression ${pom.version} is deprecated. Please use ${project.version} instead.
[WARNING] The expression ${pom.version} is deprecated. Please use ${project.version} instead.
[WARNING] The expression ${pom.version} is deprecated. Please use ${project.version} instead.
[WARNING] The expression ${pom.version} is deprecated. Please use ${project.version} instead.
[WARNING] 
[WARNING] Some problems were encountered while building the effective model for org.apache.tiles:tiles-test:war:2.1.0-SNAPSHOT
[WARNING] 'build.plugins.plugin.version' for org.codehaus.cargo:cargo-maven2-plugin is missing. @ org.apache.tiles:tiles-test:[unknown-version], /home/ubuntu/ATLAS/apps/apache-tiles/download/4fb4090dcb125facde60212c74f22d4a8134700c/tiles-test/pom.xml, line 105, column 20
[WARNING] The expression ${pom.artifactId} is deprecated. Please use ${project.artifactId} instead.
[WARNING] The expression ${pom.groupId} is deprecated. Please use ${project.groupId} instead.
[WARNING] The expression ${pom.version} is deprecated. Please use ${project.version} instead.
[WARNING] The expression ${pom.groupId} is deprecated. Please use ${project.groupId} instead.
[WARNING] The expression ${pom.groupId} is deprecated. Please use ${project.groupId} instead.
[WARNING] The expression ${pom.version} is deprecated. Please use ${project.version} instead.
[WARNING] The expression ${pom.groupId} is deprecated. Please use ${project.groupId} instead.
[WARNING] The expression ${pom.version} is deprecated. Please use ${project.version} instead.
[WARNING] The expression ${pom.version} is deprecated. Please use ${project.version} instead.
[WARNING] The expression ${artifactId} is deprecated. Please use ${project.artifactId} instead.
[WARNING] The expression ${artifactId} is deprecated. Please use ${project.artifactId} instead.
[WARNING] 
[WARNING] Some problems were encountered while building the effective model for org.apache.tiles:tiles-assembly:pom:2.1.0-SNAPSHOT
[WARNING] The expression ${pom.version} is deprecated. Please use ${project.version} instead.
[WARNING] The expression ${pom.version} is deprecated. Please use ${project.version} instead.
[WARNING] The expression ${pom.version} is deprecated. Please use ${project.version} instead.
[WARNING] The expression ${pom.version} is deprecated. Please use ${project.version} instead.
[WARNING] The expression ${pom.version} is deprecated. Please use ${project.version} instead.
[WARNING] The expression ${pom.version} is deprecated. Please use ${project.version} instead.
[WARNING] The expression ${pom.version} is deprecated. Please use ${project.version} instead.
[WARNING] The expression ${pom.version} is deprecated. Please use ${project.version} instead.
[WARNING] The expression ${pom.version} is deprecated. Please use ${project.version} instead.
[WARNING] The expression ${version} is deprecated. Please use ${project.version} instead.
[WARNING] 
[WARNING] Some problems were encountered while building the effective model for org.apache.tiles:tiles-parent:pom:2.1.0-SNAPSHOT
[WARNING] The expression ${pom.version} is deprecated. Please use ${project.version} instead.
[WARNING] The expression ${pom.version} is deprecated. Please use ${project.version} instead.
[WARNING] 
[WARNING] It is highly recommended to fix these problems because they threaten the stability of your build.
[WARNING] 
[WARNING] For this reason, future Maven versions might no longer support building such malformed projects.
[WARNING] 
[INFO] ------------------------------------------------------------------------
[INFO] Reactor Build Order:
[INFO] 
[INFO] Tiles 2
[INFO] Tiles - API
[INFO] Tiles - Core Library
[INFO]                                                                         
[INFO] ------------------------------------------------------------------------
[INFO] Building Tiles 2 2.1.0-SNAPSHOT
[INFO] ------------------------------------------------------------------------
[INFO] 
[INFO] --- maven-clean-plugin:2.5:clean (default-clean) @ tiles-parent ---
[INFO] 
[INFO] --- maven-install-plugin:2.5.2:install (default-install) @ tiles-parent ---
[INFO] Installing /home/ubuntu/ATLAS/apps/apache-tiles/download/4fb4090dcb125facde60212c74f22d4a8134700c/pom.xml to /home/ubuntu/.m2/repository/org/apache/tiles/tiles-parent/2.1.0-SNAPSHOT/tiles-parent-2.1.0-SNAPSHOT.pom
[INFO]                                                                         
[INFO] ------------------------------------------------------------------------
[INFO] Building Tiles - API 2.1.0-SNAPSHOT
[INFO] ------------------------------------------------------------------------
[INFO] 
[INFO] --- maven-clean-plugin:2.5:clean (default-clean) @ tiles-api ---
[INFO] Deleting /home/ubuntu/ATLAS/apps/apache-tiles/download/4fb4090dcb125facde60212c74f22d4a8134700c/tiles-api/target
[INFO] 
[INFO] --- maven-resources-plugin:2.6:resources (default-resources) @ tiles-api ---
[WARNING] Using platform encoding (UTF-8 actually) to copy filtered resources, i.e. build is platform dependent!
[INFO] Copying 0 resource
[INFO] Copying 2 resources to META-INF
[INFO] 
[INFO] --- maven-compiler-plugin:3.2:compile (default-compile) @ tiles-api ---
[INFO] Changes detected - recompiling the module!
[WARNING] File encoding has not been set, using platform encoding UTF-8, i.e. build is platform dependent!
[INFO] Compiling 10 source files to /home/ubuntu/ATLAS/apps/apache-tiles/download/4fb4090dcb125facde60212c74f22d4a8134700c/tiles-api/target/classes
[INFO] /home/ubuntu/ATLAS/apps/apache-tiles/download/4fb4090dcb125facde60212c74f22d4a8134700c/tiles-api/src/main/java/org/apache/tiles/BasicAttributeContext.java: /home/ubuntu/ATLAS/apps/apache-tiles/download/4fb4090dcb125facde60212c74f22d4a8134700c/tiles-api/src/main/java/org/apache/tiles/BasicAttributeContext.java uses or overrides a deprecated API.
[INFO] /home/ubuntu/ATLAS/apps/apache-tiles/download/4fb4090dcb125facde60212c74f22d4a8134700c/tiles-api/src/main/java/org/apache/tiles/BasicAttributeContext.java: Recompile with -Xlint:deprecation for details.
[INFO] 
[INFO] --- maven-resources-plugin:2.6:testResources (default-testResources) @ tiles-api ---
[INFO] Not copying test resources
[INFO] 
[INFO] --- maven-compiler-plugin:3.2:testCompile (default-testCompile) @ tiles-api ---
[INFO] Not compiling test sources
[INFO] 
[INFO] --- maven-surefire-plugin:2.17:test (default-test) @ tiles-api ---
[INFO] Tests are skipped.
[INFO] 
[INFO] --- maven-jar-plugin:2.4:jar (default-jar) @ tiles-api ---
[INFO] Building jar: /home/ubuntu/ATLAS/apps/apache-tiles/download/4fb4090dcb125facde60212c74f22d4a8134700c/tiles-api/target/tiles-api-2.1.0-SNAPSHOT.jar
[INFO] 
[INFO] --- maven-install-plugin:2.5.2:install (default-install) @ tiles-api ---
[INFO] Installing /home/ubuntu/ATLAS/apps/apache-tiles/download/4fb4090dcb125facde60212c74f22d4a8134700c/tiles-api/target/tiles-api-2.1.0-SNAPSHOT.jar to /home/ubuntu/.m2/repository/org/apache/tiles/tiles-api/2.1.0-SNAPSHOT/tiles-api-2.1.0-SNAPSHOT.jar
[INFO] Installing /home/ubuntu/ATLAS/apps/apache-tiles/download/4fb4090dcb125facde60212c74f22d4a8134700c/tiles-api/pom.xml to /home/ubuntu/.m2/repository/org/apache/tiles/tiles-api/2.1.0-SNAPSHOT/tiles-api-2.1.0-SNAPSHOT.pom
[INFO]                                                                         
[INFO] ------------------------------------------------------------------------
[INFO] Building Tiles - Core Library 2.1.0-SNAPSHOT
[INFO] ------------------------------------------------------------------------
[INFO] 
[INFO] --- maven-clean-plugin:2.5:clean (default-clean) @ tiles-core ---
[INFO] Deleting /home/ubuntu/ATLAS/apps/apache-tiles/download/4fb4090dcb125facde60212c74f22d4a8134700c/tiles-core/target
[INFO] 
[INFO] --- maven-resources-plugin:2.6:resources (default-resources) @ tiles-core ---
[WARNING] Using platform encoding (UTF-8 actually) to copy filtered resources, i.e. build is platform dependent!
[INFO] Copying 2 resources
[INFO] Copying 2 resources to META-INF
[INFO] 
[INFO] --- maven-compiler-plugin:3.2:compile (default-compile) @ tiles-core ---
[INFO] Changes detected - recompiling the module!
[WARNING] File encoding has not been set, using platform encoding UTF-8, i.e. build is platform dependent!
[INFO] Compiling 89 source files to /home/ubuntu/ATLAS/apps/apache-tiles/download/4fb4090dcb125facde60212c74f22d4a8134700c/tiles-core/target/classes
[INFO] -------------------------------------------------------------
[ERROR] COMPILATION ERROR : 
[INFO] -------------------------------------------------------------
[ERROR] /home/ubuntu/ATLAS/apps/apache-tiles/download/4fb4090dcb125facde60212c74f22d4a8134700c/tiles-core/src/main/java/org/apache/tiles/evaluator/el/ELAttributeEvaluator.java:[34,34] cannot find symbol
  symbol:   class TilesApplicationContextAware
  location: package org.apache.tiles.awareness
[ERROR] /home/ubuntu/ATLAS/apps/apache-tiles/download/4fb4090dcb125facde60212c74f22d4a8134700c/tiles-core/src/main/java/org/apache/tiles/evaluator/el/ELAttributeEvaluator.java:[52,9] cannot find symbol
  symbol: class TilesApplicationContextAware
[INFO] 2 errors 
[INFO] -------------------------------------------------------------
[INFO] ------------------------------------------------------------------------
[INFO] Reactor Summary:
[INFO] 
[INFO] Tiles 2 ............................................ SUCCESS [  0.408 s]
[INFO] Tiles - API ........................................ SUCCESS [  1.527 s]
[INFO] Tiles - Core Library ............................... FAILURE [  0.898 s]
[INFO] ------------------------------------------------------------------------
[INFO] BUILD FAILURE
[INFO] ------------------------------------------------------------------------
[INFO] Total time: 3.113 s
[INFO] Finished at: 2019-12-04T09:33:26+00:00
[INFO] Final Memory: 21M/258M
[INFO] ------------------------------------------------------------------------
[ERROR] Failed to execute goal org.apache.maven.plugins:maven-compiler-plugin:3.2:compile (default-compile) on project tiles-core: Compilation failure: Compilation failure:
[ERROR] /home/ubuntu/ATLAS/apps/apache-tiles/download/4fb4090dcb125facde60212c74f22d4a8134700c/tiles-core/src/main/java/org/apache/tiles/evaluator/el/ELAttributeEvaluator.java:[34,34] cannot find symbol
[ERROR] symbol:   class TilesApplicationContextAware
[ERROR] location: package org.apache.tiles.awareness
[ERROR] /home/ubuntu/ATLAS/apps/apache-tiles/download/4fb4090dcb125facde60212c74f22d4a8134700c/tiles-core/src/main/java/org/apache/tiles/evaluator/el/ELAttributeEvaluator.java:[52,9] cannot find symbol
[ERROR] symbol: class TilesApplicationContextAware
[ERROR] -> [Help 1]
[ERROR] 
[ERROR] To see the full stack trace of the errors, re-run Maven with the -e switch.
[ERROR] Re-run Maven using the -X switch to enable full debug logging.
[ERROR] 
[ERROR] For more information about the errors and possible solutions, please read the following articles:
[ERROR] [Help 1] http://cwiki.apache.org/confluence/display/MAVEN/MojoFailureException
[ERROR] 
[ERROR] After correcting the problems, you can resume the build with the command
[ERROR]   mvn <goals> -rf :tiles-core
[INFO] Scanning for projects...
[WARNING] 
[WARNING] Some problems were encountered while building the effective model for org.apache.tiles:tiles-api:jar:2.1.0-SNAPSHOT
[WARNING] The expression ${pom.version} is deprecated. Please use ${project.version} instead.
[WARNING] The expression ${pom.version} is deprecated. Please use ${project.version} instead.
[WARNING] 
[WARNING] Some problems were encountered while building the effective model for org.apache.tiles:tiles-core:jar:2.1.0-SNAPSHOT
[WARNING] 'build.plugins.plugin.version' for org.apache.maven.plugins:maven-jar-plugin is missing. @ org.apache.tiles:tiles-core:[unknown-version], /home/ubuntu/ATLAS/apps/apache-tiles/download/4fb4090dcb125facde60212c74f22d4a8134700c/tiles-core/pom.xml, line 68, column 15
[WARNING] The expression ${pom.version} is deprecated. Please use ${project.version} instead.
[WARNING] The expression ${pom.version} is deprecated. Please use ${project.version} instead.
[WARNING] The expression ${pom.version} is deprecated. Please use ${project.version} instead.
[WARNING] 
[WARNING] Some problems were encountered while building the effective model for org.apache.tiles:tiles-jsp:jar:2.1.0-SNAPSHOT
[WARNING] 'build.plugins.plugin.version' for org.apache.maven.plugins:maven-jar-plugin is missing. @ org.apache.tiles:tiles-jsp:[unknown-version], /home/ubuntu/ATLAS/apps/apache-tiles/download/4fb4090dcb125facde60212c74f22d4a8134700c/tiles-jsp/pom.xml, line 68, column 15
[WARNING] The expression ${pom.version} is deprecated. Please use ${project.version} instead.
[WARNING] The expression ${pom.version} is deprecated. Please use ${project.version} instead.
[WARNING] The expression ${pom.version} is deprecated. Please use ${project.version} instead.
[WARNING] 
[WARNING] Some problems were encountered while building the effective model for org.apache.tiles:tiles-compat:jar:2.1.0-SNAPSHOT
[WARNING] 'build.plugins.plugin.version' for org.apache.maven.plugins:maven-jar-plugin is missing. @ org.apache.tiles:tiles-compat:[unknown-version], /home/ubuntu/ATLAS/apps/apache-tiles/download/4fb4090dcb125facde60212c74f22d4a8134700c/tiles-compat/pom.xml, line 68, column 15
[WARNING] The expression ${pom.version} is deprecated. Please use ${project.version} instead.
[WARNING] The expression ${pom.version} is deprecated. Please use ${project.version} instead.
[WARNING] The expression ${pom.version} is deprecated. Please use ${project.version} instead.
[WARNING] The expression ${pom.version} is deprecated. Please use ${project.version} instead.
[WARNING] 
[WARNING] Some problems were encountered while building the effective model for org.apache.tiles:tiles-test:war:2.1.0-SNAPSHOT
[WARNING] 'build.plugins.plugin.version' for org.codehaus.cargo:cargo-maven2-plugin is missing. @ org.apache.tiles:tiles-test:[unknown-version], /home/ubuntu/ATLAS/apps/apache-tiles/download/4fb4090dcb125facde60212c74f22d4a8134700c/tiles-test/pom.xml, line 105, column 20
[WARNING] The expression ${pom.artifactId} is deprecated. Please use ${project.artifactId} instead.
[WARNING] The expression ${pom.groupId} is deprecated. Please use ${project.groupId} instead.
[WARNING] The expression ${pom.version} is deprecated. Please use ${project.version} instead.
[WARNING] The expression ${pom.groupId} is deprecated. Please use ${project.groupId} instead.
[WARNING] The expression ${pom.groupId} is deprecated. Please use ${project.groupId} instead.
[WARNING] The expression ${pom.version} is deprecated. Please use ${project.version} instead.
[WARNING] The expression ${pom.groupId} is deprecated. Please use ${project.groupId} instead.
[WARNING] The expression ${pom.version} is deprecated. Please use ${project.version} instead.
[WARNING] The expression ${pom.version} is deprecated. Please use ${project.version} instead.
[WARNING] The expression ${artifactId} is deprecated. Please use ${project.artifactId} instead.
[WARNING] The expression ${artifactId} is deprecated. Please use ${project.artifactId} instead.
[WARNING] 
[WARNING] Some problems were encountered while building the effective model for org.apache.tiles:tiles-assembly:pom:2.1.0-SNAPSHOT
[WARNING] The expression ${pom.version} is deprecated. Please use ${project.version} instead.
[WARNING] The expression ${pom.version} is deprecated. Please use ${project.version} instead.
[WARNING] The expression ${pom.version} is deprecated. Please use ${project.version} instead.
[WARNING] The expression ${pom.version} is deprecated. Please use ${project.version} instead.
[WARNING] The expression ${pom.version} is deprecated. Please use ${project.version} instead.
[WARNING] The expression ${pom.version} is deprecated. Please use ${project.version} instead.
[WARNING] The expression ${pom.version} is deprecated. Please use ${project.version} instead.
[WARNING] The expression ${pom.version} is deprecated. Please use ${project.version} instead.
[WARNING] The expression ${pom.version} is deprecated. Please use ${project.version} instead.
[WARNING] The expression ${version} is deprecated. Please use ${project.version} instead.
[WARNING] 
[WARNING] Some problems were encountered while building the effective model for org.apache.tiles:tiles-parent:pom:2.1.0-SNAPSHOT
[WARNING] The expression ${pom.version} is deprecated. Please use ${project.version} instead.
[WARNING] The expression ${pom.version} is deprecated. Please use ${project.version} instead.
[WARNING] 
[WARNING] It is highly recommended to fix these problems because they threaten the stability of your build.
[WARNING] 
[WARNING] For this reason, future Maven versions might no longer support building such malformed projects.
[WARNING] 
[INFO] ------------------------------------------------------------------------
[INFO] Reactor Build Order:
[INFO] 
[INFO] Tiles 2
[INFO] Tiles - API
[INFO] Tiles - Core Library
[INFO]                                                                         
[INFO] ------------------------------------------------------------------------
[INFO] Building Tiles 2 2.1.0-SNAPSHOT
[INFO] ------------------------------------------------------------------------
[INFO] 
[INFO] --- maven-clean-plugin:2.5:clean (default-clean) @ tiles-parent ---
[INFO] 
[INFO] --- maven-install-plugin:2.5.2:install (default-install) @ tiles-parent ---
[INFO] Installing /home/ubuntu/ATLAS/apps/apache-tiles/download/4fb4090dcb125facde60212c74f22d4a8134700c/pom.xml to /home/ubuntu/.m2/repository/org/apache/tiles/tiles-parent/2.1.0-SNAPSHOT/tiles-parent-2.1.0-SNAPSHOT.pom
[INFO]                                                                         
[INFO] ------------------------------------------------------------------------
[INFO] Building Tiles - API 2.1.0-SNAPSHOT
[INFO] ------------------------------------------------------------------------
[INFO] 
[INFO] --- maven-clean-plugin:2.5:clean (default-clean) @ tiles-api ---
[INFO] Deleting /home/ubuntu/ATLAS/apps/apache-tiles/download/4fb4090dcb125facde60212c74f22d4a8134700c/tiles-api/target
[INFO] 
[INFO] --- maven-resources-plugin:2.6:resources (default-resources) @ tiles-api ---
[WARNING] Using platform encoding (UTF-8 actually) to copy filtered resources, i.e. build is platform dependent!
[INFO] Copying 0 resource
[INFO] Copying 2 resources to META-INF
[INFO] 
[INFO] --- maven-compiler-plugin:3.2:compile (default-compile) @ tiles-api ---
[INFO] Changes detected - recompiling the module!
[WARNING] File encoding has not been set, using platform encoding UTF-8, i.e. build is platform dependent!
[INFO] Compiling 10 source files to /home/ubuntu/ATLAS/apps/apache-tiles/download/4fb4090dcb125facde60212c74f22d4a8134700c/tiles-api/target/classes
[INFO] /home/ubuntu/ATLAS/apps/apache-tiles/download/4fb4090dcb125facde60212c74f22d4a8134700c/tiles-api/src/main/java/org/apache/tiles/BasicAttributeContext.java: /home/ubuntu/ATLAS/apps/apache-tiles/download/4fb4090dcb125facde60212c74f22d4a8134700c/tiles-api/src/main/java/org/apache/tiles/BasicAttributeContext.java uses or overrides a deprecated API.
[INFO] /home/ubuntu/ATLAS/apps/apache-tiles/download/4fb4090dcb125facde60212c74f22d4a8134700c/tiles-api/src/main/java/org/apache/tiles/BasicAttributeContext.java: Recompile with -Xlint:deprecation for details.
[INFO] 
[INFO] --- maven-resources-plugin:2.6:testResources (default-testResources) @ tiles-api ---
[INFO] Not copying test resources
[INFO] 
[INFO] --- maven-compiler-plugin:3.2:testCompile (default-testCompile) @ tiles-api ---
[INFO] Not compiling test sources
[INFO] 
[INFO] --- maven-surefire-plugin:2.17:test (default-test) @ tiles-api ---
[INFO] Tests are skipped.
[INFO] 
[INFO] --- maven-jar-plugin:2.4:jar (default-jar) @ tiles-api ---
[INFO] Building jar: /home/ubuntu/ATLAS/apps/apache-tiles/download/4fb4090dcb125facde60212c74f22d4a8134700c/tiles-api/target/tiles-api-2.1.0-SNAPSHOT.jar
[INFO] 
[INFO] --- maven-install-plugin:2.5.2:install (default-install) @ tiles-api ---
[INFO] Installing /home/ubuntu/ATLAS/apps/apache-tiles/download/4fb4090dcb125facde60212c74f22d4a8134700c/tiles-api/target/tiles-api-2.1.0-SNAPSHOT.jar to /home/ubuntu/.m2/repository/org/apache/tiles/tiles-api/2.1.0-SNAPSHOT/tiles-api-2.1.0-SNAPSHOT.jar
[INFO] Installing /home/ubuntu/ATLAS/apps/apache-tiles/download/4fb4090dcb125facde60212c74f22d4a8134700c/tiles-api/pom.xml to /home/ubuntu/.m2/repository/org/apache/tiles/tiles-api/2.1.0-SNAPSHOT/tiles-api-2.1.0-SNAPSHOT.pom
[INFO]                                                                         
[INFO] ------------------------------------------------------------------------
[INFO] Building Tiles - Core Library 2.1.0-SNAPSHOT
[INFO] ------------------------------------------------------------------------
[INFO] 
[INFO] --- maven-clean-plugin:2.5:clean (default-clean) @ tiles-core ---
[INFO] Deleting /home/ubuntu/ATLAS/apps/apache-tiles/download/4fb4090dcb125facde60212c74f22d4a8134700c/tiles-core/target
[INFO] 
[INFO] --- maven-resources-plugin:2.6:resources (default-resources) @ tiles-core ---
[WARNING] Using platform encoding (UTF-8 actually) to copy filtered resources, i.e. build is platform dependent!
[INFO] Copying 2 resources
[INFO] Copying 2 resources to META-INF
[INFO] 
[INFO] --- maven-compiler-plugin:3.2:compile (default-compile) @ tiles-core ---
[INFO] Changes detected - recompiling the module!
[WARNING] File encoding has not been set, using platform encoding UTF-8, i.e. build is platform dependent!
[INFO] Compiling 89 source files to /home/ubuntu/ATLAS/apps/apache-tiles/download/4fb4090dcb125facde60212c74f22d4a8134700c/tiles-core/target/classes
[INFO] -------------------------------------------------------------
[ERROR] COMPILATION ERROR : 
[INFO] -------------------------------------------------------------
[ERROR] /home/ubuntu/ATLAS/apps/apache-tiles/download/4fb4090dcb125facde60212c74f22d4a8134700c/tiles-core/src/main/java/org/apache/tiles/evaluator/el/ELAttributeEvaluator.java:[34,34] cannot find symbol
  symbol:   class TilesApplicationContextAware
  location: package org.apache.tiles.awareness
[ERROR] /home/ubuntu/ATLAS/apps/apache-tiles/download/4fb4090dcb125facde60212c74f22d4a8134700c/tiles-core/src/main/java/org/apache/tiles/evaluator/el/ELAttributeEvaluator.java:[52,9] cannot find symbol
  symbol: class TilesApplicationContextAware
[INFO] 2 errors 
[INFO] -------------------------------------------------------------
[INFO] ------------------------------------------------------------------------
[INFO] Reactor Summary:
[INFO] 
[INFO] Tiles 2 ............................................ SUCCESS [  0.462 s]
[INFO] Tiles - API ........................................ SUCCESS [  1.548 s]
[INFO] Tiles - Core Library ............................... FAILURE [  0.725 s]
[INFO] ------------------------------------------------------------------------
[INFO] BUILD FAILURE
[INFO] ------------------------------------------------------------------------
[INFO] Total time: 3.055 s
[INFO] Finished at: 2019-12-04T09:33:30+00:00
[INFO] Final Memory: 21M/261M
[INFO] ------------------------------------------------------------------------
[ERROR] Failed to execute goal org.apache.maven.plugins:maven-compiler-plugin:3.2:compile (default-compile) on project tiles-core: Compilation failure: Compilation failure:
[ERROR] /home/ubuntu/ATLAS/apps/apache-tiles/download/4fb4090dcb125facde60212c74f22d4a8134700c/tiles-core/src/main/java/org/apache/tiles/evaluator/el/ELAttributeEvaluator.java:[34,34] cannot find symbol
[ERROR] symbol:   class TilesApplicationContextAware
[ERROR] location: package org.apache.tiles.awareness
[ERROR] /home/ubuntu/ATLAS/apps/apache-tiles/download/4fb4090dcb125facde60212c74f22d4a8134700c/tiles-core/src/main/java/org/apache/tiles/evaluator/el/ELAttributeEvaluator.java:[52,9] cannot find symbol
[ERROR] symbol: class TilesApplicationContextAware
[ERROR] -> [Help 1]
[ERROR] 
[ERROR] To see the full stack trace of the errors, re-run Maven with the -e switch.
[ERROR] Re-run Maven using the -X switch to enable full debug logging.
[ERROR] 
[ERROR] For more information about the errors and possible solutions, please read the following articles:
[ERROR] [Help 1] http://cwiki.apache.org/confluence/display/MAVEN/MojoFailureException
[ERROR] 
[ERROR] After correcting the problems, you can resume the build with the command
[ERROR]   mvn <goals> -rf :tiles-core
(mvn clean compile -DskipTests -Denforcer.skip=true -Drat.skip=true -Dmaven.test.skip=true -Dmaven.site.skip=true -Dmaven.javadoc.skip=true -Dcheckstyle.skip=true -Dpmd.skip=true -Dfindbugs.skip=true -pl tiles-core -am)  || (mvn clean install -DskipTests -Denforcer.skip=true -Drat.skip=true -Dmaven.test.skip=true -Dmaven.site.skip=true -Dmaven.javadoc.skip=true -Dcheckstyle.skip=true -Dpmd.skip=true -Dfindbugs.skip=true -pl tiles-core -am) || (sed -i -- 's/1-SNAPSHOT/1/g' pom.xml ; sed -i -- 's/4-SNAPSHOT/4/g' pom.xml ; mvn clean install -DskipTests -Denforcer.skip=true -Drat.skip=true -Dmaven.test.skip=true -Dmaven.site.skip=true -Dmaven.javadoc.skip=true -Dcheckstyle.skip=true -Dpmd.skip=true -Dfindbugs.skip=true -pl tiles-core -am)
0.9s delay before adding the failure to the log file
There are 5 choices for the alternative javac (providing /usr/bin/javac).

  Selection    Path                                                Priority   Status
------------------------------------------------------------
* 0            /usr/lib/jvm/java-8-openjdk-amd64/bin/javac          1081      auto mode
  1            /home/ubuntu/ATLAS/external/jdk/j2sdk1.4/bin/javac   1         manual mode
  2            /home/ubuntu/ATLAS/external/jdk/jdk1.5/bin/javac     1         manual mode
  3            /home/ubuntu/ATLAS/external/jdk/jdk1.6/bin/javac     1         manual mode
  4            /usr/lib/jvm/java-7-openjdk-amd64/bin/javac          1071      manual mode
  5            /usr/lib/jvm/java-8-openjdk-amd64/bin/javac          1081      manual mode

Press <enter> to keep the current choice[*], or type selection number: There are 5 choices for the alternative java (providing /usr/bin/java).

  Selection    Path                                               Priority   Status
------------------------------------------------------------
* 0            /usr/lib/jvm/java-8-openjdk-amd64/jre/bin/java      1081      auto mode
  1            /home/ubuntu/ATLAS/external/jdk/j2sdk1.4/bin/java   1         manual mode
  2            /home/ubuntu/ATLAS/external/jdk/jdk1.5/bin/java     1         manual mode
  3            /home/ubuntu/ATLAS/external/jdk/jdk1.6/bin/java     1         manual mode
  4            /usr/lib/jvm/java-7-openjdk-amd64/jre/bin/java      1071      manual mode
  5            /usr/lib/jvm/java-8-openjdk-amd64/jre/bin/java      1081      manual mode

Press <enter> to keep the current choice[*], or type selection number: Compile apache-tiles 4fb4090dcb125facde60212c74f22d4a8134700c:
[INFO] Scanning for projects...
[WARNING] 
[WARNING] Some problems were encountered while building the effective model for org.apache.tiles:tiles-api:jar:2.1.0-SNAPSHOT
[WARNING] The expression ${pom.version} is deprecated. Please use ${project.version} instead.
[WARNING] The expression ${pom.version} is deprecated. Please use ${project.version} instead.
[WARNING] 
[WARNING] Some problems were encountered while building the effective model for org.apache.tiles:tiles-core:jar:2.1.0-SNAPSHOT
[WARNING] 'build.plugins.plugin.version' for org.apache.maven.plugins:maven-jar-plugin is missing. @ org.apache.tiles:tiles-core:[unknown-version], /home/ubuntu/ATLAS/apps/apache-tiles/download/4fb4090dcb125facde60212c74f22d4a8134700c/tiles-core/pom.xml, line 68, column 15
[WARNING] The expression ${pom.version} is deprecated. Please use ${project.version} instead.
[WARNING] The expression ${pom.version} is deprecated. Please use ${project.version} instead.
[WARNING] The expression ${pom.version} is deprecated. Please use ${project.version} instead.
[WARNING] 
[WARNING] Some problems were encountered while building the effective model for org.apache.tiles:tiles-jsp:jar:2.1.0-SNAPSHOT
[WARNING] 'build.plugins.plugin.version' for org.apache.maven.plugins:maven-jar-plugin is missing. @ org.apache.tiles:tiles-jsp:[unknown-version], /home/ubuntu/ATLAS/apps/apache-tiles/download/4fb4090dcb125facde60212c74f22d4a8134700c/tiles-jsp/pom.xml, line 68, column 15
[WARNING] The expression ${pom.version} is deprecated. Please use ${project.version} instead.
[WARNING] The expression ${pom.version} is deprecated. Please use ${project.version} instead.
[WARNING] The expression ${pom.version} is deprecated. Please use ${project.version} instead.
[WARNING] 
[WARNING] Some problems were encountered while building the effective model for org.apache.tiles:tiles-compat:jar:2.1.0-SNAPSHOT
[WARNING] 'build.plugins.plugin.version' for org.apache.maven.plugins:maven-jar-plugin is missing. @ org.apache.tiles:tiles-compat:[unknown-version], /home/ubuntu/ATLAS/apps/apache-tiles/download/4fb4090dcb125facde60212c74f22d4a8134700c/tiles-compat/pom.xml, line 68, column 15
[WARNING] The expression ${pom.version} is deprecated. Please use ${project.version} instead.
[WARNING] The expression ${pom.version} is deprecated. Please use ${project.version} instead.
[WARNING] The expression ${pom.version} is deprecated. Please use ${project.version} instead.
[WARNING] The expression ${pom.version} is deprecated. Please use ${project.version} instead.
[WARNING] 
[WARNING] Some problems were encountered while building the effective model for org.apache.tiles:tiles-test:war:2.1.0-SNAPSHOT
[WARNING] 'build.plugins.plugin.version' for org.codehaus.cargo:cargo-maven2-plugin is missing. @ org.apache.tiles:tiles-test:[unknown-version], /home/ubuntu/ATLAS/apps/apache-tiles/download/4fb4090dcb125facde60212c74f22d4a8134700c/tiles-test/pom.xml, line 105, column 20
[WARNING] The expression ${pom.artifactId} is deprecated. Please use ${project.artifactId} instead.
[WARNING] The expression ${pom.groupId} is deprecated. Please use ${project.groupId} instead.
[WARNING] The expression ${pom.version} is deprecated. Please use ${project.version} instead.
[WARNING] The expression ${pom.groupId} is deprecated. Please use ${project.groupId} instead.
[WARNING] The expression ${pom.groupId} is deprecated. Please use ${project.groupId} instead.
[WARNING] The expression ${pom.version} is deprecated. Please use ${project.version} instead.
[WARNING] The expression ${pom.groupId} is deprecated. Please use ${project.groupId} instead.
[WARNING] The expression ${pom.version} is deprecated. Please use ${project.version} instead.
[WARNING] The expression ${pom.version} is deprecated. Please use ${project.version} instead.
[WARNING] The expression ${artifactId} is deprecated. Please use ${project.artifactId} instead.
[WARNING] The expression ${artifactId} is deprecated. Please use ${project.artifactId} instead.
[WARNING] 
[WARNING] Some problems were encountered while building the effective model for org.apache.tiles:tiles-assembly:pom:2.1.0-SNAPSHOT
[WARNING] The expression ${pom.version} is deprecated. Please use ${project.version} instead.
[WARNING] The expression ${pom.version} is deprecated. Please use ${project.version} instead.
[WARNING] The expression ${pom.version} is deprecated. Please use ${project.version} instead.
[WARNING] The expression ${pom.version} is deprecated. Please use ${project.version} instead.
[WARNING] The expression ${pom.version} is deprecated. Please use ${project.version} instead.
[WARNING] The expression ${pom.version} is deprecated. Please use ${project.version} instead.
[WARNING] The expression ${pom.version} is deprecated. Please use ${project.version} instead.
[WARNING] The expression ${pom.version} is deprecated. Please use ${project.version} instead.
[WARNING] The expression ${pom.version} is deprecated. Please use ${project.version} instead.
[WARNING] The expression ${version} is deprecated. Please use ${project.version} instead.
[WARNING] 
[WARNING] Some problems were encountered while building the effective model for org.apache.tiles:tiles-parent:pom:2.1.0-SNAPSHOT
[WARNING] The expression ${pom.version} is deprecated. Please use ${project.version} instead.
[WARNING] The expression ${pom.version} is deprecated. Please use ${project.version} instead.
[WARNING] 
[WARNING] It is highly recommended to fix these problems because they threaten the stability of your build.
[WARNING] 
[WARNING] For this reason, future Maven versions might no longer support building such malformed projects.
[WARNING] 
[INFO] ------------------------------------------------------------------------
[INFO] Reactor Build Order:
[INFO] 
[INFO] Tiles 2
[INFO] Tiles - API
[INFO] Tiles - Core Library
[INFO]                                                                         
[INFO] ------------------------------------------------------------------------
[INFO] Building Tiles 2 2.1.0-SNAPSHOT
[INFO] ------------------------------------------------------------------------
[INFO] 
[INFO] --- maven-clean-plugin:2.5:clean (default-clean) @ tiles-parent ---
[INFO]                                                                         
[INFO] ------------------------------------------------------------------------
[INFO] Building Tiles - API 2.1.0-SNAPSHOT
[INFO] ------------------------------------------------------------------------
[INFO] 
[INFO] --- maven-clean-plugin:2.5:clean (default-clean) @ tiles-api ---
[INFO] 
[INFO] --- maven-resources-plugin:2.6:resources (default-resources) @ tiles-api ---
[WARNING] Using platform encoding (UTF-8 actually) to copy filtered resources, i.e. build is platform dependent!
[INFO] Copying 0 resource
[INFO] Copying 2 resources to META-INF
[INFO] 
[INFO] --- maven-compiler-plugin:3.2:compile (default-compile) @ tiles-api ---
[INFO] Changes detected - recompiling the module!
[WARNING] File encoding has not been set, using platform encoding UTF-8, i.e. build is platform dependent!
[INFO] Compiling 10 source files to /home/ubuntu/ATLAS/apps/apache-tiles/download/4fb4090dcb125facde60212c74f22d4a8134700c/tiles-api/target/classes
[INFO] /home/ubuntu/ATLAS/apps/apache-tiles/download/4fb4090dcb125facde60212c74f22d4a8134700c/tiles-api/src/main/java/org/apache/tiles/BasicAttributeContext.java: /home/ubuntu/ATLAS/apps/apache-tiles/download/4fb4090dcb125facde60212c74f22d4a8134700c/tiles-api/src/main/java/org/apache/tiles/BasicAttributeContext.java uses or overrides a deprecated API.
[INFO] /home/ubuntu/ATLAS/apps/apache-tiles/download/4fb4090dcb125facde60212c74f22d4a8134700c/tiles-api/src/main/java/org/apache/tiles/BasicAttributeContext.java: Recompile with -Xlint:deprecation for details.
[INFO]                                                                         
[INFO] ------------------------------------------------------------------------
[INFO] Building Tiles - Core Library 2.1.0-SNAPSHOT
[INFO] ------------------------------------------------------------------------
[INFO] 
[INFO] --- maven-clean-plugin:2.5:clean (default-clean) @ tiles-core ---
[INFO] 
[INFO] --- maven-resources-plugin:2.6:resources (default-resources) @ tiles-core ---
[WARNING] Using platform encoding (UTF-8 actually) to copy filtered resources, i.e. build is platform dependent!
[INFO] Copying 2 resources
[INFO] Copying 2 resources to META-INF
[INFO] 
[INFO] --- maven-compiler-plugin:3.2:compile (default-compile) @ tiles-core ---
[INFO] Changes detected - recompiling the module!
[WARNING] File encoding has not been set, using platform encoding UTF-8, i.e. build is platform dependent!
[INFO] Compiling 89 source files to /home/ubuntu/ATLAS/apps/apache-tiles/download/4fb4090dcb125facde60212c74f22d4a8134700c/tiles-core/target/classes
[INFO] -------------------------------------------------------------
[ERROR] COMPILATION ERROR : 
[INFO] -------------------------------------------------------------
[ERROR] /home/ubuntu/ATLAS/apps/apache-tiles/download/4fb4090dcb125facde60212c74f22d4a8134700c/tiles-core/src/main/java/org/apache/tiles/evaluator/el/ELAttributeEvaluator.java:[34,34] cannot find symbol
  symbol:   class TilesApplicationContextAware
  location: package org.apache.tiles.awareness
[ERROR] /home/ubuntu/ATLAS/apps/apache-tiles/download/4fb4090dcb125facde60212c74f22d4a8134700c/tiles-core/src/main/java/org/apache/tiles/evaluator/el/ELAttributeEvaluator.java:[52,9] cannot find symbol
  symbol: class TilesApplicationContextAware
[INFO] 2 errors 
[INFO] -------------------------------------------------------------
[INFO] ------------------------------------------------------------------------
[INFO] Reactor Summary:
[INFO] 
[INFO] Tiles 2 ............................................ SUCCESS [  0.243 s]
[INFO] Tiles - API ........................................ SUCCESS [  1.274 s]
[INFO] Tiles - Core Library ............................... FAILURE [  0.730 s]
[INFO] ------------------------------------------------------------------------
[INFO] BUILD FAILURE
[INFO] ------------------------------------------------------------------------
[INFO] Total time: 2.552 s
[INFO] Finished at: 2019-12-04T09:33:36+00:00
[INFO] Final Memory: 18M/261M
[INFO] ------------------------------------------------------------------------
[ERROR] Failed to execute goal org.apache.maven.plugins:maven-compiler-plugin:3.2:compile (default-compile) on project tiles-core: Compilation failure: Compilation failure:
[ERROR] /home/ubuntu/ATLAS/apps/apache-tiles/download/4fb4090dcb125facde60212c74f22d4a8134700c/tiles-core/src/main/java/org/apache/tiles/evaluator/el/ELAttributeEvaluator.java:[34,34] cannot find symbol
[ERROR] symbol:   class TilesApplicationContextAware
[ERROR] location: package org.apache.tiles.awareness
[ERROR] /home/ubuntu/ATLAS/apps/apache-tiles/download/4fb4090dcb125facde60212c74f22d4a8134700c/tiles-core/src/main/java/org/apache/tiles/evaluator/el/ELAttributeEvaluator.java:[52,9] cannot find symbol
[ERROR] symbol: class TilesApplicationContextAware
[ERROR] -> [Help 1]
[ERROR] 
[ERROR] To see the full stack trace of the errors, re-run Maven with the -e switch.
[ERROR] Re-run Maven using the -X switch to enable full debug logging.
[ERROR] 
[ERROR] For more information about the errors and possible solutions, please read the following articles:
[ERROR] [Help 1] http://cwiki.apache.org/confluence/display/MAVEN/MojoFailureException
[ERROR] 
[ERROR] After correcting the problems, you can resume the build with the command
[ERROR]   mvn <goals> -rf :tiles-core
[INFO] Scanning for projects...
[WARNING] 
[WARNING] Some problems were encountered while building the effective model for org.apache.tiles:tiles-api:jar:2.1.0-SNAPSHOT
[WARNING] The expression ${pom.version} is deprecated. Please use ${project.version} instead.
[WARNING] The expression ${pom.version} is deprecated. Please use ${project.version} instead.
[WARNING] 
[WARNING] Some problems were encountered while building the effective model for org.apache.tiles:tiles-core:jar:2.1.0-SNAPSHOT
[WARNING] 'build.plugins.plugin.version' for org.apache.maven.plugins:maven-jar-plugin is missing. @ org.apache.tiles:tiles-core:[unknown-version], /home/ubuntu/ATLAS/apps/apache-tiles/download/4fb4090dcb125facde60212c74f22d4a8134700c/tiles-core/pom.xml, line 68, column 15
[WARNING] The expression ${pom.version} is deprecated. Please use ${project.version} instead.
[WARNING] The expression ${pom.version} is deprecated. Please use ${project.version} instead.
[WARNING] The expression ${pom.version} is deprecated. Please use ${project.version} instead.
[WARNING] 
[WARNING] Some problems were encountered while building the effective model for org.apache.tiles:tiles-jsp:jar:2.1.0-SNAPSHOT
[WARNING] 'build.plugins.plugin.version' for org.apache.maven.plugins:maven-jar-plugin is missing. @ org.apache.tiles:tiles-jsp:[unknown-version], /home/ubuntu/ATLAS/apps/apache-tiles/download/4fb4090dcb125facde60212c74f22d4a8134700c/tiles-jsp/pom.xml, line 68, column 15
[WARNING] The expression ${pom.version} is deprecated. Please use ${project.version} instead.
[WARNING] The expression ${pom.version} is deprecated. Please use ${project.version} instead.
[WARNING] The expression ${pom.version} is deprecated. Please use ${project.version} instead.
[WARNING] 
[WARNING] Some problems were encountered while building the effective model for org.apache.tiles:tiles-compat:jar:2.1.0-SNAPSHOT
[WARNING] 'build.plugins.plugin.version' for org.apache.maven.plugins:maven-jar-plugin is missing. @ org.apache.tiles:tiles-compat:[unknown-version], /home/ubuntu/ATLAS/apps/apache-tiles/download/4fb4090dcb125facde60212c74f22d4a8134700c/tiles-compat/pom.xml, line 68, column 15
[WARNING] The expression ${pom.version} is deprecated. Please use ${project.version} instead.
[WARNING] The expression ${pom.version} is deprecated. Please use ${project.version} instead.
[WARNING] The expression ${pom.version} is deprecated. Please use ${project.version} instead.
[WARNING] The expression ${pom.version} is deprecated. Please use ${project.version} instead.
[WARNING] 
[WARNING] Some problems were encountered while building the effective model for org.apache.tiles:tiles-test:war:2.1.0-SNAPSHOT
[WARNING] 'build.plugins.plugin.version' for org.codehaus.cargo:cargo-maven2-plugin is missing. @ org.apache.tiles:tiles-test:[unknown-version], /home/ubuntu/ATLAS/apps/apache-tiles/download/4fb4090dcb125facde60212c74f22d4a8134700c/tiles-test/pom.xml, line 105, column 20
[WARNING] The expression ${pom.artifactId} is deprecated. Please use ${project.artifactId} instead.
[WARNING] The expression ${pom.groupId} is deprecated. Please use ${project.groupId} instead.
[WARNING] The expression ${pom.version} is deprecated. Please use ${project.version} instead.
[WARNING] The expression ${pom.groupId} is deprecated. Please use ${project.groupId} instead.
[WARNING] The expression ${pom.groupId} is deprecated. Please use ${project.groupId} instead.
[WARNING] The expression ${pom.version} is deprecated. Please use ${project.version} instead.
[WARNING] The expression ${pom.groupId} is deprecated. Please use ${project.groupId} instead.
[WARNING] The expression ${pom.version} is deprecated. Please use ${project.version} instead.
[WARNING] The expression ${pom.version} is deprecated. Please use ${project.version} instead.
[WARNING] The expression ${artifactId} is deprecated. Please use ${project.artifactId} instead.
[WARNING] The expression ${artifactId} is deprecated. Please use ${project.artifactId} instead.
[WARNING] 
[WARNING] Some problems were encountered while building the effective model for org.apache.tiles:tiles-assembly:pom:2.1.0-SNAPSHOT
[WARNING] The expression ${pom.version} is deprecated. Please use ${project.version} instead.
[WARNING] The expression ${pom.version} is deprecated. Please use ${project.version} instead.
[WARNING] The expression ${pom.version} is deprecated. Please use ${project.version} instead.
[WARNING] The expression ${pom.version} is deprecated. Please use ${project.version} instead.
[WARNING] The expression ${pom.version} is deprecated. Please use ${project.version} instead.
[WARNING] The expression ${pom.version} is deprecated. Please use ${project.version} instead.
[WARNING] The expression ${pom.version} is deprecated. Please use ${project.version} instead.
[WARNING] The expression ${pom.version} is deprecated. Please use ${project.version} instead.
[WARNING] The expression ${pom.version} is deprecated. Please use ${project.version} instead.
[WARNING] The expression ${version} is deprecated. Please use ${project.version} instead.
[WARNING] 
[WARNING] Some problems were encountered while building the effective model for org.apache.tiles:tiles-parent:pom:2.1.0-SNAPSHOT
[WARNING] The expression ${pom.version} is deprecated. Please use ${project.version} instead.
[WARNING] The expression ${pom.version} is deprecated. Please use ${project.version} instead.
[WARNING] 
[WARNING] It is highly recommended to fix these problems because they threaten the stability of your build.
[WARNING] 
[WARNING] For this reason, future Maven versions might no longer support building such malformed projects.
[WARNING] 
[INFO] ------------------------------------------------------------------------
[INFO] Reactor Build Order:
[INFO] 
[INFO] Tiles 2
[INFO] Tiles - API
[INFO] Tiles - Core Library
[INFO]                                                                         
[INFO] ------------------------------------------------------------------------
[INFO] Building Tiles 2 2.1.0-SNAPSHOT
[INFO] ------------------------------------------------------------------------
[INFO] 
[INFO] --- maven-clean-plugin:2.5:clean (default-clean) @ tiles-parent ---
[INFO] 
[INFO] --- maven-install-plugin:2.5.2:install (default-install) @ tiles-parent ---
[INFO] Installing /home/ubuntu/ATLAS/apps/apache-tiles/download/4fb4090dcb125facde60212c74f22d4a8134700c/pom.xml to /home/ubuntu/.m2/repository/org/apache/tiles/tiles-parent/2.1.0-SNAPSHOT/tiles-parent-2.1.0-SNAPSHOT.pom
[INFO]                                                                         
[INFO] ------------------------------------------------------------------------
[INFO] Building Tiles - API 2.1.0-SNAPSHOT
[INFO] ------------------------------------------------------------------------
[INFO] 
[INFO] --- maven-clean-plugin:2.5:clean (default-clean) @ tiles-api ---
[INFO] Deleting /home/ubuntu/ATLAS/apps/apache-tiles/download/4fb4090dcb125facde60212c74f22d4a8134700c/tiles-api/target
[INFO] 
[INFO] --- maven-resources-plugin:2.6:resources (default-resources) @ tiles-api ---
[WARNING] Using platform encoding (UTF-8 actually) to copy filtered resources, i.e. build is platform dependent!
[INFO] Copying 0 resource
[INFO] Copying 2 resources to META-INF
[INFO] 
[INFO] --- maven-compiler-plugin:3.2:compile (default-compile) @ tiles-api ---
[INFO] Changes detected - recompiling the module!
[WARNING] File encoding has not been set, using platform encoding UTF-8, i.e. build is platform dependent!
[INFO] Compiling 10 source files to /home/ubuntu/ATLAS/apps/apache-tiles/download/4fb4090dcb125facde60212c74f22d4a8134700c/tiles-api/target/classes
[INFO] /home/ubuntu/ATLAS/apps/apache-tiles/download/4fb4090dcb125facde60212c74f22d4a8134700c/tiles-api/src/main/java/org/apache/tiles/BasicAttributeContext.java: /home/ubuntu/ATLAS/apps/apache-tiles/download/4fb4090dcb125facde60212c74f22d4a8134700c/tiles-api/src/main/java/org/apache/tiles/BasicAttributeContext.java uses or overrides a deprecated API.
[INFO] /home/ubuntu/ATLAS/apps/apache-tiles/download/4fb4090dcb125facde60212c74f22d4a8134700c/tiles-api/src/main/java/org/apache/tiles/BasicAttributeContext.java: Recompile with -Xlint:deprecation for details.
[INFO] 
[INFO] --- maven-resources-plugin:2.6:testResources (default-testResources) @ tiles-api ---
[INFO] Not copying test resources
[INFO] 
[INFO] --- maven-compiler-plugin:3.2:testCompile (default-testCompile) @ tiles-api ---
[INFO] Not compiling test sources
[INFO] 
[INFO] --- maven-surefire-plugin:2.17:test (default-test) @ tiles-api ---
[INFO] Tests are skipped.
[INFO] 
[INFO] --- maven-jar-plugin:2.4:jar (default-jar) @ tiles-api ---
[INFO] Building jar: /home/ubuntu/ATLAS/apps/apache-tiles/download/4fb4090dcb125facde60212c74f22d4a8134700c/tiles-api/target/tiles-api-2.1.0-SNAPSHOT.jar
[INFO] 
[INFO] --- maven-install-plugin:2.5.2:install (default-install) @ tiles-api ---
[INFO] Installing /home/ubuntu/ATLAS/apps/apache-tiles/download/4fb4090dcb125facde60212c74f22d4a8134700c/tiles-api/target/tiles-api-2.1.0-SNAPSHOT.jar to /home/ubuntu/.m2/repository/org/apache/tiles/tiles-api/2.1.0-SNAPSHOT/tiles-api-2.1.0-SNAPSHOT.jar
[INFO] Installing /home/ubuntu/ATLAS/apps/apache-tiles/download/4fb4090dcb125facde60212c74f22d4a8134700c/tiles-api/pom.xml to /home/ubuntu/.m2/repository/org/apache/tiles/tiles-api/2.1.0-SNAPSHOT/tiles-api-2.1.0-SNAPSHOT.pom
[INFO]                                                                         
[INFO] ------------------------------------------------------------------------
[INFO] Building Tiles - Core Library 2.1.0-SNAPSHOT
[INFO] ------------------------------------------------------------------------
[INFO] 
[INFO] --- maven-clean-plugin:2.5:clean (default-clean) @ tiles-core ---
[INFO] Deleting /home/ubuntu/ATLAS/apps/apache-tiles/download/4fb4090dcb125facde60212c74f22d4a8134700c/tiles-core/target
[INFO] 
[INFO] --- maven-resources-plugin:2.6:resources (default-resources) @ tiles-core ---
[WARNING] Using platform encoding (UTF-8 actually) to copy filtered resources, i.e. build is platform dependent!
[INFO] Copying 2 resources
[INFO] Copying 2 resources to META-INF
[INFO] 
[INFO] --- maven-compiler-plugin:3.2:compile (default-compile) @ tiles-core ---
[INFO] Changes detected - recompiling the module!
[WARNING] File encoding has not been set, using platform encoding UTF-8, i.e. build is platform dependent!
[INFO] Compiling 89 source files to /home/ubuntu/ATLAS/apps/apache-tiles/download/4fb4090dcb125facde60212c74f22d4a8134700c/tiles-core/target/classes
[INFO] -------------------------------------------------------------
[ERROR] COMPILATION ERROR : 
[INFO] -------------------------------------------------------------
[ERROR] /home/ubuntu/ATLAS/apps/apache-tiles/download/4fb4090dcb125facde60212c74f22d4a8134700c/tiles-core/src/main/java/org/apache/tiles/evaluator/el/ELAttributeEvaluator.java:[34,34] cannot find symbol
  symbol:   class TilesApplicationContextAware
  location: package org.apache.tiles.awareness
[ERROR] /home/ubuntu/ATLAS/apps/apache-tiles/download/4fb4090dcb125facde60212c74f22d4a8134700c/tiles-core/src/main/java/org/apache/tiles/evaluator/el/ELAttributeEvaluator.java:[52,9] cannot find symbol
  symbol: class TilesApplicationContextAware
[INFO] 2 errors 
[INFO] -------------------------------------------------------------
[INFO] ------------------------------------------------------------------------
[INFO] Reactor Summary:
[INFO] 
[INFO] Tiles 2 ............................................ SUCCESS [  0.447 s]
[INFO] Tiles - API ........................................ SUCCESS [  1.462 s]
[INFO] Tiles - Core Library ............................... FAILURE [  0.858 s]
[INFO] ------------------------------------------------------------------------
[INFO] BUILD FAILURE
[INFO] ------------------------------------------------------------------------
[INFO] Total time: 3.067 s
[INFO] Finished at: 2019-12-04T09:33:40+00:00
[INFO] Final Memory: 21M/259M
[INFO] ------------------------------------------------------------------------
[ERROR] Failed to execute goal org.apache.maven.plugins:maven-compiler-plugin:3.2:compile (default-compile) on project tiles-core: Compilation failure: Compilation failure:
[ERROR] /home/ubuntu/ATLAS/apps/apache-tiles/download/4fb4090dcb125facde60212c74f22d4a8134700c/tiles-core/src/main/java/org/apache/tiles/evaluator/el/ELAttributeEvaluator.java:[34,34] cannot find symbol
[ERROR] symbol:   class TilesApplicationContextAware
[ERROR] location: package org.apache.tiles.awareness
[ERROR] /home/ubuntu/ATLAS/apps/apache-tiles/download/4fb4090dcb125facde60212c74f22d4a8134700c/tiles-core/src/main/java/org/apache/tiles/evaluator/el/ELAttributeEvaluator.java:[52,9] cannot find symbol
[ERROR] symbol: class TilesApplicationContextAware
[ERROR] -> [Help 1]
[ERROR] 
[ERROR] To see the full stack trace of the errors, re-run Maven with the -e switch.
[ERROR] Re-run Maven using the -X switch to enable full debug logging.
[ERROR] 
[ERROR] For more information about the errors and possible solutions, please read the following articles:
[ERROR] [Help 1] http://cwiki.apache.org/confluence/display/MAVEN/MojoFailureException
[ERROR] 
[ERROR] After correcting the problems, you can resume the build with the command
[ERROR]   mvn <goals> -rf :tiles-core
[INFO] Scanning for projects...
[WARNING] 
[WARNING] Some problems were encountered while building the effective model for org.apache.tiles:tiles-api:jar:2.1.0-SNAPSHOT
[WARNING] The expression ${pom.version} is deprecated. Please use ${project.version} instead.
[WARNING] The expression ${pom.version} is deprecated. Please use ${project.version} instead.
[WARNING] 
[WARNING] Some problems were encountered while building the effective model for org.apache.tiles:tiles-core:jar:2.1.0-SNAPSHOT
[WARNING] 'build.plugins.plugin.version' for org.apache.maven.plugins:maven-jar-plugin is missing. @ org.apache.tiles:tiles-core:[unknown-version], /home/ubuntu/ATLAS/apps/apache-tiles/download/4fb4090dcb125facde60212c74f22d4a8134700c/tiles-core/pom.xml, line 68, column 15
[WARNING] The expression ${pom.version} is deprecated. Please use ${project.version} instead.
[WARNING] The expression ${pom.version} is deprecated. Please use ${project.version} instead.
[WARNING] The expression ${pom.version} is deprecated. Please use ${project.version} instead.
[WARNING] 
[WARNING] Some problems were encountered while building the effective model for org.apache.tiles:tiles-jsp:jar:2.1.0-SNAPSHOT
[WARNING] 'build.plugins.plugin.version' for org.apache.maven.plugins:maven-jar-plugin is missing. @ org.apache.tiles:tiles-jsp:[unknown-version], /home/ubuntu/ATLAS/apps/apache-tiles/download/4fb4090dcb125facde60212c74f22d4a8134700c/tiles-jsp/pom.xml, line 68, column 15
[WARNING] The expression ${pom.version} is deprecated. Please use ${project.version} instead.
[WARNING] The expression ${pom.version} is deprecated. Please use ${project.version} instead.
[WARNING] The expression ${pom.version} is deprecated. Please use ${project.version} instead.
[WARNING] 
[WARNING] Some problems were encountered while building the effective model for org.apache.tiles:tiles-compat:jar:2.1.0-SNAPSHOT
[WARNING] 'build.plugins.plugin.version' for org.apache.maven.plugins:maven-jar-plugin is missing. @ org.apache.tiles:tiles-compat:[unknown-version], /home/ubuntu/ATLAS/apps/apache-tiles/download/4fb4090dcb125facde60212c74f22d4a8134700c/tiles-compat/pom.xml, line 68, column 15
[WARNING] The expression ${pom.version} is deprecated. Please use ${project.version} instead.
[WARNING] The expression ${pom.version} is deprecated. Please use ${project.version} instead.
[WARNING] The expression ${pom.version} is deprecated. Please use ${project.version} instead.
[WARNING] The expression ${pom.version} is deprecated. Please use ${project.version} instead.
[WARNING] 
[WARNING] Some problems were encountered while building the effective model for org.apache.tiles:tiles-test:war:2.1.0-SNAPSHOT
[WARNING] 'build.plugins.plugin.version' for org.codehaus.cargo:cargo-maven2-plugin is missing. @ org.apache.tiles:tiles-test:[unknown-version], /home/ubuntu/ATLAS/apps/apache-tiles/download/4fb4090dcb125facde60212c74f22d4a8134700c/tiles-test/pom.xml, line 105, column 20
[WARNING] The expression ${pom.artifactId} is deprecated. Please use ${project.artifactId} instead.
[WARNING] The expression ${pom.groupId} is deprecated. Please use ${project.groupId} instead.
[WARNING] The expression ${pom.version} is deprecated. Please use ${project.version} instead.
[WARNING] The expression ${pom.groupId} is deprecated. Please use ${project.groupId} instead.
[WARNING] The expression ${pom.groupId} is deprecated. Please use ${project.groupId} instead.
[WARNING] The expression ${pom.version} is deprecated. Please use ${project.version} instead.
[WARNING] The expression ${pom.groupId} is deprecated. Please use ${project.groupId} instead.
[WARNING] The expression ${pom.version} is deprecated. Please use ${project.version} instead.
[WARNING] The expression ${pom.version} is deprecated. Please use ${project.version} instead.
[WARNING] The expression ${artifactId} is deprecated. Please use ${project.artifactId} instead.
[WARNING] The expression ${artifactId} is deprecated. Please use ${project.artifactId} instead.
[WARNING] 
[WARNING] Some problems were encountered while building the effective model for org.apache.tiles:tiles-assembly:pom:2.1.0-SNAPSHOT
[WARNING] The expression ${pom.version} is deprecated. Please use ${project.version} instead.
[WARNING] The expression ${pom.version} is deprecated. Please use ${project.version} instead.
[WARNING] The expression ${pom.version} is deprecated. Please use ${project.version} instead.
[WARNING] The expression ${pom.version} is deprecated. Please use ${project.version} instead.
[WARNING] The expression ${pom.version} is deprecated. Please use ${project.version} instead.
[WARNING] The expression ${pom.version} is deprecated. Please use ${project.version} instead.
[WARNING] The expression ${pom.version} is deprecated. Please use ${project.version} instead.
[WARNING] The expression ${pom.version} is deprecated. Please use ${project.version} instead.
[WARNING] The expression ${pom.version} is deprecated. Please use ${project.version} instead.
[WARNING] The expression ${version} is deprecated. Please use ${project.version} instead.
[WARNING] 
[WARNING] Some problems were encountered while building the effective model for org.apache.tiles:tiles-parent:pom:2.1.0-SNAPSHOT
[WARNING] The expression ${pom.version} is deprecated. Please use ${project.version} instead.
[WARNING] The expression ${pom.version} is deprecated. Please use ${project.version} instead.
[WARNING] 
[WARNING] It is highly recommended to fix these problems because they threaten the stability of your build.
[WARNING] 
[WARNING] For this reason, future Maven versions might no longer support building such malformed projects.
[WARNING] 
[INFO] ------------------------------------------------------------------------
[INFO] Reactor Build Order:
[INFO] 
[INFO] Tiles 2
[INFO] Tiles - API
[INFO] Tiles - Core Library
[INFO]                                                                         
[INFO] ------------------------------------------------------------------------
[INFO] Building Tiles 2 2.1.0-SNAPSHOT
[INFO] ------------------------------------------------------------------------
[INFO] 
[INFO] --- maven-clean-plugin:2.5:clean (default-clean) @ tiles-parent ---
[INFO] 
[INFO] --- maven-install-plugin:2.5.2:install (default-install) @ tiles-parent ---
[INFO] Installing /home/ubuntu/ATLAS/apps/apache-tiles/download/4fb4090dcb125facde60212c74f22d4a8134700c/pom.xml to /home/ubuntu/.m2/repository/org/apache/tiles/tiles-parent/2.1.0-SNAPSHOT/tiles-parent-2.1.0-SNAPSHOT.pom
[INFO]                                                                         
[INFO] ------------------------------------------------------------------------
[INFO] Building Tiles - API 2.1.0-SNAPSHOT
[INFO] ------------------------------------------------------------------------
[INFO] 
[INFO] --- maven-clean-plugin:2.5:clean (default-clean) @ tiles-api ---
[INFO] Deleting /home/ubuntu/ATLAS/apps/apache-tiles/download/4fb4090dcb125facde60212c74f22d4a8134700c/tiles-api/target
[INFO] 
[INFO] --- maven-resources-plugin:2.6:resources (default-resources) @ tiles-api ---
[WARNING] Using platform encoding (UTF-8 actually) to copy filtered resources, i.e. build is platform dependent!
[INFO] Copying 0 resource
[INFO] Copying 2 resources to META-INF
[INFO] 
[INFO] --- maven-compiler-plugin:3.2:compile (default-compile) @ tiles-api ---
[INFO] Changes detected - recompiling the module!
[WARNING] File encoding has not been set, using platform encoding UTF-8, i.e. build is platform dependent!
[INFO] Compiling 10 source files to /home/ubuntu/ATLAS/apps/apache-tiles/download/4fb4090dcb125facde60212c74f22d4a8134700c/tiles-api/target/classes
[INFO] /home/ubuntu/ATLAS/apps/apache-tiles/download/4fb4090dcb125facde60212c74f22d4a8134700c/tiles-api/src/main/java/org/apache/tiles/BasicAttributeContext.java: /home/ubuntu/ATLAS/apps/apache-tiles/download/4fb4090dcb125facde60212c74f22d4a8134700c/tiles-api/src/main/java/org/apache/tiles/BasicAttributeContext.java uses or overrides a deprecated API.
[INFO] /home/ubuntu/ATLAS/apps/apache-tiles/download/4fb4090dcb125facde60212c74f22d4a8134700c/tiles-api/src/main/java/org/apache/tiles/BasicAttributeContext.java: Recompile with -Xlint:deprecation for details.
[INFO] 
[INFO] --- maven-resources-plugin:2.6:testResources (default-testResources) @ tiles-api ---
[INFO] Not copying test resources
[INFO] 
[INFO] --- maven-compiler-plugin:3.2:testCompile (default-testCompile) @ tiles-api ---
[INFO] Not compiling test sources
[INFO] 
[INFO] --- maven-surefire-plugin:2.17:test (default-test) @ tiles-api ---
[INFO] Tests are skipped.
[INFO] 
[INFO] --- maven-jar-plugin:2.4:jar (default-jar) @ tiles-api ---
[INFO] Building jar: /home/ubuntu/ATLAS/apps/apache-tiles/download/4fb4090dcb125facde60212c74f22d4a8134700c/tiles-api/target/tiles-api-2.1.0-SNAPSHOT.jar
[INFO] 
[INFO] --- maven-install-plugin:2.5.2:install (default-install) @ tiles-api ---
[INFO] Installing /home/ubuntu/ATLAS/apps/apache-tiles/download/4fb4090dcb125facde60212c74f22d4a8134700c/tiles-api/target/tiles-api-2.1.0-SNAPSHOT.jar to /home/ubuntu/.m2/repository/org/apache/tiles/tiles-api/2.1.0-SNAPSHOT/tiles-api-2.1.0-SNAPSHOT.jar
[INFO] Installing /home/ubuntu/ATLAS/apps/apache-tiles/download/4fb4090dcb125facde60212c74f22d4a8134700c/tiles-api/pom.xml to /home/ubuntu/.m2/repository/org/apache/tiles/tiles-api/2.1.0-SNAPSHOT/tiles-api-2.1.0-SNAPSHOT.pom
[INFO]                                                                         
[INFO] ------------------------------------------------------------------------
[INFO] Building Tiles - Core Library 2.1.0-SNAPSHOT
[INFO] ------------------------------------------------------------------------
[INFO] 
[INFO] --- maven-clean-plugin:2.5:clean (default-clean) @ tiles-core ---
[INFO] Deleting /home/ubuntu/ATLAS/apps/apache-tiles/download/4fb4090dcb125facde60212c74f22d4a8134700c/tiles-core/target
[INFO] 
[INFO] --- maven-resources-plugin:2.6:resources (default-resources) @ tiles-core ---
[WARNING] Using platform encoding (UTF-8 actually) to copy filtered resources, i.e. build is platform dependent!
[INFO] Copying 2 resources
[INFO] Copying 2 resources to META-INF
[INFO] 
[INFO] --- maven-compiler-plugin:3.2:compile (default-compile) @ tiles-core ---
[INFO] Changes detected - recompiling the module!
[WARNING] File encoding has not been set, using platform encoding UTF-8, i.e. build is platform dependent!
[INFO] Compiling 89 source files to /home/ubuntu/ATLAS/apps/apache-tiles/download/4fb4090dcb125facde60212c74f22d4a8134700c/tiles-core/target/classes
[INFO] -------------------------------------------------------------
[ERROR] COMPILATION ERROR : 
[INFO] -------------------------------------------------------------
[ERROR] /home/ubuntu/ATLAS/apps/apache-tiles/download/4fb4090dcb125facde60212c74f22d4a8134700c/tiles-core/src/main/java/org/apache/tiles/evaluator/el/ELAttributeEvaluator.java:[34,34] cannot find symbol
  symbol:   class TilesApplicationContextAware
  location: package org.apache.tiles.awareness
[ERROR] /home/ubuntu/ATLAS/apps/apache-tiles/download/4fb4090dcb125facde60212c74f22d4a8134700c/tiles-core/src/main/java/org/apache/tiles/evaluator/el/ELAttributeEvaluator.java:[52,9] cannot find symbol
  symbol: class TilesApplicationContextAware
[INFO] 2 errors 
[INFO] -------------------------------------------------------------
[INFO] ------------------------------------------------------------------------
[INFO] Reactor Summary:
[INFO] 
[INFO] Tiles 2 ............................................ SUCCESS [  0.405 s]
[INFO] Tiles - API ........................................ SUCCESS [  1.508 s]
[INFO] Tiles - Core Library ............................... FAILURE [  0.752 s]
[INFO] ------------------------------------------------------------------------
[INFO] BUILD FAILURE
[INFO] ------------------------------------------------------------------------
[INFO] Total time: 2.905 s
[INFO] Finished at: 2019-12-04T09:33:45+00:00
[INFO] Final Memory: 21M/258M
[INFO] ------------------------------------------------------------------------
[ERROR] Failed to execute goal org.apache.maven.plugins:maven-compiler-plugin:3.2:compile (default-compile) on project tiles-core: Compilation failure: Compilation failure:
[ERROR] /home/ubuntu/ATLAS/apps/apache-tiles/download/4fb4090dcb125facde60212c74f22d4a8134700c/tiles-core/src/main/java/org/apache/tiles/evaluator/el/ELAttributeEvaluator.java:[34,34] cannot find symbol
[ERROR] symbol:   class TilesApplicationContextAware
[ERROR] location: package org.apache.tiles.awareness
[ERROR] /home/ubuntu/ATLAS/apps/apache-tiles/download/4fb4090dcb125facde60212c74f22d4a8134700c/tiles-core/src/main/java/org/apache/tiles/evaluator/el/ELAttributeEvaluator.java:[52,9] cannot find symbol
[ERROR] symbol: class TilesApplicationContextAware
[ERROR] -> [Help 1]
[ERROR] 
[ERROR] To see the full stack trace of the errors, re-run Maven with the -e switch.
[ERROR] Re-run Maven using the -X switch to enable full debug logging.
[ERROR] 
[ERROR] For more information about the errors and possible solutions, please read the following articles:
[ERROR] [Help 1] http://cwiki.apache.org/confluence/display/MAVEN/MojoFailureException
[ERROR] 
[ERROR] After correcting the problems, you can resume the build with the command
[ERROR]   mvn <goals> -rf :tiles-core
(mvn clean compile -DskipTests -Denforcer.skip=true -Drat.skip=true -Dmaven.test.skip=true -Dmaven.site.skip=true -Dmaven.javadoc.skip=true -Dcheckstyle.skip=true -Dpmd.skip=true -Dfindbugs.skip=true -pl tiles-core -am)  || (mvn clean install -DskipTests -Denforcer.skip=true -Drat.skip=true -Dmaven.test.skip=true -Dmaven.site.skip=true -Dmaven.javadoc.skip=true -Dcheckstyle.skip=true -Dpmd.skip=true -Dfindbugs.skip=true -pl tiles-core -am) || (sed -i -- 's/1-SNAPSHOT/1/g' pom.xml ; sed -i -- 's/4-SNAPSHOT/4/g' pom.xml ; mvn clean install -DskipTests -Denforcer.skip=true -Drat.skip=true -Dmaven.test.skip=true -Dmaven.site.skip=true -Dmaven.javadoc.skip=true -Dcheckstyle.skip=true -Dpmd.skip=true -Dfindbugs.skip=true -pl tiles-core -am)
0.0s delay before adding the failure to the log file
There are 5 choices for the alternative javac (providing /usr/bin/javac).

  Selection    Path                                                Priority   Status
------------------------------------------------------------
  0            /usr/lib/jvm/java-8-openjdk-amd64/bin/javac          1081      auto mode
  1            /home/ubuntu/ATLAS/external/jdk/j2sdk1.4/bin/javac   1         manual mode
  2            /home/ubuntu/ATLAS/external/jdk/jdk1.5/bin/javac     1         manual mode
  3            /home/ubuntu/ATLAS/external/jdk/jdk1.6/bin/javac     1         manual mode
  4            /usr/lib/jvm/java-7-openjdk-amd64/bin/javac          1071      manual mode
* 5            /usr/lib/jvm/java-8-openjdk-amd64/bin/javac          1081      manual mode

Press <enter> to keep the current choice[*], or type selection number: update-alternatives: using /usr/lib/jvm/java-7-openjdk-amd64/bin/javac to provide /usr/bin/javac (javac) in manual mode
There are 5 choices for the alternative java (providing /usr/bin/java).

  Selection    Path                                               Priority   Status
------------------------------------------------------------
  0            /usr/lib/jvm/java-8-openjdk-amd64/jre/bin/java      1081      auto mode
  1            /home/ubuntu/ATLAS/external/jdk/j2sdk1.4/bin/java   1         manual mode
  2            /home/ubuntu/ATLAS/external/jdk/jdk1.5/bin/java     1         manual mode
  3            /home/ubuntu/ATLAS/external/jdk/jdk1.6/bin/java     1         manual mode
  4            /usr/lib/jvm/java-7-openjdk-amd64/jre/bin/java      1071      manual mode
* 5            /usr/lib/jvm/java-8-openjdk-amd64/jre/bin/java      1081      manual mode

Press <enter> to keep the current choice[*], or type selection number: update-alternatives: using /usr/lib/jvm/java-7-openjdk-amd64/jre/bin/java to provide /usr/bin/java (java) in manual mode
Compile apache-tiles 4fb4090dcb125facde60212c74f22d4a8134700c:
[INFO] Scanning for projects...
[WARNING] 
[WARNING] Some problems were encountered while building the effective model for org.apache.tiles:tiles-api:jar:2.1.0-SNAPSHOT
[WARNING] The expression ${pom.version} is deprecated. Please use ${project.version} instead.
[WARNING] The expression ${pom.version} is deprecated. Please use ${project.version} instead.
[WARNING] 
[WARNING] Some problems were encountered while building the effective model for org.apache.tiles:tiles-core:jar:2.1.0-SNAPSHOT
[WARNING] 'build.plugins.plugin.version' for org.apache.maven.plugins:maven-jar-plugin is missing. @ org.apache.tiles:tiles-core:[unknown-version], /home/ubuntu/ATLAS/apps/apache-tiles/download/4fb4090dcb125facde60212c74f22d4a8134700c/tiles-core/pom.xml, line 68, column 15
[WARNING] The expression ${pom.version} is deprecated. Please use ${project.version} instead.
[WARNING] The expression ${pom.version} is deprecated. Please use ${project.version} instead.
[WARNING] The expression ${pom.version} is deprecated. Please use ${project.version} instead.
[WARNING] 
[WARNING] Some problems were encountered while building the effective model for org.apache.tiles:tiles-jsp:jar:2.1.0-SNAPSHOT
[WARNING] 'build.plugins.plugin.version' for org.apache.maven.plugins:maven-jar-plugin is missing. @ org.apache.tiles:tiles-jsp:[unknown-version], /home/ubuntu/ATLAS/apps/apache-tiles/download/4fb4090dcb125facde60212c74f22d4a8134700c/tiles-jsp/pom.xml, line 68, column 15
[WARNING] The expression ${pom.version} is deprecated. Please use ${project.version} instead.
[WARNING] The expression ${pom.version} is deprecated. Please use ${project.version} instead.
[WARNING] The expression ${pom.version} is deprecated. Please use ${project.version} instead.
[WARNING] 
[WARNING] Some problems were encountered while building the effective model for org.apache.tiles:tiles-compat:jar:2.1.0-SNAPSHOT
[WARNING] 'build.plugins.plugin.version' for org.apache.maven.plugins:maven-jar-plugin is missing. @ org.apache.tiles:tiles-compat:[unknown-version], /home/ubuntu/ATLAS/apps/apache-tiles/download/4fb4090dcb125facde60212c74f22d4a8134700c/tiles-compat/pom.xml, line 68, column 15
[WARNING] The expression ${pom.version} is deprecated. Please use ${project.version} instead.
[WARNING] The expression ${pom.version} is deprecated. Please use ${project.version} instead.
[WARNING] The expression ${pom.version} is deprecated. Please use ${project.version} instead.
[WARNING] The expression ${pom.version} is deprecated. Please use ${project.version} instead.
[WARNING] 
[WARNING] Some problems were encountered while building the effective model for org.apache.tiles:tiles-test:war:2.1.0-SNAPSHOT
[WARNING] 'build.plugins.plugin.version' for org.codehaus.cargo:cargo-maven2-plugin is missing. @ org.apache.tiles:tiles-test:[unknown-version], /home/ubuntu/ATLAS/apps/apache-tiles/download/4fb4090dcb125facde60212c74f22d4a8134700c/tiles-test/pom.xml, line 105, column 20
[WARNING] The expression ${pom.artifactId} is deprecated. Please use ${project.artifactId} instead.
[WARNING] The expression ${pom.groupId} is deprecated. Please use ${project.groupId} instead.
[WARNING] The expression ${pom.version} is deprecated. Please use ${project.version} instead.
[WARNING] The expression ${pom.groupId} is deprecated. Please use ${project.groupId} instead.
[WARNING] The expression ${pom.groupId} is deprecated. Please use ${project.groupId} instead.
[WARNING] The expression ${pom.version} is deprecated. Please use ${project.version} instead.
[WARNING] The expression ${pom.groupId} is deprecated. Please use ${project.groupId} instead.
[WARNING] The expression ${pom.version} is deprecated. Please use ${project.version} instead.
[WARNING] The expression ${pom.version} is deprecated. Please use ${project.version} instead.
[WARNING] The expression ${artifactId} is deprecated. Please use ${project.artifactId} instead.
[WARNING] The expression ${artifactId} is deprecated. Please use ${project.artifactId} instead.
[WARNING] 
[WARNING] Some problems were encountered while building the effective model for org.apache.tiles:tiles-assembly:pom:2.1.0-SNAPSHOT
[WARNING] The expression ${pom.version} is deprecated. Please use ${project.version} instead.
[WARNING] The expression ${pom.version} is deprecated. Please use ${project.version} instead.
[WARNING] The expression ${pom.version} is deprecated. Please use ${project.version} instead.
[WARNING] The expression ${pom.version} is deprecated. Please use ${project.version} instead.
[WARNING] The expression ${pom.version} is deprecated. Please use ${project.version} instead.
[WARNING] The expression ${pom.version} is deprecated. Please use ${project.version} instead.
[WARNING] The expression ${pom.version} is deprecated. Please use ${project.version} instead.
[WARNING] The expression ${pom.version} is deprecated. Please use ${project.version} instead.
[WARNING] The expression ${pom.version} is deprecated. Please use ${project.version} instead.
[WARNING] The expression ${version} is deprecated. Please use ${project.version} instead.
[WARNING] 
[WARNING] Some problems were encountered while building the effective model for org.apache.tiles:tiles-parent:pom:2.1.0-SNAPSHOT
[WARNING] The expression ${pom.version} is deprecated. Please use ${project.version} instead.
[WARNING] The expression ${pom.version} is deprecated. Please use ${project.version} instead.
[WARNING] 
[WARNING] It is highly recommended to fix these problems because they threaten the stability of your build.
[WARNING] 
[WARNING] For this reason, future Maven versions might no longer support building such malformed projects.
[WARNING] 
[INFO] ------------------------------------------------------------------------
[INFO] Reactor Build Order:
[INFO] 
[INFO] Tiles 2
[INFO] Tiles - API
[INFO] Tiles - Core Library
[INFO]                                                                         
[INFO] ------------------------------------------------------------------------
[INFO] Building Tiles 2 2.1.0-SNAPSHOT
[INFO] ------------------------------------------------------------------------
[INFO] 
[INFO] --- maven-clean-plugin:2.5:clean (default-clean) @ tiles-parent ---
[INFO]                                                                         
[INFO] ------------------------------------------------------------------------
[INFO] Building Tiles - API 2.1.0-SNAPSHOT
[INFO] ------------------------------------------------------------------------
[INFO] 
[INFO] --- maven-clean-plugin:2.5:clean (default-clean) @ tiles-api ---
[INFO] 
[INFO] --- maven-resources-plugin:2.6:resources (default-resources) @ tiles-api ---
[WARNING] Using platform encoding (UTF-8 actually) to copy filtered resources, i.e. build is platform dependent!
[INFO] Copying 0 resource
[INFO] Copying 2 resources to META-INF
[INFO] 
[INFO] --- maven-compiler-plugin:3.2:compile (default-compile) @ tiles-api ---
[INFO] Changes detected - recompiling the module!
[WARNING] File encoding has not been set, using platform encoding UTF-8, i.e. build is platform dependent!
[INFO] Compiling 10 source files to /home/ubuntu/ATLAS/apps/apache-tiles/download/4fb4090dcb125facde60212c74f22d4a8134700c/tiles-api/target/classes
[INFO] /home/ubuntu/ATLAS/apps/apache-tiles/download/4fb4090dcb125facde60212c74f22d4a8134700c/tiles-api/src/main/java/org/apache/tiles/BasicAttributeContext.java: /home/ubuntu/ATLAS/apps/apache-tiles/download/4fb4090dcb125facde60212c74f22d4a8134700c/tiles-api/src/main/java/org/apache/tiles/BasicAttributeContext.java uses or overrides a deprecated API.
[INFO] /home/ubuntu/ATLAS/apps/apache-tiles/download/4fb4090dcb125facde60212c74f22d4a8134700c/tiles-api/src/main/java/org/apache/tiles/BasicAttributeContext.java: Recompile with -Xlint:deprecation for details.
[INFO]                                                                         
[INFO] ------------------------------------------------------------------------
[INFO] Building Tiles - Core Library 2.1.0-SNAPSHOT
[INFO] ------------------------------------------------------------------------
[INFO] 
[INFO] --- maven-clean-plugin:2.5:clean (default-clean) @ tiles-core ---
[INFO] 
[INFO] --- maven-resources-plugin:2.6:resources (default-resources) @ tiles-core ---
[WARNING] Using platform encoding (UTF-8 actually) to copy filtered resources, i.e. build is platform dependent!
[INFO] Copying 2 resources
[INFO] Copying 2 resources to META-INF
[INFO] 
[INFO] --- maven-compiler-plugin:3.2:compile (default-compile) @ tiles-core ---
[INFO] Changes detected - recompiling the module!
[WARNING] File encoding has not been set, using platform encoding UTF-8, i.e. build is platform dependent!
[INFO] Compiling 89 source files to /home/ubuntu/ATLAS/apps/apache-tiles/download/4fb4090dcb125facde60212c74f22d4a8134700c/tiles-core/target/classes
[INFO] -------------------------------------------------------------
[ERROR] COMPILATION ERROR : 
[INFO] -------------------------------------------------------------
[ERROR] /home/ubuntu/ATLAS/apps/apache-tiles/download/4fb4090dcb125facde60212c74f22d4a8134700c/tiles-core/src/main/java/org/apache/tiles/evaluator/el/ELAttributeEvaluator.java:[34,34] cannot find symbol
  symbol:   class TilesApplicationContextAware
  location: package org.apache.tiles.awareness
[ERROR] /home/ubuntu/ATLAS/apps/apache-tiles/download/4fb4090dcb125facde60212c74f22d4a8134700c/tiles-core/src/main/java/org/apache/tiles/evaluator/el/ELAttributeEvaluator.java:[52,9] cannot find symbol
  symbol: class TilesApplicationContextAware
[INFO] 2 errors 
[INFO] -------------------------------------------------------------
[INFO] ------------------------------------------------------------------------
[INFO] Reactor Summary:
[INFO] 
[INFO] Tiles 2 ............................................ SUCCESS [  0.391 s]
[INFO] Tiles - API ........................................ SUCCESS [  1.463 s]
[INFO] Tiles - Core Library ............................... FAILURE [  1.479 s]
[INFO] ------------------------------------------------------------------------
[INFO] BUILD FAILURE
[INFO] ------------------------------------------------------------------------
[INFO] Total time: 3.678 s
[INFO] Finished at: 2019-12-04T09:33:51+00:00
[INFO] Final Memory: 16M/210M
[INFO] ------------------------------------------------------------------------
[ERROR] Failed to execute goal org.apache.maven.plugins:maven-compiler-plugin:3.2:compile (default-compile) on project tiles-core: Compilation failure: Compilation failure:
[ERROR] /home/ubuntu/ATLAS/apps/apache-tiles/download/4fb4090dcb125facde60212c74f22d4a8134700c/tiles-core/src/main/java/org/apache/tiles/evaluator/el/ELAttributeEvaluator.java:[34,34] cannot find symbol
[ERROR] symbol:   class TilesApplicationContextAware
[ERROR] location: package org.apache.tiles.awareness
[ERROR] /home/ubuntu/ATLAS/apps/apache-tiles/download/4fb4090dcb125facde60212c74f22d4a8134700c/tiles-core/src/main/java/org/apache/tiles/evaluator/el/ELAttributeEvaluator.java:[52,9] cannot find symbol
[ERROR] symbol: class TilesApplicationContextAware
[ERROR] -> [Help 1]
[ERROR] 
[ERROR] To see the full stack trace of the errors, re-run Maven with the -e switch.
[ERROR] Re-run Maven using the -X switch to enable full debug logging.
[ERROR] 
[ERROR] For more information about the errors and possible solutions, please read the following articles:
[ERROR] [Help 1] http://cwiki.apache.org/confluence/display/MAVEN/MojoFailureException
[ERROR] 
[ERROR] After correcting the problems, you can resume the build with the command
[ERROR]   mvn <goals> -rf :tiles-core
[INFO] Scanning for projects...
[WARNING] 
[WARNING] Some problems were encountered while building the effective model for org.apache.tiles:tiles-api:jar:2.1.0-SNAPSHOT
[WARNING] The expression ${pom.version} is deprecated. Please use ${project.version} instead.
[WARNING] The expression ${pom.version} is deprecated. Please use ${project.version} instead.
[WARNING] 
[WARNING] Some problems were encountered while building the effective model for org.apache.tiles:tiles-core:jar:2.1.0-SNAPSHOT
[WARNING] 'build.plugins.plugin.version' for org.apache.maven.plugins:maven-jar-plugin is missing. @ org.apache.tiles:tiles-core:[unknown-version], /home/ubuntu/ATLAS/apps/apache-tiles/download/4fb4090dcb125facde60212c74f22d4a8134700c/tiles-core/pom.xml, line 68, column 15
[WARNING] The expression ${pom.version} is deprecated. Please use ${project.version} instead.
[WARNING] The expression ${pom.version} is deprecated. Please use ${project.version} instead.
[WARNING] The expression ${pom.version} is deprecated. Please use ${project.version} instead.
[WARNING] 
[WARNING] Some problems were encountered while building the effective model for org.apache.tiles:tiles-jsp:jar:2.1.0-SNAPSHOT
[WARNING] 'build.plugins.plugin.version' for org.apache.maven.plugins:maven-jar-plugin is missing. @ org.apache.tiles:tiles-jsp:[unknown-version], /home/ubuntu/ATLAS/apps/apache-tiles/download/4fb4090dcb125facde60212c74f22d4a8134700c/tiles-jsp/pom.xml, line 68, column 15
[WARNING] The expression ${pom.version} is deprecated. Please use ${project.version} instead.
[WARNING] The expression ${pom.version} is deprecated. Please use ${project.version} instead.
[WARNING] The expression ${pom.version} is deprecated. Please use ${project.version} instead.
[WARNING] 
[WARNING] Some problems were encountered while building the effective model for org.apache.tiles:tiles-compat:jar:2.1.0-SNAPSHOT
[WARNING] 'build.plugins.plugin.version' for org.apache.maven.plugins:maven-jar-plugin is missing. @ org.apache.tiles:tiles-compat:[unknown-version], /home/ubuntu/ATLAS/apps/apache-tiles/download/4fb4090dcb125facde60212c74f22d4a8134700c/tiles-compat/pom.xml, line 68, column 15
[WARNING] The expression ${pom.version} is deprecated. Please use ${project.version} instead.
[WARNING] The expression ${pom.version} is deprecated. Please use ${project.version} instead.
[WARNING] The expression ${pom.version} is deprecated. Please use ${project.version} instead.
[WARNING] The expression ${pom.version} is deprecated. Please use ${project.version} instead.
[WARNING] 
[WARNING] Some problems were encountered while building the effective model for org.apache.tiles:tiles-test:war:2.1.0-SNAPSHOT
[WARNING] 'build.plugins.plugin.version' for org.codehaus.cargo:cargo-maven2-plugin is missing. @ org.apache.tiles:tiles-test:[unknown-version], /home/ubuntu/ATLAS/apps/apache-tiles/download/4fb4090dcb125facde60212c74f22d4a8134700c/tiles-test/pom.xml, line 105, column 20
[WARNING] The expression ${pom.artifactId} is deprecated. Please use ${project.artifactId} instead.
[WARNING] The expression ${pom.groupId} is deprecated. Please use ${project.groupId} instead.
[WARNING] The expression ${pom.version} is deprecated. Please use ${project.version} instead.
[WARNING] The expression ${pom.groupId} is deprecated. Please use ${project.groupId} instead.
[WARNING] The expression ${pom.groupId} is deprecated. Please use ${project.groupId} instead.
[WARNING] The expression ${pom.version} is deprecated. Please use ${project.version} instead.
[WARNING] The expression ${pom.groupId} is deprecated. Please use ${project.groupId} instead.
[WARNING] The expression ${pom.version} is deprecated. Please use ${project.version} instead.
[WARNING] The expression ${pom.version} is deprecated. Please use ${project.version} instead.
[WARNING] The expression ${artifactId} is deprecated. Please use ${project.artifactId} instead.
[WARNING] The expression ${artifactId} is deprecated. Please use ${project.artifactId} instead.
[WARNING] 
[WARNING] Some problems were encountered while building the effective model for org.apache.tiles:tiles-assembly:pom:2.1.0-SNAPSHOT
[WARNING] The expression ${pom.version} is deprecated. Please use ${project.version} instead.
[WARNING] The expression ${pom.version} is deprecated. Please use ${project.version} instead.
[WARNING] The expression ${pom.version} is deprecated. Please use ${project.version} instead.
[WARNING] The expression ${pom.version} is deprecated. Please use ${project.version} instead.
[WARNING] The expression ${pom.version} is deprecated. Please use ${project.version} instead.
[WARNING] The expression ${pom.version} is deprecated. Please use ${project.version} instead.
[WARNING] The expression ${pom.version} is deprecated. Please use ${project.version} instead.
[WARNING] The expression ${pom.version} is deprecated. Please use ${project.version} instead.
[WARNING] The expression ${pom.version} is deprecated. Please use ${project.version} instead.
[WARNING] The expression ${version} is deprecated. Please use ${project.version} instead.
[WARNING] 
[WARNING] Some problems were encountered while building the effective model for org.apache.tiles:tiles-parent:pom:2.1.0-SNAPSHOT
[WARNING] The expression ${pom.version} is deprecated. Please use ${project.version} instead.
[WARNING] The expression ${pom.version} is deprecated. Please use ${project.version} instead.
[WARNING] 
[WARNING] It is highly recommended to fix these problems because they threaten the stability of your build.
[WARNING] 
[WARNING] For this reason, future Maven versions might no longer support building such malformed projects.
[WARNING] 
[INFO] ------------------------------------------------------------------------
[INFO] Reactor Build Order:
[INFO] 
[INFO] Tiles 2
[INFO] Tiles - API
[INFO] Tiles - Core Library
[INFO]                                                                         
[INFO] ------------------------------------------------------------------------
[INFO] Building Tiles 2 2.1.0-SNAPSHOT
[INFO] ------------------------------------------------------------------------
[INFO] 
[INFO] --- maven-clean-plugin:2.5:clean (default-clean) @ tiles-parent ---
[INFO] 
[INFO] --- maven-install-plugin:2.5.2:install (default-install) @ tiles-parent ---
[INFO] Installing /home/ubuntu/ATLAS/apps/apache-tiles/download/4fb4090dcb125facde60212c74f22d4a8134700c/pom.xml to /home/ubuntu/.m2/repository/org/apache/tiles/tiles-parent/2.1.0-SNAPSHOT/tiles-parent-2.1.0-SNAPSHOT.pom
[INFO]                                                                         
[INFO] ------------------------------------------------------------------------
[INFO] Building Tiles - API 2.1.0-SNAPSHOT
[INFO] ------------------------------------------------------------------------
[INFO] 
[INFO] --- maven-clean-plugin:2.5:clean (default-clean) @ tiles-api ---
[INFO] Deleting /home/ubuntu/ATLAS/apps/apache-tiles/download/4fb4090dcb125facde60212c74f22d4a8134700c/tiles-api/target
[INFO] 
[INFO] --- maven-resources-plugin:2.6:resources (default-resources) @ tiles-api ---
[WARNING] Using platform encoding (UTF-8 actually) to copy filtered resources, i.e. build is platform dependent!
[INFO] Copying 0 resource
[INFO] Copying 2 resources to META-INF
[INFO] 
[INFO] --- maven-compiler-plugin:3.2:compile (default-compile) @ tiles-api ---
[INFO] Changes detected - recompiling the module!
[WARNING] File encoding has not been set, using platform encoding UTF-8, i.e. build is platform dependent!
[INFO] Compiling 10 source files to /home/ubuntu/ATLAS/apps/apache-tiles/download/4fb4090dcb125facde60212c74f22d4a8134700c/tiles-api/target/classes
[INFO] /home/ubuntu/ATLAS/apps/apache-tiles/download/4fb4090dcb125facde60212c74f22d4a8134700c/tiles-api/src/main/java/org/apache/tiles/BasicAttributeContext.java: /home/ubuntu/ATLAS/apps/apache-tiles/download/4fb4090dcb125facde60212c74f22d4a8134700c/tiles-api/src/main/java/org/apache/tiles/BasicAttributeContext.java uses or overrides a deprecated API.
[INFO] /home/ubuntu/ATLAS/apps/apache-tiles/download/4fb4090dcb125facde60212c74f22d4a8134700c/tiles-api/src/main/java/org/apache/tiles/BasicAttributeContext.java: Recompile with -Xlint:deprecation for details.
[INFO] 
[INFO] --- maven-resources-plugin:2.6:testResources (default-testResources) @ tiles-api ---
[INFO] Not copying test resources
[INFO] 
[INFO] --- maven-compiler-plugin:3.2:testCompile (default-testCompile) @ tiles-api ---
[INFO] Not compiling test sources
[INFO] 
[INFO] --- maven-surefire-plugin:2.17:test (default-test) @ tiles-api ---
[INFO] Tests are skipped.
[INFO] 
[INFO] --- maven-jar-plugin:2.4:jar (default-jar) @ tiles-api ---
[INFO] Building jar: /home/ubuntu/ATLAS/apps/apache-tiles/download/4fb4090dcb125facde60212c74f22d4a8134700c/tiles-api/target/tiles-api-2.1.0-SNAPSHOT.jar
[INFO] 
[INFO] --- maven-install-plugin:2.5.2:install (default-install) @ tiles-api ---
[INFO] Installing /home/ubuntu/ATLAS/apps/apache-tiles/download/4fb4090dcb125facde60212c74f22d4a8134700c/tiles-api/target/tiles-api-2.1.0-SNAPSHOT.jar to /home/ubuntu/.m2/repository/org/apache/tiles/tiles-api/2.1.0-SNAPSHOT/tiles-api-2.1.0-SNAPSHOT.jar
[INFO] Installing /home/ubuntu/ATLAS/apps/apache-tiles/download/4fb4090dcb125facde60212c74f22d4a8134700c/tiles-api/pom.xml to /home/ubuntu/.m2/repository/org/apache/tiles/tiles-api/2.1.0-SNAPSHOT/tiles-api-2.1.0-SNAPSHOT.pom
[INFO]                                                                         
[INFO] ------------------------------------------------------------------------
[INFO] Building Tiles - Core Library 2.1.0-SNAPSHOT
[INFO] ------------------------------------------------------------------------
[INFO] 
[INFO] --- maven-clean-plugin:2.5:clean (default-clean) @ tiles-core ---
[INFO] Deleting /home/ubuntu/ATLAS/apps/apache-tiles/download/4fb4090dcb125facde60212c74f22d4a8134700c/tiles-core/target
[INFO] 
[INFO] --- maven-resources-plugin:2.6:resources (default-resources) @ tiles-core ---
[WARNING] Using platform encoding (UTF-8 actually) to copy filtered resources, i.e. build is platform dependent!
[INFO] Copying 2 resources
[INFO] Copying 2 resources to META-INF
[INFO] 
[INFO] --- maven-compiler-plugin:3.2:compile (default-compile) @ tiles-core ---
[INFO] Changes detected - recompiling the module!
[WARNING] File encoding has not been set, using platform encoding UTF-8, i.e. build is platform dependent!
[INFO] Compiling 89 source files to /home/ubuntu/ATLAS/apps/apache-tiles/download/4fb4090dcb125facde60212c74f22d4a8134700c/tiles-core/target/classes
[INFO] -------------------------------------------------------------
[ERROR] COMPILATION ERROR : 
[INFO] -------------------------------------------------------------
[ERROR] /home/ubuntu/ATLAS/apps/apache-tiles/download/4fb4090dcb125facde60212c74f22d4a8134700c/tiles-core/src/main/java/org/apache/tiles/evaluator/el/ELAttributeEvaluator.java:[34,34] cannot find symbol
  symbol:   class TilesApplicationContextAware
  location: package org.apache.tiles.awareness
[ERROR] /home/ubuntu/ATLAS/apps/apache-tiles/download/4fb4090dcb125facde60212c74f22d4a8134700c/tiles-core/src/main/java/org/apache/tiles/evaluator/el/ELAttributeEvaluator.java:[52,9] cannot find symbol
  symbol: class TilesApplicationContextAware
[INFO] 2 errors 
[INFO] -------------------------------------------------------------
[INFO] ------------------------------------------------------------------------
[INFO] Reactor Summary:
[INFO] 
[INFO] Tiles 2 ............................................ SUCCESS [  0.708 s]
[INFO] Tiles - API ........................................ SUCCESS [  1.899 s]
[INFO] Tiles - Core Library ............................... FAILURE [  1.367 s]
[INFO] ------------------------------------------------------------------------
[INFO] BUILD FAILURE
[INFO] ------------------------------------------------------------------------
[INFO] Total time: 4.275 s
[INFO] Finished at: 2019-12-04T09:33:57+00:00
[INFO] Final Memory: 18M/210M
[INFO] ------------------------------------------------------------------------
[ERROR] Failed to execute goal org.apache.maven.plugins:maven-compiler-plugin:3.2:compile (default-compile) on project tiles-core: Compilation failure: Compilation failure:
[ERROR] /home/ubuntu/ATLAS/apps/apache-tiles/download/4fb4090dcb125facde60212c74f22d4a8134700c/tiles-core/src/main/java/org/apache/tiles/evaluator/el/ELAttributeEvaluator.java:[34,34] cannot find symbol
[ERROR] symbol:   class TilesApplicationContextAware
[ERROR] location: package org.apache.tiles.awareness
[ERROR] /home/ubuntu/ATLAS/apps/apache-tiles/download/4fb4090dcb125facde60212c74f22d4a8134700c/tiles-core/src/main/java/org/apache/tiles/evaluator/el/ELAttributeEvaluator.java:[52,9] cannot find symbol
[ERROR] symbol: class TilesApplicationContextAware
[ERROR] -> [Help 1]
[ERROR] 
[ERROR] To see the full stack trace of the errors, re-run Maven with the -e switch.
[ERROR] Re-run Maven using the -X switch to enable full debug logging.
[ERROR] 
[ERROR] For more information about the errors and possible solutions, please read the following articles:
[ERROR] [Help 1] http://cwiki.apache.org/confluence/display/MAVEN/MojoFailureException
[ERROR] 
[ERROR] After correcting the problems, you can resume the build with the command
[ERROR]   mvn <goals> -rf :tiles-core
[INFO] Scanning for projects...
[WARNING] 
[WARNING] Some problems were encountered while building the effective model for org.apache.tiles:tiles-api:jar:2.1.0-SNAPSHOT
[WARNING] The expression ${pom.version} is deprecated. Please use ${project.version} instead.
[WARNING] The expression ${pom.version} is deprecated. Please use ${project.version} instead.
[WARNING] 
[WARNING] Some problems were encountered while building the effective model for org.apache.tiles:tiles-core:jar:2.1.0-SNAPSHOT
[WARNING] 'build.plugins.plugin.version' for org.apache.maven.plugins:maven-jar-plugin is missing. @ org.apache.tiles:tiles-core:[unknown-version], /home/ubuntu/ATLAS/apps/apache-tiles/download/4fb4090dcb125facde60212c74f22d4a8134700c/tiles-core/pom.xml, line 68, column 15
[WARNING] The expression ${pom.version} is deprecated. Please use ${project.version} instead.
[WARNING] The expression ${pom.version} is deprecated. Please use ${project.version} instead.
[WARNING] The expression ${pom.version} is deprecated. Please use ${project.version} instead.
[WARNING] 
[WARNING] Some problems were encountered while building the effective model for org.apache.tiles:tiles-jsp:jar:2.1.0-SNAPSHOT
[WARNING] 'build.plugins.plugin.version' for org.apache.maven.plugins:maven-jar-plugin is missing. @ org.apache.tiles:tiles-jsp:[unknown-version], /home/ubuntu/ATLAS/apps/apache-tiles/download/4fb4090dcb125facde60212c74f22d4a8134700c/tiles-jsp/pom.xml, line 68, column 15
[WARNING] The expression ${pom.version} is deprecated. Please use ${project.version} instead.
[WARNING] The expression ${pom.version} is deprecated. Please use ${project.version} instead.
[WARNING] The expression ${pom.version} is deprecated. Please use ${project.version} instead.
[WARNING] 
[WARNING] Some problems were encountered while building the effective model for org.apache.tiles:tiles-compat:jar:2.1.0-SNAPSHOT
[WARNING] 'build.plugins.plugin.version' for org.apache.maven.plugins:maven-jar-plugin is missing. @ org.apache.tiles:tiles-compat:[unknown-version], /home/ubuntu/ATLAS/apps/apache-tiles/download/4fb4090dcb125facde60212c74f22d4a8134700c/tiles-compat/pom.xml, line 68, column 15
[WARNING] The expression ${pom.version} is deprecated. Please use ${project.version} instead.
[WARNING] The expression ${pom.version} is deprecated. Please use ${project.version} instead.
[WARNING] The expression ${pom.version} is deprecated. Please use ${project.version} instead.
[WARNING] The expression ${pom.version} is deprecated. Please use ${project.version} instead.
[WARNING] 
[WARNING] Some problems were encountered while building the effective model for org.apache.tiles:tiles-test:war:2.1.0-SNAPSHOT
[WARNING] 'build.plugins.plugin.version' for org.codehaus.cargo:cargo-maven2-plugin is missing. @ org.apache.tiles:tiles-test:[unknown-version], /home/ubuntu/ATLAS/apps/apache-tiles/download/4fb4090dcb125facde60212c74f22d4a8134700c/tiles-test/pom.xml, line 105, column 20
[WARNING] The expression ${pom.artifactId} is deprecated. Please use ${project.artifactId} instead.
[WARNING] The expression ${pom.groupId} is deprecated. Please use ${project.groupId} instead.
[WARNING] The expression ${pom.version} is deprecated. Please use ${project.version} instead.
[WARNING] The expression ${pom.groupId} is deprecated. Please use ${project.groupId} instead.
[WARNING] The expression ${pom.groupId} is deprecated. Please use ${project.groupId} instead.
[WARNING] The expression ${pom.version} is deprecated. Please use ${project.version} instead.
[WARNING] The expression ${pom.groupId} is deprecated. Please use ${project.groupId} instead.
[WARNING] The expression ${pom.version} is deprecated. Please use ${project.version} instead.
[WARNING] The expression ${pom.version} is deprecated. Please use ${project.version} instead.
[WARNING] The expression ${artifactId} is deprecated. Please use ${project.artifactId} instead.
[WARNING] The expression ${artifactId} is deprecated. Please use ${project.artifactId} instead.
[WARNING] 
[WARNING] Some problems were encountered while building the effective model for org.apache.tiles:tiles-assembly:pom:2.1.0-SNAPSHOT
[WARNING] The expression ${pom.version} is deprecated. Please use ${project.version} instead.
[WARNING] The expression ${pom.version} is deprecated. Please use ${project.version} instead.
[WARNING] The expression ${pom.version} is deprecated. Please use ${project.version} instead.
[WARNING] The expression ${pom.version} is deprecated. Please use ${project.version} instead.
[WARNING] The expression ${pom.version} is deprecated. Please use ${project.version} instead.
[WARNING] The expression ${pom.version} is deprecated. Please use ${project.version} instead.
[WARNING] The expression ${pom.version} is deprecated. Please use ${project.version} instead.
[WARNING] The expression ${pom.version} is deprecated. Please use ${project.version} instead.
[WARNING] The expression ${pom.version} is deprecated. Please use ${project.version} instead.
[WARNING] The expression ${version} is deprecated. Please use ${project.version} instead.
[WARNING] 
[WARNING] Some problems were encountered while building the effective model for org.apache.tiles:tiles-parent:pom:2.1.0-SNAPSHOT
[WARNING] The expression ${pom.version} is deprecated. Please use ${project.version} instead.
[WARNING] The expression ${pom.version} is deprecated. Please use ${project.version} instead.
[WARNING] 
[WARNING] It is highly recommended to fix these problems because they threaten the stability of your build.
[WARNING] 
[WARNING] For this reason, future Maven versions might no longer support building such malformed projects.
[WARNING] 
[INFO] ------------------------------------------------------------------------
[INFO] Reactor Build Order:
[INFO] 
[INFO] Tiles 2
[INFO] Tiles - API
[INFO] Tiles - Core Library
[INFO]                                                                         
[INFO] ------------------------------------------------------------------------
[INFO] Building Tiles 2 2.1.0-SNAPSHOT
[INFO] ------------------------------------------------------------------------
[INFO] 
[INFO] --- maven-clean-plugin:2.5:clean (default-clean) @ tiles-parent ---
[INFO] 
[INFO] --- maven-install-plugin:2.5.2:install (default-install) @ tiles-parent ---
[INFO] Installing /home/ubuntu/ATLAS/apps/apache-tiles/download/4fb4090dcb125facde60212c74f22d4a8134700c/pom.xml to /home/ubuntu/.m2/repository/org/apache/tiles/tiles-parent/2.1.0-SNAPSHOT/tiles-parent-2.1.0-SNAPSHOT.pom
[INFO]                                                                         
[INFO] ------------------------------------------------------------------------
[INFO] Building Tiles - API 2.1.0-SNAPSHOT
[INFO] ------------------------------------------------------------------------
[INFO] 
[INFO] --- maven-clean-plugin:2.5:clean (default-clean) @ tiles-api ---
[INFO] Deleting /home/ubuntu/ATLAS/apps/apache-tiles/download/4fb4090dcb125facde60212c74f22d4a8134700c/tiles-api/target
[INFO] 
[INFO] --- maven-resources-plugin:2.6:resources (default-resources) @ tiles-api ---
[WARNING] Using platform encoding (UTF-8 actually) to copy filtered resources, i.e. build is platform dependent!
[INFO] Copying 0 resource
[INFO] Copying 2 resources to META-INF
[INFO] 
[INFO] --- maven-compiler-plugin:3.2:compile (default-compile) @ tiles-api ---
[INFO] Changes detected - recompiling the module!
[WARNING] File encoding has not been set, using platform encoding UTF-8, i.e. build is platform dependent!
[INFO] Compiling 10 source files to /home/ubuntu/ATLAS/apps/apache-tiles/download/4fb4090dcb125facde60212c74f22d4a8134700c/tiles-api/target/classes
[INFO] /home/ubuntu/ATLAS/apps/apache-tiles/download/4fb4090dcb125facde60212c74f22d4a8134700c/tiles-api/src/main/java/org/apache/tiles/BasicAttributeContext.java: /home/ubuntu/ATLAS/apps/apache-tiles/download/4fb4090dcb125facde60212c74f22d4a8134700c/tiles-api/src/main/java/org/apache/tiles/BasicAttributeContext.java uses or overrides a deprecated API.
[INFO] /home/ubuntu/ATLAS/apps/apache-tiles/download/4fb4090dcb125facde60212c74f22d4a8134700c/tiles-api/src/main/java/org/apache/tiles/BasicAttributeContext.java: Recompile with -Xlint:deprecation for details.
[INFO] 
[INFO] --- maven-resources-plugin:2.6:testResources (default-testResources) @ tiles-api ---
[INFO] Not copying test resources
[INFO] 
[INFO] --- maven-compiler-plugin:3.2:testCompile (default-testCompile) @ tiles-api ---
[INFO] Not compiling test sources
[INFO] 
[INFO] --- maven-surefire-plugin:2.17:test (default-test) @ tiles-api ---
[INFO] Tests are skipped.
[INFO] 
[INFO] --- maven-jar-plugin:2.4:jar (default-jar) @ tiles-api ---
[INFO] Building jar: /home/ubuntu/ATLAS/apps/apache-tiles/download/4fb4090dcb125facde60212c74f22d4a8134700c/tiles-api/target/tiles-api-2.1.0-SNAPSHOT.jar
[INFO] 
[INFO] --- maven-install-plugin:2.5.2:install (default-install) @ tiles-api ---
[INFO] Installing /home/ubuntu/ATLAS/apps/apache-tiles/download/4fb4090dcb125facde60212c74f22d4a8134700c/tiles-api/target/tiles-api-2.1.0-SNAPSHOT.jar to /home/ubuntu/.m2/repository/org/apache/tiles/tiles-api/2.1.0-SNAPSHOT/tiles-api-2.1.0-SNAPSHOT.jar
[INFO] Installing /home/ubuntu/ATLAS/apps/apache-tiles/download/4fb4090dcb125facde60212c74f22d4a8134700c/tiles-api/pom.xml to /home/ubuntu/.m2/repository/org/apache/tiles/tiles-api/2.1.0-SNAPSHOT/tiles-api-2.1.0-SNAPSHOT.pom
[INFO]                                                                         
[INFO] ------------------------------------------------------------------------
[INFO] Building Tiles - Core Library 2.1.0-SNAPSHOT
[INFO] ------------------------------------------------------------------------
[INFO] 
[INFO] --- maven-clean-plugin:2.5:clean (default-clean) @ tiles-core ---
[INFO] Deleting /home/ubuntu/ATLAS/apps/apache-tiles/download/4fb4090dcb125facde60212c74f22d4a8134700c/tiles-core/target
[INFO] 
[INFO] --- maven-resources-plugin:2.6:resources (default-resources) @ tiles-core ---
[WARNING] Using platform encoding (UTF-8 actually) to copy filtered resources, i.e. build is platform dependent!
[INFO] Copying 2 resources
[INFO] Copying 2 resources to META-INF
[INFO] 
[INFO] --- maven-compiler-plugin:3.2:compile (default-compile) @ tiles-core ---
[INFO] Changes detected - recompiling the module!
[WARNING] File encoding has not been set, using platform encoding UTF-8, i.e. build is platform dependent!
[INFO] Compiling 89 source files to /home/ubuntu/ATLAS/apps/apache-tiles/download/4fb4090dcb125facde60212c74f22d4a8134700c/tiles-core/target/classes
[INFO] -------------------------------------------------------------
[ERROR] COMPILATION ERROR : 
[INFO] -------------------------------------------------------------
[ERROR] /home/ubuntu/ATLAS/apps/apache-tiles/download/4fb4090dcb125facde60212c74f22d4a8134700c/tiles-core/src/main/java/org/apache/tiles/evaluator/el/ELAttributeEvaluator.java:[34,34] cannot find symbol
  symbol:   class TilesApplicationContextAware
  location: package org.apache.tiles.awareness
[ERROR] /home/ubuntu/ATLAS/apps/apache-tiles/download/4fb4090dcb125facde60212c74f22d4a8134700c/tiles-core/src/main/java/org/apache/tiles/evaluator/el/ELAttributeEvaluator.java:[52,9] cannot find symbol
  symbol: class TilesApplicationContextAware
[INFO] 2 errors 
[INFO] -------------------------------------------------------------
[INFO] ------------------------------------------------------------------------
[INFO] Reactor Summary:
[INFO] 
[INFO] Tiles 2 ............................................ SUCCESS [  0.691 s]
[INFO] Tiles - API ........................................ SUCCESS [  1.879 s]
[INFO] Tiles - Core Library ............................... FAILURE [  1.490 s]
[INFO] ------------------------------------------------------------------------
[INFO] BUILD FAILURE
[INFO] ------------------------------------------------------------------------
[INFO] Total time: 4.392 s
[INFO] Finished at: 2019-12-04T09:34:04+00:00
[INFO] Final Memory: 19M/210M
[INFO] ------------------------------------------------------------------------
[ERROR] Failed to execute goal org.apache.maven.plugins:maven-compiler-plugin:3.2:compile (default-compile) on project tiles-core: Compilation failure: Compilation failure:
[ERROR] /home/ubuntu/ATLAS/apps/apache-tiles/download/4fb4090dcb125facde60212c74f22d4a8134700c/tiles-core/src/main/java/org/apache/tiles/evaluator/el/ELAttributeEvaluator.java:[34,34] cannot find symbol
[ERROR] symbol:   class TilesApplicationContextAware
[ERROR] location: package org.apache.tiles.awareness
[ERROR] /home/ubuntu/ATLAS/apps/apache-tiles/download/4fb4090dcb125facde60212c74f22d4a8134700c/tiles-core/src/main/java/org/apache/tiles/evaluator/el/ELAttributeEvaluator.java:[52,9] cannot find symbol
[ERROR] symbol: class TilesApplicationContextAware
[ERROR] -> [Help 1]
[ERROR] 
[ERROR] To see the full stack trace of the errors, re-run Maven with the -e switch.
[ERROR] Re-run Maven using the -X switch to enable full debug logging.
[ERROR] 
[ERROR] For more information about the errors and possible solutions, please read the following articles:
[ERROR] [Help 1] http://cwiki.apache.org/confluence/display/MAVEN/MojoFailureException
[ERROR] 
[ERROR] After correcting the problems, you can resume the build with the command
[ERROR]   mvn <goals> -rf :tiles-core
(mvn clean compile -DskipTests -Denforcer.skip=true -Drat.skip=true -Dmaven.test.skip=true -Dmaven.site.skip=true -Dmaven.javadoc.skip=true -Dcheckstyle.skip=true -Dpmd.skip=true -Dfindbugs.skip=true -pl tiles-core -am)  || (mvn clean install -DskipTests -Denforcer.skip=true -Drat.skip=true -Dmaven.test.skip=true -Dmaven.site.skip=true -Dmaven.javadoc.skip=true -Dcheckstyle.skip=true -Dpmd.skip=true -Dfindbugs.skip=true -pl tiles-core -am) || (sed -i -- 's/1-SNAPSHOT/1/g' pom.xml ; sed -i -- 's/4-SNAPSHOT/4/g' pom.xml ; mvn clean install -DskipTests -Denforcer.skip=true -Drat.skip=true -Dmaven.test.skip=true -Dmaven.site.skip=true -Dmaven.javadoc.skip=true -Dcheckstyle.skip=true -Dpmd.skip=true -Dfindbugs.skip=true -pl tiles-core -am)
0.303s delay before adding the failure to the log file
There are 5 choices for the alternative javac (providing /usr/bin/javac).

  Selection    Path                                                Priority   Status
------------------------------------------------------------
  0            /usr/lib/jvm/java-8-openjdk-amd64/bin/javac          1081      auto mode
  1            /home/ubuntu/ATLAS/external/jdk/j2sdk1.4/bin/javac   1         manual mode
  2            /home/ubuntu/ATLAS/external/jdk/jdk1.5/bin/javac     1         manual mode
  3            /home/ubuntu/ATLAS/external/jdk/jdk1.6/bin/javac     1         manual mode
* 4            /usr/lib/jvm/java-7-openjdk-amd64/bin/javac          1071      manual mode
  5            /usr/lib/jvm/java-8-openjdk-amd64/bin/javac          1081      manual mode

Press <enter> to keep the current choice[*], or type selection number: update-alternatives: using /home/ubuntu/ATLAS/external/jdk/jdk1.6/bin/javac to provide /usr/bin/javac (javac) in manual mode
There are 5 choices for the alternative java (providing /usr/bin/java).

  Selection    Path                                               Priority   Status
------------------------------------------------------------
  0            /usr/lib/jvm/java-8-openjdk-amd64/jre/bin/java      1081      auto mode
  1            /home/ubuntu/ATLAS/external/jdk/j2sdk1.4/bin/java   1         manual mode
  2            /home/ubuntu/ATLAS/external/jdk/jdk1.5/bin/java     1         manual mode
  3            /home/ubuntu/ATLAS/external/jdk/jdk1.6/bin/java     1         manual mode
* 4            /usr/lib/jvm/java-7-openjdk-amd64/jre/bin/java      1071      manual mode
  5            /usr/lib/jvm/java-8-openjdk-amd64/jre/bin/java      1081      manual mode

Press <enter> to keep the current choice[*], or type selection number: update-alternatives: using /home/ubuntu/ATLAS/external/jdk/jdk1.6/bin/java to provide /usr/bin/java (java) in manual mode
Compile apache-tiles 4fb4090dcb125facde60212c74f22d4a8134700c:
(mvn clean compile -DskipTests -Denforcer.skip=true -Drat.skip=true -Dmaven.test.skip=true -Dmaven.site.skip=true -Dmaven.javadoc.skip=true -Dcheckstyle.skip=true -Dpmd.skip=true -Dfindbugs.skip=true -pl tiles-core -am)  || (mvn clean install -DskipTests -Denforcer.skip=true -Drat.skip=true -Dmaven.test.skip=true -Dmaven.site.skip=true -Dmaven.javadoc.skip=true -Dcheckstyle.skip=true -Dpmd.skip=true -Dfindbugs.skip=true -pl tiles-core -am) || (sed -i -- 's/1-SNAPSHOT/1/g' pom.xml ; sed -i -- 's/4-SNAPSHOT/4/g' pom.xml ; mvn clean install -DskipTests -Denforcer.skip=true -Drat.skip=true -Dmaven.test.skip=true -Dmaven.site.skip=true -Dmaven.javadoc.skip=true -Dcheckstyle.skip=true -Dpmd.skip=true -Dfindbugs.skip=true -pl tiles-core -am)
0.331s delay before adding the failure to the log file
There are 5 choices for the alternative javac (providing /usr/bin/javac).

  Selection    Path                                                Priority   Status
------------------------------------------------------------
  0            /usr/lib/jvm/java-8-openjdk-amd64/bin/javac          1081      auto mode
  1            /home/ubuntu/ATLAS/external/jdk/j2sdk1.4/bin/javac   1         manual mode
  2            /home/ubuntu/ATLAS/external/jdk/jdk1.5/bin/javac     1         manual mode
* 3            /home/ubuntu/ATLAS/external/jdk/jdk1.6/bin/javac     1         manual mode
  4            /usr/lib/jvm/java-7-openjdk-amd64/bin/javac          1071      manual mode
  5            /usr/lib/jvm/java-8-openjdk-amd64/bin/javac          1081      manual mode

Press <enter> to keep the current choice[*], or type selection number: update-alternatives: using /usr/lib/jvm/java-8-openjdk-amd64/bin/javac to provide /usr/bin/javac (javac) in auto mode
There are 5 choices for the alternative java (providing /usr/bin/java).

  Selection    Path                                               Priority   Status
------------------------------------------------------------
  0            /usr/lib/jvm/java-8-openjdk-amd64/jre/bin/java      1081      auto mode
  1            /home/ubuntu/ATLAS/external/jdk/j2sdk1.4/bin/java   1         manual mode
  2            /home/ubuntu/ATLAS/external/jdk/jdk1.5/bin/java     1         manual mode
* 3            /home/ubuntu/ATLAS/external/jdk/jdk1.6/bin/java     1         manual mode
  4            /usr/lib/jvm/java-7-openjdk-amd64/jre/bin/java      1071      manual mode
  5            /usr/lib/jvm/java-8-openjdk-amd64/jre/bin/java      1081      manual mode

Press <enter> to keep the current choice[*], or type selection number: update-alternatives: using /usr/lib/jvm/java-8-openjdk-amd64/jre/bin/java to provide /usr/bin/java (java) in auto mode
