There are 5 choices for the alternative javac (providing /usr/bin/javac).

  Selection    Path                                                Priority   Status
------------------------------------------------------------
* 0            /usr/lib/jvm/java-8-openjdk-amd64/bin/javac          1081      auto mode
  1            /home/ubuntu/ATLAS/external/jdk/j2sdk1.4/bin/javac   1         manual mode
  2            /home/ubuntu/ATLAS/external/jdk/jdk1.5/bin/javac     1         manual mode
  3            /home/ubuntu/ATLAS/external/jdk/jdk1.6/bin/javac     1         manual mode
  4            /usr/lib/jvm/java-7-openjdk-amd64/bin/javac          1071      manual mode
  5            /usr/lib/jvm/java-8-openjdk-amd64/bin/javac          1081      manual mode

Press <enter> to keep the current choice[*], or type selection number: There are 5 choices for the alternative java (providing /usr/bin/java).

  Selection    Path                                               Priority   Status
------------------------------------------------------------
* 0            /usr/lib/jvm/java-8-openjdk-amd64/jre/bin/java      1081      auto mode
  1            /home/ubuntu/ATLAS/external/jdk/j2sdk1.4/bin/java   1         manual mode
  2            /home/ubuntu/ATLAS/external/jdk/jdk1.5/bin/java     1         manual mode
  3            /home/ubuntu/ATLAS/external/jdk/jdk1.6/bin/java     1         manual mode
  4            /usr/lib/jvm/java-7-openjdk-amd64/jre/bin/java      1071      manual mode
  5            /usr/lib/jvm/java-8-openjdk-amd64/jre/bin/java      1081      manual mode

Press <enter> to keep the current choice[*], or type selection number: There are 5 choices for the alternative javac (providing /usr/bin/javac).

  Selection    Path                                                Priority   Status
------------------------------------------------------------
* 0            /usr/lib/jvm/java-8-openjdk-amd64/bin/javac          1081      auto mode
  1            /home/ubuntu/ATLAS/external/jdk/j2sdk1.4/bin/javac   1         manual mode
  2            /home/ubuntu/ATLAS/external/jdk/jdk1.5/bin/javac     1         manual mode
  3            /home/ubuntu/ATLAS/external/jdk/jdk1.6/bin/javac     1         manual mode
  4            /usr/lib/jvm/java-7-openjdk-amd64/bin/javac          1071      manual mode
  5            /usr/lib/jvm/java-8-openjdk-amd64/bin/javac          1081      manual mode

Press <enter> to keep the current choice[*], or type selection number: There are 5 choices for the alternative javac (providing /usr/bin/javac).

  Selection    Path                                                Priority   Status
------------------------------------------------------------
* 0            /usr/lib/jvm/java-8-openjdk-amd64/bin/javac          1081      auto mode
  1            /home/ubuntu/ATLAS/external/jdk/j2sdk1.4/bin/javac   1         manual mode
  2            /home/ubuntu/ATLAS/external/jdk/jdk1.5/bin/javac     1         manual mode
  3            /home/ubuntu/ATLAS/external/jdk/jdk1.6/bin/javac     1         manual mode
  4            /usr/lib/jvm/java-7-openjdk-amd64/bin/javac          1071      manual mode
  5            /usr/lib/jvm/java-8-openjdk-amd64/bin/javac          1081      manual mode

Press <enter> to keep the current choice[*], or type selection number: There are 5 choices for the alternative java (providing /usr/bin/java).

  Selection    Path                                               Priority   Status
------------------------------------------------------------
* 0            /usr/lib/jvm/java-8-openjdk-amd64/jre/bin/java      1081      auto mode
  1            /home/ubuntu/ATLAS/external/jdk/j2sdk1.4/bin/java   1         manual mode
  2            /home/ubuntu/ATLAS/external/jdk/jdk1.5/bin/java     1         manual mode
  3            /home/ubuntu/ATLAS/external/jdk/jdk1.6/bin/java     1         manual mode
  4            /usr/lib/jvm/java-7-openjdk-amd64/jre/bin/java      1071      manual mode
  5            /usr/lib/jvm/java-8-openjdk-amd64/jre/bin/java      1081      manual mode

Press <enter> to keep the current choice[*], or type selection number: There are 5 choices for the alternative java (providing /usr/bin/java).

  Selection    Path                                               Priority   Status
------------------------------------------------------------
* 0            /usr/lib/jvm/java-8-openjdk-amd64/jre/bin/java      1081      auto mode
  1            /home/ubuntu/ATLAS/external/jdk/j2sdk1.4/bin/java   1         manual mode
  2            /home/ubuntu/ATLAS/external/jdk/jdk1.5/bin/java     1         manual mode
  3            /home/ubuntu/ATLAS/external/jdk/jdk1.6/bin/java     1         manual mode
  4            /usr/lib/jvm/java-7-openjdk-amd64/jre/bin/java      1071      manual mode
  5            /usr/lib/jvm/java-8-openjdk-amd64/jre/bin/java      1081      manual mode

Press <enter> to keep the current choice[*], or type selection number: Compile apache-httpcore 586bfb7efd41ad3d3d718dfed1c36b1601f03cf6:
[INFO] Scanning for projects...
Downloading: https://repo.maven.apache.org/maven2/org/apache/httpcomponents/project/8/project-8.pom
3/35 KB   5/35 KB   8/35 KB   11/35 KB   13/35 KB   16/35 KB   19/35 KB   21/35 KB   24/35 KB   27/35 KB   29/35 KB   32/35 KB   35/35 KB   35/35 KB              Downloaded: https://repo.maven.apache.org/maven2/org/apache/httpcomponents/project/8/project-8.pom (35 KB at 50.1 KB/sec)
Downloading: https://repo.maven.apache.org/maven2/org/apache/felix/maven-bundle-plugin/3.2.0/maven-bundle-plugin-3.2.0.pom
3/9 KB     5/9 KB   8/9 KB   9/9 KB            Downloaded: https://repo.maven.apache.org/maven2/org/apache/felix/maven-bundle-plugin/3.2.0/maven-bundle-plugin-3.2.0.pom (9 KB at 303.0 KB/sec)
Downloading: https://repo.maven.apache.org/maven2/biz/aQute/bnd/biz.aQute.bndlib/3.2.0/biz.aQute.bndlib-3.2.0.pom
2/2 KB            Downloaded: https://repo.maven.apache.org/maven2/biz/aQute/bnd/biz.aQute.bndlib/3.2.0/biz.aQute.bndlib-3.2.0.pom (2 KB at 56.5 KB/sec)
Downloading: https://repo.maven.apache.org/maven2/org/easymock/easymock/3.4/easymock-3.4.pom
3/8 KB   5/8 KB   8/8 KB            Downloaded: https://repo.maven.apache.org/maven2/org/easymock/easymock/3.4/easymock-3.4.pom (8 KB at 237.7 KB/sec)
Downloading: https://repo.maven.apache.org/maven2/org/easymock/easymock-parent/3.4/easymock-parent-3.4.pom
3/17 KB   5/17 KB   8/17 KB   11/17 KB   13/17 KB   16/17 KB   17/17 KB              Downloaded: https://repo.maven.apache.org/maven2/org/easymock/easymock-parent/3.4/easymock-parent-3.4.pom (17 KB at 618.1 KB/sec)
Downloading: https://repo.maven.apache.org/maven2/org/objenesis/objenesis/2.2/objenesis-2.2.pom
3/3 KB     3/3 KB            Downloaded: https://repo.maven.apache.org/maven2/org/objenesis/objenesis/2.2/objenesis-2.2.pom (3 KB at 110.0 KB/sec)
Downloading: https://repo.maven.apache.org/maven2/org/objenesis/objenesis-parent/2.2/objenesis-parent-2.2.pom
3/17 KB   5/17 KB   8/17 KB   11/17 KB   13/17 KB   16/17 KB   17/17 KB              Downloaded: https://repo.maven.apache.org/maven2/org/objenesis/objenesis-parent/2.2/objenesis-parent-2.2.pom (17 KB at 620.8 KB/sec)
Downloading: https://repo.maven.apache.org/maven2/org/apache/maven/maven-core/2.2.0/maven-core-2.2.0.pom
3/11 KB    5/11 KB   8/11 KB   11/11 KB   11/11 KB              Downloaded: https://repo.maven.apache.org/maven2/org/apache/maven/maven-core/2.2.0/maven-core-2.2.0.pom (11 KB at 421.2 KB/sec)
Downloading: https://repo.maven.apache.org/maven2/org/apache/maven/maven-plugin-parameter-documenter/2.2.0/maven-plugin-parameter-documenter-2.2.0.pom
2/2 KB              Downloaded: https://repo.maven.apache.org/maven2/org/apache/maven/maven-plugin-parameter-documenter/2.2.0/maven-plugin-parameter-documenter-2.2.0.pom (2 KB at 73.5 KB/sec)
Downloading: https://repo.maven.apache.org/maven2/org/apache/maven/reporting/maven-reporting-api/2.2.0/maven-reporting-api-2.2.0.pom
2/2 KB            Downloaded: https://repo.maven.apache.org/maven2/org/apache/maven/reporting/maven-reporting-api/2.2.0/maven-reporting-api-2.2.0.pom (2 KB at 82.2 KB/sec)
Downloading: https://repo.maven.apache.org/maven2/org/apache/maven/reporting/maven-reporting/2.2.0/maven-reporting-2.2.0.pom
2/2 KB            Downloaded: https://repo.maven.apache.org/maven2/org/apache/maven/reporting/maven-reporting/2.2.0/maven-reporting-2.2.0.pom (2 KB at 61.3 KB/sec)
Downloading: https://repo.maven.apache.org/maven2/org/apache/maven/maven-error-diagnostics/2.2.0/maven-error-diagnostics-2.2.0.pom
2/2 KB            Downloaded: https://repo.maven.apache.org/maven2/org/apache/maven/maven-error-diagnostics/2.2.0/maven-error-diagnostics-2.2.0.pom (2 KB at 61.8 KB/sec)
Downloading: https://repo.maven.apache.org/maven2/org/apache/maven/maven-plugin-descriptor/2.2.0/maven-plugin-descriptor-2.2.0.pom
3/3 KB            Downloaded: https://repo.maven.apache.org/maven2/org/apache/maven/maven-plugin-descriptor/2.2.0/maven-plugin-descriptor-2.2.0.pom (3 KB at 80.6 KB/sec)
Downloading: https://repo.maven.apache.org/maven2/org/apache/maven/maven-monitor/2.2.0/maven-monitor-2.2.0.pom
2/2 KB            Downloaded: https://repo.maven.apache.org/maven2/org/apache/maven/maven-monitor/2.2.0/maven-monitor-2.2.0.pom (2 KB at 51.1 KB/sec)
Downloading: https://repo.maven.apache.org/maven2/org/apache/felix/maven-bundle-plugin/3.2.0/maven-bundle-plugin-3.2.0.jar
Downloading: https://repo.maven.apache.org/maven2/biz/aQute/bnd/biz.aQute.bndlib/3.2.0/biz.aQute.bndlib-3.2.0.jar
Downloading: https://repo.maven.apache.org/maven2/org/easymock/easymock/3.4/easymock-3.4.jar
Downloading: https://repo.maven.apache.org/maven2/org/objenesis/objenesis/2.2/objenesis-2.2.jar
Downloading: https://repo.maven.apache.org/maven2/org/apache/maven/maven-core/2.2.0/maven-core-2.2.0.jar
3/218 KB   5/218 KB   8/218 KB   11/218 KB   13/218 KB   16/218 KB   19/218 KB   21/218 KB   24/218 KB   27/218 KB   29/218 KB   32/218 KB   36/218 KB   40/218 KB   44/218 KB   48/218 KB   52/218 KB   56/218 KB   60/218 KB   64/218 KB   68/218 KB   72/218 KB   76/218 KB   80/218 KB   84/218 KB   88/218 KB   92/218 KB   96/218 KB   100/218 KB   104/218 KB   108/218 KB   112/218 KB   116/218 KB   120/218 KB   124/218 KB   128/218 KB   132/218 KB   136/218 KB   140/218 KB   3/2319 KB   140/218 KB   3/2319 KB   144/218 KB   5/2319 KB   144/218 KB   8/2319 KB   144/218 KB   8/2319 KB   148/218 KB   8/2319 KB   152/218 KB   8/2319 KB   156/218 KB   11/2319 KB   156/218 KB   11/2319 KB   160/218 KB   13/2319 KB   160/218 KB   13/2319 KB   164/218 KB   13/2319 KB   164/218 KB   3/464 KB   13/2319 KB   168/218 KB   3/464 KB   13/2319 KB   172/218 KB   3/464 KB   13/2319 KB   172/218 KB   5/464 KB   13/2319 KB   176/218 KB   5/464 KB   13/2319 KB   176/218 KB   8/464 KB   13/2319 KB   176/218 KB   11/464 KB   13/2319 KB   176/218 KB   13/464 KB   13/2319 KB   180/218 KB   13/464 KB   13/2319 KB   184/218 KB   13/464 KB   13/2319 KB   188/218 KB   13/464 KB   13/2319 KB   192/218 KB   13/464 KB   13/2319 KB   192/218 KB   3/52 KB   13/464 KB   13/2319 KB   192/218 KB   5/52 KB   13/464 KB   13/2319 KB   192/218 KB   8/52 KB   13/464 KB   13/2319 KB   192/218 KB   11/52 KB   13/464 KB   13/2319 KB   192/218 KB   13/52 KB   13/464 KB   13/2319 KB   196/218 KB   13/52 KB   13/464 KB   13/2319 KB   200/218 KB   13/52 KB   13/464 KB   13/2319 KB   204/218 KB   13/52 KB   13/464 KB   13/2319 KB   208/218 KB   13/52 KB   13/464 KB   16/2319 KB   208/218 KB   13/52 KB   13/464 KB   19/2319 KB   208/218 KB   13/52 KB   13/464 KB   21/2319 KB   212/218 KB   13/52 KB   13/464 KB   24/2319 KB   212/218 KB   13/52 KB   13/464 KB   19/2319 KB   212/218 KB   13/52 KB   13/464 KB   27/2319 KB   212/218 KB   13/52 KB   13/464 KB   27/2319 KB   212/218 KB   13/52 KB   16/464 KB   27/2319 KB   212/218 KB   13/52 KB   19/464 KB   27/2319 KB   212/218 KB   13/52 KB   21/464 KB   27/2319 KB   212/218 KB   13/52 KB   24/464 KB   29/2319 KB   212/218 KB   13/52 KB   24/464 KB   29/2319 KB   212/218 KB   13/52 KB   27/464 KB   32/2319 KB   212/218 KB   13/52 KB   27/464 KB   32/2319 KB   212/218 KB   16/52 KB   29/464 KB   32/2319 KB   212/218 KB   13/52 KB   29/464 KB   32/2319 KB   212/218 KB   19/52 KB   32/464 KB   32/2319 KB   212/218 KB   19/52 KB   32/464 KB   32/2319 KB   212/218 KB   21/52 KB   32/464 KB   32/2319 KB   212/218 KB   24/52 KB   32/464 KB   32/2319 KB   216/218 KB   27/52 KB   32/464 KB   32/2319 KB   216/218 KB   29/52 KB   32/464 KB   32/2319 KB   216/218 KB   32/52 KB   32/464 KB   32/2319 KB   216/218 KB   27/52 KB   32/464 KB   32/2319 KB   218/218 KB   32/52 KB   32/464 KB   36/2319 KB   218/218 KB   32/52 KB   32/464 KB   40/2319 KB   218/218 KB   32/52 KB   32/464 KB   44/2319 KB   218/218 KB   32/52 KB   32/464 KB   44/2319 KB   218/218 KB   32/52 KB   36/464 KB   44/2319 KB   218/218 KB   32/52 KB   40/464 KB   44/2319 KB   218/218 KB   32/52 KB   44/464 KB   44/2319 KB   218/218 KB   32/52 KB   48/464 KB   44/2319 KB   218/218 KB   32/52 KB   52/464 KB   44/2319 KB   218/218 KB   32/52 KB   56/464 KB   44/2319 KB   218/218 KB   32/52 KB   60/464 KB   44/2319 KB   218/218 KB   32/52 KB   64/464 KB   44/2319 KB   218/218 KB   32/52 KB   68/464 KB   44/2319 KB   218/218 KB   36/52 KB   68/464 KB   44/2319 KB   218/218 KB   40/52 KB   68/464 KB   44/2319 KB   218/218 KB   44/52 KB   68/464 KB   44/2319 KB   218/218 KB   48/52 KB   68/464 KB   44/2319 KB   218/218 KB   52/52 KB   68/464 KB   48/2319 KB   218/218 KB   52/52 KB   68/464 KB   52/2319 KB   218/218 KB   52/52 KB   68/464 KB                                                    Downloaded: https://repo.maven.apache.org/maven2/org/apache/felix/maven-bundle-plugin/3.2.0/maven-bundle-plugin-3.2.0.jar (218 KB at 3456.3 KB/sec)
Downloading: https://repo.maven.apache.org/maven2/org/apache/maven/maven-plugin-parameter-documenter/2.2.0/maven-plugin-parameter-documenter-2.2.0.jar
56/2319 KB   52/52 KB   68/464 KB                60/2319 KB   52/52 KB   68/464 KB   64/2319 KB   52/52 KB   68/464 KB   68/2319 KB   52/52 KB   68/464 KB   68/2319 KB   52/52 KB   72/464 KB   68/2319 KB   52/52 KB   76/464 KB   68/2319 KB   3/172 KB   52/52 KB   76/464 KB   68/2319 KB   5/172 KB   52/52 KB   76/464 KB   68/2319 KB   8/172 KB   52/52 KB   76/464 KB   68/2319 KB   11/172 KB   52/52 KB   76/464 KB   68/2319 KB   13/172 KB   52/52 KB   76/464 KB   68/2319 KB   13/172 KB   52/52 KB   80/464 KB   68/2319 KB   13/172 KB   52/52 KB   84/464 KB   68/2319 KB   13/172 KB   52/52 KB   88/464 KB   68/2319 KB   13/172 KB   52/52 KB   92/464 KB   68/2319 KB   13/172 KB   52/52 KB   96/464 KB                                                   Downloaded: https://repo.maven.apache.org/maven2/org/objenesis/objenesis/2.2/objenesis-2.2.jar (52 KB at 766.3 KB/sec)
Downloading: https://repo.maven.apache.org/maven2/org/apache/maven/reporting/maven-reporting-api/2.2.0/maven-reporting-api-2.2.0.jar
72/2319 KB   13/172 KB   96/464 KB              76/2319 KB   13/172 KB   96/464 KB   80/2319 KB   13/172 KB   96/464 KB   80/2319 KB   16/172 KB   96/464 KB   80/2319 KB   19/172 KB   96/464 KB   80/2319 KB   21/172 KB   96/464 KB   80/2319 KB   24/172 KB   96/464 KB   80/2319 KB   27/172 KB   96/464 KB   80/2319 KB   29/172 KB   96/464 KB   80/2319 KB   32/172 KB   96/464 KB   80/2319 KB   4/22 KB   32/172 KB   96/464 KB   80/2319 KB   8/22 KB   32/172 KB   96/464 KB   80/2319 KB   12/22 KB   32/172 KB   96/464 KB   80/2319 KB   16/22 KB   32/172 KB   96/464 KB   80/2319 KB   20/22 KB   32/172 KB   96/464 KB   80/2319 KB   22/22 KB   32/172 KB   96/464 KB   84/2319 KB   22/22 KB   32/172 KB   96/464 KB   88/2319 KB   22/22 KB   32/172 KB   96/464 KB   92/2319 KB   22/22 KB   32/172 KB   96/464 KB   92/2319 KB   22/22 KB   36/172 KB   96/464 KB   92/2319 KB   22/22 KB   40/172 KB   96/464 KB   92/2319 KB   22/22 KB   44/172 KB   96/464 KB   92/2319 KB   22/22 KB   48/172 KB   96/464 KB   92/2319 KB   22/22 KB   52/172 KB   96/464 KB   92/2319 KB   22/22 KB   56/172 KB   96/464 KB   92/2319 KB   22/22 KB   60/172 KB   96/464 KB   92/2319 KB   22/22 KB   64/172 KB   96/464 KB   92/2319 KB   22/22 KB   64/172 KB   96/464 KB   4/10 KB   92/2319 KB   22/22 KB   64/172 KB   96/464 KB   8/10 KB   92/2319 KB   22/22 KB   64/172 KB   96/464 KB   10/10 KB   92/2319 KB   22/22 KB   64/172 KB   100/464 KB   10/10 KB   92/2319 KB   22/22 KB   64/172 KB   104/464 KB   10/10 KB   92/2319 KB   22/22 KB   64/172 KB   108/464 KB   10/10 KB   92/2319 KB   22/22 KB   64/172 KB   112/464 KB   10/10 KB   96/2319 KB   22/22 KB   64/172 KB   112/464 KB   10/10 KB   100/2319 KB   22/22 KB   64/172 KB   112/464 KB   10/10 KB   104/2319 KB   22/22 KB   64/172 KB   112/464 KB   10/10 KB   108/2319 KB   22/22 KB   64/172 KB   112/464 KB   10/10 KB   112/2319 KB   22/22 KB   64/172 KB   112/464 KB   10/10 KB   116/2319 KB   22/22 KB   64/172 KB   112/464 KB   10/10 KB   120/2319 KB   22/22 KB   64/172 KB   112/464 KB   10/10 KB   124/2319 KB   22/22 KB   64/172 KB   112/464 KB   10/10 KB   128/2319 KB   22/22 KB   64/172 KB   112/464 KB   10/10 KB   132/2319 KB   22/22 KB   64/172 KB   112/464 KB   10/10 KB   136/2319 KB   22/22 KB   64/172 KB   112/464 KB   10/10 KB   140/2319 KB   22/22 KB   64/172 KB   112/464 KB   10/10 KB   144/2319 KB   22/22 KB   64/172 KB   112/464 KB   10/10 KB                                                                Downloaded: https://repo.maven.apache.org/maven2/org/apache/maven/maven-plugin-parameter-documenter/2.2.0/maven-plugin-parameter-documenter-2.2.0.jar (22 KB at 252.0 KB/sec)
Downloading: https://repo.maven.apache.org/maven2/org/apache/maven/maven-error-diagnostics/2.2.0/maven-error-diagnostics-2.2.0.jar
144/2319 KB   64/172 KB   116/464 KB   10/10 KB              144/2319 KB   64/172 KB   120/464 KB   10/10 KB   144/2319 KB   64/172 KB   124/464 KB   10/10 KB   144/2319 KB   64/172 KB   128/464 KB   10/10 KB   144/2319 KB   68/172 KB   128/464 KB   10/10 KB   144/2319 KB   72/172 KB   128/464 KB   10/10 KB   144/2319 KB   76/172 KB   128/464 KB   10/10 KB   144/2319 KB   80/172 KB   128/464 KB   10/10 KB   144/2319 KB   84/172 KB   128/464 KB   10/10 KB   144/2319 KB   88/172 KB   128/464 KB   10/10 KB   144/2319 KB   92/172 KB   128/464 KB   10/10 KB   144/2319 KB   96/172 KB   128/464 KB   10/10 KB   144/2319 KB   100/172 KB   128/464 KB   10/10 KB   144/2319 KB   104/172 KB   128/464 KB   10/10 KB   144/2319 KB   108/172 KB   128/464 KB   10/10 KB   144/2319 KB   112/172 KB   128/464 KB   10/10 KB                                                      Downloaded: https://repo.maven.apache.org/maven2/org/apache/maven/reporting/maven-reporting-api/2.2.0/maven-reporting-api-2.2.0.jar (10 KB at 102.7 KB/sec)
Downloading: https://repo.maven.apache.org/maven2/org/apache/maven/maven-plugin-descriptor/2.2.0/maven-plugin-descriptor-2.2.0.jar
144/2319 KB   112/172 KB   132/464 KB              144/2319 KB   112/172 KB   136/464 KB   144/2319 KB   112/172 KB   140/464 KB   144/2319 KB   112/172 KB   144/464 KB   144/2319 KB   112/172 KB   4/13 KB   144/464 KB   144/2319 KB   112/172 KB   8/13 KB   144/464 KB   144/2319 KB   112/172 KB   12/13 KB   144/464 KB   144/2319 KB   112/172 KB   13/13 KB   144/464 KB   148/2319 KB   112/172 KB   13/13 KB   144/464 KB   152/2319 KB   112/172 KB   13/13 KB   144/464 KB   156/2319 KB   112/172 KB   13/13 KB   144/464 KB   160/2319 KB   112/172 KB   13/13 KB   144/464 KB   164/2319 KB   112/172 KB   13/13 KB   144/464 KB   168/2319 KB   112/172 KB   13/13 KB   144/464 KB   172/2319 KB   112/172 KB   13/13 KB   144/464 KB   176/2319 KB   112/172 KB   13/13 KB   144/464 KB   180/2319 KB   112/172 KB   13/13 KB   144/464 KB   184/2319 KB   112/172 KB   13/13 KB   144/464 KB   188/2319 KB   112/172 KB   13/13 KB   144/464 KB   192/2319 KB   112/172 KB   13/13 KB   144/464 KB   192/2319 KB   112/172 KB   13/13 KB   4/39 KB   144/464 KB   192/2319 KB   112/172 KB   13/13 KB   8/39 KB   144/464 KB   192/2319 KB   112/172 KB   13/13 KB   12/39 KB   144/464 KB   192/2319 KB   112/172 KB   13/13 KB   16/39 KB   144/464 KB   192/2319 KB   112/172 KB   13/13 KB   20/39 KB   144/464 KB   192/2319 KB   112/172 KB   13/13 KB   24/39 KB   144/464 KB   192/2319 KB   112/172 KB   13/13 KB   28/39 KB   144/464 KB   192/2319 KB   112/172 KB   13/13 KB   32/39 KB   144/464 KB   192/2319 KB   112/172 KB   13/13 KB   36/39 KB   144/464 KB   192/2319 KB   112/172 KB   13/13 KB   39/39 KB   144/464 KB                                                                 Downloaded: https://repo.maven.apache.org/maven2/org/apache/maven/maven-error-diagnostics/2.2.0/maven-error-diagnostics-2.2.0.jar (13 KB at 117.7 KB/sec)
Downloading: https://repo.maven.apache.org/maven2/org/apache/maven/maven-monitor/2.2.0/maven-monitor-2.2.0.jar
192/2319 KB   112/172 KB   39/39 KB   148/464 KB              192/2319 KB   112/172 KB   39/39 KB   152/464 KB   192/2319 KB   112/172 KB   39/39 KB   156/464 KB   192/2319 KB   112/172 KB   39/39 KB   160/464 KB   192/2319 KB   112/172 KB   39/39 KB   164/464 KB   192/2319 KB   112/172 KB   39/39 KB   168/464 KB   192/2319 KB   112/172 KB   39/39 KB   172/464 KB   192/2319 KB   112/172 KB   39/39 KB   176/464 KB   192/2319 KB   112/172 KB   39/39 KB   180/464 KB   192/2319 KB   112/172 KB   39/39 KB   184/464 KB   192/2319 KB   112/172 KB   39/39 KB   188/464 KB   192/2319 KB   112/172 KB   39/39 KB   192/464 KB   192/2319 KB   112/172 KB   39/39 KB   196/464 KB   192/2319 KB   112/172 KB   39/39 KB   200/464 KB   192/2319 KB   112/172 KB   39/39 KB   204/464 KB   192/2319 KB   112/172 KB   39/39 KB   208/464 KB   192/2319 KB   112/172 KB   39/39 KB   212/464 KB   192/2319 KB   112/172 KB   39/39 KB   216/464 KB   192/2319 KB   112/172 KB   39/39 KB   220/464 KB   192/2319 KB   112/172 KB   39/39 KB   224/464 KB                                                      Downloaded: https://repo.maven.apache.org/maven2/org/apache/maven/maven-plugin-descriptor/2.2.0/maven-plugin-descriptor-2.2.0.jar (39 KB at 327.9 KB/sec)
192/2319 KB   116/172 KB   224/464 KB              192/2319 KB   120/172 KB   224/464 KB   192/2319 KB   124/172 KB   224/464 KB   192/2319 KB   128/172 KB   224/464 KB   192/2319 KB   132/172 KB   224/464 KB   192/2319 KB   136/172 KB   224/464 KB   192/2319 KB   140/172 KB   224/464 KB   192/2319 KB   144/172 KB   224/464 KB   192/2319 KB   4/11 KB   144/172 KB   224/464 KB   192/2319 KB   8/11 KB   144/172 KB   224/464 KB   192/2319 KB   11/11 KB   144/172 KB   224/464 KB   192/2319 KB   11/11 KB   148/172 KB   224/464 KB   192/2319 KB   11/11 KB   152/172 KB   224/464 KB   192/2319 KB   11/11 KB   156/172 KB   224/464 KB   192/2319 KB   11/11 KB   160/172 KB   224/464 KB   192/2319 KB   11/11 KB   164/172 KB   224/464 KB   192/2319 KB   11/11 KB   168/172 KB   224/464 KB   192/2319 KB   11/11 KB   172/172 KB   224/464 KB   196/2319 KB   11/11 KB   172/172 KB   224/464 KB   200/2319 KB   11/11 KB   172/172 KB   224/464 KB   204/2319 KB   11/11 KB   172/172 KB   224/464 KB   208/2319 KB   11/11 KB   172/172 KB   224/464 KB   212/2319 KB   11/11 KB   172/172 KB   224/464 KB   216/2319 KB   11/11 KB   172/172 KB   224/464 KB   220/2319 KB   11/11 KB   172/172 KB   224/464 KB   224/2319 KB   11/11 KB   172/172 KB   224/464 KB   228/2319 KB   11/11 KB   172/172 KB   224/464 KB   232/2319 KB   11/11 KB   172/172 KB   224/464 KB   236/2319 KB   11/11 KB   172/172 KB   224/464 KB   240/2319 KB   11/11 KB   172/172 KB   224/464 KB   244/2319 KB   11/11 KB   172/172 KB   224/464 KB   244/2319 KB   11/11 KB   172/172 KB   228/464 KB   244/2319 KB   11/11 KB   172/172 KB   232/464 KB   244/2319 KB   11/11 KB   172/172 KB   236/464 KB   244/2319 KB   11/11 KB   172/172 KB   240/464 KB                                                      Downloaded: https://repo.maven.apache.org/maven2/org/apache/maven/maven-monitor/2.2.0/maven-monitor-2.2.0.jar (11 KB at 77.4 KB/sec)
                                                   Downloaded: https://repo.maven.apache.org/maven2/org/apache/maven/maven-core/2.2.0/maven-core-2.2.0.jar (172 KB at 1266.7 KB/sec)
244/2319 KB   244/464 KB                           244/2319 KB   248/464 KB   244/2319 KB   252/464 KB   248/2319 KB   252/464 KB   248/2319 KB   256/464 KB   252/2319 KB   256/464 KB   256/2319 KB   260/464 KB   256/2319 KB   264/464 KB   256/2319 KB   268/464 KB   256/2319 KB   256/464 KB   256/2319 KB   272/464 KB   260/2319 KB   272/464 KB   260/2319 KB   276/464 KB   260/2319 KB   280/464 KB   260/2319 KB   284/464 KB   260/2319 KB   288/464 KB   260/2319 KB   292/464 KB   260/2319 KB   296/464 KB   260/2319 KB   300/464 KB   260/2319 KB   304/464 KB   260/2319 KB   308/464 KB   260/2319 KB   312/464 KB   260/2319 KB   316/464 KB   260/2319 KB   320/464 KB   264/2319 KB   320/464 KB   268/2319 KB   320/464 KB   272/2319 KB   320/464 KB   272/2319 KB   324/464 KB   272/2319 KB   328/464 KB   272/2319 KB   332/464 KB   272/2319 KB   336/464 KB   276/2319 KB   336/464 KB   280/2319 KB   336/464 KB   284/2319 KB   336/464 KB   284/2319 KB   340/464 KB   284/2319 KB   344/464 KB   284/2319 KB   348/464 KB   284/2319 KB   352/464 KB   288/2319 KB   352/464 KB   292/2319 KB   352/464 KB   296/2319 KB   352/464 KB   300/2319 KB   352/464 KB   304/2319 KB   352/464 KB   308/2319 KB   352/464 KB   312/2319 KB   352/464 KB   316/2319 KB   352/464 KB   320/2319 KB   352/464 KB   324/2319 KB   352/464 KB   328/2319 KB   352/464 KB   332/2319 KB   352/464 KB   336/2319 KB   352/464 KB   340/2319 KB   352/464 KB   344/2319 KB   352/464 KB   344/2319 KB   356/464 KB   348/2319 KB   356/464 KB   348/2319 KB   360/464 KB   348/2319 KB   364/464 KB   348/2319 KB   368/464 KB   352/2319 KB   368/464 KB   352/2319 KB   372/464 KB   356/2319 KB   372/464 KB   356/2319 KB   376/464 KB   360/2319 KB   376/464 KB   360/2319 KB   380/464 KB   364/2319 KB   380/464 KB   364/2319 KB   384/464 KB   368/2319 KB   384/464 KB   372/2319 KB   384/464 KB   372/2319 KB   388/464 KB   376/2319 KB   388/464 KB   376/2319 KB   392/464 KB   380/2319 KB   392/464 KB   380/2319 KB   396/464 KB   384/2319 KB   396/464 KB   384/2319 KB   400/464 KB   384/2319 KB   404/464 KB   388/2319 KB   404/464 KB   388/2319 KB   408/464 KB   392/2319 KB   408/464 KB   392/2319 KB   412/464 KB   396/2319 KB   412/464 KB   396/2319 KB   416/464 KB   400/2319 KB   416/464 KB   400/2319 KB   420/464 KB   400/2319 KB   424/464 KB   404/2319 KB   424/464 KB   404/2319 KB   428/464 KB   408/2319 KB   428/464 KB   408/2319 KB   432/464 KB   412/2319 KB   432/464 KB   416/2319 KB   432/464 KB   420/2319 KB   432/464 KB   424/2319 KB   432/464 KB   428/2319 KB   432/464 KB   432/2319 KB   432/464 KB   436/2319 KB   432/464 KB   440/2319 KB   432/464 KB   444/2319 KB   432/464 KB   448/2319 KB   432/464 KB   452/2319 KB   432/464 KB   456/2319 KB   432/464 KB   460/2319 KB   432/464 KB   464/2319 KB   432/464 KB   468/2319 KB   432/464 KB   472/2319 KB   432/464 KB   476/2319 KB   432/464 KB   480/2319 KB   432/464 KB   484/2319 KB   432/464 KB   488/2319 KB   432/464 KB   492/2319 KB   432/464 KB   496/2319 KB   432/464 KB   500/2319 KB   432/464 KB   504/2319 KB   432/464 KB   508/2319 KB   432/464 KB   512/2319 KB   432/464 KB   512/2319 KB   436/464 KB   512/2319 KB   440/464 KB   512/2319 KB   444/464 KB   512/2319 KB   448/464 KB   516/2319 KB   448/464 KB   520/2319 KB   448/464 KB   520/2319 KB   452/464 KB   520/2319 KB   456/464 KB   520/2319 KB   460/464 KB   520/2319 KB   464/464 KB   524/2319 KB   464/464 KB   528/2319 KB   464/464 KB   532/2319 KB   464/464 KB   536/2319 KB   464/464 KB   540/2319 KB   464/464 KB   544/2319 KB   464/464 KB   548/2319 KB   464/464 KB   552/2319 KB   464/464 KB   556/2319 KB   464/464 KB   560/2319 KB   464/464 KB   564/2319 KB   464/464 KB   568/2319 KB   464/464 KB   572/2319 KB   464/464 KB   576/2319 KB   464/464 KB   580/2319 KB   464/464 KB   584/2319 KB   464/464 KB   588/2319 KB   464/464 KB   592/2319 KB   464/464 KB   596/2319 KB   464/464 KB   600/2319 KB   464/464 KB   604/2319 KB   464/464 KB   608/2319 KB   464/464 KB   612/2319 KB   464/464 KB   616/2319 KB   464/464 KB   620/2319 KB   464/464 KB   624/2319 KB   464/464 KB                              Downloaded: https://repo.maven.apache.org/maven2/org/easymock/easymock/3.4/easymock-3.4.jar (464 KB at 2573.3 KB/sec)
628/2319 KB                632/2319 KB   636/2319 KB   640/2319 KB   644/2319 KB   648/2319 KB   652/2319 KB   656/2319 KB   660/2319 KB   664/2319 KB   668/2319 KB   672/2319 KB   676/2319 KB   680/2319 KB   684/2319 KB   688/2319 KB   692/2319 KB   696/2319 KB   700/2319 KB   704/2319 KB   708/2319 KB   712/2319 KB   716/2319 KB   720/2319 KB   724/2319 KB   728/2319 KB   732/2319 KB   736/2319 KB   740/2319 KB   744/2319 KB   748/2319 KB   752/2319 KB   756/2319 KB   760/2319 KB   764/2319 KB   768/2319 KB   772/2319 KB   776/2319 KB   780/2319 KB   784/2319 KB   788/2319 KB   792/2319 KB   796/2319 KB   800/2319 KB   804/2319 KB   808/2319 KB   812/2319 KB   816/2319 KB   820/2319 KB   824/2319 KB   828/2319 KB   832/2319 KB   836/2319 KB   840/2319 KB   844/2319 KB   848/2319 KB   852/2319 KB   856/2319 KB   860/2319 KB   864/2319 KB   868/2319 KB   872/2319 KB   876/2319 KB   880/2319 KB   884/2319 KB   888/2319 KB   892/2319 KB   896/2319 KB   900/2319 KB   904/2319 KB   908/2319 KB   912/2319 KB   916/2319 KB   920/2319 KB   924/2319 KB   928/2319 KB   932/2319 KB   936/2319 KB   940/2319 KB   944/2319 KB   948/2319 KB   952/2319 KB   956/2319 KB   960/2319 KB   964/2319 KB   968/2319 KB   972/2319 KB   976/2319 KB   980/2319 KB   984/2319 KB   988/2319 KB   992/2319 KB   996/2319 KB   1000/2319 KB   1004/2319 KB   1008/2319 KB   1012/2319 KB   1016/2319 KB   1020/2319 KB   1024/2319 KB   1028/2319 KB   1032/2319 KB   1036/2319 KB   1040/2319 KB   1044/2319 KB   1048/2319 KB   1052/2319 KB   1056/2319 KB   1060/2319 KB   1064/2319 KB   1068/2319 KB   1072/2319 KB   1076/2319 KB   1080/2319 KB   1084/2319 KB   1088/2319 KB   1092/2319 KB   1096/2319 KB   1100/2319 KB   1104/2319 KB   1108/2319 KB   1112/2319 KB   1116/2319 KB   1120/2319 KB   1124/2319 KB   1128/2319 KB   1132/2319 KB   1136/2319 KB   1140/2319 KB   1142/2319 KB   1146/2319 KB   1150/2319 KB   1154/2319 KB   1158/2319 KB   1162/2319 KB   1166/2319 KB   1170/2319 KB   1174/2319 KB   1178/2319 KB   1182/2319 KB   1186/2319 KB   1190/2319 KB   1194/2319 KB   1198/2319 KB   1202/2319 KB   1206/2319 KB   1210/2319 KB   1214/2319 KB   1218/2319 KB   1222/2319 KB   1226/2319 KB   1230/2319 KB   1234/2319 KB   1238/2319 KB   1242/2319 KB   1246/2319 KB   1250/2319 KB   1254/2319 KB   1258/2319 KB   1262/2319 KB   1266/2319 KB   1270/2319 KB   1274/2319 KB   1278/2319 KB   1282/2319 KB   1286/2319 KB   1290/2319 KB   1294/2319 KB   1298/2319 KB   1302/2319 KB   1306/2319 KB   1310/2319 KB   1314/2319 KB   1318/2319 KB   1322/2319 KB   1326/2319 KB   1330/2319 KB   1334/2319 KB   1338/2319 KB   1342/2319 KB   1346/2319 KB   1350/2319 KB   1354/2319 KB   1358/2319 KB   1362/2319 KB   1366/2319 KB   1370/2319 KB   1374/2319 KB   1378/2319 KB   1382/2319 KB   1386/2319 KB   1390/2319 KB   1394/2319 KB   1398/2319 KB   1402/2319 KB   1406/2319 KB   1410/2319 KB   1414/2319 KB   1418/2319 KB   1422/2319 KB   1426/2319 KB   1430/2319 KB   1434/2319 KB   1438/2319 KB   1442/2319 KB   1446/2319 KB   1450/2319 KB   1454/2319 KB   1458/2319 KB   1462/2319 KB   1466/2319 KB   1470/2319 KB   1474/2319 KB   1478/2319 KB   1482/2319 KB   1486/2319 KB   1490/2319 KB   1494/2319 KB   1498/2319 KB   1502/2319 KB   1506/2319 KB   1510/2319 KB   1514/2319 KB   1518/2319 KB   1522/2319 KB   1526/2319 KB   1530/2319 KB   1534/2319 KB   1538/2319 KB   1542/2319 KB   1546/2319 KB   1550/2319 KB   1554/2319 KB   1558/2319 KB   1562/2319 KB   1566/2319 KB   1570/2319 KB   1574/2319 KB   1578/2319 KB   1582/2319 KB   1586/2319 KB   1590/2319 KB   1594/2319 KB   1598/2319 KB   1602/2319 KB   1606/2319 KB   1610/2319 KB   1614/2319 KB   1618/2319 KB   1622/2319 KB   1626/2319 KB   1630/2319 KB   1634/2319 KB   1638/2319 KB   1642/2319 KB   1646/2319 KB   1650/2319 KB   1654/2319 KB   1658/2319 KB   1662/2319 KB   1666/2319 KB   1670/2319 KB   1674/2319 KB   1678/2319 KB   1682/2319 KB   1686/2319 KB   1690/2319 KB   1694/2319 KB   1698/2319 KB   1702/2319 KB   1706/2319 KB   1710/2319 KB   1714/2319 KB   1718/2319 KB   1722/2319 KB   1726/2319 KB   1730/2319 KB   1734/2319 KB   1738/2319 KB   1742/2319 KB   1746/2319 KB   1750/2319 KB   1754/2319 KB   1758/2319 KB   1762/2319 KB   1766/2319 KB   1770/2319 KB   1774/2319 KB   1778/2319 KB   1782/2319 KB   1786/2319 KB   1790/2319 KB   1794/2319 KB   1798/2319 KB   1802/2319 KB   1806/2319 KB   1810/2319 KB   1814/2319 KB   1818/2319 KB   1822/2319 KB   1826/2319 KB   1830/2319 KB   1834/2319 KB   1838/2319 KB   1842/2319 KB   1846/2319 KB   1850/2319 KB   1854/2319 KB   1858/2319 KB   1862/2319 KB   1866/2319 KB   1870/2319 KB   1874/2319 KB   1878/2319 KB   1882/2319 KB   1886/2319 KB   1890/2319 KB   1894/2319 KB   1898/2319 KB   1902/2319 KB   1906/2319 KB   1910/2319 KB   1914/2319 KB   1918/2319 KB   1922/2319 KB   1926/2319 KB   1930/2319 KB   1934/2319 KB   1938/2319 KB   1942/2319 KB   1946/2319 KB   1950/2319 KB   1954/2319 KB   1958/2319 KB   1962/2319 KB   1966/2319 KB   1970/2319 KB   1974/2319 KB   1978/2319 KB   1982/2319 KB   1986/2319 KB   1990/2319 KB   1994/2319 KB   1998/2319 KB   2002/2319 KB   2006/2319 KB   2010/2319 KB   2014/2319 KB   2018/2319 KB   2022/2319 KB   2026/2319 KB   2030/2319 KB   2034/2319 KB   2038/2319 KB   2042/2319 KB   2046/2319 KB   2050/2319 KB   2054/2319 KB   2058/2319 KB   2062/2319 KB   2066/2319 KB   2070/2319 KB   2074/2319 KB   2078/2319 KB   2082/2319 KB   2086/2319 KB   2090/2319 KB   2094/2319 KB   2098/2319 KB   2102/2319 KB   2106/2319 KB   2110/2319 KB   2114/2319 KB   2118/2319 KB   2122/2319 KB   2126/2319 KB   2130/2319 KB   2134/2319 KB   2138/2319 KB   2142/2319 KB   2146/2319 KB   2150/2319 KB   2154/2319 KB   2158/2319 KB   2162/2319 KB   2166/2319 KB   2170/2319 KB   2174/2319 KB   2178/2319 KB   2182/2319 KB   2186/2319 KB   2190/2319 KB   2194/2319 KB   2198/2319 KB   2202/2319 KB   2206/2319 KB   2210/2319 KB   2214/2319 KB   2218/2319 KB   2222/2319 KB   2226/2319 KB   2230/2319 KB   2234/2319 KB   2238/2319 KB   2242/2319 KB   2246/2319 KB   2250/2319 KB   2254/2319 KB   2258/2319 KB   2262/2319 KB   2266/2319 KB   2270/2319 KB   2274/2319 KB   2278/2319 KB   2282/2319 KB   2286/2319 KB   2290/2319 KB   2294/2319 KB   2298/2319 KB   2302/2319 KB   2306/2319 KB   2310/2319 KB   2314/2319 KB   2318/2319 KB   2319/2319 KB                  Downloaded: https://repo.maven.apache.org/maven2/biz/aQute/bnd/biz.aQute.bndlib/3.2.0/biz.aQute.bndlib-3.2.0.jar (2319 KB at 8164.7 KB/sec)
[INFO] ------------------------------------------------------------------------
[INFO] Reactor Build Order:
[INFO] 
[INFO] Apache HttpComponents Core Parent
[INFO] Apache HttpComponents Core HTTP/1.1
[INFO]                                                                         
[INFO] ------------------------------------------------------------------------
[INFO] Building Apache HttpComponents Core Parent 5.0-alpha3-SNAPSHOT
[INFO] ------------------------------------------------------------------------
Downloading: https://repo.maven.apache.org/maven2/org/apache/maven/plugins/maven-source-plugin/3.0.1/maven-source-plugin-3.0.1.pom
4/6 KB         6/6 KB            Downloaded: https://repo.maven.apache.org/maven2/org/apache/maven/plugins/maven-source-plugin/3.0.1/maven-source-plugin-3.0.1.pom (6 KB at 264.4 KB/sec)
Downloading: https://repo.maven.apache.org/maven2/org/apache/maven/plugins/maven-source-plugin/3.0.1/maven-source-plugin-3.0.1.jar
3/31 KB   5/31 KB   8/31 KB   11/31 KB   13/31 KB   16/31 KB   19/31 KB   21/31 KB   24/31 KB   27/31 KB   29/31 KB   31/31 KB              Downloaded: https://repo.maven.apache.org/maven2/org/apache/maven/plugins/maven-source-plugin/3.0.1/maven-source-plugin-3.0.1.jar (31 KB at 1180.8 KB/sec)
Downloading: https://repo.maven.apache.org/maven2/org/apache/maven/plugins/maven-javadoc-plugin/2.10.4/maven-javadoc-plugin-2.10.4.pom
3/16 KB    5/16 KB   8/16 KB   11/16 KB   13/16 KB   16/16 KB              Downloaded: https://repo.maven.apache.org/maven2/org/apache/maven/plugins/maven-javadoc-plugin/2.10.4/maven-javadoc-plugin-2.10.4.pom (16 KB at 721.2 KB/sec)
Downloading: https://repo.maven.apache.org/maven2/org/apache/maven/plugins/maven-javadoc-plugin/2.10.4/maven-javadoc-plugin-2.10.4.jar
3/406 KB   5/406 KB   8/406 KB   11/406 KB   13/406 KB   16/406 KB   19/406 KB   21/406 KB   24/406 KB   27/406 KB   29/406 KB   32/406 KB   36/406 KB   40/406 KB   44/406 KB   48/406 KB   52/406 KB   56/406 KB   60/406 KB   64/406 KB   68/406 KB   72/406 KB   76/406 KB   80/406 KB   84/406 KB   88/406 KB   92/406 KB   96/406 KB   100/406 KB   104/406 KB   108/406 KB   112/406 KB   116/406 KB   120/406 KB   124/406 KB   128/406 KB   132/406 KB   136/406 KB   140/406 KB   144/406 KB   148/406 KB   152/406 KB   156/406 KB   160/406 KB   164/406 KB   168/406 KB   172/406 KB   176/406 KB   180/406 KB   184/406 KB   188/406 KB   192/406 KB   196/406 KB   200/406 KB   204/406 KB   208/406 KB   212/406 KB   216/406 KB   220/406 KB   224/406 KB   228/406 KB   232/406 KB   236/406 KB   240/406 KB   244/406 KB   248/406 KB   252/406 KB   256/406 KB   260/406 KB   264/406 KB   268/406 KB   272/406 KB   276/406 KB   280/406 KB   284/406 KB   288/406 KB   292/406 KB   296/406 KB   300/406 KB   304/406 KB   308/406 KB   312/406 KB   316/406 KB   320/406 KB   324/406 KB   328/406 KB   332/406 KB   336/406 KB   340/406 KB   344/406 KB   348/406 KB   352/406 KB   356/406 KB   360/406 KB   364/406 KB   368/406 KB   372/406 KB   376/406 KB   380/406 KB   384/406 KB   388/406 KB   392/406 KB   396/406 KB   400/406 KB   404/406 KB   406/406 KB                Downloaded: https://repo.maven.apache.org/maven2/org/apache/maven/plugins/maven-javadoc-plugin/2.10.4/maven-javadoc-plugin-2.10.4.jar (406 KB at 9004.1 KB/sec)
Downloading: https://repo.maven.apache.org/maven2/org/codehaus/mojo/build-helper-maven-plugin/1.12/build-helper-maven-plugin-1.12.pom
3/6 KB       5/6 KB   6/6 KB            Downloaded: https://repo.maven.apache.org/maven2/org/codehaus/mojo/build-helper-maven-plugin/1.12/build-helper-maven-plugin-1.12.pom (6 KB at 299.4 KB/sec)
Downloading: https://repo.maven.apache.org/maven2/org/codehaus/mojo/build-helper-maven-plugin/1.12/build-helper-maven-plugin-1.12.jar
3/61 KB   5/61 KB   8/61 KB   11/61 KB   13/61 KB   16/61 KB   19/61 KB   21/61 KB   24/61 KB   27/61 KB   29/61 KB   32/61 KB   36/61 KB   40/61 KB   44/61 KB   48/61 KB   52/61 KB   56/61 KB   60/61 KB   61/61 KB              Downloaded: https://repo.maven.apache.org/maven2/org/codehaus/mojo/build-helper-maven-plugin/1.12/build-helper-maven-plugin-1.12.jar (61 KB at 2319.0 KB/sec)
[INFO] 
[INFO] --- maven-clean-plugin:3.0.0:clean (default-clean) @ httpcore5-parent ---
[INFO] 
[INFO] --- maven-checkstyle-plugin:2.9.1:checkstyle (validate) @ httpcore5-parent ---
[INFO] 
[INFO] --- maven-checkstyle-plugin:2.9.1:checkstyle (validate-main) @ httpcore5-parent ---
[INFO] 
[INFO] --- maven-checkstyle-plugin:2.9.1:checkstyle (validate-test) @ httpcore5-parent ---
[INFO] 
[INFO] --- maven-checkstyle-plugin:2.9.1:checkstyle (validate-examples) @ httpcore5-parent ---
[INFO] 
[INFO] --- build-helper-maven-plugin:1.12:parse-version (parse-version) @ httpcore5-parent ---
[INFO] 
[INFO] --- maven-remote-resources-plugin:1.5:process (process-resource-bundles) @ httpcore5-parent ---
[INFO] 
[INFO] --- buildnumber-maven-plugin:1.4:create (default) @ httpcore5-parent ---
[INFO] Executing: /bin/sh -c cd '/home/ubuntu/ATLAS/apps/apache-httpcore/download/586bfb7efd41ad3d3d718dfed1c36b1601f03cf6' && 'svn' '--non-interactive' 'info'
[INFO] Working directory: /home/ubuntu/ATLAS/apps/apache-httpcore/download/586bfb7efd41ad3d3d718dfed1c36b1601f03cf6
[WARNING] Cannot get the revision information from the scm repository, proceeding with revision of ?????? : 
Exception while executing SCM command.
[INFO] Storing buildNumber: ?????? at timestamp: 1575443746270
[INFO] Executing: /bin/sh -c cd '/home/ubuntu/ATLAS/apps/apache-httpcore/download/586bfb7efd41ad3d3d718dfed1c36b1601f03cf6' && 'svn' '--non-interactive' 'info'
[INFO] Working directory: /home/ubuntu/ATLAS/apps/apache-httpcore/download/586bfb7efd41ad3d3d718dfed1c36b1601f03cf6
[WARNING] Cannot get the branch information from the scm repository, proceeding with UNKNOWN_BRANCH : 
Exception while executing SCM command.
[INFO] Storing buildScmBranch: UNKNOWN_BRANCH
[INFO]                                                                         
[INFO] ------------------------------------------------------------------------
[INFO] Building Apache HttpComponents Core HTTP/1.1 5.0-alpha3-SNAPSHOT
[INFO] ------------------------------------------------------------------------
Downloading: https://repo.maven.apache.org/maven2/org/apache/maven/plugins/maven-jar-plugin/3.0.2/maven-jar-plugin-3.0.2.pom
3/7 KB     5/7 KB   7/7 KB            Downloaded: https://repo.maven.apache.org/maven2/org/apache/maven/plugins/maven-jar-plugin/3.0.2/maven-jar-plugin-3.0.2.pom (7 KB at 301.7 KB/sec)
Downloading: https://repo.maven.apache.org/maven2/org/apache/maven/plugins/maven-jar-plugin/3.0.2/maven-jar-plugin-3.0.2.jar
3/27 KB   5/27 KB   8/27 KB   11/27 KB   13/27 KB   16/27 KB   19/27 KB   21/27 KB   24/27 KB   27/27 KB   27/27 KB              Downloaded: https://repo.maven.apache.org/maven2/org/apache/maven/plugins/maven-jar-plugin/3.0.2/maven-jar-plugin-3.0.2.jar (27 KB at 1318.1 KB/sec)
Downloading: https://repo.maven.apache.org/maven2/org/apache/maven/plugins/maven-resources-plugin/3.0.1/maven-resources-plugin-3.0.1.pom
3/7 KB     5/7 KB   7/7 KB            Downloaded: https://repo.maven.apache.org/maven2/org/apache/maven/plugins/maven-resources-plugin/3.0.1/maven-resources-plugin-3.0.1.pom (7 KB at 368.2 KB/sec)
Downloading: https://repo.maven.apache.org/maven2/org/apache/maven/plugins/maven-resources-plugin/3.0.1/maven-resources-plugin-3.0.1.jar
3/31 KB   5/31 KB   8/31 KB   11/31 KB   13/31 KB   16/31 KB   19/31 KB   21/31 KB   24/31 KB   27/31 KB   29/31 KB   31/31 KB              Downloaded: https://repo.maven.apache.org/maven2/org/apache/maven/plugins/maven-resources-plugin/3.0.1/maven-resources-plugin-3.0.1.jar (31 KB at 1536.9 KB/sec)
Downloading: https://repo.maven.apache.org/maven2/org/mockito/mockito-core/2.7.22/mockito-core-2.7.22.pom
3/3 KB     3/3 KB            Downloaded: https://repo.maven.apache.org/maven2/org/mockito/mockito-core/2.7.22/mockito-core-2.7.22.pom (3 KB at 112.9 KB/sec)
Downloading: https://repo.maven.apache.org/maven2/net/bytebuddy/byte-buddy/1.6.11/byte-buddy-1.6.11.pom
3/12 KB   5/12 KB   8/12 KB   11/12 KB   12/12 KB              Downloaded: https://repo.maven.apache.org/maven2/net/bytebuddy/byte-buddy/1.6.11/byte-buddy-1.6.11.pom (12 KB at 575.4 KB/sec)
Downloading: https://repo.maven.apache.org/maven2/net/bytebuddy/byte-buddy-parent/1.6.11/byte-buddy-parent-1.6.11.pom
3/26 KB    5/26 KB   8/26 KB   11/26 KB   13/26 KB   16/26 KB   19/26 KB   21/26 KB   24/26 KB   26/26 KB              Downloaded: https://repo.maven.apache.org/maven2/net/bytebuddy/byte-buddy-parent/1.6.11/byte-buddy-parent-1.6.11.pom (26 KB at 1200.5 KB/sec)
Downloading: https://repo.maven.apache.org/maven2/net/bytebuddy/byte-buddy-agent/1.6.11/byte-buddy-agent-1.6.11.pom
3/5 KB     5/5 KB            Downloaded: https://repo.maven.apache.org/maven2/net/bytebuddy/byte-buddy-agent/1.6.11/byte-buddy-agent-1.6.11.pom (5 KB at 199.6 KB/sec)
Downloading: https://repo.maven.apache.org/maven2/org/apache/logging/log4j/log4j-api/2.8.2/log4j-api-2.8.2.pom
3/9 KB   5/9 KB   8/9 KB   9/9 KB            Downloaded: https://repo.maven.apache.org/maven2/org/apache/logging/log4j/log4j-api/2.8.2/log4j-api-2.8.2.pom (9 KB at 328.5 KB/sec)
Downloading: https://repo.maven.apache.org/maven2/org/apache/logging/log4j/log4j/2.8.2/log4j-2.8.2.pom
3/54 KB   5/54 KB   8/54 KB   11/54 KB   13/54 KB   16/54 KB   19/54 KB   21/54 KB   24/54 KB   27/54 KB   29/54 KB   32/54 KB   36/54 KB   40/54 KB   44/54 KB   48/54 KB   52/54 KB   54/54 KB              Downloaded: https://repo.maven.apache.org/maven2/org/apache/logging/log4j/log4j/2.8.2/log4j-2.8.2.pom (54 KB at 2228.2 KB/sec)
Downloading: https://repo.maven.apache.org/maven2/org/apache/logging/logging-parent/1/logging-parent-1.pom
3/4 KB     4/4 KB            Downloaded: https://repo.maven.apache.org/maven2/org/apache/logging/logging-parent/1/logging-parent-1.pom (4 KB at 128.5 KB/sec)
Downloading: https://repo.maven.apache.org/maven2/org/apache/logging/log4j/log4j-core/2.8.2/log4j-core-2.8.2.pom
3/19 KB   5/19 KB   8/19 KB   11/19 KB   13/19 KB   16/19 KB   19/19 KB   19/19 KB              Downloaded: https://repo.maven.apache.org/maven2/org/apache/logging/log4j/log4j-core/2.8.2/log4j-core-2.8.2.pom (19 KB at 889.3 KB/sec)
[INFO] 
[INFO] --- maven-clean-plugin:3.0.0:clean (default-clean) @ httpcore5 ---
[INFO] 
[INFO] --- maven-checkstyle-plugin:2.9.1:checkstyle (validate) @ httpcore5 ---
[INFO] 
[INFO] --- maven-checkstyle-plugin:2.9.1:checkstyle (validate-main) @ httpcore5 ---
[INFO] 
[INFO] --- maven-checkstyle-plugin:2.9.1:checkstyle (validate-test) @ httpcore5 ---
[INFO] 
[INFO] --- maven-checkstyle-plugin:2.9.1:checkstyle (validate-examples) @ httpcore5 ---
[INFO] 
[INFO] --- build-helper-maven-plugin:1.12:parse-version (parse-version) @ httpcore5 ---
[INFO] 
[INFO] --- maven-remote-resources-plugin:1.5:process (process-resource-bundles) @ httpcore5 ---
[INFO] 
[INFO] --- buildnumber-maven-plugin:1.4:create (default) @ httpcore5 ---
[INFO] Executing: /bin/sh -c cd '/home/ubuntu/ATLAS/apps/apache-httpcore/download/586bfb7efd41ad3d3d718dfed1c36b1601f03cf6/httpcore5' && 'svn' '--non-interactive' 'info'
[INFO] Working directory: /home/ubuntu/ATLAS/apps/apache-httpcore/download/586bfb7efd41ad3d3d718dfed1c36b1601f03cf6/httpcore5
[WARNING] Cannot get the revision information from the scm repository, proceeding with revision of ?????? : 
Exception while executing SCM command.
[INFO] Storing buildNumber: ?????? at timestamp: 1575443746822
[INFO] Executing: /bin/sh -c cd '/home/ubuntu/ATLAS/apps/apache-httpcore/download/586bfb7efd41ad3d3d718dfed1c36b1601f03cf6/httpcore5' && 'svn' '--non-interactive' 'info'
[INFO] Working directory: /home/ubuntu/ATLAS/apps/apache-httpcore/download/586bfb7efd41ad3d3d718dfed1c36b1601f03cf6/httpcore5
[WARNING] Cannot get the branch information from the scm repository, proceeding with UNKNOWN_BRANCH : 
Exception while executing SCM command.
[INFO] Storing buildScmBranch: UNKNOWN_BRANCH
[INFO] 
[INFO] --- maven-resources-plugin:3.0.1:resources (default-resources) @ httpcore5 ---
Downloading: https://repo.maven.apache.org/maven2/org/codehaus/plexus/plexus-interpolation/1.22/plexus-interpolation-1.22.jar
3/76 KB    5/76 KB   8/76 KB   11/76 KB   13/76 KB   16/76 KB   19/76 KB   21/76 KB   24/76 KB   27/76 KB   29/76 KB   32/76 KB   36/76 KB   40/76 KB   44/76 KB   48/76 KB   52/76 KB   56/76 KB   60/76 KB   64/76 KB   68/76 KB   72/76 KB   76/76 KB              Downloaded: https://repo.maven.apache.org/maven2/org/codehaus/plexus/plexus-interpolation/1.22/plexus-interpolation-1.22.jar (76 KB at 2780.2 KB/sec)
[INFO] Using 'UTF-8' encoding to copy filtered resources.
[INFO] Copying 1 resource
[INFO] Copying 3 resources
[INFO] 
[INFO] --- maven-compiler-plugin:3.6.0:compile (default-compile) @ httpcore5 ---
[INFO] Changes detected - recompiling the module!
[INFO] Compiling 409 source files to /home/ubuntu/ATLAS/apps/apache-httpcore/download/586bfb7efd41ad3d3d718dfed1c36b1601f03cf6/httpcore5/target/classes
[INFO] /home/ubuntu/ATLAS/apps/apache-httpcore/download/586bfb7efd41ad3d3d718dfed1c36b1601f03cf6/httpcore5/src/main/java/org/apache/hc/core5/http/protocol/ChainBuilder.java: Some input files use unchecked or unsafe operations.
[INFO] /home/ubuntu/ATLAS/apps/apache-httpcore/download/586bfb7efd41ad3d3d718dfed1c36b1601f03cf6/httpcore5/src/main/java/org/apache/hc/core5/http/protocol/ChainBuilder.java: Recompile with -Xlint:unchecked for details.
[INFO] -------------------------------------------------------------
[WARNING] COMPILATION WARNING : 
[INFO] -------------------------------------------------------------
[WARNING] bootstrap class path not set in conjunction with -source 1.7
[INFO] 1 warning
[INFO] -------------------------------------------------------------
[INFO] -------------------------------------------------------------
[ERROR] COMPILATION ERROR : 
[INFO] -------------------------------------------------------------
[ERROR] /home/ubuntu/ATLAS/apps/apache-httpcore/download/586bfb7efd41ad3d3d718dfed1c36b1601f03cf6/httpcore5/src/main/java/org/apache/hc/core5/util/Timeout.java:[51,70] cannot find symbol
  symbol:   variable UNDEFINED
  location: class org.apache.hc.core5.util.Timeout
[ERROR] /home/ubuntu/ATLAS/apps/apache-httpcore/download/586bfb7efd41ad3d3d718dfed1c36b1601f03cf6/httpcore5/src/main/java/org/apache/hc/core5/util/Timeout.java:[56,65] cannot find symbol
  symbol:   variable UNDEFINED
  location: class org.apache.hc.core5.util.Timeout
[ERROR] /home/ubuntu/ATLAS/apps/apache-httpcore/download/586bfb7efd41ad3d3d718dfed1c36b1601f03cf6/httpcore5/src/main/java/org/apache/hc/core5/util/Timeout.java:[127,24] cannot find symbol
  symbol:   variable UNDEFINED
  location: class org.apache.hc.core5.util.Timeout
[ERROR] /home/ubuntu/ATLAS/apps/apache-httpcore/download/586bfb7efd41ad3d3d718dfed1c36b1601f03cf6/httpcore5/src/main/java/org/apache/hc/core5/util/Timeout.java:[128,83] cannot find symbol
  symbol:   variable UNDEFINED
  location: class org.apache.hc.core5.util.Timeout
[ERROR] /home/ubuntu/ATLAS/apps/apache-httpcore/download/586bfb7efd41ad3d3d718dfed1c36b1601f03cf6/httpcore5/src/main/java/org/apache/hc/core5/util/Timeout.java:[161,33] cannot find symbol
  symbol:   variable UNDEFINED
  location: class org.apache.hc.core5.util.Timeout
[ERROR] /home/ubuntu/ATLAS/apps/apache-httpcore/download/586bfb7efd41ad3d3d718dfed1c36b1601f03cf6/httpcore5/src/main/java/org/apache/hc/core5/util/Timeout.java:[170,33] cannot find symbol
  symbol:   variable UNDEFINED
  location: class org.apache.hc.core5.util.Timeout
[INFO] 6 errors 
[INFO] -------------------------------------------------------------
[INFO] ------------------------------------------------------------------------
[INFO] Reactor Summary:
[INFO] 
[INFO] Apache HttpComponents Core Parent .................. SUCCESS [  1.528 s]
[INFO] Apache HttpComponents Core HTTP/1.1 ................ FAILURE [  3.574 s]
[INFO] ------------------------------------------------------------------------
[INFO] BUILD FAILURE
[INFO] ------------------------------------------------------------------------
[INFO] Total time: 7.732 s
[INFO] Finished at: 2019-12-04T07:15:49+00:00
[INFO] Final Memory: 35M/338M
[INFO] ------------------------------------------------------------------------
[ERROR] Failed to execute goal org.apache.maven.plugins:maven-compiler-plugin:3.6.0:compile (default-compile) on project httpcore5: Compilation failure: Compilation failure:
[ERROR] /home/ubuntu/ATLAS/apps/apache-httpcore/download/586bfb7efd41ad3d3d718dfed1c36b1601f03cf6/httpcore5/src/main/java/org/apache/hc/core5/util/Timeout.java:[51,70] cannot find symbol
[ERROR] symbol:   variable UNDEFINED
[ERROR] location: class org.apache.hc.core5.util.Timeout
[ERROR] /home/ubuntu/ATLAS/apps/apache-httpcore/download/586bfb7efd41ad3d3d718dfed1c36b1601f03cf6/httpcore5/src/main/java/org/apache/hc/core5/util/Timeout.java:[56,65] cannot find symbol
[ERROR] symbol:   variable UNDEFINED
[ERROR] location: class org.apache.hc.core5.util.Timeout
[ERROR] /home/ubuntu/ATLAS/apps/apache-httpcore/download/586bfb7efd41ad3d3d718dfed1c36b1601f03cf6/httpcore5/src/main/java/org/apache/hc/core5/util/Timeout.java:[127,24] cannot find symbol
[ERROR] symbol:   variable UNDEFINED
[ERROR] location: class org.apache.hc.core5.util.Timeout
[ERROR] /home/ubuntu/ATLAS/apps/apache-httpcore/download/586bfb7efd41ad3d3d718dfed1c36b1601f03cf6/httpcore5/src/main/java/org/apache/hc/core5/util/Timeout.java:[128,83] cannot find symbol
[ERROR] symbol:   variable UNDEFINED
[ERROR] location: class org.apache.hc.core5.util.Timeout
[ERROR] /home/ubuntu/ATLAS/apps/apache-httpcore/download/586bfb7efd41ad3d3d718dfed1c36b1601f03cf6/httpcore5/src/main/java/org/apache/hc/core5/util/Timeout.java:[161,33] cannot find symbol
[ERROR] symbol:   variable UNDEFINED
[ERROR] location: class org.apache.hc.core5.util.Timeout
[ERROR] /home/ubuntu/ATLAS/apps/apache-httpcore/download/586bfb7efd41ad3d3d718dfed1c36b1601f03cf6/httpcore5/src/main/java/org/apache/hc/core5/util/Timeout.java:[170,33] cannot find symbol
[ERROR] symbol:   variable UNDEFINED
[ERROR] location: class org.apache.hc.core5.util.Timeout
[ERROR] -> [Help 1]
[ERROR] 
[ERROR] To see the full stack trace of the errors, re-run Maven with the -e switch.
[ERROR] Re-run Maven using the -X switch to enable full debug logging.
[ERROR] 
[ERROR] For more information about the errors and possible solutions, please read the following articles:
[ERROR] [Help 1] http://cwiki.apache.org/confluence/display/MAVEN/MojoFailureException
[ERROR] 
[ERROR] After correcting the problems, you can resume the build with the command
[ERROR]   mvn <goals> -rf :httpcore5
[INFO] Scanning for projects...
[ERROR] [ERROR] Could not find the selected project in the reactor: httpcore @ 
[ERROR] Could not find the selected project in the reactor: httpcore -> [Help 1]
[ERROR] 
[ERROR] To see the full stack trace of the errors, re-run Maven with the -e switch.
[ERROR] Re-run Maven using the -X switch to enable full debug logging.
[ERROR] 
[ERROR] For more information about the errors and possible solutions, please read the following articles:
[ERROR] [Help 1] http://cwiki.apache.org/confluence/display/MAVEN/MavenExecutionException
(mvn clean compile -DskipTests -Drat.skip=true -Dmaven.test.skip=true -Dmaven.site.skip=true -Dmaven.javadoc.skip=true -Dcheckstyle.skip=true -pl httpcore5 -am) || (mvn clean compile -DskipTests -Drat.skip=true -Dmaven.test.skip=true -Dmaven.site.skip=true -Dmaven.javadoc.skip=true -Dcheckstyle.skip=true -pl httpcore -am)
0.291s delay before adding the failure to the log file
There are 5 choices for the alternative javac (providing /usr/bin/javac).

  Selection    Path                                                Priority   Status
------------------------------------------------------------
* 0            /usr/lib/jvm/java-8-openjdk-amd64/bin/javac          1081      auto mode
  1            /home/ubuntu/ATLAS/external/jdk/j2sdk1.4/bin/javac   1         manual mode
  2            /home/ubuntu/ATLAS/external/jdk/jdk1.5/bin/javac     1         manual mode
  3            /home/ubuntu/ATLAS/external/jdk/jdk1.6/bin/javac     1         manual mode
  4            /usr/lib/jvm/java-7-openjdk-amd64/bin/javac          1071      manual mode
  5            /usr/lib/jvm/java-8-openjdk-amd64/bin/javac          1081      manual mode

Press <enter> to keep the current choice[*], or type selection number: There are 5 choices for the alternative java (providing /usr/bin/java).

  Selection    Path                                               Priority   Status
------------------------------------------------------------
* 0            /usr/lib/jvm/java-8-openjdk-amd64/jre/bin/java      1081      auto mode
  1            /home/ubuntu/ATLAS/external/jdk/j2sdk1.4/bin/java   1         manual mode
  2            /home/ubuntu/ATLAS/external/jdk/jdk1.5/bin/java     1         manual mode
  3            /home/ubuntu/ATLAS/external/jdk/jdk1.6/bin/java     1         manual mode
  4            /usr/lib/jvm/java-7-openjdk-amd64/jre/bin/java      1071      manual mode
  5            /usr/lib/jvm/java-8-openjdk-amd64/jre/bin/java      1081      manual mode

Press <enter> to keep the current choice[*], or type selection number: Compile apache-httpcore 586bfb7efd41ad3d3d718dfed1c36b1601f03cf6:
[INFO] Scanning for projects...
[INFO] ------------------------------------------------------------------------
[INFO] Reactor Build Order:
[INFO] 
[INFO] Apache HttpComponents Core Parent
[INFO] Apache HttpComponents Core HTTP/1.1
[INFO]                                                                         
[INFO] ------------------------------------------------------------------------
[INFO] Building Apache HttpComponents Core Parent 5.0-alpha3-SNAPSHOT
[INFO] ------------------------------------------------------------------------
[INFO] 
[INFO] --- maven-clean-plugin:3.0.0:clean (default-clean) @ httpcore5-parent ---
[INFO] 
[INFO] --- maven-checkstyle-plugin:2.9.1:checkstyle (validate) @ httpcore5-parent ---
[INFO] 
[INFO] --- maven-checkstyle-plugin:2.9.1:checkstyle (validate-main) @ httpcore5-parent ---
[INFO] 
[INFO] --- maven-checkstyle-plugin:2.9.1:checkstyle (validate-test) @ httpcore5-parent ---
[INFO] 
[INFO] --- maven-checkstyle-plugin:2.9.1:checkstyle (validate-examples) @ httpcore5-parent ---
[INFO] 
[INFO] --- build-helper-maven-plugin:1.12:parse-version (parse-version) @ httpcore5-parent ---
[INFO] 
[INFO] --- maven-remote-resources-plugin:1.5:process (process-resource-bundles) @ httpcore5-parent ---
[INFO] 
[INFO] --- buildnumber-maven-plugin:1.4:create (default) @ httpcore5-parent ---
[INFO] Executing: /bin/sh -c cd '/home/ubuntu/ATLAS/apps/apache-httpcore/download/586bfb7efd41ad3d3d718dfed1c36b1601f03cf6' && 'svn' '--non-interactive' 'info'
[INFO] Working directory: /home/ubuntu/ATLAS/apps/apache-httpcore/download/586bfb7efd41ad3d3d718dfed1c36b1601f03cf6
[WARNING] Cannot get the revision information from the scm repository, proceeding with revision of ?????? : 
Exception while executing SCM command.
[INFO] Storing buildNumber: ?????? at timestamp: 1575443757264
[INFO] Executing: /bin/sh -c cd '/home/ubuntu/ATLAS/apps/apache-httpcore/download/586bfb7efd41ad3d3d718dfed1c36b1601f03cf6' && 'svn' '--non-interactive' 'info'
[INFO] Working directory: /home/ubuntu/ATLAS/apps/apache-httpcore/download/586bfb7efd41ad3d3d718dfed1c36b1601f03cf6
[WARNING] Cannot get the branch information from the scm repository, proceeding with UNKNOWN_BRANCH : 
Exception while executing SCM command.
[INFO] Storing buildScmBranch: UNKNOWN_BRANCH
[INFO]                                                                         
[INFO] ------------------------------------------------------------------------
[INFO] Building Apache HttpComponents Core HTTP/1.1 5.0-alpha3-SNAPSHOT
[INFO] ------------------------------------------------------------------------
[INFO] 
[INFO] --- maven-clean-plugin:3.0.0:clean (default-clean) @ httpcore5 ---
[INFO] 
[INFO] --- maven-checkstyle-plugin:2.9.1:checkstyle (validate) @ httpcore5 ---
[INFO] 
[INFO] --- maven-checkstyle-plugin:2.9.1:checkstyle (validate-main) @ httpcore5 ---
[INFO] 
[INFO] --- maven-checkstyle-plugin:2.9.1:checkstyle (validate-test) @ httpcore5 ---
[INFO] 
[INFO] --- maven-checkstyle-plugin:2.9.1:checkstyle (validate-examples) @ httpcore5 ---
[INFO] 
[INFO] --- build-helper-maven-plugin:1.12:parse-version (parse-version) @ httpcore5 ---
[INFO] 
[INFO] --- maven-remote-resources-plugin:1.5:process (process-resource-bundles) @ httpcore5 ---
[INFO] 
[INFO] --- buildnumber-maven-plugin:1.4:create (default) @ httpcore5 ---
[INFO] Executing: /bin/sh -c cd '/home/ubuntu/ATLAS/apps/apache-httpcore/download/586bfb7efd41ad3d3d718dfed1c36b1601f03cf6/httpcore5' && 'svn' '--non-interactive' 'info'
[INFO] Working directory: /home/ubuntu/ATLAS/apps/apache-httpcore/download/586bfb7efd41ad3d3d718dfed1c36b1601f03cf6/httpcore5
[WARNING] Cannot get the revision information from the scm repository, proceeding with revision of ?????? : 
Exception while executing SCM command.
[INFO] Storing buildNumber: ?????? at timestamp: 1575443757552
[INFO] Executing: /bin/sh -c cd '/home/ubuntu/ATLAS/apps/apache-httpcore/download/586bfb7efd41ad3d3d718dfed1c36b1601f03cf6/httpcore5' && 'svn' '--non-interactive' 'info'
[INFO] Working directory: /home/ubuntu/ATLAS/apps/apache-httpcore/download/586bfb7efd41ad3d3d718dfed1c36b1601f03cf6/httpcore5
[WARNING] Cannot get the branch information from the scm repository, proceeding with UNKNOWN_BRANCH : 
Exception while executing SCM command.
[INFO] Storing buildScmBranch: UNKNOWN_BRANCH
[INFO] 
[INFO] --- maven-resources-plugin:3.0.1:resources (default-resources) @ httpcore5 ---
[INFO] Using 'UTF-8' encoding to copy filtered resources.
[INFO] Copying 1 resource
[INFO] Copying 3 resources
[INFO] 
[INFO] --- maven-compiler-plugin:3.6.0:compile (default-compile) @ httpcore5 ---
[INFO] Changes detected - recompiling the module!
[INFO] Compiling 409 source files to /home/ubuntu/ATLAS/apps/apache-httpcore/download/586bfb7efd41ad3d3d718dfed1c36b1601f03cf6/httpcore5/target/classes
[INFO] /home/ubuntu/ATLAS/apps/apache-httpcore/download/586bfb7efd41ad3d3d718dfed1c36b1601f03cf6/httpcore5/src/main/java/org/apache/hc/core5/http/protocol/ChainBuilder.java: Some input files use unchecked or unsafe operations.
[INFO] /home/ubuntu/ATLAS/apps/apache-httpcore/download/586bfb7efd41ad3d3d718dfed1c36b1601f03cf6/httpcore5/src/main/java/org/apache/hc/core5/http/protocol/ChainBuilder.java: Recompile with -Xlint:unchecked for details.
[INFO] -------------------------------------------------------------
[WARNING] COMPILATION WARNING : 
[INFO] -------------------------------------------------------------
[WARNING] bootstrap class path not set in conjunction with -source 1.7
[INFO] 1 warning
[INFO] -------------------------------------------------------------
[INFO] -------------------------------------------------------------
[ERROR] COMPILATION ERROR : 
[INFO] -------------------------------------------------------------
[ERROR] /home/ubuntu/ATLAS/apps/apache-httpcore/download/586bfb7efd41ad3d3d718dfed1c36b1601f03cf6/httpcore5/src/main/java/org/apache/hc/core5/util/Timeout.java:[51,70] cannot find symbol
  symbol:   variable UNDEFINED
  location: class org.apache.hc.core5.util.Timeout
[ERROR] /home/ubuntu/ATLAS/apps/apache-httpcore/download/586bfb7efd41ad3d3d718dfed1c36b1601f03cf6/httpcore5/src/main/java/org/apache/hc/core5/util/Timeout.java:[56,65] cannot find symbol
  symbol:   variable UNDEFINED
  location: class org.apache.hc.core5.util.Timeout
[ERROR] /home/ubuntu/ATLAS/apps/apache-httpcore/download/586bfb7efd41ad3d3d718dfed1c36b1601f03cf6/httpcore5/src/main/java/org/apache/hc/core5/util/Timeout.java:[127,24] cannot find symbol
  symbol:   variable UNDEFINED
  location: class org.apache.hc.core5.util.Timeout
[ERROR] /home/ubuntu/ATLAS/apps/apache-httpcore/download/586bfb7efd41ad3d3d718dfed1c36b1601f03cf6/httpcore5/src/main/java/org/apache/hc/core5/util/Timeout.java:[128,83] cannot find symbol
  symbol:   variable UNDEFINED
  location: class org.apache.hc.core5.util.Timeout
[ERROR] /home/ubuntu/ATLAS/apps/apache-httpcore/download/586bfb7efd41ad3d3d718dfed1c36b1601f03cf6/httpcore5/src/main/java/org/apache/hc/core5/util/Timeout.java:[161,33] cannot find symbol
  symbol:   variable UNDEFINED
  location: class org.apache.hc.core5.util.Timeout
[ERROR] /home/ubuntu/ATLAS/apps/apache-httpcore/download/586bfb7efd41ad3d3d718dfed1c36b1601f03cf6/httpcore5/src/main/java/org/apache/hc/core5/util/Timeout.java:[170,33] cannot find symbol
  symbol:   variable UNDEFINED
  location: class org.apache.hc.core5.util.Timeout
[INFO] 6 errors 
[INFO] -------------------------------------------------------------
[INFO] ------------------------------------------------------------------------
[INFO] Reactor Summary:
[INFO] 
[INFO] Apache HttpComponents Core Parent .................. SUCCESS [  1.698 s]
[INFO] Apache HttpComponents Core HTTP/1.1 ................ FAILURE [  3.273 s]
[INFO] ------------------------------------------------------------------------
[INFO] BUILD FAILURE
[INFO] ------------------------------------------------------------------------
[INFO] Total time: 5.974 s
[INFO] Finished at: 2019-12-04T07:16:00+00:00
[INFO] Final Memory: 32M/338M
[INFO] ------------------------------------------------------------------------
[ERROR] Failed to execute goal org.apache.maven.plugins:maven-compiler-plugin:3.6.0:compile (default-compile) on project httpcore5: Compilation failure: Compilation failure:
[ERROR] /home/ubuntu/ATLAS/apps/apache-httpcore/download/586bfb7efd41ad3d3d718dfed1c36b1601f03cf6/httpcore5/src/main/java/org/apache/hc/core5/util/Timeout.java:[51,70] cannot find symbol
[ERROR] symbol:   variable UNDEFINED
[ERROR] location: class org.apache.hc.core5.util.Timeout
[ERROR] /home/ubuntu/ATLAS/apps/apache-httpcore/download/586bfb7efd41ad3d3d718dfed1c36b1601f03cf6/httpcore5/src/main/java/org/apache/hc/core5/util/Timeout.java:[56,65] cannot find symbol
[ERROR] symbol:   variable UNDEFINED
[ERROR] location: class org.apache.hc.core5.util.Timeout
[ERROR] /home/ubuntu/ATLAS/apps/apache-httpcore/download/586bfb7efd41ad3d3d718dfed1c36b1601f03cf6/httpcore5/src/main/java/org/apache/hc/core5/util/Timeout.java:[127,24] cannot find symbol
[ERROR] symbol:   variable UNDEFINED
[ERROR] location: class org.apache.hc.core5.util.Timeout
[ERROR] /home/ubuntu/ATLAS/apps/apache-httpcore/download/586bfb7efd41ad3d3d718dfed1c36b1601f03cf6/httpcore5/src/main/java/org/apache/hc/core5/util/Timeout.java:[128,83] cannot find symbol
[ERROR] symbol:   variable UNDEFINED
[ERROR] location: class org.apache.hc.core5.util.Timeout
[ERROR] /home/ubuntu/ATLAS/apps/apache-httpcore/download/586bfb7efd41ad3d3d718dfed1c36b1601f03cf6/httpcore5/src/main/java/org/apache/hc/core5/util/Timeout.java:[161,33] cannot find symbol
[ERROR] symbol:   variable UNDEFINED
[ERROR] location: class org.apache.hc.core5.util.Timeout
[ERROR] /home/ubuntu/ATLAS/apps/apache-httpcore/download/586bfb7efd41ad3d3d718dfed1c36b1601f03cf6/httpcore5/src/main/java/org/apache/hc/core5/util/Timeout.java:[170,33] cannot find symbol
[ERROR] symbol:   variable UNDEFINED
[ERROR] location: class org.apache.hc.core5.util.Timeout
[ERROR] -> [Help 1]
[ERROR] 
[ERROR] To see the full stack trace of the errors, re-run Maven with the -e switch.
[ERROR] Re-run Maven using the -X switch to enable full debug logging.
[ERROR] 
[ERROR] For more information about the errors and possible solutions, please read the following articles:
[ERROR] [Help 1] http://cwiki.apache.org/confluence/display/MAVEN/MojoFailureException
[ERROR] 
[ERROR] After correcting the problems, you can resume the build with the command
[ERROR]   mvn <goals> -rf :httpcore5
[INFO] Scanning for projects...
[ERROR] [ERROR] Could not find the selected project in the reactor: httpcore @ 
[ERROR] Could not find the selected project in the reactor: httpcore -> [Help 1]
[ERROR] 
[ERROR] To see the full stack trace of the errors, re-run Maven with the -e switch.
[ERROR] Re-run Maven using the -X switch to enable full debug logging.
[ERROR] 
[ERROR] For more information about the errors and possible solutions, please read the following articles:
[ERROR] [Help 1] http://cwiki.apache.org/confluence/display/MAVEN/MavenExecutionException
(mvn clean compile -DskipTests -Drat.skip=true -Dmaven.test.skip=true -Dmaven.site.skip=true -Dmaven.javadoc.skip=true -Dcheckstyle.skip=true -pl httpcore5 -am) || (mvn clean compile -DskipTests -Drat.skip=true -Dmaven.test.skip=true -Dmaven.site.skip=true -Dmaven.javadoc.skip=true -Dcheckstyle.skip=true -pl httpcore -am)
0.156s delay before adding the failure to the log file
There are 5 choices for the alternative javac (providing /usr/bin/javac).

  Selection    Path                                                Priority   Status
------------------------------------------------------------
  0            /usr/lib/jvm/java-8-openjdk-amd64/bin/javac          1081      auto mode
  1            /home/ubuntu/ATLAS/external/jdk/j2sdk1.4/bin/javac   1         manual mode
  2            /home/ubuntu/ATLAS/external/jdk/jdk1.5/bin/javac     1         manual mode
  3            /home/ubuntu/ATLAS/external/jdk/jdk1.6/bin/javac     1         manual mode
  4            /usr/lib/jvm/java-7-openjdk-amd64/bin/javac          1071      manual mode
* 5            /usr/lib/jvm/java-8-openjdk-amd64/bin/javac          1081      manual mode

Press <enter> to keep the current choice[*], or type selection number: update-alternatives: using /usr/lib/jvm/java-7-openjdk-amd64/bin/javac to provide /usr/bin/javac (javac) in manual mode
There are 5 choices for the alternative java (providing /usr/bin/java).

  Selection    Path                                               Priority   Status
------------------------------------------------------------
  0            /usr/lib/jvm/java-8-openjdk-amd64/jre/bin/java      1081      auto mode
  1            /home/ubuntu/ATLAS/external/jdk/j2sdk1.4/bin/java   1         manual mode
  2            /home/ubuntu/ATLAS/external/jdk/jdk1.5/bin/java     1         manual mode
  3            /home/ubuntu/ATLAS/external/jdk/jdk1.6/bin/java     1         manual mode
  4            /usr/lib/jvm/java-7-openjdk-amd64/jre/bin/java      1071      manual mode
* 5            /usr/lib/jvm/java-8-openjdk-amd64/jre/bin/java      1081      manual mode

Press <enter> to keep the current choice[*], or type selection number: update-alternatives: using /usr/lib/jvm/java-7-openjdk-amd64/jre/bin/java to provide /usr/bin/java (java) in manual mode
Compile apache-httpcore 586bfb7efd41ad3d3d718dfed1c36b1601f03cf6:
[INFO] Scanning for projects...
[INFO] ------------------------------------------------------------------------
[INFO] Reactor Build Order:
[INFO] 
[INFO] Apache HttpComponents Core Parent
[INFO] Apache HttpComponents Core HTTP/1.1
[INFO]                                                                         
[INFO] ------------------------------------------------------------------------
[INFO] Building Apache HttpComponents Core Parent 5.0-alpha3-SNAPSHOT
[INFO] ------------------------------------------------------------------------
[INFO] 
[INFO] --- maven-clean-plugin:3.0.0:clean (default-clean) @ httpcore5-parent ---
[INFO] 
[INFO] --- maven-checkstyle-plugin:2.9.1:checkstyle (validate) @ httpcore5-parent ---
[INFO] 
[INFO] --- maven-checkstyle-plugin:2.9.1:checkstyle (validate-main) @ httpcore5-parent ---
[INFO] 
[INFO] --- maven-checkstyle-plugin:2.9.1:checkstyle (validate-test) @ httpcore5-parent ---
[INFO] 
[INFO] --- maven-checkstyle-plugin:2.9.1:checkstyle (validate-examples) @ httpcore5-parent ---
[INFO] 
[INFO] --- build-helper-maven-plugin:1.12:parse-version (parse-version) @ httpcore5-parent ---
[INFO] 
[INFO] --- maven-remote-resources-plugin:1.5:process (process-resource-bundles) @ httpcore5-parent ---
[INFO] 
[INFO] --- buildnumber-maven-plugin:1.4:create (default) @ httpcore5-parent ---
[INFO] Executing: /bin/sh -c cd '/home/ubuntu/ATLAS/apps/apache-httpcore/download/586bfb7efd41ad3d3d718dfed1c36b1601f03cf6' && 'svn' '--non-interactive' 'info'
[INFO] Working directory: /home/ubuntu/ATLAS/apps/apache-httpcore/download/586bfb7efd41ad3d3d718dfed1c36b1601f03cf6
[WARNING] Cannot get the revision information from the scm repository, proceeding with revision of ?????? : 
Exception while executing SCM command.
[INFO] Storing buildNumber: ?????? at timestamp: 1575443769115
[INFO] Executing: /bin/sh -c cd '/home/ubuntu/ATLAS/apps/apache-httpcore/download/586bfb7efd41ad3d3d718dfed1c36b1601f03cf6' && 'svn' '--non-interactive' 'info'
[INFO] Working directory: /home/ubuntu/ATLAS/apps/apache-httpcore/download/586bfb7efd41ad3d3d718dfed1c36b1601f03cf6
[WARNING] Cannot get the branch information from the scm repository, proceeding with UNKNOWN_BRANCH : 
Exception while executing SCM command.
[INFO] Storing buildScmBranch: UNKNOWN_BRANCH
[INFO]                                                                         
[INFO] ------------------------------------------------------------------------
[INFO] Building Apache HttpComponents Core HTTP/1.1 5.0-alpha3-SNAPSHOT
[INFO] ------------------------------------------------------------------------
[INFO] 
[INFO] --- maven-clean-plugin:3.0.0:clean (default-clean) @ httpcore5 ---
[INFO] 
[INFO] --- maven-checkstyle-plugin:2.9.1:checkstyle (validate) @ httpcore5 ---
[INFO] 
[INFO] --- maven-checkstyle-plugin:2.9.1:checkstyle (validate-main) @ httpcore5 ---
[INFO] 
[INFO] --- maven-checkstyle-plugin:2.9.1:checkstyle (validate-test) @ httpcore5 ---
[INFO] 
[INFO] --- maven-checkstyle-plugin:2.9.1:checkstyle (validate-examples) @ httpcore5 ---
[INFO] 
[INFO] --- build-helper-maven-plugin:1.12:parse-version (parse-version) @ httpcore5 ---
[INFO] 
[INFO] --- maven-remote-resources-plugin:1.5:process (process-resource-bundles) @ httpcore5 ---
[INFO] 
[INFO] --- buildnumber-maven-plugin:1.4:create (default) @ httpcore5 ---
[INFO] Executing: /bin/sh -c cd '/home/ubuntu/ATLAS/apps/apache-httpcore/download/586bfb7efd41ad3d3d718dfed1c36b1601f03cf6/httpcore5' && 'svn' '--non-interactive' 'info'
[INFO] Working directory: /home/ubuntu/ATLAS/apps/apache-httpcore/download/586bfb7efd41ad3d3d718dfed1c36b1601f03cf6/httpcore5
[WARNING] Cannot get the revision information from the scm repository, proceeding with revision of ?????? : 
Exception while executing SCM command.
[INFO] Storing buildNumber: ?????? at timestamp: 1575443769555
[INFO] Executing: /bin/sh -c cd '/home/ubuntu/ATLAS/apps/apache-httpcore/download/586bfb7efd41ad3d3d718dfed1c36b1601f03cf6/httpcore5' && 'svn' '--non-interactive' 'info'
[INFO] Working directory: /home/ubuntu/ATLAS/apps/apache-httpcore/download/586bfb7efd41ad3d3d718dfed1c36b1601f03cf6/httpcore5
[WARNING] Cannot get the branch information from the scm repository, proceeding with UNKNOWN_BRANCH : 
Exception while executing SCM command.
[INFO] Storing buildScmBranch: UNKNOWN_BRANCH
[INFO] 
[INFO] --- maven-resources-plugin:3.0.1:resources (default-resources) @ httpcore5 ---
[INFO] Using 'UTF-8' encoding to copy filtered resources.
[INFO] Copying 1 resource
[INFO] Copying 3 resources
[INFO] 
[INFO] --- maven-compiler-plugin:3.6.0:compile (default-compile) @ httpcore5 ---
[INFO] Changes detected - recompiling the module!
[INFO] Compiling 409 source files to /home/ubuntu/ATLAS/apps/apache-httpcore/download/586bfb7efd41ad3d3d718dfed1c36b1601f03cf6/httpcore5/target/classes
[INFO] /home/ubuntu/ATLAS/apps/apache-httpcore/download/586bfb7efd41ad3d3d718dfed1c36b1601f03cf6/httpcore5/src/main/java/org/apache/hc/core5/http/impl/io/DefaultHttpRequestParserFactory.java: Some input files use unchecked or unsafe operations.
[INFO] /home/ubuntu/ATLAS/apps/apache-httpcore/download/586bfb7efd41ad3d3d718dfed1c36b1601f03cf6/httpcore5/src/main/java/org/apache/hc/core5/http/impl/io/DefaultHttpRequestParserFactory.java: Recompile with -Xlint:unchecked for details.
[INFO] -------------------------------------------------------------
[ERROR] COMPILATION ERROR : 
[INFO] -------------------------------------------------------------
[ERROR] /home/ubuntu/ATLAS/apps/apache-httpcore/download/586bfb7efd41ad3d3d718dfed1c36b1601f03cf6/httpcore5/src/main/java/org/apache/hc/core5/util/Timeout.java:[51,70] cannot find symbol
  symbol:   variable UNDEFINED
  location: class org.apache.hc.core5.util.Timeout
[ERROR] /home/ubuntu/ATLAS/apps/apache-httpcore/download/586bfb7efd41ad3d3d718dfed1c36b1601f03cf6/httpcore5/src/main/java/org/apache/hc/core5/util/Timeout.java:[56,65] cannot find symbol
  symbol:   variable UNDEFINED
  location: class org.apache.hc.core5.util.Timeout
[ERROR] /home/ubuntu/ATLAS/apps/apache-httpcore/download/586bfb7efd41ad3d3d718dfed1c36b1601f03cf6/httpcore5/src/main/java/org/apache/hc/core5/util/Timeout.java:[127,24] cannot find symbol
  symbol:   variable UNDEFINED
  location: class org.apache.hc.core5.util.Timeout
[ERROR] /home/ubuntu/ATLAS/apps/apache-httpcore/download/586bfb7efd41ad3d3d718dfed1c36b1601f03cf6/httpcore5/src/main/java/org/apache/hc/core5/util/Timeout.java:[128,83] cannot find symbol
  symbol:   variable UNDEFINED
  location: class org.apache.hc.core5.util.Timeout
[ERROR] /home/ubuntu/ATLAS/apps/apache-httpcore/download/586bfb7efd41ad3d3d718dfed1c36b1601f03cf6/httpcore5/src/main/java/org/apache/hc/core5/util/Timeout.java:[161,33] cannot find symbol
  symbol:   variable UNDEFINED
  location: class org.apache.hc.core5.util.Timeout
[ERROR] /home/ubuntu/ATLAS/apps/apache-httpcore/download/586bfb7efd41ad3d3d718dfed1c36b1601f03cf6/httpcore5/src/main/java/org/apache/hc/core5/util/Timeout.java:[170,33] cannot find symbol
  symbol:   variable UNDEFINED
  location: class org.apache.hc.core5.util.Timeout
[INFO] 6 errors 
[INFO] -------------------------------------------------------------
[INFO] ------------------------------------------------------------------------
[INFO] Reactor Summary:
[INFO] 
[INFO] Apache HttpComponents Core Parent .................. SUCCESS [  2.195 s]
[INFO] Apache HttpComponents Core HTTP/1.1 ................ FAILURE [  5.339 s]
[INFO] ------------------------------------------------------------------------
[INFO] BUILD FAILURE
[INFO] ------------------------------------------------------------------------
[INFO] Total time: 9.071 s
[INFO] Finished at: 2019-12-04T07:16:14+00:00
[INFO] Final Memory: 38M/336M
[INFO] ------------------------------------------------------------------------
[ERROR] Failed to execute goal org.apache.maven.plugins:maven-compiler-plugin:3.6.0:compile (default-compile) on project httpcore5: Compilation failure: Compilation failure:
[ERROR] /home/ubuntu/ATLAS/apps/apache-httpcore/download/586bfb7efd41ad3d3d718dfed1c36b1601f03cf6/httpcore5/src/main/java/org/apache/hc/core5/util/Timeout.java:[51,70] cannot find symbol
[ERROR] symbol:   variable UNDEFINED
[ERROR] location: class org.apache.hc.core5.util.Timeout
[ERROR] /home/ubuntu/ATLAS/apps/apache-httpcore/download/586bfb7efd41ad3d3d718dfed1c36b1601f03cf6/httpcore5/src/main/java/org/apache/hc/core5/util/Timeout.java:[56,65] cannot find symbol
[ERROR] symbol:   variable UNDEFINED
[ERROR] location: class org.apache.hc.core5.util.Timeout
[ERROR] /home/ubuntu/ATLAS/apps/apache-httpcore/download/586bfb7efd41ad3d3d718dfed1c36b1601f03cf6/httpcore5/src/main/java/org/apache/hc/core5/util/Timeout.java:[127,24] cannot find symbol
[ERROR] symbol:   variable UNDEFINED
[ERROR] location: class org.apache.hc.core5.util.Timeout
[ERROR] /home/ubuntu/ATLAS/apps/apache-httpcore/download/586bfb7efd41ad3d3d718dfed1c36b1601f03cf6/httpcore5/src/main/java/org/apache/hc/core5/util/Timeout.java:[128,83] cannot find symbol
[ERROR] symbol:   variable UNDEFINED
[ERROR] location: class org.apache.hc.core5.util.Timeout
[ERROR] /home/ubuntu/ATLAS/apps/apache-httpcore/download/586bfb7efd41ad3d3d718dfed1c36b1601f03cf6/httpcore5/src/main/java/org/apache/hc/core5/util/Timeout.java:[161,33] cannot find symbol
[ERROR] symbol:   variable UNDEFINED
[ERROR] location: class org.apache.hc.core5.util.Timeout
[ERROR] /home/ubuntu/ATLAS/apps/apache-httpcore/download/586bfb7efd41ad3d3d718dfed1c36b1601f03cf6/httpcore5/src/main/java/org/apache/hc/core5/util/Timeout.java:[170,33] cannot find symbol
[ERROR] symbol:   variable UNDEFINED
[ERROR] location: class org.apache.hc.core5.util.Timeout
[ERROR] -> [Help 1]
[ERROR] 
[ERROR] To see the full stack trace of the errors, re-run Maven with the -e switch.
[ERROR] Re-run Maven using the -X switch to enable full debug logging.
[ERROR] 
[ERROR] For more information about the errors and possible solutions, please read the following articles:
[ERROR] [Help 1] http://cwiki.apache.org/confluence/display/MAVEN/MojoFailureException
[ERROR] 
[ERROR] After correcting the problems, you can resume the build with the command
[ERROR]   mvn <goals> -rf :httpcore5
[INFO] Scanning for projects...
[ERROR] [ERROR] Could not find the selected project in the reactor: httpcore @ 
[ERROR] Could not find the selected project in the reactor: httpcore -> [Help 1]
[ERROR] 
[ERROR] To see the full stack trace of the errors, re-run Maven with the -e switch.
[ERROR] Re-run Maven using the -X switch to enable full debug logging.
[ERROR] 
[ERROR] For more information about the errors and possible solutions, please read the following articles:
[ERROR] [Help 1] http://cwiki.apache.org/confluence/display/MAVEN/MavenExecutionException
(mvn clean compile -DskipTests -Drat.skip=true -Dmaven.test.skip=true -Dmaven.site.skip=true -Dmaven.javadoc.skip=true -Dcheckstyle.skip=true -pl httpcore5 -am) || (mvn clean compile -DskipTests -Drat.skip=true -Dmaven.test.skip=true -Dmaven.site.skip=true -Dmaven.javadoc.skip=true -Dcheckstyle.skip=true -pl httpcore -am)
0.328s delay before adding the failure to the log file
There are 5 choices for the alternative javac (providing /usr/bin/javac).

  Selection    Path                                                Priority   Status
------------------------------------------------------------
  0            /usr/lib/jvm/java-8-openjdk-amd64/bin/javac          1081      auto mode
  1            /home/ubuntu/ATLAS/external/jdk/j2sdk1.4/bin/javac   1         manual mode
  2            /home/ubuntu/ATLAS/external/jdk/jdk1.5/bin/javac     1         manual mode
  3            /home/ubuntu/ATLAS/external/jdk/jdk1.6/bin/javac     1         manual mode
* 4            /usr/lib/jvm/java-7-openjdk-amd64/bin/javac          1071      manual mode
  5            /usr/lib/jvm/java-8-openjdk-amd64/bin/javac          1081      manual mode

Press <enter> to keep the current choice[*], or type selection number: update-alternatives: using /home/ubuntu/ATLAS/external/jdk/jdk1.6/bin/javac to provide /usr/bin/javac (javac) in manual mode
There are 5 choices for the alternative java (providing /usr/bin/java).

  Selection    Path                                               Priority   Status
------------------------------------------------------------
  0            /usr/lib/jvm/java-8-openjdk-amd64/jre/bin/java      1081      auto mode
  1            /home/ubuntu/ATLAS/external/jdk/j2sdk1.4/bin/java   1         manual mode
  2            /home/ubuntu/ATLAS/external/jdk/jdk1.5/bin/java     1         manual mode
  3            /home/ubuntu/ATLAS/external/jdk/jdk1.6/bin/java     1         manual mode
* 4            /usr/lib/jvm/java-7-openjdk-amd64/jre/bin/java      1071      manual mode
  5            /usr/lib/jvm/java-8-openjdk-amd64/jre/bin/java      1081      manual mode

Press <enter> to keep the current choice[*], or type selection number: update-alternatives: using /home/ubuntu/ATLAS/external/jdk/jdk1.6/bin/java to provide /usr/bin/java (java) in manual mode
Compile apache-httpcore 586bfb7efd41ad3d3d718dfed1c36b1601f03cf6:
(mvn clean compile -DskipTests -Drat.skip=true -Dmaven.test.skip=true -Dmaven.site.skip=true -Dmaven.javadoc.skip=true -Dcheckstyle.skip=true -pl httpcore5 -am) || (mvn clean compile -DskipTests -Drat.skip=true -Dmaven.test.skip=true -Dmaven.site.skip=true -Dmaven.javadoc.skip=true -Dcheckstyle.skip=true -pl httpcore -am)
0.235s delay before adding the failure to the log file
There are 5 choices for the alternative javac (providing /usr/bin/javac).

  Selection    Path                                                Priority   Status
------------------------------------------------------------
  0            /usr/lib/jvm/java-8-openjdk-amd64/bin/javac          1081      auto mode
  1            /home/ubuntu/ATLAS/external/jdk/j2sdk1.4/bin/javac   1         manual mode
  2            /home/ubuntu/ATLAS/external/jdk/jdk1.5/bin/javac     1         manual mode
* 3            /home/ubuntu/ATLAS/external/jdk/jdk1.6/bin/javac     1         manual mode
  4            /usr/lib/jvm/java-7-openjdk-amd64/bin/javac          1071      manual mode
  5            /usr/lib/jvm/java-8-openjdk-amd64/bin/javac          1081      manual mode

Press <enter> to keep the current choice[*], or type selection number: update-alternatives: using /usr/lib/jvm/java-8-openjdk-amd64/bin/javac to provide /usr/bin/javac (javac) in auto mode
There are 5 choices for the alternative java (providing /usr/bin/java).

  Selection    Path                                               Priority   Status
------------------------------------------------------------
  0            /usr/lib/jvm/java-8-openjdk-amd64/jre/bin/java      1081      auto mode
  1            /home/ubuntu/ATLAS/external/jdk/j2sdk1.4/bin/java   1         manual mode
  2            /home/ubuntu/ATLAS/external/jdk/jdk1.5/bin/java     1         manual mode
* 3            /home/ubuntu/ATLAS/external/jdk/jdk1.6/bin/java     1         manual mode
  4            /usr/lib/jvm/java-7-openjdk-amd64/jre/bin/java      1071      manual mode
  5            /usr/lib/jvm/java-8-openjdk-amd64/jre/bin/java      1081      manual mode

Press <enter> to keep the current choice[*], or type selection number: update-alternatives: using /usr/lib/jvm/java-8-openjdk-amd64/jre/bin/java to provide /usr/bin/java (java) in auto mode
