There are 5 choices for the alternative javac (providing /usr/bin/javac).

  Selection    Path                                                Priority   Status
------------------------------------------------------------
* 0            /usr/lib/jvm/java-8-openjdk-amd64/bin/javac          1081      auto mode
  1            /home/ubuntu/ATLAS/external/jdk/j2sdk1.4/bin/javac   1         manual mode
  2            /home/ubuntu/ATLAS/external/jdk/jdk1.5/bin/javac     1         manual mode
  3            /home/ubuntu/ATLAS/external/jdk/jdk1.6/bin/javac     1         manual mode
  4            /usr/lib/jvm/java-7-openjdk-amd64/bin/javac          1071      manual mode
  5            /usr/lib/jvm/java-8-openjdk-amd64/bin/javac          1081      manual mode

Press <enter> to keep the current choice[*], or type selection number: There are 5 choices for the alternative java (providing /usr/bin/java).

  Selection    Path                                               Priority   Status
------------------------------------------------------------
* 0            /usr/lib/jvm/java-8-openjdk-amd64/jre/bin/java      1081      auto mode
  1            /home/ubuntu/ATLAS/external/jdk/j2sdk1.4/bin/java   1         manual mode
  2            /home/ubuntu/ATLAS/external/jdk/jdk1.5/bin/java     1         manual mode
  3            /home/ubuntu/ATLAS/external/jdk/jdk1.6/bin/java     1         manual mode
  4            /usr/lib/jvm/java-7-openjdk-amd64/jre/bin/java      1071      manual mode
  5            /usr/lib/jvm/java-8-openjdk-amd64/jre/bin/java      1081      manual mode

Press <enter> to keep the current choice[*], or type selection number: There are 5 choices for the alternative javac (providing /usr/bin/javac).

  Selection    Path                                                Priority   Status
------------------------------------------------------------
* 0            /usr/lib/jvm/java-8-openjdk-amd64/bin/javac          1081      auto mode
  1            /home/ubuntu/ATLAS/external/jdk/j2sdk1.4/bin/javac   1         manual mode
  2            /home/ubuntu/ATLAS/external/jdk/jdk1.5/bin/javac     1         manual mode
  3            /home/ubuntu/ATLAS/external/jdk/jdk1.6/bin/javac     1         manual mode
  4            /usr/lib/jvm/java-7-openjdk-amd64/bin/javac          1071      manual mode
  5            /usr/lib/jvm/java-8-openjdk-amd64/bin/javac          1081      manual mode

Press <enter> to keep the current choice[*], or type selection number: There are 5 choices for the alternative javac (providing /usr/bin/javac).

  Selection    Path                                                Priority   Status
------------------------------------------------------------
* 0            /usr/lib/jvm/java-8-openjdk-amd64/bin/javac          1081      auto mode
  1            /home/ubuntu/ATLAS/external/jdk/j2sdk1.4/bin/javac   1         manual mode
  2            /home/ubuntu/ATLAS/external/jdk/jdk1.5/bin/javac     1         manual mode
  3            /home/ubuntu/ATLAS/external/jdk/jdk1.6/bin/javac     1         manual mode
  4            /usr/lib/jvm/java-7-openjdk-amd64/bin/javac          1071      manual mode
  5            /usr/lib/jvm/java-8-openjdk-amd64/bin/javac          1081      manual mode

Press <enter> to keep the current choice[*], or type selection number: There are 5 choices for the alternative java (providing /usr/bin/java).

  Selection    Path                                               Priority   Status
------------------------------------------------------------
* 0            /usr/lib/jvm/java-8-openjdk-amd64/jre/bin/java      1081      auto mode
  1            /home/ubuntu/ATLAS/external/jdk/j2sdk1.4/bin/java   1         manual mode
  2            /home/ubuntu/ATLAS/external/jdk/jdk1.5/bin/java     1         manual mode
  3            /home/ubuntu/ATLAS/external/jdk/jdk1.6/bin/java     1         manual mode
  4            /usr/lib/jvm/java-7-openjdk-amd64/jre/bin/java      1071      manual mode
  5            /usr/lib/jvm/java-8-openjdk-amd64/jre/bin/java      1081      manual mode

Press <enter> to keep the current choice[*], or type selection number: There are 5 choices for the alternative java (providing /usr/bin/java).

  Selection    Path                                               Priority   Status
------------------------------------------------------------
* 0            /usr/lib/jvm/java-8-openjdk-amd64/jre/bin/java      1081      auto mode
  1            /home/ubuntu/ATLAS/external/jdk/j2sdk1.4/bin/java   1         manual mode
  2            /home/ubuntu/ATLAS/external/jdk/jdk1.5/bin/java     1         manual mode
  3            /home/ubuntu/ATLAS/external/jdk/jdk1.6/bin/java     1         manual mode
  4            /usr/lib/jvm/java-7-openjdk-amd64/jre/bin/java      1071      manual mode
  5            /usr/lib/jvm/java-8-openjdk-amd64/jre/bin/java      1081      manual mode

Press <enter> to keep the current choice[*], or type selection number: Compile google-auto 66c3f4f99102d4e967913b785f48417c92deff29:
[INFO] Scanning for projects...
Downloading: https://repo.maven.apache.org/maven2/com/google/auto/auto-parent/3/auto-parent-3.pom
3/4 KB   4/4 KB            Downloaded: https://repo.maven.apache.org/maven2/com/google/auto/auto-parent/3/auto-parent-3.pom (4 KB at 7.4 KB/sec)
[INFO]                                                                         
[INFO] ------------------------------------------------------------------------
[INFO] Building AutoValue 1.2-SNAPSHOT
[INFO] ------------------------------------------------------------------------
Downloading: https://repo.maven.apache.org/maven2/org/apache/maven/plugins/maven-enforcer-plugin/1.0/maven-enforcer-plugin-1.0.pom
3/7 KB   5/7 KB   7/7 KB            Downloaded: https://repo.maven.apache.org/maven2/org/apache/maven/plugins/maven-enforcer-plugin/1.0/maven-enforcer-plugin-1.0.pom (7 KB at 273.9 KB/sec)
Downloading: https://repo.maven.apache.org/maven2/org/apache/maven/enforcer/enforcer/1.0/enforcer-1.0.pom
3/12 KB   5/12 KB   8/12 KB   11/12 KB   12/12 KB              Downloaded: https://repo.maven.apache.org/maven2/org/apache/maven/enforcer/enforcer/1.0/enforcer-1.0.pom (12 KB at 416.6 KB/sec)
Downloading: https://repo.maven.apache.org/maven2/org/apache/maven/maven-parent/17/maven-parent-17.pom
3/25 KB    5/25 KB   8/25 KB   11/25 KB   13/25 KB   16/25 KB   19/25 KB   21/25 KB   24/25 KB   25/25 KB              Downloaded: https://repo.maven.apache.org/maven2/org/apache/maven/maven-parent/17/maven-parent-17.pom (25 KB at 695.1 KB/sec)
Downloading: https://repo.maven.apache.org/maven2/org/apache/maven/plugins/maven-enforcer-plugin/1.0/maven-enforcer-plugin-1.0.jar
3/22 KB    5/22 KB   8/22 KB   11/22 KB   13/22 KB   16/22 KB   19/22 KB   21/22 KB   22/22 KB              Downloaded: https://repo.maven.apache.org/maven2/org/apache/maven/plugins/maven-enforcer-plugin/1.0/maven-enforcer-plugin-1.0.jar (22 KB at 726.5 KB/sec)
Downloading: https://repo.maven.apache.org/maven2/org/apache/maven/plugins/maven-invoker-plugin/1.8/maven-invoker-plugin-1.8.pom
3/13 KB    5/13 KB   8/13 KB   11/13 KB   13/13 KB              Downloaded: https://repo.maven.apache.org/maven2/org/apache/maven/plugins/maven-invoker-plugin/1.8/maven-invoker-plugin-1.8.pom (13 KB at 593.8 KB/sec)
Downloading: https://repo.maven.apache.org/maven2/org/apache/maven/plugins/maven-invoker-plugin/1.8/maven-invoker-plugin-1.8.jar
3/103 KB   5/103 KB   8/103 KB   11/103 KB   13/103 KB   16/103 KB   19/103 KB   21/103 KB   24/103 KB   27/103 KB   29/103 KB   32/103 KB   36/103 KB   40/103 KB   44/103 KB   48/103 KB   52/103 KB   56/103 KB   60/103 KB   64/103 KB   68/103 KB   72/103 KB   76/103 KB   80/103 KB   84/103 KB   88/103 KB   92/103 KB   96/103 KB   100/103 KB   103/103 KB                Downloaded: https://repo.maven.apache.org/maven2/org/apache/maven/plugins/maven-invoker-plugin/1.8/maven-invoker-plugin-1.8.jar (103 KB at 2939.1 KB/sec)
Downloading: https://repo.maven.apache.org/maven2/com/google/auto/auto-common/0.4/auto-common-0.4.pom
3/3 KB       3/3 KB            Downloaded: https://repo.maven.apache.org/maven2/com/google/auto/auto-common/0.4/auto-common-0.4.pom (3 KB at 122.8 KB/sec)
Downloading: https://repo.maven.apache.org/maven2/com/google/auto/auto-parent/2/auto-parent-2.pom
3/5 KB   5/5 KB            Downloaded: https://repo.maven.apache.org/maven2/com/google/auto/auto-parent/2/auto-parent-2.pom (5 KB at 233.0 KB/sec)
Downloading: https://repo.maven.apache.org/maven2/com/google/auto/service/auto-service/1.0-rc2/auto-service-1.0-rc2.pom
3/3 KB   3/3 KB            Downloaded: https://repo.maven.apache.org/maven2/com/google/auto/service/auto-service/1.0-rc2/auto-service-1.0-rc2.pom (3 KB at 121.9 KB/sec)
Downloading: https://repo.maven.apache.org/maven2/com/google/auto/auto-common/0.3/auto-common-0.3.pom
3/3 KB   3/3 KB            Downloaded: https://repo.maven.apache.org/maven2/com/google/auto/auto-common/0.3/auto-common-0.3.pom (3 KB at 120.8 KB/sec)
Downloading: https://repo.maven.apache.org/maven2/com/google/guava/guava-testlib/17.0/guava-testlib-17.0.pom
3/3 KB   3/3 KB            Downloaded: https://repo.maven.apache.org/maven2/com/google/guava/guava-testlib/17.0/guava-testlib-17.0.pom (3 KB at 22.0 KB/sec)
Downloading: https://repo.maven.apache.org/maven2/org/truth0/truth/0.13/truth-0.13.pom
3/6 KB   5/6 KB   6/6 KB            Downloaded: https://repo.maven.apache.org/maven2/org/truth0/truth/0.13/truth-0.13.pom (6 KB at 261.1 KB/sec)
Downloading: https://repo.maven.apache.org/maven2/org/truth0/truth-parent/0.13/truth-parent-0.13.pom
3/4 KB   4/4 KB            Downloaded: https://repo.maven.apache.org/maven2/org/truth0/truth-parent/0.13/truth-parent-0.13.pom (4 KB at 166.8 KB/sec)
Downloading: https://repo.maven.apache.org/maven2/com/google/testing/compile/compile-testing/0.6/compile-testing-0.6.pom
3/5 KB   5/5 KB            Downloaded: https://repo.maven.apache.org/maven2/com/google/testing/compile/compile-testing/0.6/compile-testing-0.6.pom (5 KB at 199.1 KB/sec)
Downloading: https://repo.maven.apache.org/maven2/com/google/truth/truth/0.24/truth-0.24.pom
3/7 KB   5/7 KB   7/7 KB            Downloaded: https://repo.maven.apache.org/maven2/com/google/truth/truth/0.24/truth-0.24.pom (7 KB at 228.5 KB/sec)
Downloading: https://repo.maven.apache.org/maven2/com/google/truth/truth-parent/0.24/truth-parent-0.24.pom
3/5 KB   5/5 KB            Downloaded: https://repo.maven.apache.org/maven2/com/google/truth/truth-parent/0.24/truth-parent-0.24.pom (5 KB at 227.7 KB/sec)
Downloading: https://repo.maven.apache.org/maven2/com/google/truth/truth/0.25/truth-0.25.pom
3/7 KB   5/7 KB   7/7 KB            Downloaded: https://repo.maven.apache.org/maven2/com/google/truth/truth/0.25/truth-0.25.pom (7 KB at 302.6 KB/sec)
Downloading: https://repo.maven.apache.org/maven2/com/google/truth/truth-parent/0.25/truth-parent-0.25.pom
3/4 KB   4/4 KB            Downloaded: https://repo.maven.apache.org/maven2/com/google/truth/truth-parent/0.25/truth-parent-0.25.pom (4 KB at 175.9 KB/sec)
Downloading: https://repo.maven.apache.org/maven2/com/google/auto/auto-common/0.4/auto-common-0.4.jar
Downloading: https://repo.maven.apache.org/maven2/com/google/auto/service/auto-service/1.0-rc2/auto-service-1.0-rc2.jar
Downloading: https://repo.maven.apache.org/maven2/com/google/guava/guava-testlib/17.0/guava-testlib-17.0.jar
Downloading: https://repo.maven.apache.org/maven2/org/truth0/truth/0.13/truth-0.13.jar
Downloading: https://repo.maven.apache.org/maven2/com/google/testing/compile/compile-testing/0.6/compile-testing-0.6.jar
3/63 KB   5/63 KB   8/63 KB   11/63 KB   13/63 KB   16/63 KB   19/63 KB   21/63 KB   24/63 KB   27/63 KB   29/63 KB   32/63 KB   36/63 KB   40/63 KB   44/63 KB   48/63 KB   52/63 KB   56/63 KB   60/63 KB   63/63 KB   63/63 KB   3/51 KB   63/63 KB   5/51 KB   63/63 KB   8/51 KB   63/63 KB   11/51 KB   63/63 KB   13/51 KB   63/63 KB   13/51 KB   3/11 KB   63/63 KB   13/51 KB   5/11 KB   63/63 KB   13/51 KB   8/11 KB   63/63 KB   13/51 KB   11/11 KB                                    Downloaded: https://repo.maven.apache.org/maven2/com/google/auto/auto-common/0.4/auto-common-0.4.jar (63 KB at 1492.7 KB/sec)
Downloading: https://repo.maven.apache.org/maven2/com/google/truth/truth/0.25/truth-0.25.jar
16/51 KB   11/11 KB              19/51 KB   11/11 KB   21/51 KB   11/11 KB   24/51 KB   11/11 KB   27/51 KB   11/11 KB   29/51 KB   11/11 KB   32/51 KB   11/11 KB                         Downloaded: https://repo.maven.apache.org/maven2/com/google/auto/service/auto-service/1.0-rc2/auto-service-1.0-rc2.jar (11 KB at 198.6 KB/sec)
36/51 KB              40/51 KB   44/51 KB   48/51 KB   51/51 KB   51/51 KB   3/91 KB   51/51 KB   3/91 KB   4/107 KB   51/51 KB   3/91 KB   8/107 KB   51/51 KB   3/91 KB   12/107 KB   51/51 KB   5/91 KB   12/107 KB   51/51 KB   5/91 KB   16/107 KB   51/51 KB   8/91 KB   16/107 KB   51/51 KB   11/91 KB   16/107 KB   51/51 KB   13/91 KB   16/107 KB   51/51 KB   13/91 KB   20/107 KB   51/51 KB   13/91 KB   24/107 KB   51/51 KB   13/91 KB   28/107 KB   51/51 KB   13/91 KB   32/107 KB   51/51 KB   13/91 KB   36/107 KB   51/51 KB   13/91 KB   40/107 KB   51/51 KB   13/91 KB   44/107 KB   51/51 KB   13/91 KB   48/107 KB   51/51 KB   13/91 KB   52/107 KB   51/51 KB   13/91 KB   56/107 KB   51/51 KB   13/91 KB   60/107 KB   51/51 KB   13/91 KB   64/107 KB   51/51 KB   13/91 KB   68/107 KB   51/51 KB   13/91 KB   72/107 KB   51/51 KB   13/91 KB   76/107 KB   51/51 KB   13/91 KB   80/107 KB   51/51 KB   13/91 KB   84/107 KB   51/51 KB   13/91 KB   88/107 KB   51/51 KB   13/91 KB   92/107 KB   51/51 KB   13/91 KB   96/107 KB   51/51 KB   13/91 KB   100/107 KB   51/51 KB   13/91 KB   104/107 KB   51/51 KB   13/91 KB   107/107 KB   51/51 KB   16/91 KB   107/107 KB                                      Downloaded: https://repo.maven.apache.org/maven2/org/truth0/truth/0.13/truth-0.13.jar (51 KB at 894.0 KB/sec)
19/91 KB   107/107 KB              21/91 KB   107/107 KB   24/91 KB   107/107 KB   27/91 KB   107/107 KB   29/91 KB   107/107 KB   32/91 KB   107/107 KB                           Downloaded: https://repo.maven.apache.org/maven2/com/google/truth/truth/0.25/truth-0.25.jar (107 KB at 1754.1 KB/sec)
36/91 KB                40/91 KB   44/91 KB   48/91 KB   52/91 KB   56/91 KB   60/91 KB   64/91 KB   68/91 KB   72/91 KB   76/91 KB   80/91 KB   84/91 KB   88/91 KB   91/91 KB              Downloaded: https://repo.maven.apache.org/maven2/com/google/testing/compile/compile-testing/0.6/compile-testing-0.6.jar (91 KB at 1206.1 KB/sec)
3/728 KB   5/728 KB   8/728 KB   11/728 KB   13/728 KB   16/728 KB   19/728 KB   21/728 KB   24/728 KB   27/728 KB   29/728 KB   32/728 KB   36/728 KB   40/728 KB   44/728 KB   48/728 KB   52/728 KB   56/728 KB   60/728 KB   64/728 KB   68/728 KB   72/728 KB   76/728 KB   80/728 KB   84/728 KB   88/728 KB   92/728 KB   96/728 KB   100/728 KB   104/728 KB   108/728 KB   112/728 KB   116/728 KB   120/728 KB   124/728 KB   128/728 KB   132/728 KB   136/728 KB   140/728 KB   144/728 KB   148/728 KB   152/728 KB   156/728 KB   160/728 KB   164/728 KB   168/728 KB   172/728 KB   176/728 KB   180/728 KB   184/728 KB   188/728 KB   192/728 KB   196/728 KB   200/728 KB   204/728 KB   208/728 KB   212/728 KB   216/728 KB   220/728 KB   224/728 KB   228/728 KB   232/728 KB   236/728 KB   240/728 KB   244/728 KB   248/728 KB   252/728 KB   256/728 KB   260/728 KB   264/728 KB   268/728 KB   272/728 KB   276/728 KB   280/728 KB   284/728 KB   288/728 KB   292/728 KB   296/728 KB   300/728 KB   304/728 KB   308/728 KB   312/728 KB   316/728 KB   320/728 KB   324/728 KB   328/728 KB   332/728 KB   336/728 KB   340/728 KB   344/728 KB   348/728 KB   352/728 KB   356/728 KB   360/728 KB   364/728 KB   368/728 KB   372/728 KB   376/728 KB   380/728 KB   384/728 KB   388/728 KB   392/728 KB   396/728 KB   400/728 KB   404/728 KB   408/728 KB   412/728 KB   416/728 KB   420/728 KB   424/728 KB   428/728 KB   432/728 KB   436/728 KB   440/728 KB   444/728 KB   448/728 KB   452/728 KB   456/728 KB   460/728 KB   464/728 KB   468/728 KB   472/728 KB   476/728 KB   480/728 KB   484/728 KB   488/728 KB   492/728 KB   496/728 KB   500/728 KB   504/728 KB   508/728 KB   512/728 KB   516/728 KB   520/728 KB   524/728 KB   528/728 KB   532/728 KB   536/728 KB   540/728 KB   544/728 KB   548/728 KB   552/728 KB   556/728 KB   560/728 KB   564/728 KB   568/728 KB   572/728 KB   576/728 KB   580/728 KB   584/728 KB   588/728 KB   592/728 KB   596/728 KB   600/728 KB   604/728 KB   608/728 KB   612/728 KB   616/728 KB   620/728 KB   624/728 KB   628/728 KB   632/728 KB   636/728 KB   640/728 KB   644/728 KB   648/728 KB   652/728 KB   656/728 KB   660/728 KB   664/728 KB   668/728 KB   672/728 KB   676/728 KB   680/728 KB   684/728 KB   688/728 KB   692/728 KB   696/728 KB   700/728 KB   704/728 KB   708/728 KB   712/728 KB   716/728 KB   720/728 KB   724/728 KB   728/728 KB   728/728 KB                Downloaded: https://repo.maven.apache.org/maven2/com/google/guava/guava-testlib/17.0/guava-testlib-17.0.jar (728 KB at 3567.3 KB/sec)
[INFO] 
[INFO] --- maven-clean-plugin:2.5:clean (default-clean) @ auto-value ---
[INFO] 
[INFO] --- maven-enforcer-plugin:1.0:enforce (enforce-maven) @ auto-value ---
Downloading: https://repo.maven.apache.org/maven2/org/apache/maven/enforcer/enforcer-api/1.0/enforcer-api-1.0.pom
4/4 KB                Downloaded: https://repo.maven.apache.org/maven2/org/apache/maven/enforcer/enforcer-api/1.0/enforcer-api-1.0.pom (4 KB at 177.8 KB/sec)
Downloading: https://repo.maven.apache.org/maven2/org/apache/maven/enforcer/enforcer-rules/1.0/enforcer-rules-1.0.pom
3/5 KB   5/5 KB            Downloaded: https://repo.maven.apache.org/maven2/org/apache/maven/enforcer/enforcer-rules/1.0/enforcer-rules-1.0.pom (5 KB at 224.2 KB/sec)
Downloading: https://repo.maven.apache.org/maven2/org/apache/maven/enforcer/enforcer-api/1.0/enforcer-api-1.0.jar
Downloading: https://repo.maven.apache.org/maven2/org/apache/maven/enforcer/enforcer-rules/1.0/enforcer-rules-1.0.jar
3/60 KB   6/60 KB   9/60 KB   11/60 KB   14/60 KB   16/60 KB   19/60 KB   22/60 KB   25/60 KB   27/60 KB   30/60 KB   32/60 KB   36/60 KB   40/60 KB   44/60 KB   48/60 KB   52/60 KB   56/60 KB   60/60 KB   60/60 KB   4/10 KB   60/60 KB   8/10 KB   60/60 KB   10/10 KB                         Downloaded: https://repo.maven.apache.org/maven2/org/apache/maven/enforcer/enforcer-rules/1.0/enforcer-rules-1.0.jar (60 KB at 2588.7 KB/sec)
                      Downloaded: https://repo.maven.apache.org/maven2/org/apache/maven/enforcer/enforcer-api/1.0/enforcer-api-1.0.jar (10 KB at 399.0 KB/sec)
[INFO] 
[INFO] --- maven-resources-plugin:2.6:resources (default-resources) @ auto-value ---
[INFO] Using 'UTF-8' encoding to copy filtered resources.
[INFO] Copying 42 resources
[INFO] 
[INFO] --- maven-compiler-plugin:3.1:compile (default-compile) @ auto-value ---
[INFO] Changes detected - recompiling the module!
[INFO] Compiling 39 source files to /home/ubuntu/ATLAS/apps/google-auto/download/66c3f4f99102d4e967913b785f48417c92deff29/value/target/classes
[INFO] -------------------------------------------------------------
[WARNING] COMPILATION WARNING : 
[INFO] -------------------------------------------------------------
[WARNING] bootstrap class path not set in conjunction with -source 1.6
[INFO] 1 warning
[INFO] -------------------------------------------------------------
[INFO] -------------------------------------------------------------
[ERROR] COMPILATION ERROR : 
[INFO] -------------------------------------------------------------
[ERROR] /home/ubuntu/ATLAS/apps/google-auto/download/66c3f4f99102d4e967913b785f48417c92deff29/value/src/main/java/com/google/auto/value/processor/BuilderSpec.java:[18,1] cannot find symbol
  symbol:   static getLocalAndInheritedMethods
  location: class
[ERROR] /home/ubuntu/ATLAS/apps/google-auto/download/66c3f4f99102d4e967913b785f48417c92deff29/value/src/main/java/com/google/auto/value/processor/AutoValueProcessor.java:[18,1] cannot find symbol
  symbol:   static getLocalAndInheritedMethods
  location: class
[ERROR] /home/ubuntu/ATLAS/apps/google-auto/download/66c3f4f99102d4e967913b785f48417c92deff29/value/src/main/java/com/google/auto/value/processor/AutoValueProcessor.java:[378,9] cannot find symbol
  symbol:   method getLocalAndInheritedMethods(javax.lang.model.element.TypeElement,javax.lang.model.util.Elements)
  location: class com.google.auto.value.processor.AutoValueProcessor
[ERROR] /home/ubuntu/ATLAS/apps/google-auto/download/66c3f4f99102d4e967913b785f48417c92deff29/value/src/main/java/com/google/auto/value/processor/BuilderSpec.java:[406,38] cannot find symbol
  symbol:   method getLocalAndInheritedMethods(javax.lang.model.element.TypeElement,javax.lang.model.util.Elements)
  location: class com.google.auto.value.processor.BuilderSpec
[INFO] 4 errors 
[INFO] -------------------------------------------------------------
[INFO] ------------------------------------------------------------------------
[INFO] BUILD FAILURE
[INFO] ------------------------------------------------------------------------
[INFO] Total time: 3.970 s
[INFO] Finished at: 2019-12-04T09:38:53+00:00
[INFO] Final Memory: 20M/241M
[INFO] ------------------------------------------------------------------------
[ERROR] Failed to execute goal org.apache.maven.plugins:maven-compiler-plugin:3.1:compile (default-compile) on project auto-value: Compilation failure: Compilation failure:
[ERROR] /home/ubuntu/ATLAS/apps/google-auto/download/66c3f4f99102d4e967913b785f48417c92deff29/value/src/main/java/com/google/auto/value/processor/BuilderSpec.java:[18,1] cannot find symbol
[ERROR] symbol:   static getLocalAndInheritedMethods
[ERROR] location: class
[ERROR] /home/ubuntu/ATLAS/apps/google-auto/download/66c3f4f99102d4e967913b785f48417c92deff29/value/src/main/java/com/google/auto/value/processor/AutoValueProcessor.java:[18,1] cannot find symbol
[ERROR] symbol:   static getLocalAndInheritedMethods
[ERROR] location: class
[ERROR] /home/ubuntu/ATLAS/apps/google-auto/download/66c3f4f99102d4e967913b785f48417c92deff29/value/src/main/java/com/google/auto/value/processor/AutoValueProcessor.java:[378,9] cannot find symbol
[ERROR] symbol:   method getLocalAndInheritedMethods(javax.lang.model.element.TypeElement,javax.lang.model.util.Elements)
[ERROR] location: class com.google.auto.value.processor.AutoValueProcessor
[ERROR] /home/ubuntu/ATLAS/apps/google-auto/download/66c3f4f99102d4e967913b785f48417c92deff29/value/src/main/java/com/google/auto/value/processor/BuilderSpec.java:[406,38] cannot find symbol
[ERROR] symbol:   method getLocalAndInheritedMethods(javax.lang.model.element.TypeElement,javax.lang.model.util.Elements)
[ERROR] location: class com.google.auto.value.processor.BuilderSpec
[ERROR] -> [Help 1]
[ERROR] 
[ERROR] To see the full stack trace of the errors, re-run Maven with the -e switch.
[ERROR] Re-run Maven using the -X switch to enable full debug logging.
[ERROR] 
[ERROR] For more information about the errors and possible solutions, please read the following articles:
[ERROR] [Help 1] http://cwiki.apache.org/confluence/display/MAVEN/MojoFailureException
[INFO] Scanning for projects...
[WARNING] 
[WARNING] Some problems were encountered while building the effective model for com.google.auto.value:auto-value:jar:1.2-SNAPSHOT
[WARNING] 'dependencies.dependency.(groupId:artifactId:type:classifier)' must be unique: com.google.auto:auto-common:jar -> version 1.0-SNAPSHOT vs 0.4 @ line 43, column 17
[WARNING] 
[WARNING] It is highly recommended to fix these problems because they threaten the stability of your build.
[WARNING] 
[WARNING] For this reason, future Maven versions might no longer support building such malformed projects.
[WARNING] 
[INFO]                                                                         
[INFO] ------------------------------------------------------------------------
[INFO] Building AutoValue 1.2-SNAPSHOT
[INFO] ------------------------------------------------------------------------
[INFO] 
[INFO] --- maven-clean-plugin:2.5:clean (default-clean) @ auto-value ---
[INFO] Deleting /home/ubuntu/ATLAS/apps/google-auto/download/66c3f4f99102d4e967913b785f48417c92deff29/value/target
[INFO] 
[INFO] --- maven-enforcer-plugin:1.0:enforce (enforce-maven) @ auto-value ---
[INFO] 
[INFO] --- maven-resources-plugin:2.6:resources (default-resources) @ auto-value ---
[INFO] Using 'UTF-8' encoding to copy filtered resources.
[INFO] Copying 42 resources
[INFO] 
[INFO] --- maven-compiler-plugin:3.1:compile (default-compile) @ auto-value ---
[INFO] Changes detected - recompiling the module!
[INFO] Compiling 39 source files to /home/ubuntu/ATLAS/apps/google-auto/download/66c3f4f99102d4e967913b785f48417c92deff29/value/target/classes
[INFO] -------------------------------------------------------------
[WARNING] COMPILATION WARNING : 
[INFO] -------------------------------------------------------------
[WARNING] bootstrap class path not set in conjunction with -source 1.6
[INFO] 1 warning
[INFO] -------------------------------------------------------------
[INFO] -------------------------------------------------------------
[ERROR] COMPILATION ERROR : 
[INFO] -------------------------------------------------------------
[ERROR] /home/ubuntu/ATLAS/apps/google-auto/download/66c3f4f99102d4e967913b785f48417c92deff29/value/src/main/java/com/google/auto/value/processor/BuilderSpec.java:[18,1] cannot find symbol
  symbol:   static getLocalAndInheritedMethods
  location: class
[ERROR] /home/ubuntu/ATLAS/apps/google-auto/download/66c3f4f99102d4e967913b785f48417c92deff29/value/src/main/java/com/google/auto/value/processor/AutoValueProcessor.java:[18,1] cannot find symbol
  symbol:   static getLocalAndInheritedMethods
  location: class
[ERROR] /home/ubuntu/ATLAS/apps/google-auto/download/66c3f4f99102d4e967913b785f48417c92deff29/value/src/main/java/com/google/auto/value/processor/AutoValueProcessor.java:[378,9] cannot find symbol
  symbol:   method getLocalAndInheritedMethods(javax.lang.model.element.TypeElement,javax.lang.model.util.Elements)
  location: class com.google.auto.value.processor.AutoValueProcessor
[ERROR] /home/ubuntu/ATLAS/apps/google-auto/download/66c3f4f99102d4e967913b785f48417c92deff29/value/src/main/java/com/google/auto/value/processor/BuilderSpec.java:[406,38] cannot find symbol
  symbol:   method getLocalAndInheritedMethods(javax.lang.model.element.TypeElement,javax.lang.model.util.Elements)
  location: class com.google.auto.value.processor.BuilderSpec
[INFO] 4 errors 
[INFO] -------------------------------------------------------------
[INFO] ------------------------------------------------------------------------
[INFO] BUILD FAILURE
[INFO] ------------------------------------------------------------------------
[INFO] Total time: 2.423 s
[INFO] Finished at: 2019-12-04T09:38:57+00:00
[INFO] Final Memory: 17M/257M
[INFO] ------------------------------------------------------------------------
[ERROR] Failed to execute goal org.apache.maven.plugins:maven-compiler-plugin:3.1:compile (default-compile) on project auto-value: Compilation failure: Compilation failure:
[ERROR] /home/ubuntu/ATLAS/apps/google-auto/download/66c3f4f99102d4e967913b785f48417c92deff29/value/src/main/java/com/google/auto/value/processor/BuilderSpec.java:[18,1] cannot find symbol
[ERROR] symbol:   static getLocalAndInheritedMethods
[ERROR] location: class
[ERROR] /home/ubuntu/ATLAS/apps/google-auto/download/66c3f4f99102d4e967913b785f48417c92deff29/value/src/main/java/com/google/auto/value/processor/AutoValueProcessor.java:[18,1] cannot find symbol
[ERROR] symbol:   static getLocalAndInheritedMethods
[ERROR] location: class
[ERROR] /home/ubuntu/ATLAS/apps/google-auto/download/66c3f4f99102d4e967913b785f48417c92deff29/value/src/main/java/com/google/auto/value/processor/AutoValueProcessor.java:[378,9] cannot find symbol
[ERROR] symbol:   method getLocalAndInheritedMethods(javax.lang.model.element.TypeElement,javax.lang.model.util.Elements)
[ERROR] location: class com.google.auto.value.processor.AutoValueProcessor
[ERROR] /home/ubuntu/ATLAS/apps/google-auto/download/66c3f4f99102d4e967913b785f48417c92deff29/value/src/main/java/com/google/auto/value/processor/BuilderSpec.java:[406,38] cannot find symbol
[ERROR] symbol:   method getLocalAndInheritedMethods(javax.lang.model.element.TypeElement,javax.lang.model.util.Elements)
[ERROR] location: class com.google.auto.value.processor.BuilderSpec
[ERROR] -> [Help 1]
[ERROR] 
[ERROR] To see the full stack trace of the errors, re-run Maven with the -e switch.
[ERROR] Re-run Maven using the -X switch to enable full debug logging.
[ERROR] 
[ERROR] For more information about the errors and possible solutions, please read the following articles:
[ERROR] [Help 1] http://cwiki.apache.org/confluence/display/MAVEN/MojoFailureException
mvn -f value/pom.xml clean compile -DskipTests=true -Dcheckstyle.skip=true || (sed -i -- 's/<dependencies>/<dependencies><dependency><groupId>com.google.auto<\/groupId><artifactId>auto-common<\/artifactId><version>1.0-SNAPSHOT<\/version><\/dependency>/g' value/pom.xml ; sed -i -- 's/.6-SNAPSHOT/.6/g' value/pom.xml ; mvn -f value/pom.xml clean compile -DskipTests=true -Dcheckstyle.skip=true)
0.248s delay before adding the failure to the log file
There are 5 choices for the alternative javac (providing /usr/bin/javac).

  Selection    Path                                                Priority   Status
------------------------------------------------------------
* 0            /usr/lib/jvm/java-8-openjdk-amd64/bin/javac          1081      auto mode
  1            /home/ubuntu/ATLAS/external/jdk/j2sdk1.4/bin/javac   1         manual mode
  2            /home/ubuntu/ATLAS/external/jdk/jdk1.5/bin/javac     1         manual mode
  3            /home/ubuntu/ATLAS/external/jdk/jdk1.6/bin/javac     1         manual mode
  4            /usr/lib/jvm/java-7-openjdk-amd64/bin/javac          1071      manual mode
  5            /usr/lib/jvm/java-8-openjdk-amd64/bin/javac          1081      manual mode

Press <enter> to keep the current choice[*], or type selection number: There are 5 choices for the alternative java (providing /usr/bin/java).

  Selection    Path                                               Priority   Status
------------------------------------------------------------
* 0            /usr/lib/jvm/java-8-openjdk-amd64/jre/bin/java      1081      auto mode
  1            /home/ubuntu/ATLAS/external/jdk/j2sdk1.4/bin/java   1         manual mode
  2            /home/ubuntu/ATLAS/external/jdk/jdk1.5/bin/java     1         manual mode
  3            /home/ubuntu/ATLAS/external/jdk/jdk1.6/bin/java     1         manual mode
  4            /usr/lib/jvm/java-7-openjdk-amd64/jre/bin/java      1071      manual mode
  5            /usr/lib/jvm/java-8-openjdk-amd64/jre/bin/java      1081      manual mode

Press <enter> to keep the current choice[*], or type selection number: Compile google-auto 66c3f4f99102d4e967913b785f48417c92deff29:
[INFO] Scanning for projects...
[INFO]                                                                         
[INFO] ------------------------------------------------------------------------
[INFO] Building AutoValue 1.2-SNAPSHOT
[INFO] ------------------------------------------------------------------------
[INFO] 
[INFO] --- maven-clean-plugin:2.5:clean (default-clean) @ auto-value ---
[INFO] 
[INFO] --- maven-enforcer-plugin:1.0:enforce (enforce-maven) @ auto-value ---
[INFO] 
[INFO] --- maven-resources-plugin:2.6:resources (default-resources) @ auto-value ---
[INFO] Using 'UTF-8' encoding to copy filtered resources.
[INFO] Copying 42 resources
[INFO] 
[INFO] --- maven-compiler-plugin:3.1:compile (default-compile) @ auto-value ---
[INFO] Changes detected - recompiling the module!
[INFO] Compiling 39 source files to /home/ubuntu/ATLAS/apps/google-auto/download/66c3f4f99102d4e967913b785f48417c92deff29/value/target/classes
[INFO] -------------------------------------------------------------
[WARNING] COMPILATION WARNING : 
[INFO] -------------------------------------------------------------
[WARNING] bootstrap class path not set in conjunction with -source 1.6
[INFO] 1 warning
[INFO] -------------------------------------------------------------
[INFO] -------------------------------------------------------------
[ERROR] COMPILATION ERROR : 
[INFO] -------------------------------------------------------------
[ERROR] /home/ubuntu/ATLAS/apps/google-auto/download/66c3f4f99102d4e967913b785f48417c92deff29/value/src/main/java/com/google/auto/value/processor/BuilderSpec.java:[18,1] cannot find symbol
  symbol:   static getLocalAndInheritedMethods
  location: class
[ERROR] /home/ubuntu/ATLAS/apps/google-auto/download/66c3f4f99102d4e967913b785f48417c92deff29/value/src/main/java/com/google/auto/value/processor/AutoValueProcessor.java:[18,1] cannot find symbol
  symbol:   static getLocalAndInheritedMethods
  location: class
[ERROR] /home/ubuntu/ATLAS/apps/google-auto/download/66c3f4f99102d4e967913b785f48417c92deff29/value/src/main/java/com/google/auto/value/processor/AutoValueProcessor.java:[378,9] cannot find symbol
  symbol:   method getLocalAndInheritedMethods(javax.lang.model.element.TypeElement,javax.lang.model.util.Elements)
  location: class com.google.auto.value.processor.AutoValueProcessor
[ERROR] /home/ubuntu/ATLAS/apps/google-auto/download/66c3f4f99102d4e967913b785f48417c92deff29/value/src/main/java/com/google/auto/value/processor/BuilderSpec.java:[406,38] cannot find symbol
  symbol:   method getLocalAndInheritedMethods(javax.lang.model.element.TypeElement,javax.lang.model.util.Elements)
  location: class com.google.auto.value.processor.BuilderSpec
[INFO] 4 errors 
[INFO] -------------------------------------------------------------
[INFO] ------------------------------------------------------------------------
[INFO] BUILD FAILURE
[INFO] ------------------------------------------------------------------------
[INFO] Total time: 2.354 s
[INFO] Finished at: 2019-12-04T09:39:02+00:00
[INFO] Final Memory: 17M/262M
[INFO] ------------------------------------------------------------------------
[ERROR] Failed to execute goal org.apache.maven.plugins:maven-compiler-plugin:3.1:compile (default-compile) on project auto-value: Compilation failure: Compilation failure:
[ERROR] /home/ubuntu/ATLAS/apps/google-auto/download/66c3f4f99102d4e967913b785f48417c92deff29/value/src/main/java/com/google/auto/value/processor/BuilderSpec.java:[18,1] cannot find symbol
[ERROR] symbol:   static getLocalAndInheritedMethods
[ERROR] location: class
[ERROR] /home/ubuntu/ATLAS/apps/google-auto/download/66c3f4f99102d4e967913b785f48417c92deff29/value/src/main/java/com/google/auto/value/processor/AutoValueProcessor.java:[18,1] cannot find symbol
[ERROR] symbol:   static getLocalAndInheritedMethods
[ERROR] location: class
[ERROR] /home/ubuntu/ATLAS/apps/google-auto/download/66c3f4f99102d4e967913b785f48417c92deff29/value/src/main/java/com/google/auto/value/processor/AutoValueProcessor.java:[378,9] cannot find symbol
[ERROR] symbol:   method getLocalAndInheritedMethods(javax.lang.model.element.TypeElement,javax.lang.model.util.Elements)
[ERROR] location: class com.google.auto.value.processor.AutoValueProcessor
[ERROR] /home/ubuntu/ATLAS/apps/google-auto/download/66c3f4f99102d4e967913b785f48417c92deff29/value/src/main/java/com/google/auto/value/processor/BuilderSpec.java:[406,38] cannot find symbol
[ERROR] symbol:   method getLocalAndInheritedMethods(javax.lang.model.element.TypeElement,javax.lang.model.util.Elements)
[ERROR] location: class com.google.auto.value.processor.BuilderSpec
[ERROR] -> [Help 1]
[ERROR] 
[ERROR] To see the full stack trace of the errors, re-run Maven with the -e switch.
[ERROR] Re-run Maven using the -X switch to enable full debug logging.
[ERROR] 
[ERROR] For more information about the errors and possible solutions, please read the following articles:
[ERROR] [Help 1] http://cwiki.apache.org/confluence/display/MAVEN/MojoFailureException
[INFO] Scanning for projects...
[WARNING] 
[WARNING] Some problems were encountered while building the effective model for com.google.auto.value:auto-value:jar:1.2-SNAPSHOT
[WARNING] 'dependencies.dependency.(groupId:artifactId:type:classifier)' must be unique: com.google.auto:auto-common:jar -> version 1.0-SNAPSHOT vs 0.4 @ line 43, column 17
[WARNING] 
[WARNING] It is highly recommended to fix these problems because they threaten the stability of your build.
[WARNING] 
[WARNING] For this reason, future Maven versions might no longer support building such malformed projects.
[WARNING] 
[INFO]                                                                         
[INFO] ------------------------------------------------------------------------
[INFO] Building AutoValue 1.2-SNAPSHOT
[INFO] ------------------------------------------------------------------------
[INFO] 
[INFO] --- maven-clean-plugin:2.5:clean (default-clean) @ auto-value ---
[INFO] Deleting /home/ubuntu/ATLAS/apps/google-auto/download/66c3f4f99102d4e967913b785f48417c92deff29/value/target
[INFO] 
[INFO] --- maven-enforcer-plugin:1.0:enforce (enforce-maven) @ auto-value ---
[INFO] 
[INFO] --- maven-resources-plugin:2.6:resources (default-resources) @ auto-value ---
[INFO] Using 'UTF-8' encoding to copy filtered resources.
[INFO] Copying 42 resources
[INFO] 
[INFO] --- maven-compiler-plugin:3.1:compile (default-compile) @ auto-value ---
[INFO] Changes detected - recompiling the module!
[INFO] Compiling 39 source files to /home/ubuntu/ATLAS/apps/google-auto/download/66c3f4f99102d4e967913b785f48417c92deff29/value/target/classes
[INFO] -------------------------------------------------------------
[WARNING] COMPILATION WARNING : 
[INFO] -------------------------------------------------------------
[WARNING] bootstrap class path not set in conjunction with -source 1.6
[INFO] 1 warning
[INFO] -------------------------------------------------------------
[INFO] -------------------------------------------------------------
[ERROR] COMPILATION ERROR : 
[INFO] -------------------------------------------------------------
[ERROR] /home/ubuntu/ATLAS/apps/google-auto/download/66c3f4f99102d4e967913b785f48417c92deff29/value/src/main/java/com/google/auto/value/processor/BuilderSpec.java:[18,1] cannot find symbol
  symbol:   static getLocalAndInheritedMethods
  location: class
[ERROR] /home/ubuntu/ATLAS/apps/google-auto/download/66c3f4f99102d4e967913b785f48417c92deff29/value/src/main/java/com/google/auto/value/processor/AutoValueProcessor.java:[18,1] cannot find symbol
  symbol:   static getLocalAndInheritedMethods
  location: class
[ERROR] /home/ubuntu/ATLAS/apps/google-auto/download/66c3f4f99102d4e967913b785f48417c92deff29/value/src/main/java/com/google/auto/value/processor/AutoValueProcessor.java:[378,9] cannot find symbol
  symbol:   method getLocalAndInheritedMethods(javax.lang.model.element.TypeElement,javax.lang.model.util.Elements)
  location: class com.google.auto.value.processor.AutoValueProcessor
[ERROR] /home/ubuntu/ATLAS/apps/google-auto/download/66c3f4f99102d4e967913b785f48417c92deff29/value/src/main/java/com/google/auto/value/processor/BuilderSpec.java:[406,38] cannot find symbol
  symbol:   method getLocalAndInheritedMethods(javax.lang.model.element.TypeElement,javax.lang.model.util.Elements)
  location: class com.google.auto.value.processor.BuilderSpec
[INFO] 4 errors 
[INFO] -------------------------------------------------------------
[INFO] ------------------------------------------------------------------------
[INFO] BUILD FAILURE
[INFO] ------------------------------------------------------------------------
[INFO] Total time: 2.349 s
[INFO] Finished at: 2019-12-04T09:39:06+00:00
[INFO] Final Memory: 17M/259M
[INFO] ------------------------------------------------------------------------
[ERROR] Failed to execute goal org.apache.maven.plugins:maven-compiler-plugin:3.1:compile (default-compile) on project auto-value: Compilation failure: Compilation failure:
[ERROR] /home/ubuntu/ATLAS/apps/google-auto/download/66c3f4f99102d4e967913b785f48417c92deff29/value/src/main/java/com/google/auto/value/processor/BuilderSpec.java:[18,1] cannot find symbol
[ERROR] symbol:   static getLocalAndInheritedMethods
[ERROR] location: class
[ERROR] /home/ubuntu/ATLAS/apps/google-auto/download/66c3f4f99102d4e967913b785f48417c92deff29/value/src/main/java/com/google/auto/value/processor/AutoValueProcessor.java:[18,1] cannot find symbol
[ERROR] symbol:   static getLocalAndInheritedMethods
[ERROR] location: class
[ERROR] /home/ubuntu/ATLAS/apps/google-auto/download/66c3f4f99102d4e967913b785f48417c92deff29/value/src/main/java/com/google/auto/value/processor/AutoValueProcessor.java:[378,9] cannot find symbol
[ERROR] symbol:   method getLocalAndInheritedMethods(javax.lang.model.element.TypeElement,javax.lang.model.util.Elements)
[ERROR] location: class com.google.auto.value.processor.AutoValueProcessor
[ERROR] /home/ubuntu/ATLAS/apps/google-auto/download/66c3f4f99102d4e967913b785f48417c92deff29/value/src/main/java/com/google/auto/value/processor/BuilderSpec.java:[406,38] cannot find symbol
[ERROR] symbol:   method getLocalAndInheritedMethods(javax.lang.model.element.TypeElement,javax.lang.model.util.Elements)
[ERROR] location: class com.google.auto.value.processor.BuilderSpec
[ERROR] -> [Help 1]
[ERROR] 
[ERROR] To see the full stack trace of the errors, re-run Maven with the -e switch.
[ERROR] Re-run Maven using the -X switch to enable full debug logging.
[ERROR] 
[ERROR] For more information about the errors and possible solutions, please read the following articles:
[ERROR] [Help 1] http://cwiki.apache.org/confluence/display/MAVEN/MojoFailureException
mvn -f value/pom.xml clean compile -DskipTests=true -Dcheckstyle.skip=true || (sed -i -- 's/<dependencies>/<dependencies><dependency><groupId>com.google.auto<\/groupId><artifactId>auto-common<\/artifactId><version>1.0-SNAPSHOT<\/version><\/dependency>/g' value/pom.xml ; sed -i -- 's/.6-SNAPSHOT/.6/g' value/pom.xml ; mvn -f value/pom.xml clean compile -DskipTests=true -Dcheckstyle.skip=true)
0.436s delay before adding the failure to the log file
There are 5 choices for the alternative javac (providing /usr/bin/javac).

  Selection    Path                                                Priority   Status
------------------------------------------------------------
  0            /usr/lib/jvm/java-8-openjdk-amd64/bin/javac          1081      auto mode
  1            /home/ubuntu/ATLAS/external/jdk/j2sdk1.4/bin/javac   1         manual mode
  2            /home/ubuntu/ATLAS/external/jdk/jdk1.5/bin/javac     1         manual mode
  3            /home/ubuntu/ATLAS/external/jdk/jdk1.6/bin/javac     1         manual mode
  4            /usr/lib/jvm/java-7-openjdk-amd64/bin/javac          1071      manual mode
* 5            /usr/lib/jvm/java-8-openjdk-amd64/bin/javac          1081      manual mode

Press <enter> to keep the current choice[*], or type selection number: update-alternatives: using /usr/lib/jvm/java-7-openjdk-amd64/bin/javac to provide /usr/bin/javac (javac) in manual mode
There are 5 choices for the alternative java (providing /usr/bin/java).

  Selection    Path                                               Priority   Status
------------------------------------------------------------
  0            /usr/lib/jvm/java-8-openjdk-amd64/jre/bin/java      1081      auto mode
  1            /home/ubuntu/ATLAS/external/jdk/j2sdk1.4/bin/java   1         manual mode
  2            /home/ubuntu/ATLAS/external/jdk/jdk1.5/bin/java     1         manual mode
  3            /home/ubuntu/ATLAS/external/jdk/jdk1.6/bin/java     1         manual mode
  4            /usr/lib/jvm/java-7-openjdk-amd64/jre/bin/java      1071      manual mode
* 5            /usr/lib/jvm/java-8-openjdk-amd64/jre/bin/java      1081      manual mode

Press <enter> to keep the current choice[*], or type selection number: update-alternatives: using /usr/lib/jvm/java-7-openjdk-amd64/jre/bin/java to provide /usr/bin/java (java) in manual mode
Compile google-auto 66c3f4f99102d4e967913b785f48417c92deff29:
[INFO] Scanning for projects...
[INFO]                                                                         
[INFO] ------------------------------------------------------------------------
[INFO] Building AutoValue 1.2-SNAPSHOT
[INFO] ------------------------------------------------------------------------
[INFO] 
[INFO] --- maven-clean-plugin:2.5:clean (default-clean) @ auto-value ---
[INFO] 
[INFO] --- maven-enforcer-plugin:1.0:enforce (enforce-maven) @ auto-value ---
[INFO] 
[INFO] --- maven-resources-plugin:2.6:resources (default-resources) @ auto-value ---
[INFO] Using 'UTF-8' encoding to copy filtered resources.
[INFO] Copying 42 resources
[INFO] 
[INFO] --- maven-compiler-plugin:3.1:compile (default-compile) @ auto-value ---
[INFO] Changes detected - recompiling the module!
[INFO] Compiling 39 source files to /home/ubuntu/ATLAS/apps/google-auto/download/66c3f4f99102d4e967913b785f48417c92deff29/value/target/classes
[INFO] -------------------------------------------------------------
[WARNING] COMPILATION WARNING : 
[INFO] -------------------------------------------------------------
[WARNING] bootstrap class path not set in conjunction with -source 1.6
[INFO] 1 warning
[INFO] -------------------------------------------------------------
[INFO] -------------------------------------------------------------
[ERROR] COMPILATION ERROR : 
[INFO] -------------------------------------------------------------
[ERROR] /home/ubuntu/ATLAS/apps/google-auto/download/66c3f4f99102d4e967913b785f48417c92deff29/value/src/main/java/com/google/auto/value/processor/BuilderSpec.java:[18,1] cannot find symbol
  symbol:   static getLocalAndInheritedMethods
  location: class
[ERROR] /home/ubuntu/ATLAS/apps/google-auto/download/66c3f4f99102d4e967913b785f48417c92deff29/value/src/main/java/com/google/auto/value/processor/AutoValueProcessor.java:[18,1] cannot find symbol
  symbol:   static getLocalAndInheritedMethods
  location: class
[ERROR] /home/ubuntu/ATLAS/apps/google-auto/download/66c3f4f99102d4e967913b785f48417c92deff29/value/src/main/java/com/google/auto/value/processor/AutoValueProcessor.java:[378,9] cannot find symbol
  symbol:   method getLocalAndInheritedMethods(javax.lang.model.element.TypeElement,javax.lang.model.util.Elements)
  location: class com.google.auto.value.processor.AutoValueProcessor
[ERROR] /home/ubuntu/ATLAS/apps/google-auto/download/66c3f4f99102d4e967913b785f48417c92deff29/value/src/main/java/com/google/auto/value/processor/BuilderSpec.java:[406,38] cannot find symbol
  symbol:   method getLocalAndInheritedMethods(javax.lang.model.element.TypeElement,javax.lang.model.util.Elements)
  location: class com.google.auto.value.processor.BuilderSpec
[INFO] 4 errors 
[INFO] -------------------------------------------------------------
[INFO] ------------------------------------------------------------------------
[INFO] BUILD FAILURE
[INFO] ------------------------------------------------------------------------
[INFO] Total time: 3.435 s
[INFO] Finished at: 2019-12-04T09:39:12+00:00
[INFO] Final Memory: 15M/209M
[INFO] ------------------------------------------------------------------------
[ERROR] Failed to execute goal org.apache.maven.plugins:maven-compiler-plugin:3.1:compile (default-compile) on project auto-value: Compilation failure: Compilation failure:
[ERROR] /home/ubuntu/ATLAS/apps/google-auto/download/66c3f4f99102d4e967913b785f48417c92deff29/value/src/main/java/com/google/auto/value/processor/BuilderSpec.java:[18,1] cannot find symbol
[ERROR] symbol:   static getLocalAndInheritedMethods
[ERROR] location: class
[ERROR] /home/ubuntu/ATLAS/apps/google-auto/download/66c3f4f99102d4e967913b785f48417c92deff29/value/src/main/java/com/google/auto/value/processor/AutoValueProcessor.java:[18,1] cannot find symbol
[ERROR] symbol:   static getLocalAndInheritedMethods
[ERROR] location: class
[ERROR] /home/ubuntu/ATLAS/apps/google-auto/download/66c3f4f99102d4e967913b785f48417c92deff29/value/src/main/java/com/google/auto/value/processor/AutoValueProcessor.java:[378,9] cannot find symbol
[ERROR] symbol:   method getLocalAndInheritedMethods(javax.lang.model.element.TypeElement,javax.lang.model.util.Elements)
[ERROR] location: class com.google.auto.value.processor.AutoValueProcessor
[ERROR] /home/ubuntu/ATLAS/apps/google-auto/download/66c3f4f99102d4e967913b785f48417c92deff29/value/src/main/java/com/google/auto/value/processor/BuilderSpec.java:[406,38] cannot find symbol
[ERROR] symbol:   method getLocalAndInheritedMethods(javax.lang.model.element.TypeElement,javax.lang.model.util.Elements)
[ERROR] location: class com.google.auto.value.processor.BuilderSpec
[ERROR] -> [Help 1]
[ERROR] 
[ERROR] To see the full stack trace of the errors, re-run Maven with the -e switch.
[ERROR] Re-run Maven using the -X switch to enable full debug logging.
[ERROR] 
[ERROR] For more information about the errors and possible solutions, please read the following articles:
[ERROR] [Help 1] http://cwiki.apache.org/confluence/display/MAVEN/MojoFailureException
[INFO] Scanning for projects...
[WARNING] 
[WARNING] Some problems were encountered while building the effective model for com.google.auto.value:auto-value:jar:1.2-SNAPSHOT
[WARNING] 'dependencies.dependency.(groupId:artifactId:type:classifier)' must be unique: com.google.auto:auto-common:jar -> version 1.0-SNAPSHOT vs 0.4 @ line 43, column 17
[WARNING] 
[WARNING] It is highly recommended to fix these problems because they threaten the stability of your build.
[WARNING] 
[WARNING] For this reason, future Maven versions might no longer support building such malformed projects.
[WARNING] 
[INFO]                                                                         
[INFO] ------------------------------------------------------------------------
[INFO] Building AutoValue 1.2-SNAPSHOT
[INFO] ------------------------------------------------------------------------
[INFO] 
[INFO] --- maven-clean-plugin:2.5:clean (default-clean) @ auto-value ---
[INFO] Deleting /home/ubuntu/ATLAS/apps/google-auto/download/66c3f4f99102d4e967913b785f48417c92deff29/value/target
[INFO] 
[INFO] --- maven-enforcer-plugin:1.0:enforce (enforce-maven) @ auto-value ---
[INFO] 
[INFO] --- maven-resources-plugin:2.6:resources (default-resources) @ auto-value ---
[INFO] Using 'UTF-8' encoding to copy filtered resources.
[INFO] Copying 42 resources
[INFO] 
[INFO] --- maven-compiler-plugin:3.1:compile (default-compile) @ auto-value ---
[INFO] Changes detected - recompiling the module!
[INFO] Compiling 39 source files to /home/ubuntu/ATLAS/apps/google-auto/download/66c3f4f99102d4e967913b785f48417c92deff29/value/target/classes
[INFO] -------------------------------------------------------------
[WARNING] COMPILATION WARNING : 
[INFO] -------------------------------------------------------------
[WARNING] bootstrap class path not set in conjunction with -source 1.6
[INFO] 1 warning
[INFO] -------------------------------------------------------------
[INFO] -------------------------------------------------------------
[ERROR] COMPILATION ERROR : 
[INFO] -------------------------------------------------------------
[ERROR] /home/ubuntu/ATLAS/apps/google-auto/download/66c3f4f99102d4e967913b785f48417c92deff29/value/src/main/java/com/google/auto/value/processor/BuilderSpec.java:[18,1] cannot find symbol
  symbol:   static getLocalAndInheritedMethods
  location: class
[ERROR] /home/ubuntu/ATLAS/apps/google-auto/download/66c3f4f99102d4e967913b785f48417c92deff29/value/src/main/java/com/google/auto/value/processor/AutoValueProcessor.java:[18,1] cannot find symbol
  symbol:   static getLocalAndInheritedMethods
  location: class
[ERROR] /home/ubuntu/ATLAS/apps/google-auto/download/66c3f4f99102d4e967913b785f48417c92deff29/value/src/main/java/com/google/auto/value/processor/AutoValueProcessor.java:[378,9] cannot find symbol
  symbol:   method getLocalAndInheritedMethods(javax.lang.model.element.TypeElement,javax.lang.model.util.Elements)
  location: class com.google.auto.value.processor.AutoValueProcessor
[ERROR] /home/ubuntu/ATLAS/apps/google-auto/download/66c3f4f99102d4e967913b785f48417c92deff29/value/src/main/java/com/google/auto/value/processor/BuilderSpec.java:[406,38] cannot find symbol
  symbol:   method getLocalAndInheritedMethods(javax.lang.model.element.TypeElement,javax.lang.model.util.Elements)
  location: class com.google.auto.value.processor.BuilderSpec
[INFO] 4 errors 
[INFO] -------------------------------------------------------------
[INFO] ------------------------------------------------------------------------
[INFO] BUILD FAILURE
[INFO] ------------------------------------------------------------------------
[INFO] Total time: 3.458 s
[INFO] Finished at: 2019-12-04T09:39:17+00:00
[INFO] Final Memory: 14M/209M
[INFO] ------------------------------------------------------------------------
[ERROR] Failed to execute goal org.apache.maven.plugins:maven-compiler-plugin:3.1:compile (default-compile) on project auto-value: Compilation failure: Compilation failure:
[ERROR] /home/ubuntu/ATLAS/apps/google-auto/download/66c3f4f99102d4e967913b785f48417c92deff29/value/src/main/java/com/google/auto/value/processor/BuilderSpec.java:[18,1] cannot find symbol
[ERROR] symbol:   static getLocalAndInheritedMethods
[ERROR] location: class
[ERROR] /home/ubuntu/ATLAS/apps/google-auto/download/66c3f4f99102d4e967913b785f48417c92deff29/value/src/main/java/com/google/auto/value/processor/AutoValueProcessor.java:[18,1] cannot find symbol
[ERROR] symbol:   static getLocalAndInheritedMethods
[ERROR] location: class
[ERROR] /home/ubuntu/ATLAS/apps/google-auto/download/66c3f4f99102d4e967913b785f48417c92deff29/value/src/main/java/com/google/auto/value/processor/AutoValueProcessor.java:[378,9] cannot find symbol
[ERROR] symbol:   method getLocalAndInheritedMethods(javax.lang.model.element.TypeElement,javax.lang.model.util.Elements)
[ERROR] location: class com.google.auto.value.processor.AutoValueProcessor
[ERROR] /home/ubuntu/ATLAS/apps/google-auto/download/66c3f4f99102d4e967913b785f48417c92deff29/value/src/main/java/com/google/auto/value/processor/BuilderSpec.java:[406,38] cannot find symbol
[ERROR] symbol:   method getLocalAndInheritedMethods(javax.lang.model.element.TypeElement,javax.lang.model.util.Elements)
[ERROR] location: class com.google.auto.value.processor.BuilderSpec
[ERROR] -> [Help 1]
[ERROR] 
[ERROR] To see the full stack trace of the errors, re-run Maven with the -e switch.
[ERROR] Re-run Maven using the -X switch to enable full debug logging.
[ERROR] 
[ERROR] For more information about the errors and possible solutions, please read the following articles:
[ERROR] [Help 1] http://cwiki.apache.org/confluence/display/MAVEN/MojoFailureException
mvn -f value/pom.xml clean compile -DskipTests=true -Dcheckstyle.skip=true || (sed -i -- 's/<dependencies>/<dependencies><dependency><groupId>com.google.auto<\/groupId><artifactId>auto-common<\/artifactId><version>1.0-SNAPSHOT<\/version><\/dependency>/g' value/pom.xml ; sed -i -- 's/.6-SNAPSHOT/.6/g' value/pom.xml ; mvn -f value/pom.xml clean compile -DskipTests=true -Dcheckstyle.skip=true)
0.152s delay before adding the failure to the log file
There are 5 choices for the alternative javac (providing /usr/bin/javac).

  Selection    Path                                                Priority   Status
------------------------------------------------------------
  0            /usr/lib/jvm/java-8-openjdk-amd64/bin/javac          1081      auto mode
  1            /home/ubuntu/ATLAS/external/jdk/j2sdk1.4/bin/javac   1         manual mode
  2            /home/ubuntu/ATLAS/external/jdk/jdk1.5/bin/javac     1         manual mode
  3            /home/ubuntu/ATLAS/external/jdk/jdk1.6/bin/javac     1         manual mode
* 4            /usr/lib/jvm/java-7-openjdk-amd64/bin/javac          1071      manual mode
  5            /usr/lib/jvm/java-8-openjdk-amd64/bin/javac          1081      manual mode

Press <enter> to keep the current choice[*], or type selection number: update-alternatives: using /home/ubuntu/ATLAS/external/jdk/jdk1.6/bin/javac to provide /usr/bin/javac (javac) in manual mode
There are 5 choices for the alternative java (providing /usr/bin/java).

  Selection    Path                                               Priority   Status
------------------------------------------------------------
  0            /usr/lib/jvm/java-8-openjdk-amd64/jre/bin/java      1081      auto mode
  1            /home/ubuntu/ATLAS/external/jdk/j2sdk1.4/bin/java   1         manual mode
  2            /home/ubuntu/ATLAS/external/jdk/jdk1.5/bin/java     1         manual mode
  3            /home/ubuntu/ATLAS/external/jdk/jdk1.6/bin/java     1         manual mode
* 4            /usr/lib/jvm/java-7-openjdk-amd64/jre/bin/java      1071      manual mode
  5            /usr/lib/jvm/java-8-openjdk-amd64/jre/bin/java      1081      manual mode

Press <enter> to keep the current choice[*], or type selection number: update-alternatives: using /home/ubuntu/ATLAS/external/jdk/jdk1.6/bin/java to provide /usr/bin/java (java) in manual mode
Compile google-auto 66c3f4f99102d4e967913b785f48417c92deff29:
mvn -f value/pom.xml clean compile -DskipTests=true -Dcheckstyle.skip=true || (sed -i -- 's/<dependencies>/<dependencies><dependency><groupId>com.google.auto<\/groupId><artifactId>auto-common<\/artifactId><version>1.0-SNAPSHOT<\/version><\/dependency>/g' value/pom.xml ; sed -i -- 's/.6-SNAPSHOT/.6/g' value/pom.xml ; mvn -f value/pom.xml clean compile -DskipTests=true -Dcheckstyle.skip=true)
0.5s delay before adding the failure to the log file
There are 5 choices for the alternative javac (providing /usr/bin/javac).

  Selection    Path                                                Priority   Status
------------------------------------------------------------
  0            /usr/lib/jvm/java-8-openjdk-amd64/bin/javac          1081      auto mode
  1            /home/ubuntu/ATLAS/external/jdk/j2sdk1.4/bin/javac   1         manual mode
  2            /home/ubuntu/ATLAS/external/jdk/jdk1.5/bin/javac     1         manual mode
* 3            /home/ubuntu/ATLAS/external/jdk/jdk1.6/bin/javac     1         manual mode
  4            /usr/lib/jvm/java-7-openjdk-amd64/bin/javac          1071      manual mode
  5            /usr/lib/jvm/java-8-openjdk-amd64/bin/javac          1081      manual mode

Press <enter> to keep the current choice[*], or type selection number: update-alternatives: using /usr/lib/jvm/java-8-openjdk-amd64/bin/javac to provide /usr/bin/javac (javac) in auto mode
There are 5 choices for the alternative java (providing /usr/bin/java).

  Selection    Path                                               Priority   Status
------------------------------------------------------------
  0            /usr/lib/jvm/java-8-openjdk-amd64/jre/bin/java      1081      auto mode
  1            /home/ubuntu/ATLAS/external/jdk/j2sdk1.4/bin/java   1         manual mode
  2            /home/ubuntu/ATLAS/external/jdk/jdk1.5/bin/java     1         manual mode
* 3            /home/ubuntu/ATLAS/external/jdk/jdk1.6/bin/java     1         manual mode
  4            /usr/lib/jvm/java-7-openjdk-amd64/jre/bin/java      1071      manual mode
  5            /usr/lib/jvm/java-8-openjdk-amd64/jre/bin/java      1081      manual mode

Press <enter> to keep the current choice[*], or type selection number: update-alternatives: using /usr/lib/jvm/java-8-openjdk-amd64/jre/bin/java to provide /usr/bin/java (java) in auto mode
