There are 5 choices for the alternative javac (providing /usr/bin/javac).

  Selection    Path                                                Priority   Status
------------------------------------------------------------
* 0            /usr/lib/jvm/java-8-openjdk-amd64/bin/javac          1081      auto mode
  1            /home/ubuntu/ATLAS/external/jdk/j2sdk1.4/bin/javac   1         manual mode
  2            /home/ubuntu/ATLAS/external/jdk/jdk1.5/bin/javac     1         manual mode
  3            /home/ubuntu/ATLAS/external/jdk/jdk1.6/bin/javac     1         manual mode
  4            /usr/lib/jvm/java-7-openjdk-amd64/bin/javac          1071      manual mode
  5            /usr/lib/jvm/java-8-openjdk-amd64/bin/javac          1081      manual mode

Press <enter> to keep the current choice[*], or type selection number: There are 5 choices for the alternative java (providing /usr/bin/java).

  Selection    Path                                               Priority   Status
------------------------------------------------------------
* 0            /usr/lib/jvm/java-8-openjdk-amd64/jre/bin/java      1081      auto mode
  1            /home/ubuntu/ATLAS/external/jdk/j2sdk1.4/bin/java   1         manual mode
  2            /home/ubuntu/ATLAS/external/jdk/jdk1.5/bin/java     1         manual mode
  3            /home/ubuntu/ATLAS/external/jdk/jdk1.6/bin/java     1         manual mode
  4            /usr/lib/jvm/java-7-openjdk-amd64/jre/bin/java      1071      manual mode
  5            /usr/lib/jvm/java-8-openjdk-amd64/jre/bin/java      1081      manual mode

Press <enter> to keep the current choice[*], or type selection number: There are 5 choices for the alternative javac (providing /usr/bin/javac).

  Selection    Path                                                Priority   Status
------------------------------------------------------------
* 0            /usr/lib/jvm/java-8-openjdk-amd64/bin/javac          1081      auto mode
  1            /home/ubuntu/ATLAS/external/jdk/j2sdk1.4/bin/javac   1         manual mode
  2            /home/ubuntu/ATLAS/external/jdk/jdk1.5/bin/javac     1         manual mode
  3            /home/ubuntu/ATLAS/external/jdk/jdk1.6/bin/javac     1         manual mode
  4            /usr/lib/jvm/java-7-openjdk-amd64/bin/javac          1071      manual mode
  5            /usr/lib/jvm/java-8-openjdk-amd64/bin/javac          1081      manual mode

Press <enter> to keep the current choice[*], or type selection number: There are 5 choices for the alternative javac (providing /usr/bin/javac).

  Selection    Path                                                Priority   Status
------------------------------------------------------------
* 0            /usr/lib/jvm/java-8-openjdk-amd64/bin/javac          1081      auto mode
  1            /home/ubuntu/ATLAS/external/jdk/j2sdk1.4/bin/javac   1         manual mode
  2            /home/ubuntu/ATLAS/external/jdk/jdk1.5/bin/javac     1         manual mode
  3            /home/ubuntu/ATLAS/external/jdk/jdk1.6/bin/javac     1         manual mode
  4            /usr/lib/jvm/java-7-openjdk-amd64/bin/javac          1071      manual mode
  5            /usr/lib/jvm/java-8-openjdk-amd64/bin/javac          1081      manual mode

Press <enter> to keep the current choice[*], or type selection number: There are 5 choices for the alternative java (providing /usr/bin/java).

  Selection    Path                                               Priority   Status
------------------------------------------------------------
* 0            /usr/lib/jvm/java-8-openjdk-amd64/jre/bin/java      1081      auto mode
  1            /home/ubuntu/ATLAS/external/jdk/j2sdk1.4/bin/java   1         manual mode
  2            /home/ubuntu/ATLAS/external/jdk/jdk1.5/bin/java     1         manual mode
  3            /home/ubuntu/ATLAS/external/jdk/jdk1.6/bin/java     1         manual mode
  4            /usr/lib/jvm/java-7-openjdk-amd64/jre/bin/java      1071      manual mode
  5            /usr/lib/jvm/java-8-openjdk-amd64/jre/bin/java      1081      manual mode

Press <enter> to keep the current choice[*], or type selection number: There are 5 choices for the alternative java (providing /usr/bin/java).

  Selection    Path                                               Priority   Status
------------------------------------------------------------
* 0            /usr/lib/jvm/java-8-openjdk-amd64/jre/bin/java      1081      auto mode
  1            /home/ubuntu/ATLAS/external/jdk/j2sdk1.4/bin/java   1         manual mode
  2            /home/ubuntu/ATLAS/external/jdk/jdk1.5/bin/java     1         manual mode
  3            /home/ubuntu/ATLAS/external/jdk/jdk1.6/bin/java     1         manual mode
  4            /usr/lib/jvm/java-7-openjdk-amd64/jre/bin/java      1071      manual mode
  5            /usr/lib/jvm/java-8-openjdk-amd64/jre/bin/java      1081      manual mode

Press <enter> to keep the current choice[*], or type selection number: Compile apache-hama bac51914312cf1a21ac7a9c8ce76175cc4384686:
[INFO] Scanning for projects...
[ERROR] [ERROR] Could not find the selected project in the reactor: core @ 
[ERROR] Could not find the selected project in the reactor: core -> [Help 1]
[ERROR] 
[ERROR] To see the full stack trace of the errors, re-run Maven with the -e switch.
[ERROR] Re-run Maven using the -X switch to enable full debug logging.
[ERROR] 
[ERROR] For more information about the errors and possible solutions, please read the following articles:
[ERROR] [Help 1] http://cwiki.apache.org/confluence/display/MAVEN/MavenExecutionException
[INFO] Scanning for projects...
[ERROR] [ERROR] Could not find the selected project in the reactor: core @ 
[ERROR] Could not find the selected project in the reactor: core -> [Help 1]
[ERROR] 
[ERROR] To see the full stack trace of the errors, re-run Maven with the -e switch.
[ERROR] Re-run Maven using the -X switch to enable full debug logging.
[ERROR] 
[ERROR] For more information about the errors and possible solutions, please read the following articles:
[ERROR] [Help 1] http://cwiki.apache.org/confluence/display/MAVEN/MavenExecutionException
[INFO] Scanning for projects...
[ERROR] [ERROR] Could not find the selected project in the reactor: core @ 
[ERROR] Could not find the selected project in the reactor: core -> [Help 1]
[ERROR] 
[ERROR] To see the full stack trace of the errors, re-run Maven with the -e switch.
[ERROR] Re-run Maven using the -X switch to enable full debug logging.
[ERROR] 
[ERROR] For more information about the errors and possible solutions, please read the following articles:
[ERROR] [Help 1] http://cwiki.apache.org/confluence/display/MAVEN/MavenExecutionException
Buildfile: /home/ubuntu/ATLAS/apps/apache-hama/download/bac51914312cf1a21ac7a9c8ce76175cc4384686/build.xml

clean:

init:
    [mkdir] Created dir: /home/ubuntu/ATLAS/apps/apache-hama/download/bac51914312cf1a21ac7a9c8ce76175cc4384686/build
    [mkdir] Created dir: /home/ubuntu/ATLAS/apps/apache-hama/download/bac51914312cf1a21ac7a9c8ce76175cc4384686/build/classes
    [mkdir] Created dir: /home/ubuntu/ATLAS/apps/apache-hama/download/bac51914312cf1a21ac7a9c8ce76175cc4384686/build/test
    [mkdir] Created dir: /home/ubuntu/ATLAS/apps/apache-hama/download/bac51914312cf1a21ac7a9c8ce76175cc4384686/build/examples
    [mkdir] Created dir: /home/ubuntu/ATLAS/apps/apache-hama/download/bac51914312cf1a21ac7a9c8ce76175cc4384686/build/reports/findbugs
    [mkdir] Created dir: /home/ubuntu/ATLAS/apps/apache-hama/download/bac51914312cf1a21ac7a9c8ce76175cc4384686/build/reports/tests
    [mkdir] Created dir: /home/ubuntu/ATLAS/apps/apache-hama/download/bac51914312cf1a21ac7a9c8ce76175cc4384686/build/lib
     [copy] Copying 33 files to /home/ubuntu/ATLAS/apps/apache-hama/download/bac51914312cf1a21ac7a9c8ce76175cc4384686/build/lib

compile:
    [mkdir] Created dir: /home/ubuntu/ATLAS/apps/apache-hama/download/bac51914312cf1a21ac7a9c8ce76175cc4384686/build/src
    [javac] /home/ubuntu/ATLAS/apps/apache-hama/download/bac51914312cf1a21ac7a9c8ce76175cc4384686/build.xml:105: warning: 'includeantruntime' was not set, defaulting to build.sysclasspath=last; set to false for repeatable builds
    [javac] Compiling 16 source files to /home/ubuntu/ATLAS/apps/apache-hama/download/bac51914312cf1a21ac7a9c8ce76175cc4384686/build/classes
    [javac] /home/ubuntu/ATLAS/apps/apache-hama/download/bac51914312cf1a21ac7a9c8ce76175cc4384686/src/java/org/apache/hama/Vector.java:80: error: cannot find symbol
    [javac]     return cosine / (this.getL2Norm() * v.getL2Norm());
    [javac]                          ^
    [javac]   symbol: method getL2Norm()
    [javac] /home/ubuntu/ATLAS/apps/apache-hama/download/bac51914312cf1a21ac7a9c8ce76175cc4384686/src/java/org/apache/hama/Vector.java:80: error: cannot find symbol
    [javac]     return cosine / (this.getL2Norm() * v.getL2Norm());
    [javac]                                          ^
    [javac]   symbol:   method getL2Norm()
    [javac]   location: variable v of type Vector
    [javac] 2 errors
[INFO] Scanning for projects...
[INFO] ------------------------------------------------------------------------
[INFO] BUILD FAILURE
[INFO] ------------------------------------------------------------------------
[INFO] Total time: 0.120 s
[INFO] Finished at: 2019-12-04T07:01:00+00:00
[INFO] Final Memory: 7M/147M
[INFO] ------------------------------------------------------------------------
[ERROR] The goal you specified requires a project to execute but there is no POM in this directory (/home/ubuntu/ATLAS/apps/apache-hama/download/bac51914312cf1a21ac7a9c8ce76175cc4384686). Please verify you invoked Maven from the correct directory. -> [Help 1]
[ERROR] 
[ERROR] To see the full stack trace of the errors, re-run Maven with the -e switch.
[ERROR] Re-run Maven using the -X switch to enable full debug logging.
[ERROR] 
[ERROR] For more information about the errors and possible solutions, please read the following articles:
[ERROR] [Help 1] http://cwiki.apache.org/confluence/display/MAVEN/MissingProjectException
(mvn -DskipTests clean compile -pl core -am) || (mvn -DskipTests clean compile  -Phadoop1 -pl core -am) || (mvn -DskipTests clean install -Phadoop2 -U -pl core -am) || (ant clean compile) || (mvn -DskipTests clean compile)
0.342s delay before adding the failure to the log file
There are 5 choices for the alternative javac (providing /usr/bin/javac).

  Selection    Path                                                Priority   Status
------------------------------------------------------------
* 0            /usr/lib/jvm/java-8-openjdk-amd64/bin/javac          1081      auto mode
  1            /home/ubuntu/ATLAS/external/jdk/j2sdk1.4/bin/javac   1         manual mode
  2            /home/ubuntu/ATLAS/external/jdk/jdk1.5/bin/javac     1         manual mode
  3            /home/ubuntu/ATLAS/external/jdk/jdk1.6/bin/javac     1         manual mode
  4            /usr/lib/jvm/java-7-openjdk-amd64/bin/javac          1071      manual mode
  5            /usr/lib/jvm/java-8-openjdk-amd64/bin/javac          1081      manual mode

Press <enter> to keep the current choice[*], or type selection number: There are 5 choices for the alternative java (providing /usr/bin/java).

  Selection    Path                                               Priority   Status
------------------------------------------------------------
* 0            /usr/lib/jvm/java-8-openjdk-amd64/jre/bin/java      1081      auto mode
  1            /home/ubuntu/ATLAS/external/jdk/j2sdk1.4/bin/java   1         manual mode
  2            /home/ubuntu/ATLAS/external/jdk/jdk1.5/bin/java     1         manual mode
  3            /home/ubuntu/ATLAS/external/jdk/jdk1.6/bin/java     1         manual mode
  4            /usr/lib/jvm/java-7-openjdk-amd64/jre/bin/java      1071      manual mode
  5            /usr/lib/jvm/java-8-openjdk-amd64/jre/bin/java      1081      manual mode

Press <enter> to keep the current choice[*], or type selection number: Compile apache-hama bac51914312cf1a21ac7a9c8ce76175cc4384686:
[INFO] Scanning for projects...
[ERROR] [ERROR] Could not find the selected project in the reactor: core @ 
[ERROR] Could not find the selected project in the reactor: core -> [Help 1]
[ERROR] 
[ERROR] To see the full stack trace of the errors, re-run Maven with the -e switch.
[ERROR] Re-run Maven using the -X switch to enable full debug logging.
[ERROR] 
[ERROR] For more information about the errors and possible solutions, please read the following articles:
[ERROR] [Help 1] http://cwiki.apache.org/confluence/display/MAVEN/MavenExecutionException
[INFO] Scanning for projects...
[ERROR] [ERROR] Could not find the selected project in the reactor: core @ 
[ERROR] Could not find the selected project in the reactor: core -> [Help 1]
[ERROR] 
[ERROR] To see the full stack trace of the errors, re-run Maven with the -e switch.
[ERROR] Re-run Maven using the -X switch to enable full debug logging.
[ERROR] 
[ERROR] For more information about the errors and possible solutions, please read the following articles:
[ERROR] [Help 1] http://cwiki.apache.org/confluence/display/MAVEN/MavenExecutionException
[INFO] Scanning for projects...
[ERROR] [ERROR] Could not find the selected project in the reactor: core @ 
[ERROR] Could not find the selected project in the reactor: core -> [Help 1]
[ERROR] 
[ERROR] To see the full stack trace of the errors, re-run Maven with the -e switch.
[ERROR] Re-run Maven using the -X switch to enable full debug logging.
[ERROR] 
[ERROR] For more information about the errors and possible solutions, please read the following articles:
[ERROR] [Help 1] http://cwiki.apache.org/confluence/display/MAVEN/MavenExecutionException
Buildfile: /home/ubuntu/ATLAS/apps/apache-hama/download/bac51914312cf1a21ac7a9c8ce76175cc4384686/build.xml

clean:

init:
    [mkdir] Created dir: /home/ubuntu/ATLAS/apps/apache-hama/download/bac51914312cf1a21ac7a9c8ce76175cc4384686/build
    [mkdir] Created dir: /home/ubuntu/ATLAS/apps/apache-hama/download/bac51914312cf1a21ac7a9c8ce76175cc4384686/build/classes
    [mkdir] Created dir: /home/ubuntu/ATLAS/apps/apache-hama/download/bac51914312cf1a21ac7a9c8ce76175cc4384686/build/test
    [mkdir] Created dir: /home/ubuntu/ATLAS/apps/apache-hama/download/bac51914312cf1a21ac7a9c8ce76175cc4384686/build/examples
    [mkdir] Created dir: /home/ubuntu/ATLAS/apps/apache-hama/download/bac51914312cf1a21ac7a9c8ce76175cc4384686/build/reports/findbugs
    [mkdir] Created dir: /home/ubuntu/ATLAS/apps/apache-hama/download/bac51914312cf1a21ac7a9c8ce76175cc4384686/build/reports/tests
    [mkdir] Created dir: /home/ubuntu/ATLAS/apps/apache-hama/download/bac51914312cf1a21ac7a9c8ce76175cc4384686/build/lib
     [copy] Copying 33 files to /home/ubuntu/ATLAS/apps/apache-hama/download/bac51914312cf1a21ac7a9c8ce76175cc4384686/build/lib

compile:
    [mkdir] Created dir: /home/ubuntu/ATLAS/apps/apache-hama/download/bac51914312cf1a21ac7a9c8ce76175cc4384686/build/src
    [javac] /home/ubuntu/ATLAS/apps/apache-hama/download/bac51914312cf1a21ac7a9c8ce76175cc4384686/build.xml:105: warning: 'includeantruntime' was not set, defaulting to build.sysclasspath=last; set to false for repeatable builds
    [javac] Compiling 16 source files to /home/ubuntu/ATLAS/apps/apache-hama/download/bac51914312cf1a21ac7a9c8ce76175cc4384686/build/classes
    [javac] /home/ubuntu/ATLAS/apps/apache-hama/download/bac51914312cf1a21ac7a9c8ce76175cc4384686/src/java/org/apache/hama/Vector.java:80: error: cannot find symbol
    [javac]     return cosine / (this.getL2Norm() * v.getL2Norm());
    [javac]                          ^
    [javac]   symbol: method getL2Norm()
    [javac] /home/ubuntu/ATLAS/apps/apache-hama/download/bac51914312cf1a21ac7a9c8ce76175cc4384686/src/java/org/apache/hama/Vector.java:80: error: cannot find symbol
    [javac]     return cosine / (this.getL2Norm() * v.getL2Norm());
    [javac]                                          ^
    [javac]   symbol:   method getL2Norm()
    [javac]   location: variable v of type Vector
    [javac] 2 errors
[INFO] Scanning for projects...
[INFO] ------------------------------------------------------------------------
[INFO] BUILD FAILURE
[INFO] ------------------------------------------------------------------------
[INFO] Total time: 0.108 s
[INFO] Finished at: 2019-12-04T07:01:08+00:00
[INFO] Final Memory: 7M/147M
[INFO] ------------------------------------------------------------------------
[ERROR] The goal you specified requires a project to execute but there is no POM in this directory (/home/ubuntu/ATLAS/apps/apache-hama/download/bac51914312cf1a21ac7a9c8ce76175cc4384686). Please verify you invoked Maven from the correct directory. -> [Help 1]
[ERROR] 
[ERROR] To see the full stack trace of the errors, re-run Maven with the -e switch.
[ERROR] Re-run Maven using the -X switch to enable full debug logging.
[ERROR] 
[ERROR] For more information about the errors and possible solutions, please read the following articles:
[ERROR] [Help 1] http://cwiki.apache.org/confluence/display/MAVEN/MissingProjectException
(mvn -DskipTests clean compile -pl core -am) || (mvn -DskipTests clean compile  -Phadoop1 -pl core -am) || (mvn -DskipTests clean install -Phadoop2 -U -pl core -am) || (ant clean compile) || (mvn -DskipTests clean compile)
0.418s delay before adding the failure to the log file
There are 5 choices for the alternative javac (providing /usr/bin/javac).

  Selection    Path                                                Priority   Status
------------------------------------------------------------
  0            /usr/lib/jvm/java-8-openjdk-amd64/bin/javac          1081      auto mode
  1            /home/ubuntu/ATLAS/external/jdk/j2sdk1.4/bin/javac   1         manual mode
  2            /home/ubuntu/ATLAS/external/jdk/jdk1.5/bin/javac     1         manual mode
  3            /home/ubuntu/ATLAS/external/jdk/jdk1.6/bin/javac     1         manual mode
  4            /usr/lib/jvm/java-7-openjdk-amd64/bin/javac          1071      manual mode
* 5            /usr/lib/jvm/java-8-openjdk-amd64/bin/javac          1081      manual mode

Press <enter> to keep the current choice[*], or type selection number: update-alternatives: using /usr/lib/jvm/java-7-openjdk-amd64/bin/javac to provide /usr/bin/javac (javac) in manual mode
There are 5 choices for the alternative java (providing /usr/bin/java).

  Selection    Path                                               Priority   Status
------------------------------------------------------------
  0            /usr/lib/jvm/java-8-openjdk-amd64/jre/bin/java      1081      auto mode
  1            /home/ubuntu/ATLAS/external/jdk/j2sdk1.4/bin/java   1         manual mode
  2            /home/ubuntu/ATLAS/external/jdk/jdk1.5/bin/java     1         manual mode
  3            /home/ubuntu/ATLAS/external/jdk/jdk1.6/bin/java     1         manual mode
  4            /usr/lib/jvm/java-7-openjdk-amd64/jre/bin/java      1071      manual mode
* 5            /usr/lib/jvm/java-8-openjdk-amd64/jre/bin/java      1081      manual mode

Press <enter> to keep the current choice[*], or type selection number: update-alternatives: using /usr/lib/jvm/java-7-openjdk-amd64/jre/bin/java to provide /usr/bin/java (java) in manual mode
Compile apache-hama bac51914312cf1a21ac7a9c8ce76175cc4384686:
[INFO] Scanning for projects...
[ERROR] [ERROR] Could not find the selected project in the reactor: core @ 
[ERROR] Could not find the selected project in the reactor: core -> [Help 1]
[ERROR] 
[ERROR] To see the full stack trace of the errors, re-run Maven with the -e switch.
[ERROR] Re-run Maven using the -X switch to enable full debug logging.
[ERROR] 
[ERROR] For more information about the errors and possible solutions, please read the following articles:
[ERROR] [Help 1] http://cwiki.apache.org/confluence/display/MAVEN/MavenExecutionException
[INFO] Scanning for projects...
[ERROR] [ERROR] Could not find the selected project in the reactor: core @ 
[ERROR] Could not find the selected project in the reactor: core -> [Help 1]
[ERROR] 
[ERROR] To see the full stack trace of the errors, re-run Maven with the -e switch.
[ERROR] Re-run Maven using the -X switch to enable full debug logging.
[ERROR] 
[ERROR] For more information about the errors and possible solutions, please read the following articles:
[ERROR] [Help 1] http://cwiki.apache.org/confluence/display/MAVEN/MavenExecutionException
[INFO] Scanning for projects...
[ERROR] [ERROR] Could not find the selected project in the reactor: core @ 
[ERROR] Could not find the selected project in the reactor: core -> [Help 1]
[ERROR] 
[ERROR] To see the full stack trace of the errors, re-run Maven with the -e switch.
[ERROR] Re-run Maven using the -X switch to enable full debug logging.
[ERROR] 
[ERROR] For more information about the errors and possible solutions, please read the following articles:
[ERROR] [Help 1] http://cwiki.apache.org/confluence/display/MAVEN/MavenExecutionException
Buildfile: /home/ubuntu/ATLAS/apps/apache-hama/download/bac51914312cf1a21ac7a9c8ce76175cc4384686/build.xml

clean:

init:
    [mkdir] Created dir: /home/ubuntu/ATLAS/apps/apache-hama/download/bac51914312cf1a21ac7a9c8ce76175cc4384686/build
    [mkdir] Created dir: /home/ubuntu/ATLAS/apps/apache-hama/download/bac51914312cf1a21ac7a9c8ce76175cc4384686/build/classes
    [mkdir] Created dir: /home/ubuntu/ATLAS/apps/apache-hama/download/bac51914312cf1a21ac7a9c8ce76175cc4384686/build/test
    [mkdir] Created dir: /home/ubuntu/ATLAS/apps/apache-hama/download/bac51914312cf1a21ac7a9c8ce76175cc4384686/build/examples
    [mkdir] Created dir: /home/ubuntu/ATLAS/apps/apache-hama/download/bac51914312cf1a21ac7a9c8ce76175cc4384686/build/reports/findbugs
    [mkdir] Created dir: /home/ubuntu/ATLAS/apps/apache-hama/download/bac51914312cf1a21ac7a9c8ce76175cc4384686/build/reports/tests
    [mkdir] Created dir: /home/ubuntu/ATLAS/apps/apache-hama/download/bac51914312cf1a21ac7a9c8ce76175cc4384686/build/lib
     [copy] Copying 33 files to /home/ubuntu/ATLAS/apps/apache-hama/download/bac51914312cf1a21ac7a9c8ce76175cc4384686/build/lib

compile:
    [mkdir] Created dir: /home/ubuntu/ATLAS/apps/apache-hama/download/bac51914312cf1a21ac7a9c8ce76175cc4384686/build/src
    [javac] /home/ubuntu/ATLAS/apps/apache-hama/download/bac51914312cf1a21ac7a9c8ce76175cc4384686/build.xml:105: warning: 'includeantruntime' was not set, defaulting to build.sysclasspath=last; set to false for repeatable builds
    [javac] Compiling 16 source files to /home/ubuntu/ATLAS/apps/apache-hama/download/bac51914312cf1a21ac7a9c8ce76175cc4384686/build/classes
    [javac] /home/ubuntu/ATLAS/apps/apache-hama/download/bac51914312cf1a21ac7a9c8ce76175cc4384686/src/java/org/apache/hama/Vector.java:80: error: cannot find symbol
    [javac]     return cosine / (this.getL2Norm() * v.getL2Norm());
    [javac]                          ^
    [javac]   symbol: method getL2Norm()
    [javac] /home/ubuntu/ATLAS/apps/apache-hama/download/bac51914312cf1a21ac7a9c8ce76175cc4384686/src/java/org/apache/hama/Vector.java:80: error: cannot find symbol
    [javac]     return cosine / (this.getL2Norm() * v.getL2Norm());
    [javac]                                          ^
    [javac]   symbol:   method getL2Norm()
    [javac]   location: variable v of type Vector
    [javac] 2 errors
[INFO] Scanning for projects...
[INFO] ------------------------------------------------------------------------
[INFO] BUILD FAILURE
[INFO] ------------------------------------------------------------------------
[INFO] Total time: 0.113 s
[INFO] Finished at: 2019-12-04T07:01:18+00:00
[INFO] Final Memory: 5M/145M
[INFO] ------------------------------------------------------------------------
[ERROR] The goal you specified requires a project to execute but there is no POM in this directory (/home/ubuntu/ATLAS/apps/apache-hama/download/bac51914312cf1a21ac7a9c8ce76175cc4384686). Please verify you invoked Maven from the correct directory. -> [Help 1]
[ERROR] 
[ERROR] To see the full stack trace of the errors, re-run Maven with the -e switch.
[ERROR] Re-run Maven using the -X switch to enable full debug logging.
[ERROR] 
[ERROR] For more information about the errors and possible solutions, please read the following articles:
[ERROR] [Help 1] http://cwiki.apache.org/confluence/display/MAVEN/MissingProjectException
(mvn -DskipTests clean compile -pl core -am) || (mvn -DskipTests clean compile  -Phadoop1 -pl core -am) || (mvn -DskipTests clean install -Phadoop2 -U -pl core -am) || (ant clean compile) || (mvn -DskipTests clean compile)
0.253s delay before adding the failure to the log file
There are 5 choices for the alternative javac (providing /usr/bin/javac).

  Selection    Path                                                Priority   Status
------------------------------------------------------------
  0            /usr/lib/jvm/java-8-openjdk-amd64/bin/javac          1081      auto mode
  1            /home/ubuntu/ATLAS/external/jdk/j2sdk1.4/bin/javac   1         manual mode
  2            /home/ubuntu/ATLAS/external/jdk/jdk1.5/bin/javac     1         manual mode
  3            /home/ubuntu/ATLAS/external/jdk/jdk1.6/bin/javac     1         manual mode
* 4            /usr/lib/jvm/java-7-openjdk-amd64/bin/javac          1071      manual mode
  5            /usr/lib/jvm/java-8-openjdk-amd64/bin/javac          1081      manual mode

Press <enter> to keep the current choice[*], or type selection number: update-alternatives: using /home/ubuntu/ATLAS/external/jdk/jdk1.6/bin/javac to provide /usr/bin/javac (javac) in manual mode
There are 5 choices for the alternative java (providing /usr/bin/java).

  Selection    Path                                               Priority   Status
------------------------------------------------------------
  0            /usr/lib/jvm/java-8-openjdk-amd64/jre/bin/java      1081      auto mode
  1            /home/ubuntu/ATLAS/external/jdk/j2sdk1.4/bin/java   1         manual mode
  2            /home/ubuntu/ATLAS/external/jdk/jdk1.5/bin/java     1         manual mode
  3            /home/ubuntu/ATLAS/external/jdk/jdk1.6/bin/java     1         manual mode
* 4            /usr/lib/jvm/java-7-openjdk-amd64/jre/bin/java      1071      manual mode
  5            /usr/lib/jvm/java-8-openjdk-amd64/jre/bin/java      1081      manual mode

Press <enter> to keep the current choice[*], or type selection number: update-alternatives: using /home/ubuntu/ATLAS/external/jdk/jdk1.6/bin/java to provide /usr/bin/java (java) in manual mode
Compile apache-hama bac51914312cf1a21ac7a9c8ce76175cc4384686:
Buildfile: /home/ubuntu/ATLAS/apps/apache-hama/download/bac51914312cf1a21ac7a9c8ce76175cc4384686/build.xml

clean:

init:
    [mkdir] Created dir: /home/ubuntu/ATLAS/apps/apache-hama/download/bac51914312cf1a21ac7a9c8ce76175cc4384686/build
    [mkdir] Created dir: /home/ubuntu/ATLAS/apps/apache-hama/download/bac51914312cf1a21ac7a9c8ce76175cc4384686/build/classes
    [mkdir] Created dir: /home/ubuntu/ATLAS/apps/apache-hama/download/bac51914312cf1a21ac7a9c8ce76175cc4384686/build/test
    [mkdir] Created dir: /home/ubuntu/ATLAS/apps/apache-hama/download/bac51914312cf1a21ac7a9c8ce76175cc4384686/build/examples
    [mkdir] Created dir: /home/ubuntu/ATLAS/apps/apache-hama/download/bac51914312cf1a21ac7a9c8ce76175cc4384686/build/reports/findbugs
    [mkdir] Created dir: /home/ubuntu/ATLAS/apps/apache-hama/download/bac51914312cf1a21ac7a9c8ce76175cc4384686/build/reports/tests
    [mkdir] Created dir: /home/ubuntu/ATLAS/apps/apache-hama/download/bac51914312cf1a21ac7a9c8ce76175cc4384686/build/lib
     [copy] Copying 33 files to /home/ubuntu/ATLAS/apps/apache-hama/download/bac51914312cf1a21ac7a9c8ce76175cc4384686/build/lib

compile:
    [mkdir] Created dir: /home/ubuntu/ATLAS/apps/apache-hama/download/bac51914312cf1a21ac7a9c8ce76175cc4384686/build/src
    [javac] /home/ubuntu/ATLAS/apps/apache-hama/download/bac51914312cf1a21ac7a9c8ce76175cc4384686/build.xml:105: warning: 'includeantruntime' was not set, defaulting to build.sysclasspath=last; set to false for repeatable builds
    [javac] Compiling 16 source files to /home/ubuntu/ATLAS/apps/apache-hama/download/bac51914312cf1a21ac7a9c8ce76175cc4384686/build/classes
    [javac] /home/ubuntu/ATLAS/apps/apache-hama/download/bac51914312cf1a21ac7a9c8ce76175cc4384686/src/java/org/apache/hama/Vector.java:80: cannot find symbol
    [javac] symbol  : method getL2Norm()
    [javac] location: class org.apache.hama.Vector
    [javac]     return cosine / (this.getL2Norm() * v.getL2Norm());
    [javac]                          ^
    [javac] /home/ubuntu/ATLAS/apps/apache-hama/download/bac51914312cf1a21ac7a9c8ce76175cc4384686/src/java/org/apache/hama/Vector.java:80: cannot find symbol
    [javac] symbol  : method getL2Norm()
    [javac] location: class org.apache.hama.Vector
    [javac]     return cosine / (this.getL2Norm() * v.getL2Norm());
    [javac]                                          ^
    [javac] 2 errors
(mvn -DskipTests clean compile -pl core -am) || (mvn -DskipTests clean compile  -Phadoop1 -pl core -am) || (mvn -DskipTests clean install -Phadoop2 -U -pl core -am) || (ant clean compile) || (mvn -DskipTests clean compile)
0.138s delay before adding the failure to the log file
There are 5 choices for the alternative javac (providing /usr/bin/javac).

  Selection    Path                                                Priority   Status
------------------------------------------------------------
  0            /usr/lib/jvm/java-8-openjdk-amd64/bin/javac          1081      auto mode
  1            /home/ubuntu/ATLAS/external/jdk/j2sdk1.4/bin/javac   1         manual mode
  2            /home/ubuntu/ATLAS/external/jdk/jdk1.5/bin/javac     1         manual mode
* 3            /home/ubuntu/ATLAS/external/jdk/jdk1.6/bin/javac     1         manual mode
  4            /usr/lib/jvm/java-7-openjdk-amd64/bin/javac          1071      manual mode
  5            /usr/lib/jvm/java-8-openjdk-amd64/bin/javac          1081      manual mode

Press <enter> to keep the current choice[*], or type selection number: update-alternatives: using /usr/lib/jvm/java-8-openjdk-amd64/bin/javac to provide /usr/bin/javac (javac) in auto mode
There are 5 choices for the alternative java (providing /usr/bin/java).

  Selection    Path                                               Priority   Status
------------------------------------------------------------
  0            /usr/lib/jvm/java-8-openjdk-amd64/jre/bin/java      1081      auto mode
  1            /home/ubuntu/ATLAS/external/jdk/j2sdk1.4/bin/java   1         manual mode
  2            /home/ubuntu/ATLAS/external/jdk/jdk1.5/bin/java     1         manual mode
* 3            /home/ubuntu/ATLAS/external/jdk/jdk1.6/bin/java     1         manual mode
  4            /usr/lib/jvm/java-7-openjdk-amd64/jre/bin/java      1071      manual mode
  5            /usr/lib/jvm/java-8-openjdk-amd64/jre/bin/java      1081      manual mode

Press <enter> to keep the current choice[*], or type selection number: update-alternatives: using /usr/lib/jvm/java-8-openjdk-amd64/jre/bin/java to provide /usr/bin/java (java) in auto mode
