There are 5 choices for the alternative javac (providing /usr/bin/javac).

  Selection    Path                                                Priority   Status
------------------------------------------------------------
* 0            /usr/lib/jvm/java-8-openjdk-amd64/bin/javac          1081      auto mode
  1            /home/ubuntu/ATLAS/external/jdk/j2sdk1.4/bin/javac   1         manual mode
  2            /home/ubuntu/ATLAS/external/jdk/jdk1.5/bin/javac     1         manual mode
  3            /home/ubuntu/ATLAS/external/jdk/jdk1.6/bin/javac     1         manual mode
  4            /usr/lib/jvm/java-7-openjdk-amd64/bin/javac          1071      manual mode
  5            /usr/lib/jvm/java-8-openjdk-amd64/bin/javac          1081      manual mode

Press <enter> to keep the current choice[*], or type selection number: There are 5 choices for the alternative java (providing /usr/bin/java).

  Selection    Path                                               Priority   Status
------------------------------------------------------------
* 0            /usr/lib/jvm/java-8-openjdk-amd64/jre/bin/java      1081      auto mode
  1            /home/ubuntu/ATLAS/external/jdk/j2sdk1.4/bin/java   1         manual mode
  2            /home/ubuntu/ATLAS/external/jdk/jdk1.5/bin/java     1         manual mode
  3            /home/ubuntu/ATLAS/external/jdk/jdk1.6/bin/java     1         manual mode
  4            /usr/lib/jvm/java-7-openjdk-amd64/jre/bin/java      1071      manual mode
  5            /usr/lib/jvm/java-8-openjdk-amd64/jre/bin/java      1081      manual mode

Press <enter> to keep the current choice[*], or type selection number: There are 5 choices for the alternative javac (providing /usr/bin/javac).

  Selection    Path                                                Priority   Status
------------------------------------------------------------
* 0            /usr/lib/jvm/java-8-openjdk-amd64/bin/javac          1081      auto mode
  1            /home/ubuntu/ATLAS/external/jdk/j2sdk1.4/bin/javac   1         manual mode
  2            /home/ubuntu/ATLAS/external/jdk/jdk1.5/bin/javac     1         manual mode
  3            /home/ubuntu/ATLAS/external/jdk/jdk1.6/bin/javac     1         manual mode
  4            /usr/lib/jvm/java-7-openjdk-amd64/bin/javac          1071      manual mode
  5            /usr/lib/jvm/java-8-openjdk-amd64/bin/javac          1081      manual mode

Press <enter> to keep the current choice[*], or type selection number: There are 5 choices for the alternative javac (providing /usr/bin/javac).

  Selection    Path                                                Priority   Status
------------------------------------------------------------
* 0            /usr/lib/jvm/java-8-openjdk-amd64/bin/javac          1081      auto mode
  1            /home/ubuntu/ATLAS/external/jdk/j2sdk1.4/bin/javac   1         manual mode
  2            /home/ubuntu/ATLAS/external/jdk/jdk1.5/bin/javac     1         manual mode
  3            /home/ubuntu/ATLAS/external/jdk/jdk1.6/bin/javac     1         manual mode
  4            /usr/lib/jvm/java-7-openjdk-amd64/bin/javac          1071      manual mode
  5            /usr/lib/jvm/java-8-openjdk-amd64/bin/javac          1081      manual mode

Press <enter> to keep the current choice[*], or type selection number: There are 5 choices for the alternative java (providing /usr/bin/java).

  Selection    Path                                               Priority   Status
------------------------------------------------------------
* 0            /usr/lib/jvm/java-8-openjdk-amd64/jre/bin/java      1081      auto mode
  1            /home/ubuntu/ATLAS/external/jdk/j2sdk1.4/bin/java   1         manual mode
  2            /home/ubuntu/ATLAS/external/jdk/jdk1.5/bin/java     1         manual mode
  3            /home/ubuntu/ATLAS/external/jdk/jdk1.6/bin/java     1         manual mode
  4            /usr/lib/jvm/java-7-openjdk-amd64/jre/bin/java      1071      manual mode
  5            /usr/lib/jvm/java-8-openjdk-amd64/jre/bin/java      1081      manual mode

Press <enter> to keep the current choice[*], or type selection number: There are 5 choices for the alternative java (providing /usr/bin/java).

  Selection    Path                                               Priority   Status
------------------------------------------------------------
* 0            /usr/lib/jvm/java-8-openjdk-amd64/jre/bin/java      1081      auto mode
  1            /home/ubuntu/ATLAS/external/jdk/j2sdk1.4/bin/java   1         manual mode
  2            /home/ubuntu/ATLAS/external/jdk/jdk1.5/bin/java     1         manual mode
  3            /home/ubuntu/ATLAS/external/jdk/jdk1.6/bin/java     1         manual mode
  4            /usr/lib/jvm/java-7-openjdk-amd64/jre/bin/java      1071      manual mode
  5            /usr/lib/jvm/java-8-openjdk-amd64/jre/bin/java      1081      manual mode

Press <enter> to keep the current choice[*], or type selection number: Compile Netflix-astyanax bc2cb53f774a5e6bc00fdd23a8dd8db3bf305ab7:
[INFO] Scanning for projects...
[INFO]                                                                         
[INFO] ------------------------------------------------------------------------
[INFO] Building astyanax 1.0.4-SNAPSHOT
[INFO] ------------------------------------------------------------------------
Downloading: https://repo.maven.apache.org/maven2/org/apache/cassandra/cassandra-all/1.1.0/cassandra-all-1.1.0.pom
3/14 KB   5/14 KB   8/14 KB   11/14 KB   13/14 KB   14/14 KB              Downloaded: https://repo.maven.apache.org/maven2/org/apache/cassandra/cassandra-all/1.1.0/cassandra-all-1.1.0.pom (14 KB at 25.8 KB/sec)
Downloading: https://repo.maven.apache.org/maven2/org/apache/cassandra/cassandra-parent/1.1.0/cassandra-parent-1.1.0.pom
3/10 KB    6/10 KB   9/10 KB   10/10 KB              Downloaded: https://repo.maven.apache.org/maven2/org/apache/cassandra/cassandra-parent/1.1.0/cassandra-parent-1.1.0.pom (10 KB at 315.5 KB/sec)
Downloading: https://repo.maven.apache.org/maven2/org/codehaus/jackson/jackson-core-asl/1.4.0/jackson-core-asl-1.4.0.pom
1016/1016 B                 Downloaded: https://repo.maven.apache.org/maven2/org/codehaus/jackson/jackson-core-asl/1.4.0/jackson-core-asl-1.4.0.pom (1016 B at 39.7 KB/sec)
Downloading: https://repo.maven.apache.org/maven2/org/codehaus/jackson/jackson-mapper-asl/1.4.0/jackson-mapper-asl-1.4.0.pom
2/2 KB                 Downloaded: https://repo.maven.apache.org/maven2/org/codehaus/jackson/jackson-mapper-asl/1.4.0/jackson-mapper-asl-1.4.0.pom (2 KB at 43.3 KB/sec)
Downloading: https://repo.maven.apache.org/maven2/org/apache/cassandra/cassandra-thrift/1.1.0/cassandra-thrift-1.1.0.pom
3/10 KB   5/10 KB   8/10 KB   10/10 KB              Downloaded: https://repo.maven.apache.org/maven2/org/apache/cassandra/cassandra-thrift/1.1.0/cassandra-thrift-1.1.0.pom (10 KB at 388.9 KB/sec)
Downloading: https://repo.maven.apache.org/maven2/org/apache/cassandra/cassandra-all/1.1.0/cassandra-all-1.1.0.jar
Downloading: https://repo.maven.apache.org/maven2/com/googlecode/concurrentlinkedhashmap/concurrentlinkedhashmap-lru/1.2/concurrentlinkedhashmap-lru-1.2.jar
Downloading: https://repo.maven.apache.org/maven2/org/codehaus/jackson/jackson-core-asl/1.4.0/jackson-core-asl-1.4.0.jar
Downloading: https://repo.maven.apache.org/maven2/org/codehaus/jackson/jackson-mapper-asl/1.4.0/jackson-mapper-asl-1.4.0.jar
Downloading: https://repo.maven.apache.org/maven2/org/apache/cassandra/cassandra-thrift/1.1.0/cassandra-thrift-1.1.0.jar
3/147 KB   5/147 KB   8/147 KB   11/147 KB   13/147 KB   13/147 KB   3/378 KB   13/147 KB   5/378 KB   13/147 KB   8/378 KB   13/147 KB   11/378 KB   13/147 KB   13/378 KB   3/52 KB   13/147 KB   13/378 KB   5/52 KB   13/147 KB   13/378 KB   8/52 KB   13/147 KB   13/378 KB   11/52 KB   13/147 KB   13/378 KB   13/52 KB   13/147 KB   13/378 KB   13/52 KB   13/147 KB   16/378 KB   13/52 KB   13/147 KB   19/378 KB   13/52 KB   13/147 KB   21/378 KB   13/52 KB   13/147 KB   24/378 KB   13/52 KB   13/147 KB   27/378 KB   16/52 KB   13/147 KB   27/378 KB   19/52 KB   13/147 KB   27/378 KB   21/52 KB   13/147 KB   27/378 KB   24/52 KB   13/147 KB   27/378 KB   27/52 KB   13/147 KB   27/378 KB   29/52 KB   13/147 KB   27/378 KB   32/52 KB   13/147 KB   27/378 KB   32/52 KB   16/147 KB   27/378 KB   32/52 KB   19/147 KB   27/378 KB   32/52 KB   21/147 KB   27/378 KB   32/52 KB   24/147 KB   27/378 KB   32/52 KB   27/147 KB   27/378 KB   32/52 KB   29/147 KB   27/378 KB   32/52 KB   32/147 KB   27/378 KB   32/52 KB   36/147 KB   27/378 KB   32/52 KB   40/147 KB   27/378 KB   32/52 KB   40/147 KB   29/378 KB   32/52 KB   40/147 KB   32/378 KB   36/52 KB   40/147 KB   32/378 KB   40/52 KB   40/147 KB   32/378 KB   44/52 KB   40/147 KB   32/378 KB   48/52 KB   40/147 KB   32/378 KB   52/52 KB   40/147 KB   32/378 KB   52/52 KB   40/147 KB   32/378 KB   52/52 KB   40/147 KB   36/378 KB   52/52 KB   40/147 KB   40/378 KB   52/52 KB   40/147 KB   44/378 KB   52/52 KB   40/147 KB   48/378 KB   52/52 KB   40/147 KB   52/378 KB   52/52 KB   40/147 KB   56/378 KB   52/52 KB   40/147 KB   60/378 KB   52/52 KB   40/147 KB   64/378 KB   52/52 KB   44/147 KB   64/378 KB   52/52 KB   48/147 KB   64/378 KB   52/52 KB   52/147 KB   64/378 KB   52/52 KB   56/147 KB   64/378 KB   52/52 KB   60/147 KB   64/378 KB   52/52 KB   64/147 KB   64/378 KB   52/52 KB   68/147 KB   64/378 KB   52/52 KB   72/147 KB   64/378 KB   52/52 KB   76/147 KB   64/378 KB   52/52 KB   80/147 KB   64/378 KB                                      Downloaded: https://repo.maven.apache.org/maven2/com/googlecode/concurrentlinkedhashmap/concurrentlinkedhashmap-lru/1.2/concurrentlinkedhashmap-lru-1.2.jar (52 KB at 729.1 KB/sec)
80/147 KB   68/378 KB              80/147 KB   72/378 KB   80/147 KB   76/378 KB   80/147 KB   80/378 KB   80/147 KB   84/378 KB   80/147 KB   88/378 KB   80/147 KB   92/378 KB   80/147 KB   96/378 KB   80/147 KB   100/378 KB   80/147 KB   104/378 KB   84/147 KB   104/378 KB   88/147 KB   104/378 KB   92/147 KB   104/378 KB   96/147 KB   104/378 KB   100/147 KB   104/378 KB   104/147 KB   104/378 KB   108/147 KB   104/378 KB   112/147 KB   104/378 KB   112/147 KB   108/378 KB   112/147 KB   112/378 KB   112/147 KB   116/378 KB   112/147 KB   120/378 KB   112/147 KB   124/378 KB   112/147 KB   128/378 KB   112/147 KB   132/378 KB   112/147 KB   136/378 KB   112/147 KB   140/378 KB   112/147 KB   144/378 KB   116/147 KB   144/378 KB   120/147 KB   144/378 KB   124/147 KB   144/378 KB   128/147 KB   144/378 KB   132/147 KB   144/378 KB   136/147 KB   144/378 KB   140/147 KB   144/378 KB   144/147 KB   144/378 KB   147/147 KB   144/378 KB   147/147 KB   148/378 KB   147/147 KB   152/378 KB   147/147 KB   156/378 KB   147/147 KB   160/378 KB   147/147 KB   164/378 KB   147/147 KB   168/378 KB   147/147 KB   172/378 KB   147/147 KB   176/378 KB   147/147 KB   180/378 KB   147/147 KB   184/378 KB   147/147 KB   188/378 KB   147/147 KB   192/378 KB   147/147 KB   196/378 KB   147/147 KB   200/378 KB   147/147 KB   204/378 KB   147/147 KB   208/378 KB   147/147 KB   212/378 KB   147/147 KB   216/378 KB   147/147 KB   220/378 KB   147/147 KB   224/378 KB   147/147 KB   228/378 KB   147/147 KB   232/378 KB   147/147 KB   236/378 KB   147/147 KB   240/378 KB   147/147 KB   244/378 KB   147/147 KB   248/378 KB   147/147 KB   252/378 KB   147/147 KB   256/378 KB   147/147 KB   260/378 KB   147/147 KB   264/378 KB   147/147 KB   268/378 KB   147/147 KB   272/378 KB   147/147 KB   276/378 KB   147/147 KB   280/378 KB   147/147 KB   284/378 KB   147/147 KB   288/378 KB   147/147 KB   292/378 KB   147/147 KB   296/378 KB   147/147 KB   300/378 KB   147/147 KB   304/378 KB   147/147 KB   308/378 KB   147/147 KB   312/378 KB   147/147 KB   316/378 KB   147/147 KB   320/378 KB                             Downloaded: https://repo.maven.apache.org/maven2/org/codehaus/jackson/jackson-core-asl/1.4.0/jackson-core-asl-1.4.0.jar (147 KB at 1397.4 KB/sec)
324/378 KB                328/378 KB   332/378 KB   336/378 KB   340/378 KB   344/378 KB   348/378 KB   352/378 KB   356/378 KB   360/378 KB   364/378 KB   368/378 KB   372/378 KB   376/378 KB   378/378 KB                Downloaded: https://repo.maven.apache.org/maven2/org/codehaus/jackson/jackson-mapper-asl/1.4.0/jackson-mapper-asl-1.4.0.jar (378 KB at 3143.2 KB/sec)
3/2065 KB    5/2065 KB   8/2065 KB   11/2065 KB   13/2065 KB   16/2065 KB   19/2065 KB   21/2065 KB   24/2065 KB   27/2065 KB   29/2065 KB   32/2065 KB   36/2065 KB   40/2065 KB   44/2065 KB   48/2065 KB   52/2065 KB   56/2065 KB   60/2065 KB   64/2065 KB   68/2065 KB   72/2065 KB   76/2065 KB   80/2065 KB   84/2065 KB   88/2065 KB   92/2065 KB   96/2065 KB   100/2065 KB   104/2065 KB   108/2065 KB   112/2065 KB   116/2065 KB   120/2065 KB   124/2065 KB   128/2065 KB   132/2065 KB   136/2065 KB   140/2065 KB   144/2065 KB   148/2065 KB   152/2065 KB   156/2065 KB   160/2065 KB   164/2065 KB   168/2065 KB   172/2065 KB   176/2065 KB   180/2065 KB   184/2065 KB   188/2065 KB   192/2065 KB   196/2065 KB   200/2065 KB   204/2065 KB   208/2065 KB   212/2065 KB   216/2065 KB   220/2065 KB   224/2065 KB   228/2065 KB   232/2065 KB   236/2065 KB   240/2065 KB   244/2065 KB   248/2065 KB   252/2065 KB   256/2065 KB   260/2065 KB   264/2065 KB   268/2065 KB   272/2065 KB   276/2065 KB   280/2065 KB   284/2065 KB   288/2065 KB   292/2065 KB   296/2065 KB   300/2065 KB   304/2065 KB   308/2065 KB   312/2065 KB   316/2065 KB   320/2065 KB   324/2065 KB   328/2065 KB   332/2065 KB   336/2065 KB   340/2065 KB   344/2065 KB   348/2065 KB   352/2065 KB   356/2065 KB   360/2065 KB   364/2065 KB   368/2065 KB   372/2065 KB   376/2065 KB   380/2065 KB   384/2065 KB   388/2065 KB   392/2065 KB   396/2065 KB   400/2065 KB   404/2065 KB   408/2065 KB   412/2065 KB   416/2065 KB   420/2065 KB   424/2065 KB   428/2065 KB   432/2065 KB   436/2065 KB   440/2065 KB   444/2065 KB   448/2065 KB   452/2065 KB   456/2065 KB   460/2065 KB   464/2065 KB   468/2065 KB   472/2065 KB   476/2065 KB   480/2065 KB   484/2065 KB   488/2065 KB   492/2065 KB   496/2065 KB   500/2065 KB   504/2065 KB   508/2065 KB   512/2065 KB   516/2065 KB   520/2065 KB   524/2065 KB   528/2065 KB   532/2065 KB   536/2065 KB   540/2065 KB   544/2065 KB   548/2065 KB   552/2065 KB   556/2065 KB   560/2065 KB   564/2065 KB   568/2065 KB   572/2065 KB   576/2065 KB   580/2065 KB   584/2065 KB   588/2065 KB   592/2065 KB   596/2065 KB   600/2065 KB   604/2065 KB   608/2065 KB   612/2065 KB   616/2065 KB   620/2065 KB   624/2065 KB   628/2065 KB   632/2065 KB   636/2065 KB   640/2065 KB   644/2065 KB   648/2065 KB   652/2065 KB   656/2065 KB   660/2065 KB   664/2065 KB   668/2065 KB   672/2065 KB   676/2065 KB   680/2065 KB   684/2065 KB   688/2065 KB   692/2065 KB   696/2065 KB   700/2065 KB   704/2065 KB   708/2065 KB   712/2065 KB   716/2065 KB   720/2065 KB   724/2065 KB   728/2065 KB   732/2065 KB   736/2065 KB   740/2065 KB   744/2065 KB   748/2065 KB   752/2065 KB   756/2065 KB   760/2065 KB   764/2065 KB   768/2065 KB   772/2065 KB   776/2065 KB   780/2065 KB   784/2065 KB   788/2065 KB   792/2065 KB   796/2065 KB   800/2065 KB   804/2065 KB   808/2065 KB   812/2065 KB   816/2065 KB   820/2065 KB   824/2065 KB   828/2065 KB   832/2065 KB   836/2065 KB   840/2065 KB   844/2065 KB   848/2065 KB   852/2065 KB   856/2065 KB   860/2065 KB   864/2065 KB   868/2065 KB   872/2065 KB   876/2065 KB   880/2065 KB   884/2065 KB   888/2065 KB   892/2065 KB   896/2065 KB   900/2065 KB   904/2065 KB   908/2065 KB   912/2065 KB   916/2065 KB   920/2065 KB   924/2065 KB   928/2065 KB   932/2065 KB   936/2065 KB   940/2065 KB   944/2065 KB   948/2065 KB   952/2065 KB   956/2065 KB   960/2065 KB   964/2065 KB   968/2065 KB   972/2065 KB   976/2065 KB   980/2065 KB   984/2065 KB   988/2065 KB   992/2065 KB   996/2065 KB   1000/2065 KB   1004/2065 KB   1008/2065 KB   1012/2065 KB   1016/2065 KB   1020/2065 KB   1024/2065 KB   1028/2065 KB   1032/2065 KB   1036/2065 KB   1040/2065 KB   1044/2065 KB   1048/2065 KB   1052/2065 KB   1056/2065 KB   1060/2065 KB   1064/2065 KB   1068/2065 KB   1072/2065 KB   1076/2065 KB   1080/2065 KB   1084/2065 KB   1088/2065 KB   1092/2065 KB   1096/2065 KB   1100/2065 KB   1104/2065 KB   1108/2065 KB   1112/2065 KB   1116/2065 KB   1120/2065 KB   1124/2065 KB   1128/2065 KB   1132/2065 KB   1136/2065 KB   1140/2065 KB   1144/2065 KB   1148/2065 KB   1152/2065 KB   1156/2065 KB   1160/2065 KB   1164/2065 KB   1168/2065 KB   1172/2065 KB   1176/2065 KB   1180/2065 KB   1184/2065 KB   1188/2065 KB   1192/2065 KB   1196/2065 KB   1200/2065 KB   1204/2065 KB   1208/2065 KB   1212/2065 KB   1216/2065 KB   1220/2065 KB   1224/2065 KB   1228/2065 KB   1232/2065 KB   1236/2065 KB   1240/2065 KB   1244/2065 KB   1248/2065 KB   1252/2065 KB   1256/2065 KB   1260/2065 KB   1264/2065 KB   1268/2065 KB   1272/2065 KB   1276/2065 KB   1280/2065 KB   1284/2065 KB   1288/2065 KB   1292/2065 KB   1296/2065 KB   1300/2065 KB   1304/2065 KB   1308/2065 KB   1312/2065 KB   1316/2065 KB   1320/2065 KB   1324/2065 KB   1328/2065 KB   1332/2065 KB   1336/2065 KB   1340/2065 KB   1344/2065 KB   1348/2065 KB   1352/2065 KB   1356/2065 KB   1360/2065 KB   1364/2065 KB   1368/2065 KB   1372/2065 KB   1376/2065 KB   1380/2065 KB   1384/2065 KB   1388/2065 KB   1392/2065 KB   1396/2065 KB   1400/2065 KB   1404/2065 KB   1408/2065 KB   1412/2065 KB   1416/2065 KB   1420/2065 KB   1424/2065 KB   1428/2065 KB   1432/2065 KB   1436/2065 KB   1440/2065 KB   1444/2065 KB   1448/2065 KB   1452/2065 KB   1456/2065 KB   1460/2065 KB   1464/2065 KB   1468/2065 KB   1472/2065 KB   1476/2065 KB   1480/2065 KB   1484/2065 KB   1488/2065 KB   1492/2065 KB   1496/2065 KB   1500/2065 KB   1504/2065 KB   1508/2065 KB   1512/2065 KB   1516/2065 KB   1520/2065 KB   1524/2065 KB   1528/2065 KB   1532/2065 KB   1536/2065 KB   1540/2065 KB   1544/2065 KB   1548/2065 KB   1552/2065 KB   1556/2065 KB   1560/2065 KB   1564/2065 KB   1568/2065 KB   1572/2065 KB   1576/2065 KB   1580/2065 KB   1584/2065 KB   1588/2065 KB   1592/2065 KB   1596/2065 KB   1600/2065 KB   1604/2065 KB   1608/2065 KB   1612/2065 KB   1616/2065 KB   1620/2065 KB   1624/2065 KB   1628/2065 KB   1632/2065 KB   1636/2065 KB   1640/2065 KB   1644/2065 KB   1648/2065 KB   1652/2065 KB   1656/2065 KB   1660/2065 KB   1664/2065 KB   1668/2065 KB   1672/2065 KB   1676/2065 KB   1680/2065 KB   1684/2065 KB   1688/2065 KB   1692/2065 KB   1696/2065 KB   1700/2065 KB   1704/2065 KB   1708/2065 KB   1712/2065 KB   1716/2065 KB   1720/2065 KB   1724/2065 KB   1728/2065 KB   1732/2065 KB   1736/2065 KB   1740/2065 KB   1744/2065 KB   1748/2065 KB   1752/2065 KB   1756/2065 KB   1760/2065 KB   1764/2065 KB   1768/2065 KB   1772/2065 KB   1776/2065 KB   1780/2065 KB   1784/2065 KB   1788/2065 KB   1792/2065 KB   1796/2065 KB   1800/2065 KB   1804/2065 KB   1808/2065 KB   1812/2065 KB   1816/2065 KB   1820/2065 KB   1824/2065 KB   1828/2065 KB   1832/2065 KB   1836/2065 KB   1840/2065 KB   1844/2065 KB   1848/2065 KB   1852/2065 KB   1856/2065 KB   1860/2065 KB   1864/2065 KB   1868/2065 KB   1872/2065 KB   1876/2065 KB   1880/2065 KB   1884/2065 KB   1888/2065 KB   1892/2065 KB   1896/2065 KB   1900/2065 KB   1904/2065 KB   1908/2065 KB   1912/2065 KB   1916/2065 KB   1920/2065 KB   1924/2065 KB   1928/2065 KB   1932/2065 KB   1936/2065 KB   1940/2065 KB   1944/2065 KB   1948/2065 KB   1952/2065 KB   1956/2065 KB   1960/2065 KB   1964/2065 KB   1968/2065 KB   1972/2065 KB   1976/2065 KB   1980/2065 KB   1984/2065 KB   1988/2065 KB   1992/2065 KB   1996/2065 KB   2000/2065 KB   2004/2065 KB   2008/2065 KB   2012/2065 KB   2016/2065 KB   2020/2065 KB   2024/2065 KB   2028/2065 KB   2032/2065 KB   2036/2065 KB   2040/2065 KB   2044/2065 KB   2048/2065 KB   2052/2065 KB   2056/2065 KB   2060/2065 KB   2064/2065 KB   2065/2065 KB                  Downloaded: https://repo.maven.apache.org/maven2/org/apache/cassandra/cassandra-all/1.1.0/cassandra-all-1.1.0.jar (2065 KB at 4566.7 KB/sec)
3/911 KB       5/911 KB   8/911 KB   11/911 KB   13/911 KB   16/911 KB   19/911 KB   21/911 KB   24/911 KB   27/911 KB   29/911 KB   32/911 KB   36/911 KB   40/911 KB   44/911 KB   48/911 KB   52/911 KB   56/911 KB   60/911 KB   64/911 KB   68/911 KB   72/911 KB   76/911 KB   80/911 KB   84/911 KB   88/911 KB   92/911 KB   96/911 KB   100/911 KB   104/911 KB   108/911 KB   112/911 KB   116/911 KB   120/911 KB   124/911 KB   128/911 KB   132/911 KB   136/911 KB   140/911 KB   144/911 KB   148/911 KB   152/911 KB   156/911 KB   160/911 KB   164/911 KB   168/911 KB   172/911 KB   176/911 KB   180/911 KB   184/911 KB   188/911 KB   192/911 KB   196/911 KB   200/911 KB   204/911 KB   208/911 KB   212/911 KB   216/911 KB   220/911 KB   224/911 KB   228/911 KB   232/911 KB   236/911 KB   240/911 KB   244/911 KB   248/911 KB   252/911 KB   256/911 KB   260/911 KB   264/911 KB   268/911 KB   272/911 KB   276/911 KB   280/911 KB   284/911 KB   288/911 KB   292/911 KB   296/911 KB   300/911 KB   304/911 KB   308/911 KB   312/911 KB   316/911 KB   320/911 KB   324/911 KB   328/911 KB   332/911 KB   336/911 KB   340/911 KB   344/911 KB   348/911 KB   352/911 KB   356/911 KB   360/911 KB   364/911 KB   368/911 KB   372/911 KB   376/911 KB   380/911 KB   384/911 KB   388/911 KB   392/911 KB   396/911 KB   400/911 KB   404/911 KB   408/911 KB   412/911 KB   416/911 KB   420/911 KB   424/911 KB   428/911 KB   432/911 KB   436/911 KB   440/911 KB   444/911 KB   448/911 KB   452/911 KB   456/911 KB   460/911 KB   464/911 KB   468/911 KB   472/911 KB   476/911 KB   480/911 KB   484/911 KB   488/911 KB   492/911 KB   496/911 KB   500/911 KB   504/911 KB   508/911 KB   512/911 KB   516/911 KB   520/911 KB   524/911 KB   528/911 KB   532/911 KB   536/911 KB   540/911 KB   544/911 KB   548/911 KB   552/911 KB   556/911 KB   560/911 KB   564/911 KB   568/911 KB   572/911 KB   576/911 KB   580/911 KB   584/911 KB   588/911 KB   592/911 KB   596/911 KB   600/911 KB   604/911 KB   608/911 KB   612/911 KB   616/911 KB   620/911 KB   624/911 KB   628/911 KB   632/911 KB   636/911 KB   640/911 KB   644/911 KB   648/911 KB   652/911 KB   656/911 KB   660/911 KB   664/911 KB   668/911 KB   672/911 KB   676/911 KB   680/911 KB   684/911 KB   688/911 KB   692/911 KB   696/911 KB   700/911 KB   704/911 KB   708/911 KB   712/911 KB   716/911 KB   720/911 KB   724/911 KB   728/911 KB   732/911 KB   736/911 KB   740/911 KB   744/911 KB   748/911 KB   752/911 KB   756/911 KB   760/911 KB   764/911 KB   768/911 KB   772/911 KB   776/911 KB   780/911 KB   784/911 KB   788/911 KB   792/911 KB   796/911 KB   800/911 KB   804/911 KB   808/911 KB   812/911 KB   816/911 KB   820/911 KB   824/911 KB   828/911 KB   832/911 KB   836/911 KB   840/911 KB   844/911 KB   848/911 KB   852/911 KB   856/911 KB   860/911 KB   864/911 KB   868/911 KB   872/911 KB   876/911 KB   880/911 KB   884/911 KB   888/911 KB   892/911 KB   896/911 KB   900/911 KB   904/911 KB   908/911 KB   911/911 KB                Downloaded: https://repo.maven.apache.org/maven2/org/apache/cassandra/cassandra-thrift/1.1.0/cassandra-thrift-1.1.0.jar (911 KB at 1507.0 KB/sec)
[INFO] 
[INFO] --- maven-clean-plugin:2.5:clean (default-clean) @ astyanax ---
[INFO] 
[INFO] --- maven-enforcer-plugin:1.0:enforce (enforce-maven) @ astyanax ---
[INFO] 
[INFO] --- maven-resources-plugin:2.6:resources (default-resources) @ astyanax ---
[INFO] Using 'UTF-8' encoding to copy filtered resources.
[INFO] skip non existing resourceDirectory /home/ubuntu/ATLAS/apps/Netflix-astyanax/download/bc2cb53f774a5e6bc00fdd23a8dd8db3bf305ab7/src/main/resources
[INFO] 
[INFO] --- maven-compiler-plugin:2.3.2:compile (default-compile) @ astyanax ---
[INFO] Compiling 303 source files to /home/ubuntu/ATLAS/apps/Netflix-astyanax/download/bc2cb53f774a5e6bc00fdd23a8dd8db3bf305ab7/target/classes
[INFO] -------------------------------------------------------------
[ERROR] COMPILATION ERROR : 
[INFO] -------------------------------------------------------------
[ERROR] /home/ubuntu/ATLAS/apps/Netflix-astyanax/download/bc2cb53f774a5e6bc00fdd23a8dd8db3bf305ab7/src/main/java/com/netflix/astyanax/test/TestConstants.java:[28,34] error: cannot find symbol
[ERROR]  package com.netflix.astyanax.thrift
/home/ubuntu/ATLAS/apps/Netflix-astyanax/download/bc2cb53f774a5e6bc00fdd23a8dd8db3bf305ab7/src/main/java/com/netflix/astyanax/test/TestConstants.java:[75,47] error: cannot find symbol
[ERROR]  class TestConstants
/home/ubuntu/ATLAS/apps/Netflix-astyanax/download/bc2cb53f774a5e6bc00fdd23a8dd8db3bf305ab7/src/main/java/com/netflix/astyanax/test/TestConstants.java:[78,39] error: cannot find symbol
[ERROR]  class TestConstants
/home/ubuntu/ATLAS/apps/Netflix-astyanax/download/bc2cb53f774a5e6bc00fdd23a8dd8db3bf305ab7/src/main/java/com/netflix/astyanax/test/TestConstants.java:[75,110] error: cannot find symbol
[ERROR]  class TestConstants
/home/ubuntu/ATLAS/apps/Netflix-astyanax/download/bc2cb53f774a5e6bc00fdd23a8dd8db3bf305ab7/src/main/java/com/netflix/astyanax/test/TestConstants.java:[76,12] error: cannot find symbol
[ERROR]  class TestConstants
/home/ubuntu/ATLAS/apps/Netflix-astyanax/download/bc2cb53f774a5e6bc00fdd23a8dd8db3bf305ab7/src/main/java/com/netflix/astyanax/test/TestConstants.java:[78,96] error: cannot find symbol
[INFO] 6 errors 
[INFO] -------------------------------------------------------------
[INFO] ------------------------------------------------------------------------
[INFO] BUILD FAILURE
[INFO] ------------------------------------------------------------------------
[INFO] Total time: 4.805 s
[INFO] Finished at: 2019-12-04T10:17:52+00:00
[INFO] Final Memory: 20M/250M
[INFO] ------------------------------------------------------------------------
[ERROR] Failed to execute goal org.apache.maven.plugins:maven-compiler-plugin:2.3.2:compile (default-compile) on project astyanax: Compilation failure: Compilation failure:
[ERROR] /home/ubuntu/ATLAS/apps/Netflix-astyanax/download/bc2cb53f774a5e6bc00fdd23a8dd8db3bf305ab7/src/main/java/com/netflix/astyanax/test/TestConstants.java:[28,34] error: cannot find symbol
[ERROR] package com.netflix.astyanax.thrift
[ERROR] /home/ubuntu/ATLAS/apps/Netflix-astyanax/download/bc2cb53f774a5e6bc00fdd23a8dd8db3bf305ab7/src/main/java/com/netflix/astyanax/test/TestConstants.java:[75,47] error: cannot find symbol
[ERROR] class TestConstants
[ERROR] /home/ubuntu/ATLAS/apps/Netflix-astyanax/download/bc2cb53f774a5e6bc00fdd23a8dd8db3bf305ab7/src/main/java/com/netflix/astyanax/test/TestConstants.java:[78,39] error: cannot find symbol
[ERROR] class TestConstants
[ERROR] /home/ubuntu/ATLAS/apps/Netflix-astyanax/download/bc2cb53f774a5e6bc00fdd23a8dd8db3bf305ab7/src/main/java/com/netflix/astyanax/test/TestConstants.java:[75,110] error: cannot find symbol
[ERROR] class TestConstants
[ERROR] /home/ubuntu/ATLAS/apps/Netflix-astyanax/download/bc2cb53f774a5e6bc00fdd23a8dd8db3bf305ab7/src/main/java/com/netflix/astyanax/test/TestConstants.java:[76,12] error: cannot find symbol
[ERROR] class TestConstants
[ERROR] /home/ubuntu/ATLAS/apps/Netflix-astyanax/download/bc2cb53f774a5e6bc00fdd23a8dd8db3bf305ab7/src/main/java/com/netflix/astyanax/test/TestConstants.java:[78,96] error: cannot find symbol
[ERROR] -> [Help 1]
[ERROR] 
[ERROR] To see the full stack trace of the errors, re-run Maven with the -e switch.
[ERROR] Re-run Maven using the -X switch to enable full debug logging.
[ERROR] 
[ERROR] For more information about the errors and possible solutions, please read the following articles:
[ERROR] [Help 1] http://cwiki.apache.org/confluence/display/MAVEN/MojoFailureException
[INFO] Scanning for projects...
[INFO]                                                                         
[INFO] ------------------------------------------------------------------------
[INFO] Building astyanax 1.0.4-SNAPSHOT
[INFO] ------------------------------------------------------------------------
[INFO] 
[INFO] --- maven-clean-plugin:2.5:clean (default-clean) @ astyanax ---
[INFO] Deleting /home/ubuntu/ATLAS/apps/Netflix-astyanax/download/bc2cb53f774a5e6bc00fdd23a8dd8db3bf305ab7/target
[INFO] 
[INFO] --- maven-enforcer-plugin:1.0:enforce (enforce-maven) @ astyanax ---
[INFO] 
[INFO] --- maven-resources-plugin:2.6:resources (default-resources) @ astyanax ---
[INFO] Using 'UTF-8' encoding to copy filtered resources.
[INFO] skip non existing resourceDirectory /home/ubuntu/ATLAS/apps/Netflix-astyanax/download/bc2cb53f774a5e6bc00fdd23a8dd8db3bf305ab7/src/main/resources
[INFO] 
[INFO] --- maven-compiler-plugin:2.3.2:compile (default-compile) @ astyanax ---
[INFO] Compiling 303 source files to /home/ubuntu/ATLAS/apps/Netflix-astyanax/download/bc2cb53f774a5e6bc00fdd23a8dd8db3bf305ab7/target/classes
[INFO] -------------------------------------------------------------
[ERROR] COMPILATION ERROR : 
[INFO] -------------------------------------------------------------
[ERROR] /home/ubuntu/ATLAS/apps/Netflix-astyanax/download/bc2cb53f774a5e6bc00fdd23a8dd8db3bf305ab7/src/main/java/com/netflix/astyanax/test/TestConstants.java:[28,34] error: cannot find symbol
[ERROR]  package com.netflix.astyanax.thrift
/home/ubuntu/ATLAS/apps/Netflix-astyanax/download/bc2cb53f774a5e6bc00fdd23a8dd8db3bf305ab7/src/main/java/com/netflix/astyanax/test/TestConstants.java:[75,47] error: cannot find symbol
[ERROR]  class TestConstants
/home/ubuntu/ATLAS/apps/Netflix-astyanax/download/bc2cb53f774a5e6bc00fdd23a8dd8db3bf305ab7/src/main/java/com/netflix/astyanax/test/TestConstants.java:[78,39] error: cannot find symbol
[ERROR]  class TestConstants
/home/ubuntu/ATLAS/apps/Netflix-astyanax/download/bc2cb53f774a5e6bc00fdd23a8dd8db3bf305ab7/src/main/java/com/netflix/astyanax/test/TestConstants.java:[75,110] error: cannot find symbol
[ERROR]  class TestConstants
/home/ubuntu/ATLAS/apps/Netflix-astyanax/download/bc2cb53f774a5e6bc00fdd23a8dd8db3bf305ab7/src/main/java/com/netflix/astyanax/test/TestConstants.java:[76,12] error: cannot find symbol
[ERROR]  class TestConstants
/home/ubuntu/ATLAS/apps/Netflix-astyanax/download/bc2cb53f774a5e6bc00fdd23a8dd8db3bf305ab7/src/main/java/com/netflix/astyanax/test/TestConstants.java:[78,96] error: cannot find symbol
[INFO] 6 errors 
[INFO] -------------------------------------------------------------
[INFO] ------------------------------------------------------------------------
[INFO] BUILD FAILURE
[INFO] ------------------------------------------------------------------------
[INFO] Total time: 3.178 s
[INFO] Finished at: 2019-12-04T10:17:57+00:00
[INFO] Final Memory: 17M/258M
[INFO] ------------------------------------------------------------------------
[ERROR] Failed to execute goal org.apache.maven.plugins:maven-compiler-plugin:2.3.2:compile (default-compile) on project astyanax: Compilation failure: Compilation failure:
[ERROR] /home/ubuntu/ATLAS/apps/Netflix-astyanax/download/bc2cb53f774a5e6bc00fdd23a8dd8db3bf305ab7/src/main/java/com/netflix/astyanax/test/TestConstants.java:[28,34] error: cannot find symbol
[ERROR] package com.netflix.astyanax.thrift
[ERROR] /home/ubuntu/ATLAS/apps/Netflix-astyanax/download/bc2cb53f774a5e6bc00fdd23a8dd8db3bf305ab7/src/main/java/com/netflix/astyanax/test/TestConstants.java:[75,47] error: cannot find symbol
[ERROR] class TestConstants
[ERROR] /home/ubuntu/ATLAS/apps/Netflix-astyanax/download/bc2cb53f774a5e6bc00fdd23a8dd8db3bf305ab7/src/main/java/com/netflix/astyanax/test/TestConstants.java:[78,39] error: cannot find symbol
[ERROR] class TestConstants
[ERROR] /home/ubuntu/ATLAS/apps/Netflix-astyanax/download/bc2cb53f774a5e6bc00fdd23a8dd8db3bf305ab7/src/main/java/com/netflix/astyanax/test/TestConstants.java:[75,110] error: cannot find symbol
[ERROR] class TestConstants
[ERROR] /home/ubuntu/ATLAS/apps/Netflix-astyanax/download/bc2cb53f774a5e6bc00fdd23a8dd8db3bf305ab7/src/main/java/com/netflix/astyanax/test/TestConstants.java:[76,12] error: cannot find symbol
[ERROR] class TestConstants
[ERROR] /home/ubuntu/ATLAS/apps/Netflix-astyanax/download/bc2cb53f774a5e6bc00fdd23a8dd8db3bf305ab7/src/main/java/com/netflix/astyanax/test/TestConstants.java:[78,96] error: cannot find symbol
[ERROR] -> [Help 1]
[ERROR] 
[ERROR] To see the full stack trace of the errors, re-run Maven with the -e switch.
[ERROR] Re-run Maven using the -X switch to enable full debug logging.
[ERROR] 
[ERROR] For more information about the errors and possible solutions, please read the following articles:
[ERROR] [Help 1] http://cwiki.apache.org/confluence/display/MAVEN/MojoFailureException
Unzipping /home/ubuntu/.gradle/wrapper/dists/gradle-1.0-milestone-9-bin/7ilkmgo2rn79vvfvd51rqf17ks/gradle-1.0-milestone-9-bin.zip to /home/ubuntu/.gradle/wrapper/dists/gradle-1.0-milestone-9-bin/7ilkmgo2rn79vvfvd51rqf17ks
Unzipping /home/ubuntu/.gradle/wrapper/dists/gradle-1.0-milestone-9-bin/7ilkmgo2rn79vvfvd51rqf17ks/gradle-1.0-milestone-9-bin.zip to /home/ubuntu/.gradle/wrapper/dists/gradle-1.0-milestone-9-bin/7ilkmgo2rn79vvfvd51rqf17ks
mvn clean compile -DskipTests=true || (sed -i -- 's/<\/dependencies>/<dependency><groupId>javax.persistence<\/groupId><artifactId>persistence-api<\/artifactId><version>1.0<\/version><scope>compile<\/scope><\/dependency><\/dependencies>/g' pom.xml ; mvn clean compile -DskipTests=true) || (./gradlew clean :astyanax-core:compileJava -x test) ||  (./gradlew clean :astyanax-core:compileJava -x test -PcommonsIOVersion=2.1)
0.17s delay before adding the failure to the log file
There are 5 choices for the alternative javac (providing /usr/bin/javac).

  Selection    Path                                                Priority   Status
------------------------------------------------------------
* 0            /usr/lib/jvm/java-8-openjdk-amd64/bin/javac          1081      auto mode
  1            /home/ubuntu/ATLAS/external/jdk/j2sdk1.4/bin/javac   1         manual mode
  2            /home/ubuntu/ATLAS/external/jdk/jdk1.5/bin/javac     1         manual mode
  3            /home/ubuntu/ATLAS/external/jdk/jdk1.6/bin/javac     1         manual mode
  4            /usr/lib/jvm/java-7-openjdk-amd64/bin/javac          1071      manual mode
  5            /usr/lib/jvm/java-8-openjdk-amd64/bin/javac          1081      manual mode

Press <enter> to keep the current choice[*], or type selection number: There are 5 choices for the alternative java (providing /usr/bin/java).

  Selection    Path                                               Priority   Status
------------------------------------------------------------
* 0            /usr/lib/jvm/java-8-openjdk-amd64/jre/bin/java      1081      auto mode
  1            /home/ubuntu/ATLAS/external/jdk/j2sdk1.4/bin/java   1         manual mode
  2            /home/ubuntu/ATLAS/external/jdk/jdk1.5/bin/java     1         manual mode
  3            /home/ubuntu/ATLAS/external/jdk/jdk1.6/bin/java     1         manual mode
  4            /usr/lib/jvm/java-7-openjdk-amd64/jre/bin/java      1071      manual mode
  5            /usr/lib/jvm/java-8-openjdk-amd64/jre/bin/java      1081      manual mode

Press <enter> to keep the current choice[*], or type selection number: Compile Netflix-astyanax bc2cb53f774a5e6bc00fdd23a8dd8db3bf305ab7:
[INFO] Scanning for projects...
[INFO]                                                                         
[INFO] ------------------------------------------------------------------------
[INFO] Building astyanax 1.0.4-SNAPSHOT
[INFO] ------------------------------------------------------------------------
[INFO] 
[INFO] --- maven-clean-plugin:2.5:clean (default-clean) @ astyanax ---
[INFO] 
[INFO] --- maven-enforcer-plugin:1.0:enforce (enforce-maven) @ astyanax ---
[INFO] 
[INFO] --- maven-resources-plugin:2.6:resources (default-resources) @ astyanax ---
[INFO] Using 'UTF-8' encoding to copy filtered resources.
[INFO] skip non existing resourceDirectory /home/ubuntu/ATLAS/apps/Netflix-astyanax/download/bc2cb53f774a5e6bc00fdd23a8dd8db3bf305ab7/src/main/resources
[INFO] 
[INFO] --- maven-compiler-plugin:2.3.2:compile (default-compile) @ astyanax ---
[INFO] Compiling 303 source files to /home/ubuntu/ATLAS/apps/Netflix-astyanax/download/bc2cb53f774a5e6bc00fdd23a8dd8db3bf305ab7/target/classes
[INFO] -------------------------------------------------------------
[ERROR] COMPILATION ERROR : 
[INFO] -------------------------------------------------------------
[ERROR] /home/ubuntu/ATLAS/apps/Netflix-astyanax/download/bc2cb53f774a5e6bc00fdd23a8dd8db3bf305ab7/src/main/java/com/netflix/astyanax/test/TestConstants.java:[28,34] error: cannot find symbol
[ERROR]  package com.netflix.astyanax.thrift
/home/ubuntu/ATLAS/apps/Netflix-astyanax/download/bc2cb53f774a5e6bc00fdd23a8dd8db3bf305ab7/src/main/java/com/netflix/astyanax/test/TestConstants.java:[75,47] error: cannot find symbol
[ERROR]  class TestConstants
/home/ubuntu/ATLAS/apps/Netflix-astyanax/download/bc2cb53f774a5e6bc00fdd23a8dd8db3bf305ab7/src/main/java/com/netflix/astyanax/test/TestConstants.java:[78,39] error: cannot find symbol
[ERROR]  class TestConstants
/home/ubuntu/ATLAS/apps/Netflix-astyanax/download/bc2cb53f774a5e6bc00fdd23a8dd8db3bf305ab7/src/main/java/com/netflix/astyanax/test/TestConstants.java:[75,110] error: cannot find symbol
[ERROR]  class TestConstants
/home/ubuntu/ATLAS/apps/Netflix-astyanax/download/bc2cb53f774a5e6bc00fdd23a8dd8db3bf305ab7/src/main/java/com/netflix/astyanax/test/TestConstants.java:[76,12] error: cannot find symbol
[ERROR]  class TestConstants
/home/ubuntu/ATLAS/apps/Netflix-astyanax/download/bc2cb53f774a5e6bc00fdd23a8dd8db3bf305ab7/src/main/java/com/netflix/astyanax/test/TestConstants.java:[78,96] error: cannot find symbol
[INFO] 6 errors 
[INFO] -------------------------------------------------------------
[INFO] ------------------------------------------------------------------------
[INFO] BUILD FAILURE
[INFO] ------------------------------------------------------------------------
[INFO] Total time: 2.881 s
[INFO] Finished at: 2019-12-04T10:18:02+00:00
[INFO] Final Memory: 17M/258M
[INFO] ------------------------------------------------------------------------
[ERROR] Failed to execute goal org.apache.maven.plugins:maven-compiler-plugin:2.3.2:compile (default-compile) on project astyanax: Compilation failure: Compilation failure:
[ERROR] /home/ubuntu/ATLAS/apps/Netflix-astyanax/download/bc2cb53f774a5e6bc00fdd23a8dd8db3bf305ab7/src/main/java/com/netflix/astyanax/test/TestConstants.java:[28,34] error: cannot find symbol
[ERROR] package com.netflix.astyanax.thrift
[ERROR] /home/ubuntu/ATLAS/apps/Netflix-astyanax/download/bc2cb53f774a5e6bc00fdd23a8dd8db3bf305ab7/src/main/java/com/netflix/astyanax/test/TestConstants.java:[75,47] error: cannot find symbol
[ERROR] class TestConstants
[ERROR] /home/ubuntu/ATLAS/apps/Netflix-astyanax/download/bc2cb53f774a5e6bc00fdd23a8dd8db3bf305ab7/src/main/java/com/netflix/astyanax/test/TestConstants.java:[78,39] error: cannot find symbol
[ERROR] class TestConstants
[ERROR] /home/ubuntu/ATLAS/apps/Netflix-astyanax/download/bc2cb53f774a5e6bc00fdd23a8dd8db3bf305ab7/src/main/java/com/netflix/astyanax/test/TestConstants.java:[75,110] error: cannot find symbol
[ERROR] class TestConstants
[ERROR] /home/ubuntu/ATLAS/apps/Netflix-astyanax/download/bc2cb53f774a5e6bc00fdd23a8dd8db3bf305ab7/src/main/java/com/netflix/astyanax/test/TestConstants.java:[76,12] error: cannot find symbol
[ERROR] class TestConstants
[ERROR] /home/ubuntu/ATLAS/apps/Netflix-astyanax/download/bc2cb53f774a5e6bc00fdd23a8dd8db3bf305ab7/src/main/java/com/netflix/astyanax/test/TestConstants.java:[78,96] error: cannot find symbol
[ERROR] -> [Help 1]
[ERROR] 
[ERROR] To see the full stack trace of the errors, re-run Maven with the -e switch.
[ERROR] Re-run Maven using the -X switch to enable full debug logging.
[ERROR] 
[ERROR] For more information about the errors and possible solutions, please read the following articles:
[ERROR] [Help 1] http://cwiki.apache.org/confluence/display/MAVEN/MojoFailureException
[INFO] Scanning for projects...
[INFO]                                                                         
[INFO] ------------------------------------------------------------------------
[INFO] Building astyanax 1.0.4-SNAPSHOT
[INFO] ------------------------------------------------------------------------
[INFO] 
[INFO] --- maven-clean-plugin:2.5:clean (default-clean) @ astyanax ---
[INFO] Deleting /home/ubuntu/ATLAS/apps/Netflix-astyanax/download/bc2cb53f774a5e6bc00fdd23a8dd8db3bf305ab7/target
[INFO] 
[INFO] --- maven-enforcer-plugin:1.0:enforce (enforce-maven) @ astyanax ---
[INFO] 
[INFO] --- maven-resources-plugin:2.6:resources (default-resources) @ astyanax ---
[INFO] Using 'UTF-8' encoding to copy filtered resources.
[INFO] skip non existing resourceDirectory /home/ubuntu/ATLAS/apps/Netflix-astyanax/download/bc2cb53f774a5e6bc00fdd23a8dd8db3bf305ab7/src/main/resources
[INFO] 
[INFO] --- maven-compiler-plugin:2.3.2:compile (default-compile) @ astyanax ---
[INFO] Compiling 303 source files to /home/ubuntu/ATLAS/apps/Netflix-astyanax/download/bc2cb53f774a5e6bc00fdd23a8dd8db3bf305ab7/target/classes
[INFO] -------------------------------------------------------------
[ERROR] COMPILATION ERROR : 
[INFO] -------------------------------------------------------------
[ERROR] /home/ubuntu/ATLAS/apps/Netflix-astyanax/download/bc2cb53f774a5e6bc00fdd23a8dd8db3bf305ab7/src/main/java/com/netflix/astyanax/test/TestConstants.java:[28,34] error: cannot find symbol
[ERROR]  package com.netflix.astyanax.thrift
/home/ubuntu/ATLAS/apps/Netflix-astyanax/download/bc2cb53f774a5e6bc00fdd23a8dd8db3bf305ab7/src/main/java/com/netflix/astyanax/test/TestConstants.java:[75,47] error: cannot find symbol
[ERROR]  class TestConstants
/home/ubuntu/ATLAS/apps/Netflix-astyanax/download/bc2cb53f774a5e6bc00fdd23a8dd8db3bf305ab7/src/main/java/com/netflix/astyanax/test/TestConstants.java:[78,39] error: cannot find symbol
[ERROR]  class TestConstants
/home/ubuntu/ATLAS/apps/Netflix-astyanax/download/bc2cb53f774a5e6bc00fdd23a8dd8db3bf305ab7/src/main/java/com/netflix/astyanax/test/TestConstants.java:[75,110] error: cannot find symbol
[ERROR]  class TestConstants
/home/ubuntu/ATLAS/apps/Netflix-astyanax/download/bc2cb53f774a5e6bc00fdd23a8dd8db3bf305ab7/src/main/java/com/netflix/astyanax/test/TestConstants.java:[76,12] error: cannot find symbol
[ERROR]  class TestConstants
/home/ubuntu/ATLAS/apps/Netflix-astyanax/download/bc2cb53f774a5e6bc00fdd23a8dd8db3bf305ab7/src/main/java/com/netflix/astyanax/test/TestConstants.java:[78,96] error: cannot find symbol
[INFO] 6 errors 
[INFO] -------------------------------------------------------------
[INFO] ------------------------------------------------------------------------
[INFO] BUILD FAILURE
[INFO] ------------------------------------------------------------------------
[INFO] Total time: 3.136 s
[INFO] Finished at: 2019-12-04T10:18:07+00:00
[INFO] Final Memory: 17M/258M
[INFO] ------------------------------------------------------------------------
[ERROR] Failed to execute goal org.apache.maven.plugins:maven-compiler-plugin:2.3.2:compile (default-compile) on project astyanax: Compilation failure: Compilation failure:
[ERROR] /home/ubuntu/ATLAS/apps/Netflix-astyanax/download/bc2cb53f774a5e6bc00fdd23a8dd8db3bf305ab7/src/main/java/com/netflix/astyanax/test/TestConstants.java:[28,34] error: cannot find symbol
[ERROR] package com.netflix.astyanax.thrift
[ERROR] /home/ubuntu/ATLAS/apps/Netflix-astyanax/download/bc2cb53f774a5e6bc00fdd23a8dd8db3bf305ab7/src/main/java/com/netflix/astyanax/test/TestConstants.java:[75,47] error: cannot find symbol
[ERROR] class TestConstants
[ERROR] /home/ubuntu/ATLAS/apps/Netflix-astyanax/download/bc2cb53f774a5e6bc00fdd23a8dd8db3bf305ab7/src/main/java/com/netflix/astyanax/test/TestConstants.java:[78,39] error: cannot find symbol
[ERROR] class TestConstants
[ERROR] /home/ubuntu/ATLAS/apps/Netflix-astyanax/download/bc2cb53f774a5e6bc00fdd23a8dd8db3bf305ab7/src/main/java/com/netflix/astyanax/test/TestConstants.java:[75,110] error: cannot find symbol
[ERROR] class TestConstants
[ERROR] /home/ubuntu/ATLAS/apps/Netflix-astyanax/download/bc2cb53f774a5e6bc00fdd23a8dd8db3bf305ab7/src/main/java/com/netflix/astyanax/test/TestConstants.java:[76,12] error: cannot find symbol
[ERROR] class TestConstants
[ERROR] /home/ubuntu/ATLAS/apps/Netflix-astyanax/download/bc2cb53f774a5e6bc00fdd23a8dd8db3bf305ab7/src/main/java/com/netflix/astyanax/test/TestConstants.java:[78,96] error: cannot find symbol
[ERROR] -> [Help 1]
[ERROR] 
[ERROR] To see the full stack trace of the errors, re-run Maven with the -e switch.
[ERROR] Re-run Maven using the -X switch to enable full debug logging.
[ERROR] 
[ERROR] For more information about the errors and possible solutions, please read the following articles:
[ERROR] [Help 1] http://cwiki.apache.org/confluence/display/MAVEN/MojoFailureException
Unzipping /home/ubuntu/.gradle/wrapper/dists/gradle-1.0-milestone-9-bin/7ilkmgo2rn79vvfvd51rqf17ks/gradle-1.0-milestone-9-bin.zip to /home/ubuntu/.gradle/wrapper/dists/gradle-1.0-milestone-9-bin/7ilkmgo2rn79vvfvd51rqf17ks
Unzipping /home/ubuntu/.gradle/wrapper/dists/gradle-1.0-milestone-9-bin/7ilkmgo2rn79vvfvd51rqf17ks/gradle-1.0-milestone-9-bin.zip to /home/ubuntu/.gradle/wrapper/dists/gradle-1.0-milestone-9-bin/7ilkmgo2rn79vvfvd51rqf17ks
mvn clean compile -DskipTests=true || (sed -i -- 's/<\/dependencies>/<dependency><groupId>javax.persistence<\/groupId><artifactId>persistence-api<\/artifactId><version>1.0<\/version><scope>compile<\/scope><\/dependency><\/dependencies>/g' pom.xml ; mvn clean compile -DskipTests=true) || (./gradlew clean :astyanax-core:compileJava -x test) ||  (./gradlew clean :astyanax-core:compileJava -x test -PcommonsIOVersion=2.1)
0.300s delay before adding the failure to the log file
There are 5 choices for the alternative javac (providing /usr/bin/javac).

  Selection    Path                                                Priority   Status
------------------------------------------------------------
  0            /usr/lib/jvm/java-8-openjdk-amd64/bin/javac          1081      auto mode
  1            /home/ubuntu/ATLAS/external/jdk/j2sdk1.4/bin/javac   1         manual mode
  2            /home/ubuntu/ATLAS/external/jdk/jdk1.5/bin/javac     1         manual mode
  3            /home/ubuntu/ATLAS/external/jdk/jdk1.6/bin/javac     1         manual mode
  4            /usr/lib/jvm/java-7-openjdk-amd64/bin/javac          1071      manual mode
* 5            /usr/lib/jvm/java-8-openjdk-amd64/bin/javac          1081      manual mode

Press <enter> to keep the current choice[*], or type selection number: update-alternatives: using /usr/lib/jvm/java-7-openjdk-amd64/bin/javac to provide /usr/bin/javac (javac) in manual mode
There are 5 choices for the alternative java (providing /usr/bin/java).

  Selection    Path                                               Priority   Status
------------------------------------------------------------
  0            /usr/lib/jvm/java-8-openjdk-amd64/jre/bin/java      1081      auto mode
  1            /home/ubuntu/ATLAS/external/jdk/j2sdk1.4/bin/java   1         manual mode
  2            /home/ubuntu/ATLAS/external/jdk/jdk1.5/bin/java     1         manual mode
  3            /home/ubuntu/ATLAS/external/jdk/jdk1.6/bin/java     1         manual mode
  4            /usr/lib/jvm/java-7-openjdk-amd64/jre/bin/java      1071      manual mode
* 5            /usr/lib/jvm/java-8-openjdk-amd64/jre/bin/java      1081      manual mode

Press <enter> to keep the current choice[*], or type selection number: update-alternatives: using /usr/lib/jvm/java-7-openjdk-amd64/jre/bin/java to provide /usr/bin/java (java) in manual mode
Compile Netflix-astyanax bc2cb53f774a5e6bc00fdd23a8dd8db3bf305ab7:
[INFO] Scanning for projects...
[INFO]                                                                         
[INFO] ------------------------------------------------------------------------
[INFO] Building astyanax 1.0.4-SNAPSHOT
[INFO] ------------------------------------------------------------------------
[INFO] 
[INFO] --- maven-clean-plugin:2.5:clean (default-clean) @ astyanax ---
[INFO] 
[INFO] --- maven-enforcer-plugin:1.0:enforce (enforce-maven) @ astyanax ---
[INFO] 
[INFO] --- maven-resources-plugin:2.6:resources (default-resources) @ astyanax ---
[INFO] Using 'UTF-8' encoding to copy filtered resources.
[INFO] skip non existing resourceDirectory /home/ubuntu/ATLAS/apps/Netflix-astyanax/download/bc2cb53f774a5e6bc00fdd23a8dd8db3bf305ab7/src/main/resources
[INFO] 
[INFO] --- maven-compiler-plugin:2.3.2:compile (default-compile) @ astyanax ---
[INFO] Compiling 303 source files to /home/ubuntu/ATLAS/apps/Netflix-astyanax/download/bc2cb53f774a5e6bc00fdd23a8dd8db3bf305ab7/target/classes
[INFO] -------------------------------------------------------------
[ERROR] COMPILATION ERROR : 
[INFO] -------------------------------------------------------------
[ERROR] /home/ubuntu/ATLAS/apps/Netflix-astyanax/download/bc2cb53f774a5e6bc00fdd23a8dd8db3bf305ab7/src/main/java/com/netflix/astyanax/test/TestConstants.java:[28,34] error: cannot find symbol
[ERROR]  package com.netflix.astyanax.thrift
/home/ubuntu/ATLAS/apps/Netflix-astyanax/download/bc2cb53f774a5e6bc00fdd23a8dd8db3bf305ab7/src/main/java/com/netflix/astyanax/test/TestConstants.java:[75,47] error: cannot find symbol
[ERROR]  class TestConstants
/home/ubuntu/ATLAS/apps/Netflix-astyanax/download/bc2cb53f774a5e6bc00fdd23a8dd8db3bf305ab7/src/main/java/com/netflix/astyanax/test/TestConstants.java:[78,39] error: cannot find symbol
[ERROR]  class TestConstants
/home/ubuntu/ATLAS/apps/Netflix-astyanax/download/bc2cb53f774a5e6bc00fdd23a8dd8db3bf305ab7/src/main/java/com/netflix/astyanax/test/TestConstants.java:[75,110] error: cannot find symbol
[ERROR]  class TestConstants
/home/ubuntu/ATLAS/apps/Netflix-astyanax/download/bc2cb53f774a5e6bc00fdd23a8dd8db3bf305ab7/src/main/java/com/netflix/astyanax/test/TestConstants.java:[76,12] error: cannot find symbol
[ERROR]  class TestConstants
/home/ubuntu/ATLAS/apps/Netflix-astyanax/download/bc2cb53f774a5e6bc00fdd23a8dd8db3bf305ab7/src/main/java/com/netflix/astyanax/test/TestConstants.java:[78,96] error: cannot find symbol
[INFO] 6 errors 
[INFO] -------------------------------------------------------------
[INFO] ------------------------------------------------------------------------
[INFO] BUILD FAILURE
[INFO] ------------------------------------------------------------------------
[INFO] Total time: 5.517 s
[INFO] Finished at: 2019-12-04T10:18:15+00:00
[INFO] Final Memory: 17M/205M
[INFO] ------------------------------------------------------------------------
[ERROR] Failed to execute goal org.apache.maven.plugins:maven-compiler-plugin:2.3.2:compile (default-compile) on project astyanax: Compilation failure: Compilation failure:
[ERROR] /home/ubuntu/ATLAS/apps/Netflix-astyanax/download/bc2cb53f774a5e6bc00fdd23a8dd8db3bf305ab7/src/main/java/com/netflix/astyanax/test/TestConstants.java:[28,34] error: cannot find symbol
[ERROR] package com.netflix.astyanax.thrift
[ERROR] /home/ubuntu/ATLAS/apps/Netflix-astyanax/download/bc2cb53f774a5e6bc00fdd23a8dd8db3bf305ab7/src/main/java/com/netflix/astyanax/test/TestConstants.java:[75,47] error: cannot find symbol
[ERROR] class TestConstants
[ERROR] /home/ubuntu/ATLAS/apps/Netflix-astyanax/download/bc2cb53f774a5e6bc00fdd23a8dd8db3bf305ab7/src/main/java/com/netflix/astyanax/test/TestConstants.java:[78,39] error: cannot find symbol
[ERROR] class TestConstants
[ERROR] /home/ubuntu/ATLAS/apps/Netflix-astyanax/download/bc2cb53f774a5e6bc00fdd23a8dd8db3bf305ab7/src/main/java/com/netflix/astyanax/test/TestConstants.java:[75,110] error: cannot find symbol
[ERROR] class TestConstants
[ERROR] /home/ubuntu/ATLAS/apps/Netflix-astyanax/download/bc2cb53f774a5e6bc00fdd23a8dd8db3bf305ab7/src/main/java/com/netflix/astyanax/test/TestConstants.java:[76,12] error: cannot find symbol
[ERROR] class TestConstants
[ERROR] /home/ubuntu/ATLAS/apps/Netflix-astyanax/download/bc2cb53f774a5e6bc00fdd23a8dd8db3bf305ab7/src/main/java/com/netflix/astyanax/test/TestConstants.java:[78,96] error: cannot find symbol
[ERROR] -> [Help 1]
[ERROR] 
[ERROR] To see the full stack trace of the errors, re-run Maven with the -e switch.
[ERROR] Re-run Maven using the -X switch to enable full debug logging.
[ERROR] 
[ERROR] For more information about the errors and possible solutions, please read the following articles:
[ERROR] [Help 1] http://cwiki.apache.org/confluence/display/MAVEN/MojoFailureException
[INFO] Scanning for projects...
[INFO]                                                                         
[INFO] ------------------------------------------------------------------------
[INFO] Building astyanax 1.0.4-SNAPSHOT
[INFO] ------------------------------------------------------------------------
[INFO] 
[INFO] --- maven-clean-plugin:2.5:clean (default-clean) @ astyanax ---
[INFO] Deleting /home/ubuntu/ATLAS/apps/Netflix-astyanax/download/bc2cb53f774a5e6bc00fdd23a8dd8db3bf305ab7/target
[INFO] 
[INFO] --- maven-enforcer-plugin:1.0:enforce (enforce-maven) @ astyanax ---
[INFO] 
[INFO] --- maven-resources-plugin:2.6:resources (default-resources) @ astyanax ---
[INFO] Using 'UTF-8' encoding to copy filtered resources.
[INFO] skip non existing resourceDirectory /home/ubuntu/ATLAS/apps/Netflix-astyanax/download/bc2cb53f774a5e6bc00fdd23a8dd8db3bf305ab7/src/main/resources
[INFO] 
[INFO] --- maven-compiler-plugin:2.3.2:compile (default-compile) @ astyanax ---
[INFO] Compiling 303 source files to /home/ubuntu/ATLAS/apps/Netflix-astyanax/download/bc2cb53f774a5e6bc00fdd23a8dd8db3bf305ab7/target/classes
[INFO] -------------------------------------------------------------
[ERROR] COMPILATION ERROR : 
[INFO] -------------------------------------------------------------
[ERROR] /home/ubuntu/ATLAS/apps/Netflix-astyanax/download/bc2cb53f774a5e6bc00fdd23a8dd8db3bf305ab7/src/main/java/com/netflix/astyanax/test/TestConstants.java:[28,34] error: cannot find symbol
[ERROR]  package com.netflix.astyanax.thrift
/home/ubuntu/ATLAS/apps/Netflix-astyanax/download/bc2cb53f774a5e6bc00fdd23a8dd8db3bf305ab7/src/main/java/com/netflix/astyanax/test/TestConstants.java:[75,47] error: cannot find symbol
[ERROR]  class TestConstants
/home/ubuntu/ATLAS/apps/Netflix-astyanax/download/bc2cb53f774a5e6bc00fdd23a8dd8db3bf305ab7/src/main/java/com/netflix/astyanax/test/TestConstants.java:[78,39] error: cannot find symbol
[ERROR]  class TestConstants
/home/ubuntu/ATLAS/apps/Netflix-astyanax/download/bc2cb53f774a5e6bc00fdd23a8dd8db3bf305ab7/src/main/java/com/netflix/astyanax/test/TestConstants.java:[75,110] error: cannot find symbol
[ERROR]  class TestConstants
/home/ubuntu/ATLAS/apps/Netflix-astyanax/download/bc2cb53f774a5e6bc00fdd23a8dd8db3bf305ab7/src/main/java/com/netflix/astyanax/test/TestConstants.java:[76,12] error: cannot find symbol
[ERROR]  class TestConstants
/home/ubuntu/ATLAS/apps/Netflix-astyanax/download/bc2cb53f774a5e6bc00fdd23a8dd8db3bf305ab7/src/main/java/com/netflix/astyanax/test/TestConstants.java:[78,96] error: cannot find symbol
[INFO] 6 errors 
[INFO] -------------------------------------------------------------
[INFO] ------------------------------------------------------------------------
[INFO] BUILD FAILURE
[INFO] ------------------------------------------------------------------------
[INFO] Total time: 5.418 s
[INFO] Finished at: 2019-12-04T10:18:22+00:00
[INFO] Final Memory: 14M/209M
[INFO] ------------------------------------------------------------------------
[ERROR] Failed to execute goal org.apache.maven.plugins:maven-compiler-plugin:2.3.2:compile (default-compile) on project astyanax: Compilation failure: Compilation failure:
[ERROR] /home/ubuntu/ATLAS/apps/Netflix-astyanax/download/bc2cb53f774a5e6bc00fdd23a8dd8db3bf305ab7/src/main/java/com/netflix/astyanax/test/TestConstants.java:[28,34] error: cannot find symbol
[ERROR] package com.netflix.astyanax.thrift
[ERROR] /home/ubuntu/ATLAS/apps/Netflix-astyanax/download/bc2cb53f774a5e6bc00fdd23a8dd8db3bf305ab7/src/main/java/com/netflix/astyanax/test/TestConstants.java:[75,47] error: cannot find symbol
[ERROR] class TestConstants
[ERROR] /home/ubuntu/ATLAS/apps/Netflix-astyanax/download/bc2cb53f774a5e6bc00fdd23a8dd8db3bf305ab7/src/main/java/com/netflix/astyanax/test/TestConstants.java:[78,39] error: cannot find symbol
[ERROR] class TestConstants
[ERROR] /home/ubuntu/ATLAS/apps/Netflix-astyanax/download/bc2cb53f774a5e6bc00fdd23a8dd8db3bf305ab7/src/main/java/com/netflix/astyanax/test/TestConstants.java:[75,110] error: cannot find symbol
[ERROR] class TestConstants
[ERROR] /home/ubuntu/ATLAS/apps/Netflix-astyanax/download/bc2cb53f774a5e6bc00fdd23a8dd8db3bf305ab7/src/main/java/com/netflix/astyanax/test/TestConstants.java:[76,12] error: cannot find symbol
[ERROR] class TestConstants
[ERROR] /home/ubuntu/ATLAS/apps/Netflix-astyanax/download/bc2cb53f774a5e6bc00fdd23a8dd8db3bf305ab7/src/main/java/com/netflix/astyanax/test/TestConstants.java:[78,96] error: cannot find symbol
[ERROR] -> [Help 1]
[ERROR] 
[ERROR] To see the full stack trace of the errors, re-run Maven with the -e switch.
[ERROR] Re-run Maven using the -X switch to enable full debug logging.
[ERROR] 
[ERROR] For more information about the errors and possible solutions, please read the following articles:
[ERROR] [Help 1] http://cwiki.apache.org/confluence/display/MAVEN/MojoFailureException
Unzipping /home/ubuntu/.gradle/wrapper/dists/gradle-1.0-milestone-9-bin/7ilkmgo2rn79vvfvd51rqf17ks/gradle-1.0-milestone-9-bin.zip to /home/ubuntu/.gradle/wrapper/dists/gradle-1.0-milestone-9-bin/7ilkmgo2rn79vvfvd51rqf17ks
Unzipping /home/ubuntu/.gradle/wrapper/dists/gradle-1.0-milestone-9-bin/7ilkmgo2rn79vvfvd51rqf17ks/gradle-1.0-milestone-9-bin.zip to /home/ubuntu/.gradle/wrapper/dists/gradle-1.0-milestone-9-bin/7ilkmgo2rn79vvfvd51rqf17ks
mvn clean compile -DskipTests=true || (sed -i -- 's/<\/dependencies>/<dependency><groupId>javax.persistence<\/groupId><artifactId>persistence-api<\/artifactId><version>1.0<\/version><scope>compile<\/scope><\/dependency><\/dependencies>/g' pom.xml ; mvn clean compile -DskipTests=true) || (./gradlew clean :astyanax-core:compileJava -x test) ||  (./gradlew clean :astyanax-core:compileJava -x test -PcommonsIOVersion=2.1)
0.280s delay before adding the failure to the log file
There are 5 choices for the alternative javac (providing /usr/bin/javac).

  Selection    Path                                                Priority   Status
------------------------------------------------------------
  0            /usr/lib/jvm/java-8-openjdk-amd64/bin/javac          1081      auto mode
  1            /home/ubuntu/ATLAS/external/jdk/j2sdk1.4/bin/javac   1         manual mode
  2            /home/ubuntu/ATLAS/external/jdk/jdk1.5/bin/javac     1         manual mode
  3            /home/ubuntu/ATLAS/external/jdk/jdk1.6/bin/javac     1         manual mode
* 4            /usr/lib/jvm/java-7-openjdk-amd64/bin/javac          1071      manual mode
  5            /usr/lib/jvm/java-8-openjdk-amd64/bin/javac          1081      manual mode

Press <enter> to keep the current choice[*], or type selection number: update-alternatives: using /home/ubuntu/ATLAS/external/jdk/jdk1.6/bin/javac to provide /usr/bin/javac (javac) in manual mode
There are 5 choices for the alternative java (providing /usr/bin/java).

  Selection    Path                                               Priority   Status
------------------------------------------------------------
  0            /usr/lib/jvm/java-8-openjdk-amd64/jre/bin/java      1081      auto mode
  1            /home/ubuntu/ATLAS/external/jdk/j2sdk1.4/bin/java   1         manual mode
  2            /home/ubuntu/ATLAS/external/jdk/jdk1.5/bin/java     1         manual mode
  3            /home/ubuntu/ATLAS/external/jdk/jdk1.6/bin/java     1         manual mode
* 4            /usr/lib/jvm/java-7-openjdk-amd64/jre/bin/java      1071      manual mode
  5            /usr/lib/jvm/java-8-openjdk-amd64/jre/bin/java      1081      manual mode

Press <enter> to keep the current choice[*], or type selection number: update-alternatives: using /home/ubuntu/ATLAS/external/jdk/jdk1.6/bin/java to provide /usr/bin/java (java) in manual mode
Compile Netflix-astyanax bc2cb53f774a5e6bc00fdd23a8dd8db3bf305ab7:
Unzipping /home/ubuntu/.gradle/wrapper/dists/gradle-1.0-milestone-9-bin/7ilkmgo2rn79vvfvd51rqf17ks/gradle-1.0-milestone-9-bin.zip to /home/ubuntu/.gradle/wrapper/dists/gradle-1.0-milestone-9-bin/7ilkmgo2rn79vvfvd51rqf17ks
Unzipping /home/ubuntu/.gradle/wrapper/dists/gradle-1.0-milestone-9-bin/7ilkmgo2rn79vvfvd51rqf17ks/gradle-1.0-milestone-9-bin.zip to /home/ubuntu/.gradle/wrapper/dists/gradle-1.0-milestone-9-bin/7ilkmgo2rn79vvfvd51rqf17ks
mvn clean compile -DskipTests=true || (sed -i -- 's/<\/dependencies>/<dependency><groupId>javax.persistence<\/groupId><artifactId>persistence-api<\/artifactId><version>1.0<\/version><scope>compile<\/scope><\/dependency><\/dependencies>/g' pom.xml ; mvn clean compile -DskipTests=true) || (./gradlew clean :astyanax-core:compileJava -x test) ||  (./gradlew clean :astyanax-core:compileJava -x test -PcommonsIOVersion=2.1)
0.313s delay before adding the failure to the log file
There are 5 choices for the alternative javac (providing /usr/bin/javac).

  Selection    Path                                                Priority   Status
------------------------------------------------------------
  0            /usr/lib/jvm/java-8-openjdk-amd64/bin/javac          1081      auto mode
  1            /home/ubuntu/ATLAS/external/jdk/j2sdk1.4/bin/javac   1         manual mode
  2            /home/ubuntu/ATLAS/external/jdk/jdk1.5/bin/javac     1         manual mode
* 3            /home/ubuntu/ATLAS/external/jdk/jdk1.6/bin/javac     1         manual mode
  4            /usr/lib/jvm/java-7-openjdk-amd64/bin/javac          1071      manual mode
  5            /usr/lib/jvm/java-8-openjdk-amd64/bin/javac          1081      manual mode

Press <enter> to keep the current choice[*], or type selection number: update-alternatives: using /usr/lib/jvm/java-8-openjdk-amd64/bin/javac to provide /usr/bin/javac (javac) in auto mode
There are 5 choices for the alternative java (providing /usr/bin/java).

  Selection    Path                                               Priority   Status
------------------------------------------------------------
  0            /usr/lib/jvm/java-8-openjdk-amd64/jre/bin/java      1081      auto mode
  1            /home/ubuntu/ATLAS/external/jdk/j2sdk1.4/bin/java   1         manual mode
  2            /home/ubuntu/ATLAS/external/jdk/jdk1.5/bin/java     1         manual mode
* 3            /home/ubuntu/ATLAS/external/jdk/jdk1.6/bin/java     1         manual mode
  4            /usr/lib/jvm/java-7-openjdk-amd64/jre/bin/java      1071      manual mode
  5            /usr/lib/jvm/java-8-openjdk-amd64/jre/bin/java      1081      manual mode

Press <enter> to keep the current choice[*], or type selection number: update-alternatives: using /usr/lib/jvm/java-8-openjdk-amd64/jre/bin/java to provide /usr/bin/java (java) in auto mode
